[0.248s] DEBUG:colcon:Command line arguments: ['/usr/bin/colcon', 'build', '--merge-install']
[0.249s] DEBUG:colcon:Parsed command line arguments: Namespace(log_base=None, log_level=None, verb_name='build', build_base='build', install_base='install', merge_install=True, symlink_install=False, test_result_base=None, continue_on_error=False, executor='parallel', parallel_workers=14, event_handlers=None, ignore_user_meta=False, metas=['./colcon.meta'], base_paths=['.'], packages_ignore=None, packages_ignore_regex=None, paths=None, packages_up_to=None, packages_up_to_regex=None, packages_above=None, packages_above_and_dependencies=None, packages_above_depth=None, packages_select_by_dep=None, packages_skip_by_dep=None, packages_skip_up_to=None, packages_select_build_failed=False, packages_skip_build_finished=False, packages_select_test_failures=False, packages_skip_test_passed=False, packages_select=None, packages_skip=None, packages_select_regex=None, packages_skip_regex=None, packages_start=None, packages_end=None, allow_overriding=[], cmake_args=None, cmake_target=None, cmake_target_skip_unavailable=False, cmake_clean_cache=False, cmake_clean_first=False, cmake_force_configure=False, ament_cmake_args=None, catkin_cmake_args=None, catkin_skip_building_tests=False, mixin_files=None, mixin=None, verb_parser=<colcon_mixin.mixin.mixin_argument.MixinArgumentDecorator object at 0xffffba9cb920>, verb_extension=<colcon_core.verb.build.BuildVerb object at 0xffffbaba41d0>, main=<bound method BuildVerb.main of <colcon_core.verb.build.BuildVerb object at 0xffffbaba41d0>>, mixin_verb=('build',))
[0.323s] Level 1:colcon.colcon_core.package_discovery:discover_packages(colcon_meta) check parameters
[0.324s] Level 1:colcon.colcon_core.package_discovery:discover_packages(recursive) check parameters
[0.324s] Level 1:colcon.colcon_core.package_discovery:discover_packages(ignore) check parameters
[0.324s] Level 1:colcon.colcon_core.package_discovery:discover_packages(path) check parameters
[0.324s] Level 1:colcon.colcon_core.package_discovery:discover_packages(colcon_meta) discover
[0.324s] Level 1:colcon.colcon_core.package_discovery:discover_packages(recursive) discover
[0.324s] INFO:colcon.colcon_core.package_discovery:Crawling recursively for packages in '/root/ros2_ws'
[0.324s] Level 1:colcon.colcon_core.package_identification:_identify(.) by extensions ['ignore', 'ignore_ament_install']
[0.324s] Level 1:colcon.colcon_core.package_identification:_identify(.) by extension 'ignore'
[0.324s] Level 1:colcon.colcon_core.package_identification:_identify(.) by extension 'ignore_ament_install'
[0.324s] Level 1:colcon.colcon_core.package_identification:_identify(.) by extensions ['colcon_pkg']
[0.324s] Level 1:colcon.colcon_core.package_identification:_identify(.) by extension 'colcon_pkg'
[0.324s] Level 1:colcon.colcon_core.package_identification:_identify(.) by extensions ['colcon_meta']
[0.324s] Level 1:colcon.colcon_core.package_identification:_identify(.) by extension 'colcon_meta'
[0.324s] Level 1:colcon.colcon_core.package_identification:_identify(.) by extensions ['ros']
[0.324s] Level 1:colcon.colcon_core.package_identification:_identify(.) by extension 'ros'
[0.355s] Level 1:colcon.colcon_core.package_identification:_identify(.) by extensions ['cmake', 'python']
[0.355s] Level 1:colcon.colcon_core.package_identification:_identify(.) by extension 'cmake'
[0.355s] Level 1:colcon.colcon_core.package_identification:_identify(.) by extension 'python'
[0.355s] Level 1:colcon.colcon_core.package_identification:_identify(.) by extensions ['python_setup_py']
[0.355s] Level 1:colcon.colcon_core.package_identification:_identify(.) by extension 'python_setup_py'
[0.355s] Level 1:colcon.colcon_core.package_identification:_identify(build) by extensions ['ignore', 'ignore_ament_install']
[0.355s] Level 1:colcon.colcon_core.package_identification:_identify(build) by extension 'ignore'
[0.355s] Level 1:colcon.colcon_core.package_identification:_identify(build) ignored
[0.356s] Level 1:colcon.colcon_core.package_identification:_identify(install) by extensions ['ignore', 'ignore_ament_install']
[0.356s] Level 1:colcon.colcon_core.package_identification:_identify(install) by extension 'ignore'
[0.356s] Level 1:colcon.colcon_core.package_identification:_identify(install) ignored
[0.356s] Level 1:colcon.colcon_core.package_identification:_identify(log) by extensions ['ignore', 'ignore_ament_install']
[0.356s] Level 1:colcon.colcon_core.package_identification:_identify(log) by extension 'ignore'
[0.356s] Level 1:colcon.colcon_core.package_identification:_identify(log) ignored
[0.356s] Level 1:colcon.colcon_core.package_identification:_identify(src) by extensions ['ignore', 'ignore_ament_install']
[0.356s] Level 1:colcon.colcon_core.package_identification:_identify(src) by extension 'ignore'
[0.356s] Level 1:colcon.colcon_core.package_identification:_identify(src) by extension 'ignore_ament_install'
[0.356s] Level 1:colcon.colcon_core.package_identification:_identify(src) by extensions ['colcon_pkg']
[0.356s] Level 1:colcon.colcon_core.package_identification:_identify(src) by extension 'colcon_pkg'
[0.356s] Level 1:colcon.colcon_core.package_identification:_identify(src) by extensions ['colcon_meta']
[0.356s] Level 1:colcon.colcon_core.package_identification:_identify(src) by extension 'colcon_meta'
[0.356s] Level 1:colcon.colcon_core.package_identification:_identify(src) by extensions ['ros']
[0.356s] Level 1:colcon.colcon_core.package_identification:_identify(src) by extension 'ros'
[0.356s] Level 1:colcon.colcon_core.package_identification:_identify(src) by extensions ['cmake', 'python']
[0.356s] Level 1:colcon.colcon_core.package_identification:_identify(src) by extension 'cmake'
[0.356s] Level 1:colcon.colcon_core.package_identification:_identify(src) by extension 'python'
[0.356s] Level 1:colcon.colcon_core.package_identification:_identify(src) by extensions ['python_setup_py']
[0.356s] Level 1:colcon.colcon_core.package_identification:_identify(src) by extension 'python_setup_py'
[0.357s] Level 1:colcon.colcon_core.package_identification:_identify(src/Validation) by extensions ['ignore', 'ignore_ament_install']
[0.357s] Level 1:colcon.colcon_core.package_identification:_identify(src/Validation) by extension 'ignore'
[0.357s] Level 1:colcon.colcon_core.package_identification:_identify(src/Validation) by extension 'ignore_ament_install'
[0.357s] Level 1:colcon.colcon_core.package_identification:_identify(src/Validation) by extensions ['colcon_pkg']
[0.357s] Level 1:colcon.colcon_core.package_identification:_identify(src/Validation) by extension 'colcon_pkg'
[0.357s] Level 1:colcon.colcon_core.package_identification:_identify(src/Validation) by extensions ['colcon_meta']
[0.357s] Level 1:colcon.colcon_core.package_identification:_identify(src/Validation) by extension 'colcon_meta'
[0.357s] Level 1:colcon.colcon_core.package_identification:_identify(src/Validation) by extensions ['ros']
[0.357s] Level 1:colcon.colcon_core.package_identification:_identify(src/Validation) by extension 'ros'
[0.357s] Level 1:colcon.colcon_core.package_identification:_identify(src/Validation) by extensions ['cmake', 'python']
[0.357s] Level 1:colcon.colcon_core.package_identification:_identify(src/Validation) by extension 'cmake'
[0.357s] Level 1:colcon.colcon_core.package_identification:_identify(src/Validation) by extension 'python'
[0.357s] Level 1:colcon.colcon_core.package_identification:_identify(src/Validation) by extensions ['python_setup_py']
[0.357s] Level 1:colcon.colcon_core.package_identification:_identify(src/Validation) by extension 'python_setup_py'
[0.357s] Level 1:colcon.colcon_core.package_identification:_identify(src/sentinel_interfaces) by extensions ['ignore', 'ignore_ament_install']
[0.357s] Level 1:colcon.colcon_core.package_identification:_identify(src/sentinel_interfaces) by extension 'ignore'
[0.357s] Level 1:colcon.colcon_core.package_identification:_identify(src/sentinel_interfaces) by extension 'ignore_ament_install'
[0.357s] Level 1:colcon.colcon_core.package_identification:_identify(src/sentinel_interfaces) by extensions ['colcon_pkg']
[0.357s] Level 1:colcon.colcon_core.package_identification:_identify(src/sentinel_interfaces) by extension 'colcon_pkg'
[0.357s] Level 1:colcon.colcon_core.package_identification:_identify(src/sentinel_interfaces) by extensions ['colcon_meta']
[0.357s] Level 1:colcon.colcon_core.package_identification:_identify(src/sentinel_interfaces) by extension 'colcon_meta'
[0.357s] Level 1:colcon.colcon_core.package_identification:_identify(src/sentinel_interfaces) by extensions ['ros']
[0.357s] Level 1:colcon.colcon_core.package_identification:_identify(src/sentinel_interfaces) by extension 'ros'
[0.361s] DEBUG:colcon.colcon_core.package_identification:Package 'src/sentinel_interfaces' with type 'ros.catkin' and name 'sentinel_interfaces'
[0.361s] Level 1:colcon.colcon_core.package_identification:_identify(src/sentinel_motor) by extensions ['ignore', 'ignore_ament_install']
[0.361s] Level 1:colcon.colcon_core.package_identification:_identify(src/sentinel_motor) by extension 'ignore'
[0.361s] Level 1:colcon.colcon_core.package_identification:_identify(src/sentinel_motor) by extension 'ignore_ament_install'
[0.361s] Level 1:colcon.colcon_core.package_identification:_identify(src/sentinel_motor) by extensions ['colcon_pkg']
[0.361s] Level 1:colcon.colcon_core.package_identification:_identify(src/sentinel_motor) by extension 'colcon_pkg'
[0.362s] Level 1:colcon.colcon_core.package_identification:_identify(src/sentinel_motor) by extensions ['colcon_meta']
[0.362s] Level 1:colcon.colcon_core.package_identification:_identify(src/sentinel_motor) by extension 'colcon_meta'
[0.362s] Level 1:colcon.colcon_core.package_identification:_identify(src/sentinel_motor) by extensions ['ros']
[0.362s] Level 1:colcon.colcon_core.package_identification:_identify(src/sentinel_motor) by extension 'ros'
[0.362s] DEBUG:colcon.colcon_core.package_identification:Package 'src/sentinel_motor' with type 'ros.ament_cmake' and name 'sentinel_motor'
[0.362s] Level 1:colcon.colcon_core.package_identification:_identify(tracking_test) by extensions ['ignore', 'ignore_ament_install']
[0.362s] Level 1:colcon.colcon_core.package_identification:_identify(tracking_test) by extension 'ignore'
[0.362s] Level 1:colcon.colcon_core.package_identification:_identify(tracking_test) by extension 'ignore_ament_install'
[0.362s] Level 1:colcon.colcon_core.package_identification:_identify(tracking_test) by extensions ['colcon_pkg']
[0.362s] Level 1:colcon.colcon_core.package_identification:_identify(tracking_test) by extension 'colcon_pkg'
[0.363s] Level 1:colcon.colcon_core.package_identification:_identify(tracking_test) by extensions ['colcon_meta']
[0.363s] Level 1:colcon.colcon_core.package_identification:_identify(tracking_test) by extension 'colcon_meta'
[0.363s] Level 1:colcon.colcon_core.package_identification:_identify(tracking_test) by extensions ['ros']
[0.363s] Level 1:colcon.colcon_core.package_identification:_identify(tracking_test) by extension 'ros'
[0.363s] Level 1:colcon.colcon_core.package_identification:_identify(tracking_test) by extensions ['cmake', 'python']
[0.363s] Level 1:colcon.colcon_core.package_identification:_identify(tracking_test) by extension 'cmake'
[0.363s] Level 1:colcon.colcon_core.package_identification:_identify(tracking_test) by extension 'python'
[0.363s] Level 1:colcon.colcon_core.package_identification:_identify(tracking_test) by extensions ['python_setup_py']
[0.363s] Level 1:colcon.colcon_core.package_identification:_identify(tracking_test) by extension 'python_setup_py'
[0.363s] Level 1:colcon.colcon_core.package_discovery:discover_packages(recursive) using defaults
[0.363s] Level 1:colcon.colcon_core.package_discovery:discover_packages(ignore) discover
[0.363s] Level 1:colcon.colcon_core.package_discovery:discover_packages(ignore) using defaults
[0.363s] Level 1:colcon.colcon_core.package_discovery:discover_packages(path) discover
[0.363s] Level 1:colcon.colcon_core.package_discovery:discover_packages(path) using defaults
[0.386s] Level 1:colcon.colcon_core.package_discovery:discover_packages(prefix_path) check parameters
[0.386s] Level 1:colcon.colcon_core.package_discovery:discover_packages(prefix_path) discover
[0.388s] WARNING:colcon.colcon_ros.prefix_path.ament:The path '/root/ros2_ws/install/sentinel_motor' in the environment variable AMENT_PREFIX_PATH doesn't exist
[0.388s] WARNING:colcon.colcon_ros.prefix_path.catkin:The path '/root/ros2_ws/install/sentinel_motor' in the environment variable CMAKE_PREFIX_PATH doesn't exist
[0.388s] WARNING:colcon.colcon_ros.prefix_path.catkin:The path '/root/ros2_ws/install/sentinel_interfaces' in the environment variable CMAKE_PREFIX_PATH doesn't exist
[0.389s] DEBUG:colcon.colcon_installed_package_information.package_discovery:Found 0 installed packages in /root/ros2_ws/install
[0.391s] DEBUG:colcon.colcon_installed_package_information.package_discovery:Found 193 installed packages in /opt/ros/jazzy
[0.392s] Level 1:colcon.colcon_core.package_discovery:discover_packages(prefix_path) using defaults
[0.440s] Level 5:colcon.colcon_core.verb:set package 'sentinel_interfaces' build argument 'cmake_args' from command line to 'None'
[0.440s] Level 5:colcon.colcon_core.verb:set package 'sentinel_interfaces' build argument 'cmake_target' from command line to 'None'
[0.440s] Level 5:colcon.colcon_core.verb:set package 'sentinel_interfaces' build argument 'cmake_target_skip_unavailable' from command line to 'False'
[0.440s] Level 5:colcon.colcon_core.verb:set package 'sentinel_interfaces' build argument 'cmake_clean_cache' from command line to 'False'
[0.440s] Level 5:colcon.colcon_core.verb:set package 'sentinel_interfaces' build argument 'cmake_clean_first' from command line to 'False'
[0.440s] Level 5:colcon.colcon_core.verb:set package 'sentinel_interfaces' build argument 'cmake_force_configure' from command line to 'False'
[0.440s] Level 5:colcon.colcon_core.verb:set package 'sentinel_interfaces' build argument 'ament_cmake_args' from command line to 'None'
[0.440s] Level 5:colcon.colcon_core.verb:set package 'sentinel_interfaces' build argument 'catkin_cmake_args' from command line to 'None'
[0.440s] Level 5:colcon.colcon_core.verb:set package 'sentinel_interfaces' build argument 'catkin_skip_building_tests' from command line to 'False'
[0.440s] DEBUG:colcon.colcon_core.verb:Building package 'sentinel_interfaces' with the following arguments: {'ament_cmake_args': None, 'build_base': '/root/ros2_ws/build/sentinel_interfaces', 'catkin_cmake_args': None, 'catkin_skip_building_tests': False, 'cmake_args': None, 'cmake_clean_cache': False, 'cmake_clean_first': False, 'cmake_force_configure': False, 'cmake_target': None, 'cmake_target_skip_unavailable': False, 'install_base': '/root/ros2_ws/install', 'merge_install': True, 'path': '/root/ros2_ws/src/sentinel_interfaces', 'symlink_install': False, 'test_result_base': None}
[0.441s] Level 5:colcon.colcon_core.verb:set package 'sentinel_motor' build argument 'cmake_args' from command line to 'None'
[0.441s] Level 5:colcon.colcon_core.verb:set package 'sentinel_motor' build argument 'cmake_target' from command line to 'None'
[0.441s] Level 5:colcon.colcon_core.verb:set package 'sentinel_motor' build argument 'cmake_target_skip_unavailable' from command line to 'False'
[0.441s] Level 5:colcon.colcon_core.verb:set package 'sentinel_motor' build argument 'cmake_clean_cache' from command line to 'False'
[0.441s] Level 5:colcon.colcon_core.verb:set package 'sentinel_motor' build argument 'cmake_clean_first' from command line to 'False'
[0.441s] Level 5:colcon.colcon_core.verb:set package 'sentinel_motor' build argument 'cmake_force_configure' from command line to 'False'
[0.441s] Level 5:colcon.colcon_core.verb:set package 'sentinel_motor' build argument 'ament_cmake_args' from command line to 'None'
[0.441s] Level 5:colcon.colcon_core.verb:set package 'sentinel_motor' build argument 'catkin_cmake_args' from command line to 'None'
[0.441s] Level 5:colcon.colcon_core.verb:set package 'sentinel_motor' build argument 'catkin_skip_building_tests' from command line to 'False'
[0.441s] DEBUG:colcon.colcon_core.verb:Building package 'sentinel_motor' with the following arguments: {'ament_cmake_args': None, 'build_base': '/root/ros2_ws/build/sentinel_motor', 'catkin_cmake_args': None, 'catkin_skip_building_tests': False, 'cmake_args': None, 'cmake_clean_cache': False, 'cmake_clean_first': False, 'cmake_force_configure': False, 'cmake_target': None, 'cmake_target_skip_unavailable': False, 'install_base': '/root/ros2_ws/install', 'merge_install': True, 'path': '/root/ros2_ws/src/sentinel_motor', 'symlink_install': False, 'test_result_base': None}
[0.441s] INFO:colcon.colcon_core.executor:Executing jobs using 'parallel' executor
[0.442s] DEBUG:colcon.colcon_parallel_executor.executor.parallel:run_until_complete
[0.442s] INFO:colcon.colcon_ros.task.catkin.build:Building ROS package in '/root/ros2_ws/src/sentinel_interfaces' with build type 'catkin'
[0.442s] INFO:colcon.colcon_cmake.task.cmake.build:Building CMake package in '/root/ros2_ws/src/sentinel_interfaces'
[0.446s] INFO:colcon.colcon_core.plugin_system:Skipping extension 'colcon_core.shell.bat': Not used on non-Windows systems
[0.446s] INFO:colcon.colcon_core.shell:Skip shell extension 'powershell' for command environment: Not usable outside of PowerShell
[0.446s] DEBUG:colcon.colcon_core.shell:Skip shell extension 'dsv' for command environment
[0.455s] DEBUG:colcon.colcon_core.event_handler.log_command:Invoking command in '/root/ros2_ws/build/sentinel_interfaces': /usr/bin/cmake /root/ros2_ws/src/sentinel_interfaces -DCATKIN_INSTALL_INTO_PREFIX_ROOT=0 -DCMAKE_INSTALL_PREFIX=/root/ros2_ws/install
[4.013s] DEBUG:colcon.colcon_core.event_handler.log_command:Invoked command in '/root/ros2_ws/build/sentinel_interfaces' returned '0': /usr/bin/cmake /root/ros2_ws/src/sentinel_interfaces -DCATKIN_INSTALL_INTO_PREFIX_ROOT=0 -DCMAKE_INSTALL_PREFIX=/root/ros2_ws/install
[4.014s] DEBUG:colcon.colcon_core.event_handler.log_command:Invoking command in '/root/ros2_ws/build/sentinel_interfaces': /usr/bin/cmake --build /root/ros2_ws/build/sentinel_interfaces -- -j14 -l14
[40.337s] DEBUG:colcon.colcon_core.event_handler.log_command:Invoked command in '/root/ros2_ws/build/sentinel_interfaces' returned '0': /usr/bin/cmake --build /root/ros2_ws/build/sentinel_interfaces -- -j14 -l14
[40.352s] DEBUG:colcon.colcon_core.event_handler.log_command:Invoking command in '/root/ros2_ws/build/sentinel_interfaces': /usr/bin/cmake --install /root/ros2_ws/build/sentinel_interfaces
[40.547s] DEBUG:colcon.colcon_core.event_handler.log_command:Invoked command in '/root/ros2_ws/build/sentinel_interfaces' returned '0': /usr/bin/cmake --install /root/ros2_ws/build/sentinel_interfaces
[40.547s] Level 1:colcon.colcon_core.shell:create_environment_hook('sentinel_interfaces', 'ros_package_path')
[40.548s] INFO:colcon.colcon_core.shell:Creating environment hook '/root/ros2_ws/install/share/sentinel_interfaces/hook/ros_package_path.ps1'
[40.549s] INFO:colcon.colcon_core.shell:Creating environment descriptor '/root/ros2_ws/install/share/sentinel_interfaces/hook/ros_package_path.dsv'
[40.551s] INFO:colcon.colcon_core.shell:Creating environment hook '/root/ros2_ws/install/share/sentinel_interfaces/hook/ros_package_path.sh'
[40.551s] Level 1:colcon.colcon_ros.task.catkin:checking '/root/ros2_ws/install/lib/python3.12/site-packages'
[40.551s] Level 1:colcon.colcon_core.shell:create_environment_hook('sentinel_interfaces', 'catkin_pythonpath')
[40.552s] INFO:colcon.colcon_core.shell:Creating environment hook '/root/ros2_ws/install/share/sentinel_interfaces/hook/catkin_pythonpath.ps1'
[40.552s] INFO:colcon.colcon_core.shell:Creating environment descriptor '/root/ros2_ws/install/share/sentinel_interfaces/hook/catkin_pythonpath.dsv'
[40.552s] INFO:colcon.colcon_core.shell:Creating environment hook '/root/ros2_ws/install/share/sentinel_interfaces/hook/catkin_pythonpath.sh'
[40.552s] Level 1:colcon.colcon_core.shell:create_environment_hook('sentinel_interfaces', 'pkg_config_path')
[40.552s] INFO:colcon.colcon_core.shell:Creating environment hook '/root/ros2_ws/install/share/sentinel_interfaces/hook/pkg_config_path.ps1'
[40.553s] INFO:colcon.colcon_core.shell:Creating environment descriptor '/root/ros2_ws/install/share/sentinel_interfaces/hook/pkg_config_path.dsv'
[40.553s] INFO:colcon.colcon_core.shell:Creating environment hook '/root/ros2_ws/install/share/sentinel_interfaces/hook/pkg_config_path.sh'
[40.555s] Level 1:colcon.colcon_core.shell:create_environment_hook('sentinel_interfaces', 'pkg_config_path_multiarch')
[40.555s] INFO:colcon.colcon_core.shell:Creating environment hook '/root/ros2_ws/install/share/sentinel_interfaces/hook/pkg_config_path_multiarch.ps1'
[40.555s] INFO:colcon.colcon_core.shell:Creating environment descriptor '/root/ros2_ws/install/share/sentinel_interfaces/hook/pkg_config_path_multiarch.dsv'
[40.555s] INFO:colcon.colcon_core.shell:Creating environment hook '/root/ros2_ws/install/share/sentinel_interfaces/hook/pkg_config_path_multiarch.sh'
[40.556s] Level 1:colcon.colcon_core.environment:create_environment_scripts_only(sentinel_interfaces)
[40.564s] Level 1:colcon.colcon_core.environment:checking '/root/ros2_ws/install' for CMake module files
[40.565s] Level 1:colcon.colcon_core.environment:checking '/root/ros2_ws/install' for CMake config files
[40.566s] Level 1:colcon.colcon_core.shell:create_environment_hook('sentinel_interfaces', 'cmake_prefix_path')
[40.567s] INFO:colcon.colcon_core.shell:Creating environment hook '/root/ros2_ws/install/share/sentinel_interfaces/hook/cmake_prefix_path.ps1'
[40.567s] INFO:colcon.colcon_core.shell:Creating environment descriptor '/root/ros2_ws/install/share/sentinel_interfaces/hook/cmake_prefix_path.dsv'
[40.567s] INFO:colcon.colcon_core.shell:Creating environment hook '/root/ros2_ws/install/share/sentinel_interfaces/hook/cmake_prefix_path.sh'
[40.568s] Level 1:colcon.colcon_core.environment:checking '/root/ros2_ws/install/lib'
[40.568s] Level 1:colcon.colcon_core.shell:create_environment_hook('sentinel_interfaces', 'ld_library_path_lib')
[40.568s] INFO:colcon.colcon_core.shell:Creating environment hook '/root/ros2_ws/install/share/sentinel_interfaces/hook/ld_library_path_lib.ps1'
[40.569s] INFO:colcon.colcon_core.shell:Creating environment descriptor '/root/ros2_ws/install/share/sentinel_interfaces/hook/ld_library_path_lib.dsv'
[40.569s] INFO:colcon.colcon_core.shell:Creating environment hook '/root/ros2_ws/install/share/sentinel_interfaces/hook/ld_library_path_lib.sh'
[40.570s] Level 1:colcon.colcon_core.environment:checking '/root/ros2_ws/install/bin'
[40.571s] Level 1:colcon.colcon_core.environment:checking '/root/ros2_ws/install/lib/pkgconfig/sentinel_interfaces.pc'
[40.571s] Level 1:colcon.colcon_core.environment:checking '/root/ros2_ws/install/lib/python3.12/site-packages'
[40.571s] Level 1:colcon.colcon_core.shell:create_environment_hook('sentinel_interfaces', 'pythonpath')
[40.572s] INFO:colcon.colcon_core.shell:Creating environment hook '/root/ros2_ws/install/share/sentinel_interfaces/hook/pythonpath.ps1'
[40.572s] INFO:colcon.colcon_core.shell:Creating environment descriptor '/root/ros2_ws/install/share/sentinel_interfaces/hook/pythonpath.dsv'
[40.573s] INFO:colcon.colcon_core.shell:Creating environment hook '/root/ros2_ws/install/share/sentinel_interfaces/hook/pythonpath.sh'
[40.573s] Level 1:colcon.colcon_core.environment:checking '/root/ros2_ws/install/bin'
[40.573s] INFO:colcon.colcon_core.shell:Creating package script '/root/ros2_ws/install/share/sentinel_interfaces/package.ps1'
[40.577s] INFO:colcon.colcon_core.shell:Creating package descriptor '/root/ros2_ws/install/share/sentinel_interfaces/package.dsv'
[40.578s] INFO:colcon.colcon_core.shell:Creating package script '/root/ros2_ws/install/share/sentinel_interfaces/package.sh'
[40.579s] INFO:colcon.colcon_core.shell:Creating package script '/root/ros2_ws/install/share/sentinel_interfaces/package.bash'
[40.580s] INFO:colcon.colcon_core.shell:Creating package script '/root/ros2_ws/install/share/sentinel_interfaces/package.zsh'
[40.581s] Level 1:colcon.colcon_core.environment:create_file_with_runtime_dependencies(/root/ros2_ws/install/share/colcon-core/packages/sentinel_interfaces)
[40.582s] INFO:colcon.colcon_ros.task.ament_cmake.build:Building ROS package in '/root/ros2_ws/src/sentinel_motor' with build type 'ament_cmake'
[40.582s] INFO:colcon.colcon_cmake.task.cmake.build:Building CMake package in '/root/ros2_ws/src/sentinel_motor'
[40.582s] INFO:colcon.colcon_core.shell:Skip shell extension 'powershell' for command environment: Not usable outside of PowerShell
[40.582s] DEBUG:colcon.colcon_core.shell:Skip shell extension 'dsv' for command environment
[40.594s] DEBUG:colcon.colcon_core.event_handler.log_command:Invoking command in '/root/ros2_ws/build/sentinel_motor': CMAKE_PREFIX_PATH=/opt/ros/jazzy:/root/ros2_ws/install:${CMAKE_PREFIX_PATH} LD_LIBRARY_PATH=/root/ros2_ws/install/lib:${LD_LIBRARY_PATH} PKG_CONFIG_PATH=/root/ros2_ws/install/lib/aarch64-linux-gnu/pkgconfig:/root/ros2_ws/install/lib/pkgconfig:${PKG_CONFIG_PATH} PYTHONPATH=/root/ros2_ws/install/lib/python3.12/site-packages:${PYTHONPATH} ROS_PACKAGE_PATH=/root/ros2_ws/install/share:${ROS_PACKAGE_PATH} /usr/bin/cmake /root/ros2_ws/src/sentinel_motor -DCMAKE_INSTALL_PREFIX=/root/ros2_ws/install
[41.999s] DEBUG:colcon.colcon_core.event_handler.log_command:Invoked command in '/root/ros2_ws/build/sentinel_motor' returned '0': CMAKE_PREFIX_PATH=/opt/ros/jazzy:/root/ros2_ws/install:${CMAKE_PREFIX_PATH} LD_LIBRARY_PATH=/root/ros2_ws/install/lib:${LD_LIBRARY_PATH} PKG_CONFIG_PATH=/root/ros2_ws/install/lib/aarch64-linux-gnu/pkgconfig:/root/ros2_ws/install/lib/pkgconfig:${PKG_CONFIG_PATH} PYTHONPATH=/root/ros2_ws/install/lib/python3.12/site-packages:${PYTHONPATH} ROS_PACKAGE_PATH=/root/ros2_ws/install/share:${ROS_PACKAGE_PATH} /usr/bin/cmake /root/ros2_ws/src/sentinel_motor -DCMAKE_INSTALL_PREFIX=/root/ros2_ws/install
[42.000s] DEBUG:colcon.colcon_core.event_handler.log_command:Invoking command in '/root/ros2_ws/build/sentinel_motor': CMAKE_PREFIX_PATH=/opt/ros/jazzy:/root/ros2_ws/install:${CMAKE_PREFIX_PATH} LD_LIBRARY_PATH=/root/ros2_ws/install/lib:${LD_LIBRARY_PATH} PKG_CONFIG_PATH=/root/ros2_ws/install/lib/aarch64-linux-gnu/pkgconfig:/root/ros2_ws/install/lib/pkgconfig:${PKG_CONFIG_PATH} PYTHONPATH=/root/ros2_ws/install/lib/python3.12/site-packages:${PYTHONPATH} ROS_PACKAGE_PATH=/root/ros2_ws/install/share:${ROS_PACKAGE_PATH} /usr/bin/cmake --build /root/ros2_ws/build/sentinel_motor -- -j14 -l14
[56.103s] DEBUG:colcon.colcon_core.event_handler.log_command:Invoked command in '/root/ros2_ws/build/sentinel_motor' returned '0': CMAKE_PREFIX_PATH=/opt/ros/jazzy:/root/ros2_ws/install:${CMAKE_PREFIX_PATH} LD_LIBRARY_PATH=/root/ros2_ws/install/lib:${LD_LIBRARY_PATH} PKG_CONFIG_PATH=/root/ros2_ws/install/lib/aarch64-linux-gnu/pkgconfig:/root/ros2_ws/install/lib/pkgconfig:${PKG_CONFIG_PATH} PYTHONPATH=/root/ros2_ws/install/lib/python3.12/site-packages:${PYTHONPATH} ROS_PACKAGE_PATH=/root/ros2_ws/install/share:${ROS_PACKAGE_PATH} /usr/bin/cmake --build /root/ros2_ws/build/sentinel_motor -- -j14 -l14
[56.104s] DEBUG:colcon.colcon_core.event_handler.log_command:Invoking command in '/root/ros2_ws/build/sentinel_motor': CMAKE_PREFIX_PATH=/opt/ros/jazzy:/root/ros2_ws/install:${CMAKE_PREFIX_PATH} LD_LIBRARY_PATH=/root/ros2_ws/install/lib:${LD_LIBRARY_PATH} PKG_CONFIG_PATH=/root/ros2_ws/install/lib/aarch64-linux-gnu/pkgconfig:/root/ros2_ws/install/lib/pkgconfig:${PKG_CONFIG_PATH} PYTHONPATH=/root/ros2_ws/install/lib/python3.12/site-packages:${PYTHONPATH} ROS_PACKAGE_PATH=/root/ros2_ws/install/share:${ROS_PACKAGE_PATH} /usr/bin/cmake --install /root/ros2_ws/build/sentinel_motor
[56.159s] Level 1:colcon.colcon_core.environment:create_environment_scripts_only(sentinel_motor)
[56.159s] Level 1:colcon.colcon_core.environment:checking '/root/ros2_ws/install' for CMake module files
[56.159s] DEBUG:colcon.colcon_core.event_handler.log_command:Invoked command in '/root/ros2_ws/build/sentinel_motor' returned '0': CMAKE_PREFIX_PATH=/opt/ros/jazzy:/root/ros2_ws/install:${CMAKE_PREFIX_PATH} LD_LIBRARY_PATH=/root/ros2_ws/install/lib:${LD_LIBRARY_PATH} PKG_CONFIG_PATH=/root/ros2_ws/install/lib/aarch64-linux-gnu/pkgconfig:/root/ros2_ws/install/lib/pkgconfig:${PKG_CONFIG_PATH} PYTHONPATH=/root/ros2_ws/install/lib/python3.12/site-packages:${PYTHONPATH} ROS_PACKAGE_PATH=/root/ros2_ws/install/share:${ROS_PACKAGE_PATH} /usr/bin/cmake --install /root/ros2_ws/build/sentinel_motor
[56.160s] Level 1:colcon.colcon_core.environment:checking '/root/ros2_ws/install' for CMake config files
[56.163s] Level 1:colcon.colcon_core.shell:create_environment_hook('sentinel_motor', 'cmake_prefix_path')
[56.163s] INFO:colcon.colcon_core.shell:Creating environment hook '/root/ros2_ws/install/share/sentinel_motor/hook/cmake_prefix_path.ps1'
[56.165s] INFO:colcon.colcon_core.shell:Creating environment descriptor '/root/ros2_ws/install/share/sentinel_motor/hook/cmake_prefix_path.dsv'
[56.166s] INFO:colcon.colcon_core.shell:Creating environment hook '/root/ros2_ws/install/share/sentinel_motor/hook/cmake_prefix_path.sh'
[56.167s] Level 1:colcon.colcon_core.environment:checking '/root/ros2_ws/install/lib'
[56.167s] Level 1:colcon.colcon_core.shell:create_environment_hook('sentinel_motor', 'ld_library_path_lib')
[56.167s] INFO:colcon.colcon_core.shell:Creating environment hook '/root/ros2_ws/install/share/sentinel_motor/hook/ld_library_path_lib.ps1'
[56.168s] INFO:colcon.colcon_core.shell:Creating environment descriptor '/root/ros2_ws/install/share/sentinel_motor/hook/ld_library_path_lib.dsv'
[56.168s] INFO:colcon.colcon_core.shell:Creating environment hook '/root/ros2_ws/install/share/sentinel_motor/hook/ld_library_path_lib.sh'
[56.168s] Level 1:colcon.colcon_core.environment:checking '/root/ros2_ws/install/bin'
[56.168s] Level 1:colcon.colcon_core.environment:checking '/root/ros2_ws/install/lib/pkgconfig/sentinel_motor.pc'
[56.169s] Level 1:colcon.colcon_core.environment:checking '/root/ros2_ws/install/lib/python3.12/site-packages'
[56.169s] Level 1:colcon.colcon_core.shell:create_environment_hook('sentinel_motor', 'pythonpath')
[56.169s] INFO:colcon.colcon_core.shell:Creating environment hook '/root/ros2_ws/install/share/sentinel_motor/hook/pythonpath.ps1'
[56.169s] INFO:colcon.colcon_core.shell:Creating environment descriptor '/root/ros2_ws/install/share/sentinel_motor/hook/pythonpath.dsv'
[56.169s] INFO:colcon.colcon_core.shell:Creating environment hook '/root/ros2_ws/install/share/sentinel_motor/hook/pythonpath.sh'
[56.170s] Level 1:colcon.colcon_core.environment:checking '/root/ros2_ws/install/bin'
[56.170s] INFO:colcon.colcon_core.shell:Creating package script '/root/ros2_ws/install/share/sentinel_motor/package.ps1'
[56.172s] INFO:colcon.colcon_core.shell:Creating package descriptor '/root/ros2_ws/install/share/sentinel_motor/package.dsv'
[56.173s] INFO:colcon.colcon_core.shell:Creating package script '/root/ros2_ws/install/share/sentinel_motor/package.sh'
[56.174s] INFO:colcon.colcon_core.shell:Creating package script '/root/ros2_ws/install/share/sentinel_motor/package.bash'
[56.175s] INFO:colcon.colcon_core.shell:Creating package script '/root/ros2_ws/install/share/sentinel_motor/package.zsh'
[56.176s] Level 1:colcon.colcon_core.environment:create_file_with_runtime_dependencies(/root/ros2_ws/install/share/colcon-core/packages/sentinel_motor)
[56.177s] Level 1:colcon.colcon_core.environment:create_environment_scripts_only(sentinel_motor)
[56.177s] Level 1:colcon.colcon_core.environment:checking '/root/ros2_ws/install' for CMake module files
[56.178s] Level 1:colcon.colcon_core.environment:checking '/root/ros2_ws/install' for CMake config files
[56.178s] Level 1:colcon.colcon_core.shell:create_environment_hook('sentinel_motor', 'cmake_prefix_path')
[56.179s] INFO:colcon.colcon_core.shell:Creating environment hook '/root/ros2_ws/install/share/sentinel_motor/hook/cmake_prefix_path.ps1'
[56.180s] INFO:colcon.colcon_core.shell:Creating environment descriptor '/root/ros2_ws/install/share/sentinel_motor/hook/cmake_prefix_path.dsv'
[56.180s] INFO:colcon.colcon_core.shell:Creating environment hook '/root/ros2_ws/install/share/sentinel_motor/hook/cmake_prefix_path.sh'
[56.181s] Level 1:colcon.colcon_core.environment:checking '/root/ros2_ws/install/lib'
[56.181s] Level 1:colcon.colcon_core.shell:create_environment_hook('sentinel_motor', 'ld_library_path_lib')
[56.181s] INFO:colcon.colcon_core.shell:Creating environment hook '/root/ros2_ws/install/share/sentinel_motor/hook/ld_library_path_lib.ps1'
[56.182s] INFO:colcon.colcon_core.shell:Creating environment descriptor '/root/ros2_ws/install/share/sentinel_motor/hook/ld_library_path_lib.dsv'
[56.182s] INFO:colcon.colcon_core.shell:Creating environment hook '/root/ros2_ws/install/share/sentinel_motor/hook/ld_library_path_lib.sh'
[56.183s] Level 1:colcon.colcon_core.environment:checking '/root/ros2_ws/install/bin'
[56.183s] Level 1:colcon.colcon_core.environment:checking '/root/ros2_ws/install/lib/pkgconfig/sentinel_motor.pc'
[56.183s] Level 1:colcon.colcon_core.environment:checking '/root/ros2_ws/install/lib/python3.12/site-packages'
[56.184s] Level 1:colcon.colcon_core.shell:create_environment_hook('sentinel_motor', 'pythonpath')
[56.184s] INFO:colcon.colcon_core.shell:Creating environment hook '/root/ros2_ws/install/share/sentinel_motor/hook/pythonpath.ps1'
[56.184s] INFO:colcon.colcon_core.shell:Creating environment descriptor '/root/ros2_ws/install/share/sentinel_motor/hook/pythonpath.dsv'
[56.185s] INFO:colcon.colcon_core.shell:Creating environment hook '/root/ros2_ws/install/share/sentinel_motor/hook/pythonpath.sh'
[56.185s] Level 1:colcon.colcon_core.environment:checking '/root/ros2_ws/install/bin'
[56.186s] INFO:colcon.colcon_core.shell:Creating package script '/root/ros2_ws/install/share/sentinel_motor/package.ps1'
[56.186s] INFO:colcon.colcon_core.shell:Creating package descriptor '/root/ros2_ws/install/share/sentinel_motor/package.dsv'
[56.187s] INFO:colcon.colcon_core.shell:Creating package script '/root/ros2_ws/install/share/sentinel_motor/package.sh'
[56.187s] INFO:colcon.colcon_core.shell:Creating package script '/root/ros2_ws/install/share/sentinel_motor/package.bash'
[56.187s] INFO:colcon.colcon_core.shell:Creating package script '/root/ros2_ws/install/share/sentinel_motor/package.zsh'
[56.188s] Level 1:colcon.colcon_core.environment:create_file_with_runtime_dependencies(/root/ros2_ws/install/share/colcon-core/packages/sentinel_motor)
[56.188s] DEBUG:colcon.colcon_parallel_executor.executor.parallel:closing loop
[56.188s] DEBUG:colcon.colcon_parallel_executor.executor.parallel:loop closed
[56.188s] DEBUG:colcon.colcon_parallel_executor.executor.parallel:run_until_complete finished with '0'
[56.188s] DEBUG:colcon.colcon_core.event_reactor:joining thread
[56.204s] INFO:colcon.colcon_core.plugin_system:Skipping extension 'colcon_notification.desktop_notification.notify_send': Could not find 'notify-send'
[56.205s] INFO:colcon.colcon_core.plugin_system:Skipping extension 'colcon_notification.desktop_notification.terminal_notifier': Not used on non-Darwin systems
[56.205s] INFO:colcon.colcon_core.plugin_system:Skipping extension 'colcon_notification.desktop_notification.win32': Not used on non-Windows systems
[56.205s] INFO:colcon.colcon_notification.desktop_notification:Sending desktop notification using 'notify2'
[56.211s] DEBUG:colcon.colcon_notification.desktop_notification.notify2:Failed to initialize notify2: org.freedesktop.DBus.Error.Spawn.ExecFailed: /usr/bin/dbus-launch terminated abnormally without any error message
[56.211s] DEBUG:colcon.colcon_core.event_reactor:joined thread
[56.212s] INFO:colcon.colcon_core.shell:Creating prefix script '/root/ros2_ws/install/local_setup.ps1'
[56.214s] INFO:colcon.colcon_core.shell:Creating prefix util module '/root/ros2_ws/install/_local_setup_util_ps1.py'
[56.216s] INFO:colcon.colcon_core.shell:Creating prefix chain script '/root/ros2_ws/install/setup.ps1'
[56.217s] INFO:colcon.colcon_core.shell:Creating prefix script '/root/ros2_ws/install/local_setup.sh'
[56.217s] INFO:colcon.colcon_core.shell:Creating prefix util module '/root/ros2_ws/install/_local_setup_util_sh.py'
[56.218s] INFO:colcon.colcon_core.shell:Creating prefix chain script '/root/ros2_ws/install/setup.sh'
[56.219s] INFO:colcon.colcon_core.shell:Creating prefix script '/root/ros2_ws/install/local_setup.bash'
[56.221s] INFO:colcon.colcon_core.shell:Creating prefix chain script '/root/ros2_ws/install/setup.bash'
[56.222s] INFO:colcon.colcon_core.shell:Creating prefix script '/root/ros2_ws/install/local_setup.zsh'
[56.222s] INFO:colcon.colcon_core.shell:Creating prefix chain script '/root/ros2_ws/install/setup.zsh'
