[0.247s] DEBUG:colcon:Command line arguments: ['/usr/bin/colcon', 'build']
[0.247s] DEBUG:colcon:Parsed command line arguments: Namespace(log_base=None, log_level=None, verb_name='build', build_base='build', install_base='install', merge_install=False, symlink_install=False, test_result_base=None, continue_on_error=False, executor='parallel', parallel_workers=14, event_handlers=None, ignore_user_meta=False, metas=['./colcon.meta'], base_paths=['.'], packages_ignore=None, packages_ignore_regex=None, paths=None, packages_up_to=None, packages_up_to_regex=None, packages_above=None, packages_above_and_dependencies=None, packages_above_depth=None, packages_select_by_dep=None, packages_skip_by_dep=None, packages_skip_up_to=None, packages_select_build_failed=False, packages_skip_build_finished=False, packages_select_test_failures=False, packages_skip_test_passed=False, packages_select=None, packages_skip=None, packages_select_regex=None, packages_skip_regex=None, packages_start=None, packages_end=None, allow_overriding=[], cmake_args=None, cmake_target=None, cmake_target_skip_unavailable=False, cmake_clean_cache=False, cmake_clean_first=False, cmake_force_configure=False, ament_cmake_args=None, catkin_cmake_args=None, catkin_skip_building_tests=False, mixin_files=None, mixin=None, verb_parser=<colcon_mixin.mixin.mixin_argument.MixinArgumentDecorator object at 0xffffa150bad0>, verb_extension=<colcon_core.verb.build.BuildVerb object at 0xffffa16b59d0>, main=<bound method BuildVerb.main of <colcon_core.verb.build.BuildVerb object at 0xffffa16b59d0>>, mixin_verb=('build',))
[0.309s] Level 1:colcon.colcon_core.package_discovery:discover_packages(colcon_meta) check parameters
[0.310s] Level 1:colcon.colcon_core.package_discovery:discover_packages(recursive) check parameters
[0.310s] Level 1:colcon.colcon_core.package_discovery:discover_packages(ignore) check parameters
[0.310s] Level 1:colcon.colcon_core.package_discovery:discover_packages(path) check parameters
[0.310s] Level 1:colcon.colcon_core.package_discovery:discover_packages(colcon_meta) discover
[0.310s] Level 1:colcon.colcon_core.package_discovery:discover_packages(recursive) discover
[0.310s] INFO:colcon.colcon_core.package_discovery:Crawling recursively for packages in '/root/ros2_ws'
[0.310s] Level 1:colcon.colcon_core.package_identification:_identify(.) by extensions ['ignore', 'ignore_ament_install']
[0.310s] Level 1:colcon.colcon_core.package_identification:_identify(.) by extension 'ignore'
[0.310s] Level 1:colcon.colcon_core.package_identification:_identify(.) by extension 'ignore_ament_install'
[0.310s] Level 1:colcon.colcon_core.package_identification:_identify(.) by extensions ['colcon_pkg']
[0.310s] Level 1:colcon.colcon_core.package_identification:_identify(.) by extension 'colcon_pkg'
[0.310s] Level 1:colcon.colcon_core.package_identification:_identify(.) by extensions ['colcon_meta']
[0.310s] Level 1:colcon.colcon_core.package_identification:_identify(.) by extension 'colcon_meta'
[0.310s] Level 1:colcon.colcon_core.package_identification:_identify(.) by extensions ['ros']
[0.310s] Level 1:colcon.colcon_core.package_identification:_identify(.) by extension 'ros'
[0.343s] Level 1:colcon.colcon_core.package_identification:_identify(.) by extensions ['cmake', 'python']
[0.343s] Level 1:colcon.colcon_core.package_identification:_identify(.) by extension 'cmake'
[0.343s] Level 1:colcon.colcon_core.package_identification:_identify(.) by extension 'python'
[0.343s] Level 1:colcon.colcon_core.package_identification:_identify(.) by extensions ['python_setup_py']
[0.344s] Level 1:colcon.colcon_core.package_identification:_identify(.) by extension 'python_setup_py'
[0.344s] Level 1:colcon.colcon_core.package_identification:_identify(build) by extensions ['ignore', 'ignore_ament_install']
[0.344s] Level 1:colcon.colcon_core.package_identification:_identify(build) by extension 'ignore'
[0.344s] Level 1:colcon.colcon_core.package_identification:_identify(build) ignored
[0.344s] Level 1:colcon.colcon_core.package_identification:_identify(install) by extensions ['ignore', 'ignore_ament_install']
[0.344s] Level 1:colcon.colcon_core.package_identification:_identify(install) by extension 'ignore'
[0.344s] Level 1:colcon.colcon_core.package_identification:_identify(install) ignored
[0.344s] Level 1:colcon.colcon_core.package_identification:_identify(log) by extensions ['ignore', 'ignore_ament_install']
[0.344s] Level 1:colcon.colcon_core.package_identification:_identify(log) by extension 'ignore'
[0.344s] Level 1:colcon.colcon_core.package_identification:_identify(log) ignored
[0.344s] Level 1:colcon.colcon_core.package_identification:_identify(src) by extensions ['ignore', 'ignore_ament_install']
[0.344s] Level 1:colcon.colcon_core.package_identification:_identify(src) by extension 'ignore'
[0.344s] Level 1:colcon.colcon_core.package_identification:_identify(src) by extension 'ignore_ament_install'
[0.344s] Level 1:colcon.colcon_core.package_identification:_identify(src) by extensions ['colcon_pkg']
[0.344s] Level 1:colcon.colcon_core.package_identification:_identify(src) by extension 'colcon_pkg'
[0.344s] Level 1:colcon.colcon_core.package_identification:_identify(src) by extensions ['colcon_meta']
[0.344s] Level 1:colcon.colcon_core.package_identification:_identify(src) by extension 'colcon_meta'
[0.345s] Level 1:colcon.colcon_core.package_identification:_identify(src) by extensions ['ros']
[0.345s] Level 1:colcon.colcon_core.package_identification:_identify(src) by extension 'ros'
[0.345s] Level 1:colcon.colcon_core.package_identification:_identify(src) by extensions ['cmake', 'python']
[0.345s] Level 1:colcon.colcon_core.package_identification:_identify(src) by extension 'cmake'
[0.345s] Level 1:colcon.colcon_core.package_identification:_identify(src) by extension 'python'
[0.345s] Level 1:colcon.colcon_core.package_identification:_identify(src) by extensions ['python_setup_py']
[0.345s] Level 1:colcon.colcon_core.package_identification:_identify(src) by extension 'python_setup_py'
[0.345s] Level 1:colcon.colcon_core.package_identification:_identify(src/Validation) by extensions ['ignore', 'ignore_ament_install']
[0.345s] Level 1:colcon.colcon_core.package_identification:_identify(src/Validation) by extension 'ignore'
[0.345s] Level 1:colcon.colcon_core.package_identification:_identify(src/Validation) by extension 'ignore_ament_install'
[0.345s] Level 1:colcon.colcon_core.package_identification:_identify(src/Validation) by extensions ['colcon_pkg']
[0.345s] Level 1:colcon.colcon_core.package_identification:_identify(src/Validation) by extension 'colcon_pkg'
[0.345s] Level 1:colcon.colcon_core.package_identification:_identify(src/Validation) by extensions ['colcon_meta']
[0.345s] Level 1:colcon.colcon_core.package_identification:_identify(src/Validation) by extension 'colcon_meta'
[0.345s] Level 1:colcon.colcon_core.package_identification:_identify(src/Validation) by extensions ['ros']
[0.345s] Level 1:colcon.colcon_core.package_identification:_identify(src/Validation) by extension 'ros'
[0.345s] Level 1:colcon.colcon_core.package_identification:_identify(src/Validation) by extensions ['cmake', 'python']
[0.345s] Level 1:colcon.colcon_core.package_identification:_identify(src/Validation) by extension 'cmake'
[0.345s] Level 1:colcon.colcon_core.package_identification:_identify(src/Validation) by extension 'python'
[0.345s] Level 1:colcon.colcon_core.package_identification:_identify(src/Validation) by extensions ['python_setup_py']
[0.345s] Level 1:colcon.colcon_core.package_identification:_identify(src/Validation) by extension 'python_setup_py'
[0.345s] Level 1:colcon.colcon_core.package_identification:_identify(src/sentinel_interfaces) by extensions ['ignore', 'ignore_ament_install']
[0.345s] Level 1:colcon.colcon_core.package_identification:_identify(src/sentinel_interfaces) by extension 'ignore'
[0.345s] Level 1:colcon.colcon_core.package_identification:_identify(src/sentinel_interfaces) by extension 'ignore_ament_install'
[0.345s] Level 1:colcon.colcon_core.package_identification:_identify(src/sentinel_interfaces) by extensions ['colcon_pkg']
[0.346s] Level 1:colcon.colcon_core.package_identification:_identify(src/sentinel_interfaces) by extension 'colcon_pkg'
[0.346s] Level 1:colcon.colcon_core.package_identification:_identify(src/sentinel_interfaces) by extensions ['colcon_meta']
[0.346s] Level 1:colcon.colcon_core.package_identification:_identify(src/sentinel_interfaces) by extension 'colcon_meta'
[0.346s] Level 1:colcon.colcon_core.package_identification:_identify(src/sentinel_interfaces) by extensions ['ros']
[0.346s] Level 1:colcon.colcon_core.package_identification:_identify(src/sentinel_interfaces) by extension 'ros'
[0.349s] DEBUG:colcon.colcon_core.package_identification:Package 'src/sentinel_interfaces' with type 'ros.catkin' and name 'sentinel_interfaces'
[0.349s] Level 1:colcon.colcon_core.package_identification:_identify(src/sentinel_motor) by extensions ['ignore', 'ignore_ament_install']
[0.349s] Level 1:colcon.colcon_core.package_identification:_identify(src/sentinel_motor) by extension 'ignore'
[0.349s] Level 1:colcon.colcon_core.package_identification:_identify(src/sentinel_motor) by extension 'ignore_ament_install'
[0.349s] Level 1:colcon.colcon_core.package_identification:_identify(src/sentinel_motor) by extensions ['colcon_pkg']
[0.349s] Level 1:colcon.colcon_core.package_identification:_identify(src/sentinel_motor) by extension 'colcon_pkg'
[0.349s] Level 1:colcon.colcon_core.package_identification:_identify(src/sentinel_motor) by extensions ['colcon_meta']
[0.349s] Level 1:colcon.colcon_core.package_identification:_identify(src/sentinel_motor) by extension 'colcon_meta'
[0.349s] Level 1:colcon.colcon_core.package_identification:_identify(src/sentinel_motor) by extensions ['ros']
[0.349s] Level 1:colcon.colcon_core.package_identification:_identify(src/sentinel_motor) by extension 'ros'
[0.350s] DEBUG:colcon.colcon_core.package_identification:Package 'src/sentinel_motor' with type 'ros.ament_cmake' and name 'sentinel_motor'
[0.350s] Level 1:colcon.colcon_core.package_discovery:discover_packages(recursive) using defaults
[0.350s] Level 1:colcon.colcon_core.package_discovery:discover_packages(ignore) discover
[0.350s] Level 1:colcon.colcon_core.package_discovery:discover_packages(ignore) using defaults
[0.350s] Level 1:colcon.colcon_core.package_discovery:discover_packages(path) discover
[0.350s] Level 1:colcon.colcon_core.package_discovery:discover_packages(path) using defaults
[0.377s] Level 1:colcon.colcon_core.package_discovery:discover_packages(prefix_path) check parameters
[0.377s] Level 1:colcon.colcon_core.package_discovery:discover_packages(prefix_path) discover
[0.381s] DEBUG:colcon.colcon_installed_package_information.package_discovery:Found 2 installed packages in /root/ros2_ws/install
[0.383s] DEBUG:colcon.colcon_installed_package_information.package_discovery:Found 193 installed packages in /opt/ros/jazzy
[0.384s] Level 1:colcon.colcon_core.package_discovery:discover_packages(prefix_path) using defaults
[0.429s] Level 5:colcon.colcon_core.verb:set package 'sentinel_interfaces' build argument 'cmake_args' from command line to 'None'
[0.429s] Level 5:colcon.colcon_core.verb:set package 'sentinel_interfaces' build argument 'cmake_target' from command line to 'None'
[0.429s] Level 5:colcon.colcon_core.verb:set package 'sentinel_interfaces' build argument 'cmake_target_skip_unavailable' from command line to 'False'
[0.429s] Level 5:colcon.colcon_core.verb:set package 'sentinel_interfaces' build argument 'cmake_clean_cache' from command line to 'False'
[0.429s] Level 5:colcon.colcon_core.verb:set package 'sentinel_interfaces' build argument 'cmake_clean_first' from command line to 'False'
[0.429s] Level 5:colcon.colcon_core.verb:set package 'sentinel_interfaces' build argument 'cmake_force_configure' from command line to 'False'
[0.429s] Level 5:colcon.colcon_core.verb:set package 'sentinel_interfaces' build argument 'ament_cmake_args' from command line to 'None'
[0.429s] Level 5:colcon.colcon_core.verb:set package 'sentinel_interfaces' build argument 'catkin_cmake_args' from command line to 'None'
[0.429s] Level 5:colcon.colcon_core.verb:set package 'sentinel_interfaces' build argument 'catkin_skip_building_tests' from command line to 'False'
[0.429s] DEBUG:colcon.colcon_core.verb:Building package 'sentinel_interfaces' with the following arguments: {'ament_cmake_args': None, 'build_base': '/root/ros2_ws/build/sentinel_interfaces', 'catkin_cmake_args': None, 'catkin_skip_building_tests': False, 'cmake_args': None, 'cmake_clean_cache': False, 'cmake_clean_first': False, 'cmake_force_configure': False, 'cmake_target': None, 'cmake_target_skip_unavailable': False, 'install_base': '/root/ros2_ws/install/sentinel_interfaces', 'merge_install': False, 'path': '/root/ros2_ws/src/sentinel_interfaces', 'symlink_install': False, 'test_result_base': None}
[0.430s] Level 5:colcon.colcon_core.verb:set package 'sentinel_motor' build argument 'cmake_args' from command line to 'None'
[0.430s] Level 5:colcon.colcon_core.verb:set package 'sentinel_motor' build argument 'cmake_target' from command line to 'None'
[0.430s] Level 5:colcon.colcon_core.verb:set package 'sentinel_motor' build argument 'cmake_target_skip_unavailable' from command line to 'False'
[0.430s] Level 5:colcon.colcon_core.verb:set package 'sentinel_motor' build argument 'cmake_clean_cache' from command line to 'False'
[0.430s] Level 5:colcon.colcon_core.verb:set package 'sentinel_motor' build argument 'cmake_clean_first' from command line to 'False'
[0.430s] Level 5:colcon.colcon_core.verb:set package 'sentinel_motor' build argument 'cmake_force_configure' from command line to 'False'
[0.430s] Level 5:colcon.colcon_core.verb:set package 'sentinel_motor' build argument 'ament_cmake_args' from command line to 'None'
[0.430s] Level 5:colcon.colcon_core.verb:set package 'sentinel_motor' build argument 'catkin_cmake_args' from command line to 'None'
[0.430s] Level 5:colcon.colcon_core.verb:set package 'sentinel_motor' build argument 'catkin_skip_building_tests' from command line to 'False'
[0.430s] DEBUG:colcon.colcon_core.verb:Building package 'sentinel_motor' with the following arguments: {'ament_cmake_args': None, 'build_base': '/root/ros2_ws/build/sentinel_motor', 'catkin_cmake_args': None, 'catkin_skip_building_tests': False, 'cmake_args': None, 'cmake_clean_cache': False, 'cmake_clean_first': False, 'cmake_force_configure': False, 'cmake_target': None, 'cmake_target_skip_unavailable': False, 'install_base': '/root/ros2_ws/install/sentinel_motor', 'merge_install': False, 'path': '/root/ros2_ws/src/sentinel_motor', 'symlink_install': False, 'test_result_base': None}
[0.430s] INFO:colcon.colcon_core.executor:Executing jobs using 'parallel' executor
[0.431s] DEBUG:colcon.colcon_parallel_executor.executor.parallel:run_until_complete
[0.432s] INFO:colcon.colcon_ros.task.catkin.build:Building ROS package in '/root/ros2_ws/src/sentinel_interfaces' with build type 'catkin'
[0.432s] INFO:colcon.colcon_cmake.task.cmake.build:Building CMake package in '/root/ros2_ws/src/sentinel_interfaces'
[0.437s] INFO:colcon.colcon_core.plugin_system:Skipping extension 'colcon_core.shell.bat': Not used on non-Windows systems
[0.437s] INFO:colcon.colcon_core.shell:Skip shell extension 'powershell' for command environment: Not usable outside of PowerShell
[0.437s] DEBUG:colcon.colcon_core.shell:Skip shell extension 'dsv' for command environment
[0.450s] DEBUG:colcon.colcon_core.event_handler.log_command:Invoking command in '/root/ros2_ws/build/sentinel_interfaces': /usr/bin/cmake --build /root/ros2_ws/build/sentinel_interfaces -- -j14 -l14
[1.345s] DEBUG:colcon.colcon_core.event_handler.log_command:Invoked command in '/root/ros2_ws/build/sentinel_interfaces' returned '0': /usr/bin/cmake --build /root/ros2_ws/build/sentinel_interfaces -- -j14 -l14
[1.356s] DEBUG:colcon.colcon_core.event_handler.log_command:Invoking command in '/root/ros2_ws/build/sentinel_interfaces': /usr/bin/cmake --install /root/ros2_ws/build/sentinel_interfaces
[1.451s] DEBUG:colcon.colcon_core.event_handler.log_command:Invoked command in '/root/ros2_ws/build/sentinel_interfaces' returned '0': /usr/bin/cmake --install /root/ros2_ws/build/sentinel_interfaces
[1.451s] Level 1:colcon.colcon_core.shell:create_environment_hook('sentinel_interfaces', 'ros_package_path')
[1.451s] INFO:colcon.colcon_core.shell:Creating environment hook '/root/ros2_ws/install/sentinel_interfaces/share/sentinel_interfaces/hook/ros_package_path.ps1'
[1.453s] INFO:colcon.colcon_core.shell:Creating environment descriptor '/root/ros2_ws/install/sentinel_interfaces/share/sentinel_interfaces/hook/ros_package_path.dsv'
[1.453s] INFO:colcon.colcon_core.shell:Creating environment hook '/root/ros2_ws/install/sentinel_interfaces/share/sentinel_interfaces/hook/ros_package_path.sh'
[1.454s] Level 1:colcon.colcon_ros.task.catkin:checking '/root/ros2_ws/install/sentinel_interfaces/lib/python3.12/site-packages'
[1.454s] Level 1:colcon.colcon_core.shell:create_environment_hook('sentinel_interfaces', 'catkin_pythonpath')
[1.454s] INFO:colcon.colcon_core.shell:Creating environment hook '/root/ros2_ws/install/sentinel_interfaces/share/sentinel_interfaces/hook/catkin_pythonpath.ps1'
[1.454s] INFO:colcon.colcon_core.shell:Creating environment descriptor '/root/ros2_ws/install/sentinel_interfaces/share/sentinel_interfaces/hook/catkin_pythonpath.dsv'
[1.455s] INFO:colcon.colcon_core.shell:Creating environment hook '/root/ros2_ws/install/sentinel_interfaces/share/sentinel_interfaces/hook/catkin_pythonpath.sh'
[1.455s] Level 1:colcon.colcon_core.shell:create_environment_hook('sentinel_interfaces', 'pkg_config_path')
[1.455s] INFO:colcon.colcon_core.shell:Creating environment hook '/root/ros2_ws/install/sentinel_interfaces/share/sentinel_interfaces/hook/pkg_config_path.ps1'
[1.455s] INFO:colcon.colcon_core.shell:Creating environment descriptor '/root/ros2_ws/install/sentinel_interfaces/share/sentinel_interfaces/hook/pkg_config_path.dsv'
[1.455s] INFO:colcon.colcon_core.shell:Creating environment hook '/root/ros2_ws/install/sentinel_interfaces/share/sentinel_interfaces/hook/pkg_config_path.sh'
[1.463s] Level 1:colcon.colcon_core.shell:create_environment_hook('sentinel_interfaces', 'pkg_config_path_multiarch')
[1.463s] INFO:colcon.colcon_core.shell:Creating environment hook '/root/ros2_ws/install/sentinel_interfaces/share/sentinel_interfaces/hook/pkg_config_path_multiarch.ps1'
[1.464s] INFO:colcon.colcon_core.shell:Creating environment descriptor '/root/ros2_ws/install/sentinel_interfaces/share/sentinel_interfaces/hook/pkg_config_path_multiarch.dsv'
[1.464s] INFO:colcon.colcon_core.shell:Creating environment hook '/root/ros2_ws/install/sentinel_interfaces/share/sentinel_interfaces/hook/pkg_config_path_multiarch.sh'
[1.465s] Level 1:colcon.colcon_core.environment:create_environment_scripts_only(sentinel_interfaces)
[1.471s] Level 1:colcon.colcon_core.environment:checking '/root/ros2_ws/install/sentinel_interfaces' for CMake module files
[1.472s] Level 1:colcon.colcon_core.environment:checking '/root/ros2_ws/install/sentinel_interfaces' for CMake config files
[1.473s] Level 1:colcon.colcon_core.shell:create_environment_hook('sentinel_interfaces', 'cmake_prefix_path')
[1.473s] INFO:colcon.colcon_core.shell:Creating environment hook '/root/ros2_ws/install/sentinel_interfaces/share/sentinel_interfaces/hook/cmake_prefix_path.ps1'
[1.474s] INFO:colcon.colcon_core.shell:Creating environment descriptor '/root/ros2_ws/install/sentinel_interfaces/share/sentinel_interfaces/hook/cmake_prefix_path.dsv'
[1.474s] INFO:colcon.colcon_core.shell:Creating environment hook '/root/ros2_ws/install/sentinel_interfaces/share/sentinel_interfaces/hook/cmake_prefix_path.sh'
[1.475s] Level 1:colcon.colcon_core.environment:checking '/root/ros2_ws/install/sentinel_interfaces/lib'
[1.475s] Level 1:colcon.colcon_core.shell:create_environment_hook('sentinel_interfaces', 'ld_library_path_lib')
[1.476s] INFO:colcon.colcon_core.shell:Creating environment hook '/root/ros2_ws/install/sentinel_interfaces/share/sentinel_interfaces/hook/ld_library_path_lib.ps1'
[1.476s] INFO:colcon.colcon_core.shell:Creating environment descriptor '/root/ros2_ws/install/sentinel_interfaces/share/sentinel_interfaces/hook/ld_library_path_lib.dsv'
[1.476s] INFO:colcon.colcon_core.shell:Creating environment hook '/root/ros2_ws/install/sentinel_interfaces/share/sentinel_interfaces/hook/ld_library_path_lib.sh'
[1.477s] Level 1:colcon.colcon_core.environment:checking '/root/ros2_ws/install/sentinel_interfaces/bin'
[1.477s] Level 1:colcon.colcon_core.environment:checking '/root/ros2_ws/install/sentinel_interfaces/lib/pkgconfig/sentinel_interfaces.pc'
[1.477s] Level 1:colcon.colcon_core.environment:checking '/root/ros2_ws/install/sentinel_interfaces/lib/python3.12/site-packages'
[1.477s] Level 1:colcon.colcon_core.shell:create_environment_hook('sentinel_interfaces', 'pythonpath')
[1.477s] INFO:colcon.colcon_core.shell:Creating environment hook '/root/ros2_ws/install/sentinel_interfaces/share/sentinel_interfaces/hook/pythonpath.ps1'
[1.477s] INFO:colcon.colcon_core.shell:Creating environment descriptor '/root/ros2_ws/install/sentinel_interfaces/share/sentinel_interfaces/hook/pythonpath.dsv'
[1.478s] INFO:colcon.colcon_core.shell:Creating environment hook '/root/ros2_ws/install/sentinel_interfaces/share/sentinel_interfaces/hook/pythonpath.sh'
[1.478s] Level 1:colcon.colcon_core.environment:checking '/root/ros2_ws/install/sentinel_interfaces/bin'
[1.479s] INFO:colcon.colcon_core.shell:Creating package script '/root/ros2_ws/install/sentinel_interfaces/share/sentinel_interfaces/package.ps1'
[1.480s] INFO:colcon.colcon_core.shell:Creating package descriptor '/root/ros2_ws/install/sentinel_interfaces/share/sentinel_interfaces/package.dsv'
[1.481s] INFO:colcon.colcon_core.shell:Creating package script '/root/ros2_ws/install/sentinel_interfaces/share/sentinel_interfaces/package.sh'
[1.481s] INFO:colcon.colcon_core.shell:Creating package script '/root/ros2_ws/install/sentinel_interfaces/share/sentinel_interfaces/package.bash'
[1.482s] INFO:colcon.colcon_core.shell:Creating package script '/root/ros2_ws/install/sentinel_interfaces/share/sentinel_interfaces/package.zsh'
[1.483s] Level 1:colcon.colcon_core.environment:create_file_with_runtime_dependencies(/root/ros2_ws/install/sentinel_interfaces/share/colcon-core/packages/sentinel_interfaces)
[1.483s] INFO:colcon.colcon_ros.task.ament_cmake.build:Building ROS package in '/root/ros2_ws/src/sentinel_motor' with build type 'ament_cmake'
[1.483s] INFO:colcon.colcon_cmake.task.cmake.build:Building CMake package in '/root/ros2_ws/src/sentinel_motor'
[1.484s] INFO:colcon.colcon_core.shell:Skip shell extension 'powershell' for command environment: Not usable outside of PowerShell
[1.484s] DEBUG:colcon.colcon_core.shell:Skip shell extension 'dsv' for command environment
[1.495s] DEBUG:colcon.colcon_core.event_handler.log_command:Invoking command in '/root/ros2_ws/build/sentinel_motor': CMAKE_PREFIX_PATH=/opt/ros/jazzy:/root/ros2_ws/install/sentinel_interfaces:/root/ros2_ws/install/sentinel_motor /usr/bin/cmake --build /root/ros2_ws/build/sentinel_motor -- -j14 -l14
[14.662s] DEBUG:colcon.colcon_core.event_handler.log_command:Invoked command in '/root/ros2_ws/build/sentinel_motor' returned '0': CMAKE_PREFIX_PATH=/opt/ros/jazzy:/root/ros2_ws/install/sentinel_interfaces:/root/ros2_ws/install/sentinel_motor /usr/bin/cmake --build /root/ros2_ws/build/sentinel_motor -- -j14 -l14
[14.662s] DEBUG:colcon.colcon_core.event_handler.log_command:Invoking command in '/root/ros2_ws/build/sentinel_motor': CMAKE_PREFIX_PATH=/opt/ros/jazzy:/root/ros2_ws/install/sentinel_interfaces:/root/ros2_ws/install/sentinel_motor /usr/bin/cmake --install /root/ros2_ws/build/sentinel_motor
[14.687s] Level 1:colcon.colcon_core.environment:create_environment_scripts_only(sentinel_motor)
[14.687s] Level 1:colcon.colcon_core.environment:checking '/root/ros2_ws/install/sentinel_motor' for CMake module files
[14.687s] DEBUG:colcon.colcon_core.event_handler.log_command:Invoked command in '/root/ros2_ws/build/sentinel_motor' returned '0': CMAKE_PREFIX_PATH=/opt/ros/jazzy:/root/ros2_ws/install/sentinel_interfaces:/root/ros2_ws/install/sentinel_motor /usr/bin/cmake --install /root/ros2_ws/build/sentinel_motor
[14.688s] Level 1:colcon.colcon_core.environment:checking '/root/ros2_ws/install/sentinel_motor' for CMake config files
[14.690s] Level 1:colcon.colcon_core.shell:create_environment_hook('sentinel_motor', 'cmake_prefix_path')
[14.690s] INFO:colcon.colcon_core.shell:Creating environment hook '/root/ros2_ws/install/sentinel_motor/share/sentinel_motor/hook/cmake_prefix_path.ps1'
[14.692s] INFO:colcon.colcon_core.shell:Creating environment descriptor '/root/ros2_ws/install/sentinel_motor/share/sentinel_motor/hook/cmake_prefix_path.dsv'
[14.693s] INFO:colcon.colcon_core.shell:Creating environment hook '/root/ros2_ws/install/sentinel_motor/share/sentinel_motor/hook/cmake_prefix_path.sh'
[14.694s] Level 1:colcon.colcon_core.environment:checking '/root/ros2_ws/install/sentinel_motor/lib'
[14.694s] Level 1:colcon.colcon_core.environment:checking '/root/ros2_ws/install/sentinel_motor/bin'
[14.694s] Level 1:colcon.colcon_core.environment:checking '/root/ros2_ws/install/sentinel_motor/lib/pkgconfig/sentinel_motor.pc'
[14.694s] Level 1:colcon.colcon_core.environment:checking '/root/ros2_ws/install/sentinel_motor/lib/python3.12/site-packages'
[14.695s] Level 1:colcon.colcon_core.environment:checking '/root/ros2_ws/install/sentinel_motor/bin'
[14.695s] INFO:colcon.colcon_core.shell:Creating package script '/root/ros2_ws/install/sentinel_motor/share/sentinel_motor/package.ps1'
[14.696s] INFO:colcon.colcon_core.shell:Creating package descriptor '/root/ros2_ws/install/sentinel_motor/share/sentinel_motor/package.dsv'
[14.697s] INFO:colcon.colcon_core.shell:Creating package script '/root/ros2_ws/install/sentinel_motor/share/sentinel_motor/package.sh'
[14.697s] INFO:colcon.colcon_core.shell:Creating package script '/root/ros2_ws/install/sentinel_motor/share/sentinel_motor/package.bash'
[14.698s] INFO:colcon.colcon_core.shell:Creating package script '/root/ros2_ws/install/sentinel_motor/share/sentinel_motor/package.zsh'
[14.699s] Level 1:colcon.colcon_core.environment:create_file_with_runtime_dependencies(/root/ros2_ws/install/sentinel_motor/share/colcon-core/packages/sentinel_motor)
[14.700s] Level 1:colcon.colcon_core.environment:create_environment_scripts_only(sentinel_motor)
[14.700s] Level 1:colcon.colcon_core.environment:checking '/root/ros2_ws/install/sentinel_motor' for CMake module files
[14.700s] Level 1:colcon.colcon_core.environment:checking '/root/ros2_ws/install/sentinel_motor' for CMake config files
[14.701s] Level 1:colcon.colcon_core.shell:create_environment_hook('sentinel_motor', 'cmake_prefix_path')
[14.701s] INFO:colcon.colcon_core.shell:Creating environment hook '/root/ros2_ws/install/sentinel_motor/share/sentinel_motor/hook/cmake_prefix_path.ps1'
[14.701s] INFO:colcon.colcon_core.shell:Creating environment descriptor '/root/ros2_ws/install/sentinel_motor/share/sentinel_motor/hook/cmake_prefix_path.dsv'
[14.701s] INFO:colcon.colcon_core.shell:Creating environment hook '/root/ros2_ws/install/sentinel_motor/share/sentinel_motor/hook/cmake_prefix_path.sh'
[14.702s] Level 1:colcon.colcon_core.environment:checking '/root/ros2_ws/install/sentinel_motor/lib'
[14.702s] Level 1:colcon.colcon_core.environment:checking '/root/ros2_ws/install/sentinel_motor/bin'
[14.702s] Level 1:colcon.colcon_core.environment:checking '/root/ros2_ws/install/sentinel_motor/lib/pkgconfig/sentinel_motor.pc'
[14.703s] Level 1:colcon.colcon_core.environment:checking '/root/ros2_ws/install/sentinel_motor/lib/python3.12/site-packages'
[14.703s] Level 1:colcon.colcon_core.environment:checking '/root/ros2_ws/install/sentinel_motor/bin'
[14.703s] INFO:colcon.colcon_core.shell:Creating package script '/root/ros2_ws/install/sentinel_motor/share/sentinel_motor/package.ps1'
[14.703s] INFO:colcon.colcon_core.shell:Creating package descriptor '/root/ros2_ws/install/sentinel_motor/share/sentinel_motor/package.dsv'
[14.704s] INFO:colcon.colcon_core.shell:Creating package script '/root/ros2_ws/install/sentinel_motor/share/sentinel_motor/package.sh'
[14.704s] INFO:colcon.colcon_core.shell:Creating package script '/root/ros2_ws/install/sentinel_motor/share/sentinel_motor/package.bash'
[14.704s] INFO:colcon.colcon_core.shell:Creating package script '/root/ros2_ws/install/sentinel_motor/share/sentinel_motor/package.zsh'
[14.705s] Level 1:colcon.colcon_core.environment:create_file_with_runtime_dependencies(/root/ros2_ws/install/sentinel_motor/share/colcon-core/packages/sentinel_motor)
[14.705s] DEBUG:colcon.colcon_parallel_executor.executor.parallel:closing loop
[14.707s] DEBUG:colcon.colcon_parallel_executor.executor.parallel:loop closed
[14.707s] DEBUG:colcon.colcon_parallel_executor.executor.parallel:run_until_complete finished with '0'
[14.707s] DEBUG:colcon.colcon_core.event_reactor:joining thread
[14.723s] INFO:colcon.colcon_core.plugin_system:Skipping extension 'colcon_notification.desktop_notification.notify_send': Could not find 'notify-send'
[14.723s] INFO:colcon.colcon_core.plugin_system:Skipping extension 'colcon_notification.desktop_notification.terminal_notifier': Not used on non-Darwin systems
[14.723s] INFO:colcon.colcon_core.plugin_system:Skipping extension 'colcon_notification.desktop_notification.win32': Not used on non-Windows systems
[14.723s] INFO:colcon.colcon_notification.desktop_notification:Sending desktop notification using 'notify2'
[14.728s] DEBUG:colcon.colcon_notification.desktop_notification.notify2:Failed to initialize notify2: org.freedesktop.DBus.Error.Spawn.ExecFailed: /usr/bin/dbus-launch terminated abnormally without any error message
[14.728s] DEBUG:colcon.colcon_core.event_reactor:joined thread
[14.729s] INFO:colcon.colcon_core.shell:Creating prefix script '/root/ros2_ws/install/local_setup.ps1'
[14.731s] INFO:colcon.colcon_core.shell:Creating prefix util module '/root/ros2_ws/install/_local_setup_util_ps1.py'
[14.732s] INFO:colcon.colcon_core.shell:Creating prefix chain script '/root/ros2_ws/install/setup.ps1'
[14.733s] INFO:colcon.colcon_core.shell:Creating prefix script '/root/ros2_ws/install/local_setup.sh'
[14.733s] INFO:colcon.colcon_core.shell:Creating prefix util module '/root/ros2_ws/install/_local_setup_util_sh.py'
[14.734s] INFO:colcon.colcon_core.shell:Creating prefix chain script '/root/ros2_ws/install/setup.sh'
[14.735s] INFO:colcon.colcon_core.shell:Creating prefix script '/root/ros2_ws/install/local_setup.bash'
[14.736s] INFO:colcon.colcon_core.shell:Creating prefix chain script '/root/ros2_ws/install/setup.bash'
[14.736s] INFO:colcon.colcon_core.shell:Creating prefix script '/root/ros2_ws/install/local_setup.zsh'
[14.737s] INFO:colcon.colcon_core.shell:Creating prefix chain script '/root/ros2_ws/install/setup.zsh'
