[0.197s] DEBUG:colcon:Command line arguments: ['/usr/bin/colcon', 'build']
[0.197s] DEBUG:colcon:Parsed command line arguments: Namespace(log_base=None, log_level=None, verb_name='build', build_base='build', install_base='install', merge_install=False, symlink_install=False, test_result_base=None, continue_on_error=False, executor='parallel', parallel_workers=14, event_handlers=None, ignore_user_meta=False, metas=['./colcon.meta'], base_paths=['.'], packages_ignore=None, packages_ignore_regex=None, paths=None, packages_up_to=None, packages_up_to_regex=None, packages_above=None, packages_above_and_dependencies=None, packages_above_depth=None, packages_select_by_dep=None, packages_skip_by_dep=None, packages_skip_up_to=None, packages_select_build_failed=False, packages_skip_build_finished=False, packages_select_test_failures=False, packages_skip_test_passed=False, packages_select=None, packages_skip=None, packages_select_regex=None, packages_skip_regex=None, packages_start=None, packages_end=None, allow_overriding=[], cmake_args=None, cmake_target=None, cmake_target_skip_unavailable=False, cmake_clean_cache=False, cmake_clean_first=False, cmake_force_configure=False, ament_cmake_args=None, catkin_cmake_args=None, catkin_skip_building_tests=False, mixin_files=None, mixin=None, verb_parser=<colcon_mixin.mixin.mixin_argument.MixinArgumentDecorator object at 0xffffa4e3b8f0>, verb_extension=<colcon_core.verb.build.BuildVerb object at 0xffffa5014080>, main=<bound method BuildVerb.main of <colcon_core.verb.build.BuildVerb object at 0xffffa5014080>>, mixin_verb=('build',))
[0.257s] Level 1:colcon.colcon_core.package_discovery:discover_packages(colcon_meta) check parameters
[0.257s] Level 1:colcon.colcon_core.package_discovery:discover_packages(recursive) check parameters
[0.257s] Level 1:colcon.colcon_core.package_discovery:discover_packages(ignore) check parameters
[0.257s] Level 1:colcon.colcon_core.package_discovery:discover_packages(path) check parameters
[0.257s] Level 1:colcon.colcon_core.package_discovery:discover_packages(colcon_meta) discover
[0.258s] Level 1:colcon.colcon_core.package_discovery:discover_packages(recursive) discover
[0.258s] INFO:colcon.colcon_core.package_discovery:Crawling recursively for packages in '/root/ros2_ws'
[0.258s] Level 1:colcon.colcon_core.package_identification:_identify(.) by extensions ['ignore', 'ignore_ament_install']
[0.258s] Level 1:colcon.colcon_core.package_identification:_identify(.) by extension 'ignore'
[0.258s] Level 1:colcon.colcon_core.package_identification:_identify(.) by extension 'ignore_ament_install'
[0.258s] Level 1:colcon.colcon_core.package_identification:_identify(.) by extensions ['colcon_pkg']
[0.258s] Level 1:colcon.colcon_core.package_identification:_identify(.) by extension 'colcon_pkg'
[0.258s] Level 1:colcon.colcon_core.package_identification:_identify(.) by extensions ['colcon_meta']
[0.258s] Level 1:colcon.colcon_core.package_identification:_identify(.) by extension 'colcon_meta'
[0.258s] Level 1:colcon.colcon_core.package_identification:_identify(.) by extensions ['ros']
[0.258s] Level 1:colcon.colcon_core.package_identification:_identify(.) by extension 'ros'
[0.293s] Level 1:colcon.colcon_core.package_identification:_identify(.) by extensions ['cmake', 'python']
[0.293s] Level 1:colcon.colcon_core.package_identification:_identify(.) by extension 'cmake'
[0.293s] Level 1:colcon.colcon_core.package_identification:_identify(.) by extension 'python'
[0.293s] Level 1:colcon.colcon_core.package_identification:_identify(.) by extensions ['python_setup_py']
[0.293s] Level 1:colcon.colcon_core.package_identification:_identify(.) by extension 'python_setup_py'
[0.293s] Level 1:colcon.colcon_core.package_identification:_identify(build) by extensions ['ignore', 'ignore_ament_install']
[0.294s] Level 1:colcon.colcon_core.package_identification:_identify(build) by extension 'ignore'
[0.294s] Level 1:colcon.colcon_core.package_identification:_identify(build) ignored
[0.294s] Level 1:colcon.colcon_core.package_identification:_identify(install) by extensions ['ignore', 'ignore_ament_install']
[0.294s] Level 1:colcon.colcon_core.package_identification:_identify(install) by extension 'ignore'
[0.294s] Level 1:colcon.colcon_core.package_identification:_identify(install) ignored
[0.294s] Level 1:colcon.colcon_core.package_identification:_identify(log) by extensions ['ignore', 'ignore_ament_install']
[0.294s] Level 1:colcon.colcon_core.package_identification:_identify(log) by extension 'ignore'
[0.294s] Level 1:colcon.colcon_core.package_identification:_identify(log) ignored
[0.294s] Level 1:colcon.colcon_core.package_identification:_identify(src) by extensions ['ignore', 'ignore_ament_install']
[0.294s] Level 1:colcon.colcon_core.package_identification:_identify(src) by extension 'ignore'
[0.294s] Level 1:colcon.colcon_core.package_identification:_identify(src) by extension 'ignore_ament_install'
[0.294s] Level 1:colcon.colcon_core.package_identification:_identify(src) by extensions ['colcon_pkg']
[0.294s] Level 1:colcon.colcon_core.package_identification:_identify(src) by extension 'colcon_pkg'
[0.294s] Level 1:colcon.colcon_core.package_identification:_identify(src) by extensions ['colcon_meta']
[0.294s] Level 1:colcon.colcon_core.package_identification:_identify(src) by extension 'colcon_meta'
[0.294s] Level 1:colcon.colcon_core.package_identification:_identify(src) by extensions ['ros']
[0.294s] Level 1:colcon.colcon_core.package_identification:_identify(src) by extension 'ros'
[0.295s] Level 1:colcon.colcon_core.package_identification:_identify(src) by extensions ['cmake', 'python']
[0.295s] Level 1:colcon.colcon_core.package_identification:_identify(src) by extension 'cmake'
[0.295s] Level 1:colcon.colcon_core.package_identification:_identify(src) by extension 'python'
[0.295s] Level 1:colcon.colcon_core.package_identification:_identify(src) by extensions ['python_setup_py']
[0.295s] Level 1:colcon.colcon_core.package_identification:_identify(src) by extension 'python_setup_py'
[0.295s] Level 1:colcon.colcon_core.package_identification:_identify(src/Validation) by extensions ['ignore', 'ignore_ament_install']
[0.295s] Level 1:colcon.colcon_core.package_identification:_identify(src/Validation) by extension 'ignore'
[0.295s] Level 1:colcon.colcon_core.package_identification:_identify(src/Validation) by extension 'ignore_ament_install'
[0.295s] Level 1:colcon.colcon_core.package_identification:_identify(src/Validation) by extensions ['colcon_pkg']
[0.295s] Level 1:colcon.colcon_core.package_identification:_identify(src/Validation) by extension 'colcon_pkg'
[0.295s] Level 1:colcon.colcon_core.package_identification:_identify(src/Validation) by extensions ['colcon_meta']
[0.295s] Level 1:colcon.colcon_core.package_identification:_identify(src/Validation) by extension 'colcon_meta'
[0.295s] Level 1:colcon.colcon_core.package_identification:_identify(src/Validation) by extensions ['ros']
[0.295s] Level 1:colcon.colcon_core.package_identification:_identify(src/Validation) by extension 'ros'
[0.295s] Level 1:colcon.colcon_core.package_identification:_identify(src/Validation) by extensions ['cmake', 'python']
[0.295s] Level 1:colcon.colcon_core.package_identification:_identify(src/Validation) by extension 'cmake'
[0.295s] Level 1:colcon.colcon_core.package_identification:_identify(src/Validation) by extension 'python'
[0.295s] Level 1:colcon.colcon_core.package_identification:_identify(src/Validation) by extensions ['python_setup_py']
[0.295s] Level 1:colcon.colcon_core.package_identification:_identify(src/Validation) by extension 'python_setup_py'
[0.295s] Level 1:colcon.colcon_core.package_identification:_identify(src/sentinel_interfaces) by extensions ['ignore', 'ignore_ament_install']
[0.295s] Level 1:colcon.colcon_core.package_identification:_identify(src/sentinel_interfaces) by extension 'ignore'
[0.295s] Level 1:colcon.colcon_core.package_identification:_identify(src/sentinel_interfaces) by extension 'ignore_ament_install'
[0.296s] Level 1:colcon.colcon_core.package_identification:_identify(src/sentinel_interfaces) by extensions ['colcon_pkg']
[0.296s] Level 1:colcon.colcon_core.package_identification:_identify(src/sentinel_interfaces) by extension 'colcon_pkg'
[0.296s] Level 1:colcon.colcon_core.package_identification:_identify(src/sentinel_interfaces) by extensions ['colcon_meta']
[0.296s] Level 1:colcon.colcon_core.package_identification:_identify(src/sentinel_interfaces) by extension 'colcon_meta'
[0.296s] Level 1:colcon.colcon_core.package_identification:_identify(src/sentinel_interfaces) by extensions ['ros']
[0.296s] Level 1:colcon.colcon_core.package_identification:_identify(src/sentinel_interfaces) by extension 'ros'
[0.299s] DEBUG:colcon.colcon_core.package_identification:Package 'src/sentinel_interfaces' with type 'ros.catkin' and name 'sentinel_interfaces'
[0.299s] Level 1:colcon.colcon_core.package_identification:_identify(src/sentinel_motor) by extensions ['ignore', 'ignore_ament_install']
[0.299s] Level 1:colcon.colcon_core.package_identification:_identify(src/sentinel_motor) by extension 'ignore'
[0.299s] Level 1:colcon.colcon_core.package_identification:_identify(src/sentinel_motor) by extension 'ignore_ament_install'
[0.299s] Level 1:colcon.colcon_core.package_identification:_identify(src/sentinel_motor) by extensions ['colcon_pkg']
[0.299s] Level 1:colcon.colcon_core.package_identification:_identify(src/sentinel_motor) by extension 'colcon_pkg'
[0.299s] Level 1:colcon.colcon_core.package_identification:_identify(src/sentinel_motor) by extensions ['colcon_meta']
[0.299s] Level 1:colcon.colcon_core.package_identification:_identify(src/sentinel_motor) by extension 'colcon_meta'
[0.299s] Level 1:colcon.colcon_core.package_identification:_identify(src/sentinel_motor) by extensions ['ros']
[0.299s] Level 1:colcon.colcon_core.package_identification:_identify(src/sentinel_motor) by extension 'ros'
[0.300s] DEBUG:colcon.colcon_core.package_identification:Package 'src/sentinel_motor' with type 'ros.ament_cmake' and name 'sentinel_motor'
[0.300s] Level 1:colcon.colcon_core.package_discovery:discover_packages(recursive) using defaults
[0.300s] Level 1:colcon.colcon_core.package_discovery:discover_packages(ignore) discover
[0.300s] Level 1:colcon.colcon_core.package_discovery:discover_packages(ignore) using defaults
[0.300s] Level 1:colcon.colcon_core.package_discovery:discover_packages(path) discover
[0.300s] Level 1:colcon.colcon_core.package_discovery:discover_packages(path) using defaults
[0.325s] Level 1:colcon.colcon_core.package_discovery:discover_packages(prefix_path) check parameters
[0.325s] Level 1:colcon.colcon_core.package_discovery:discover_packages(prefix_path) discover
[0.329s] DEBUG:colcon.colcon_installed_package_information.package_discovery:Found 2 installed packages in /root/ros2_ws/install
[0.330s] DEBUG:colcon.colcon_installed_package_information.package_discovery:Found 193 installed packages in /opt/ros/jazzy
[0.331s] Level 1:colcon.colcon_core.package_discovery:discover_packages(prefix_path) using defaults
[0.382s] Level 5:colcon.colcon_core.verb:set package 'sentinel_interfaces' build argument 'cmake_args' from command line to 'None'
[0.382s] Level 5:colcon.colcon_core.verb:set package 'sentinel_interfaces' build argument 'cmake_target' from command line to 'None'
[0.382s] Level 5:colcon.colcon_core.verb:set package 'sentinel_interfaces' build argument 'cmake_target_skip_unavailable' from command line to 'False'
[0.382s] Level 5:colcon.colcon_core.verb:set package 'sentinel_interfaces' build argument 'cmake_clean_cache' from command line to 'False'
[0.382s] Level 5:colcon.colcon_core.verb:set package 'sentinel_interfaces' build argument 'cmake_clean_first' from command line to 'False'
[0.382s] Level 5:colcon.colcon_core.verb:set package 'sentinel_interfaces' build argument 'cmake_force_configure' from command line to 'False'
[0.382s] Level 5:colcon.colcon_core.verb:set package 'sentinel_interfaces' build argument 'ament_cmake_args' from command line to 'None'
[0.382s] Level 5:colcon.colcon_core.verb:set package 'sentinel_interfaces' build argument 'catkin_cmake_args' from command line to 'None'
[0.382s] Level 5:colcon.colcon_core.verb:set package 'sentinel_interfaces' build argument 'catkin_skip_building_tests' from command line to 'False'
[0.382s] DEBUG:colcon.colcon_core.verb:Building package 'sentinel_interfaces' with the following arguments: {'ament_cmake_args': None, 'build_base': '/root/ros2_ws/build/sentinel_interfaces', 'catkin_cmake_args': None, 'catkin_skip_building_tests': False, 'cmake_args': None, 'cmake_clean_cache': False, 'cmake_clean_first': False, 'cmake_force_configure': False, 'cmake_target': None, 'cmake_target_skip_unavailable': False, 'install_base': '/root/ros2_ws/install/sentinel_interfaces', 'merge_install': False, 'path': '/root/ros2_ws/src/sentinel_interfaces', 'symlink_install': False, 'test_result_base': None}
[0.382s] Level 5:colcon.colcon_core.verb:set package 'sentinel_motor' build argument 'cmake_args' from command line to 'None'
[0.382s] Level 5:colcon.colcon_core.verb:set package 'sentinel_motor' build argument 'cmake_target' from command line to 'None'
[0.382s] Level 5:colcon.colcon_core.verb:set package 'sentinel_motor' build argument 'cmake_target_skip_unavailable' from command line to 'False'
[0.382s] Level 5:colcon.colcon_core.verb:set package 'sentinel_motor' build argument 'cmake_clean_cache' from command line to 'False'
[0.382s] Level 5:colcon.colcon_core.verb:set package 'sentinel_motor' build argument 'cmake_clean_first' from command line to 'False'
[0.382s] Level 5:colcon.colcon_core.verb:set package 'sentinel_motor' build argument 'cmake_force_configure' from command line to 'False'
[0.382s] Level 5:colcon.colcon_core.verb:set package 'sentinel_motor' build argument 'ament_cmake_args' from command line to 'None'
[0.382s] Level 5:colcon.colcon_core.verb:set package 'sentinel_motor' build argument 'catkin_cmake_args' from command line to 'None'
[0.382s] Level 5:colcon.colcon_core.verb:set package 'sentinel_motor' build argument 'catkin_skip_building_tests' from command line to 'False'
[0.382s] DEBUG:colcon.colcon_core.verb:Building package 'sentinel_motor' with the following arguments: {'ament_cmake_args': None, 'build_base': '/root/ros2_ws/build/sentinel_motor', 'catkin_cmake_args': None, 'catkin_skip_building_tests': False, 'cmake_args': None, 'cmake_clean_cache': False, 'cmake_clean_first': False, 'cmake_force_configure': False, 'cmake_target': None, 'cmake_target_skip_unavailable': False, 'install_base': '/root/ros2_ws/install/sentinel_motor', 'merge_install': False, 'path': '/root/ros2_ws/src/sentinel_motor', 'symlink_install': False, 'test_result_base': None}
[0.382s] INFO:colcon.colcon_core.executor:Executing jobs using 'parallel' executor
[0.383s] DEBUG:colcon.colcon_parallel_executor.executor.parallel:run_until_complete
[0.384s] INFO:colcon.colcon_ros.task.catkin.build:Building ROS package in '/root/ros2_ws/src/sentinel_interfaces' with build type 'catkin'
[0.384s] INFO:colcon.colcon_cmake.task.cmake.build:Building CMake package in '/root/ros2_ws/src/sentinel_interfaces'
[0.388s] INFO:colcon.colcon_core.plugin_system:Skipping extension 'colcon_core.shell.bat': Not used on non-Windows systems
[0.388s] INFO:colcon.colcon_core.shell:Skip shell extension 'powershell' for command environment: Not usable outside of PowerShell
[0.388s] DEBUG:colcon.colcon_core.shell:Skip shell extension 'dsv' for command environment
[0.405s] DEBUG:colcon.colcon_core.event_handler.log_command:Invoking command in '/root/ros2_ws/build/sentinel_interfaces': /usr/bin/cmake --build /root/ros2_ws/build/sentinel_interfaces -- -j14 -l14
[0.846s] DEBUG:colcon.colcon_core.event_handler.log_command:Invoked command in '/root/ros2_ws/build/sentinel_interfaces' returned '0': /usr/bin/cmake --build /root/ros2_ws/build/sentinel_interfaces -- -j14 -l14
[0.859s] DEBUG:colcon.colcon_core.event_handler.log_command:Invoking command in '/root/ros2_ws/build/sentinel_interfaces': /usr/bin/cmake --install /root/ros2_ws/build/sentinel_interfaces
[1.054s] DEBUG:colcon.colcon_core.event_handler.log_command:Invoked command in '/root/ros2_ws/build/sentinel_interfaces' returned '0': /usr/bin/cmake --install /root/ros2_ws/build/sentinel_interfaces
[1.054s] Level 1:colcon.colcon_core.shell:create_environment_hook('sentinel_interfaces', 'ros_package_path')
[1.055s] INFO:colcon.colcon_core.shell:Creating environment hook '/root/ros2_ws/install/sentinel_interfaces/share/sentinel_interfaces/hook/ros_package_path.ps1'
[1.056s] INFO:colcon.colcon_core.shell:Creating environment descriptor '/root/ros2_ws/install/sentinel_interfaces/share/sentinel_interfaces/hook/ros_package_path.dsv'
[1.057s] INFO:colcon.colcon_core.shell:Creating environment hook '/root/ros2_ws/install/sentinel_interfaces/share/sentinel_interfaces/hook/ros_package_path.sh'
[1.058s] Level 1:colcon.colcon_ros.task.catkin:checking '/root/ros2_ws/install/sentinel_interfaces/lib/python3.12/site-packages'
[1.058s] Level 1:colcon.colcon_core.shell:create_environment_hook('sentinel_interfaces', 'catkin_pythonpath')
[1.059s] INFO:colcon.colcon_core.shell:Creating environment hook '/root/ros2_ws/install/sentinel_interfaces/share/sentinel_interfaces/hook/catkin_pythonpath.ps1'
[1.059s] INFO:colcon.colcon_core.shell:Creating environment descriptor '/root/ros2_ws/install/sentinel_interfaces/share/sentinel_interfaces/hook/catkin_pythonpath.dsv'
[1.060s] INFO:colcon.colcon_core.shell:Creating environment hook '/root/ros2_ws/install/sentinel_interfaces/share/sentinel_interfaces/hook/catkin_pythonpath.sh'
[1.060s] Level 1:colcon.colcon_core.shell:create_environment_hook('sentinel_interfaces', 'pkg_config_path')
[1.060s] INFO:colcon.colcon_core.shell:Creating environment hook '/root/ros2_ws/install/sentinel_interfaces/share/sentinel_interfaces/hook/pkg_config_path.ps1'
[1.061s] INFO:colcon.colcon_core.shell:Creating environment descriptor '/root/ros2_ws/install/sentinel_interfaces/share/sentinel_interfaces/hook/pkg_config_path.dsv'
[1.061s] INFO:colcon.colcon_core.shell:Creating environment hook '/root/ros2_ws/install/sentinel_interfaces/share/sentinel_interfaces/hook/pkg_config_path.sh'
[1.065s] Level 1:colcon.colcon_core.shell:create_environment_hook('sentinel_interfaces', 'pkg_config_path_multiarch')
[1.065s] INFO:colcon.colcon_core.shell:Creating environment hook '/root/ros2_ws/install/sentinel_interfaces/share/sentinel_interfaces/hook/pkg_config_path_multiarch.ps1'
[1.066s] INFO:colcon.colcon_core.shell:Creating environment descriptor '/root/ros2_ws/install/sentinel_interfaces/share/sentinel_interfaces/hook/pkg_config_path_multiarch.dsv'
[1.066s] INFO:colcon.colcon_core.shell:Creating environment hook '/root/ros2_ws/install/sentinel_interfaces/share/sentinel_interfaces/hook/pkg_config_path_multiarch.sh'
[1.067s] Level 1:colcon.colcon_core.environment:create_environment_scripts_only(sentinel_interfaces)
[1.071s] Level 1:colcon.colcon_core.environment:checking '/root/ros2_ws/install/sentinel_interfaces' for CMake module files
[1.072s] Level 1:colcon.colcon_core.environment:checking '/root/ros2_ws/install/sentinel_interfaces' for CMake config files
[1.073s] Level 1:colcon.colcon_core.shell:create_environment_hook('sentinel_interfaces', 'cmake_prefix_path')
[1.073s] INFO:colcon.colcon_core.shell:Creating environment hook '/root/ros2_ws/install/sentinel_interfaces/share/sentinel_interfaces/hook/cmake_prefix_path.ps1'
[1.074s] INFO:colcon.colcon_core.shell:Creating environment descriptor '/root/ros2_ws/install/sentinel_interfaces/share/sentinel_interfaces/hook/cmake_prefix_path.dsv'
[1.074s] INFO:colcon.colcon_core.shell:Creating environment hook '/root/ros2_ws/install/sentinel_interfaces/share/sentinel_interfaces/hook/cmake_prefix_path.sh'
[1.075s] Level 1:colcon.colcon_core.environment:checking '/root/ros2_ws/install/sentinel_interfaces/lib'
[1.075s] Level 1:colcon.colcon_core.shell:create_environment_hook('sentinel_interfaces', 'ld_library_path_lib')
[1.075s] INFO:colcon.colcon_core.shell:Creating environment hook '/root/ros2_ws/install/sentinel_interfaces/share/sentinel_interfaces/hook/ld_library_path_lib.ps1'
[1.076s] INFO:colcon.colcon_core.shell:Creating environment descriptor '/root/ros2_ws/install/sentinel_interfaces/share/sentinel_interfaces/hook/ld_library_path_lib.dsv'
[1.076s] INFO:colcon.colcon_core.shell:Creating environment hook '/root/ros2_ws/install/sentinel_interfaces/share/sentinel_interfaces/hook/ld_library_path_lib.sh'
[1.076s] Level 1:colcon.colcon_core.environment:checking '/root/ros2_ws/install/sentinel_interfaces/bin'
[1.076s] Level 1:colcon.colcon_core.environment:checking '/root/ros2_ws/install/sentinel_interfaces/lib/pkgconfig/sentinel_interfaces.pc'
[1.076s] Level 1:colcon.colcon_core.environment:checking '/root/ros2_ws/install/sentinel_interfaces/lib/python3.12/site-packages'
[1.077s] Level 1:colcon.colcon_core.shell:create_environment_hook('sentinel_interfaces', 'pythonpath')
[1.077s] INFO:colcon.colcon_core.shell:Creating environment hook '/root/ros2_ws/install/sentinel_interfaces/share/sentinel_interfaces/hook/pythonpath.ps1'
[1.077s] INFO:colcon.colcon_core.shell:Creating environment descriptor '/root/ros2_ws/install/sentinel_interfaces/share/sentinel_interfaces/hook/pythonpath.dsv'
[1.077s] INFO:colcon.colcon_core.shell:Creating environment hook '/root/ros2_ws/install/sentinel_interfaces/share/sentinel_interfaces/hook/pythonpath.sh'
[1.078s] Level 1:colcon.colcon_core.environment:checking '/root/ros2_ws/install/sentinel_interfaces/bin'
[1.078s] INFO:colcon.colcon_core.shell:Creating package script '/root/ros2_ws/install/sentinel_interfaces/share/sentinel_interfaces/package.ps1'
[1.080s] INFO:colcon.colcon_core.shell:Creating package descriptor '/root/ros2_ws/install/sentinel_interfaces/share/sentinel_interfaces/package.dsv'
[1.080s] INFO:colcon.colcon_core.shell:Creating package script '/root/ros2_ws/install/sentinel_interfaces/share/sentinel_interfaces/package.sh'
[1.081s] INFO:colcon.colcon_core.shell:Creating package script '/root/ros2_ws/install/sentinel_interfaces/share/sentinel_interfaces/package.bash'
[1.082s] INFO:colcon.colcon_core.shell:Creating package script '/root/ros2_ws/install/sentinel_interfaces/share/sentinel_interfaces/package.zsh'
[1.082s] Level 1:colcon.colcon_core.environment:create_file_with_runtime_dependencies(/root/ros2_ws/install/sentinel_interfaces/share/colcon-core/packages/sentinel_interfaces)
[1.083s] INFO:colcon.colcon_ros.task.ament_cmake.build:Building ROS package in '/root/ros2_ws/src/sentinel_motor' with build type 'ament_cmake'
[1.083s] INFO:colcon.colcon_cmake.task.cmake.build:Building CMake package in '/root/ros2_ws/src/sentinel_motor'
[1.083s] INFO:colcon.colcon_core.shell:Skip shell extension 'powershell' for command environment: Not usable outside of PowerShell
[1.083s] DEBUG:colcon.colcon_core.shell:Skip shell extension 'dsv' for command environment
[1.093s] DEBUG:colcon.colcon_core.event_handler.log_command:Invoking command in '/root/ros2_ws/build/sentinel_motor': CMAKE_PREFIX_PATH=/opt/ros/jazzy:/root/ros2_ws/install/sentinel_interfaces:/root/ros2_ws/install/sentinel_motor /usr/bin/cmake /root/ros2_ws/src/sentinel_motor -DCMAKE_INSTALL_PREFIX=/root/ros2_ws/install/sentinel_motor
[2.377s] DEBUG:colcon.colcon_core.event_handler.log_command:Invoked command in '/root/ros2_ws/build/sentinel_motor' returned '0': CMAKE_PREFIX_PATH=/opt/ros/jazzy:/root/ros2_ws/install/sentinel_interfaces:/root/ros2_ws/install/sentinel_motor /usr/bin/cmake /root/ros2_ws/src/sentinel_motor -DCMAKE_INSTALL_PREFIX=/root/ros2_ws/install/sentinel_motor
[2.378s] DEBUG:colcon.colcon_core.event_handler.log_command:Invoking command in '/root/ros2_ws/build/sentinel_motor': CMAKE_PREFIX_PATH=/opt/ros/jazzy:/root/ros2_ws/install/sentinel_interfaces:/root/ros2_ws/install/sentinel_motor /usr/bin/cmake --build /root/ros2_ws/build/sentinel_motor -- -j14 -l14
[15.061s] DEBUG:colcon.colcon_core.event_handler.log_command:Invoked command in '/root/ros2_ws/build/sentinel_motor' returned '0': CMAKE_PREFIX_PATH=/opt/ros/jazzy:/root/ros2_ws/install/sentinel_interfaces:/root/ros2_ws/install/sentinel_motor /usr/bin/cmake --build /root/ros2_ws/build/sentinel_motor -- -j14 -l14
[15.062s] DEBUG:colcon.colcon_core.event_handler.log_command:Invoking command in '/root/ros2_ws/build/sentinel_motor': CMAKE_PREFIX_PATH=/opt/ros/jazzy:/root/ros2_ws/install/sentinel_interfaces:/root/ros2_ws/install/sentinel_motor /usr/bin/cmake --install /root/ros2_ws/build/sentinel_motor
[15.113s] Level 1:colcon.colcon_core.environment:create_environment_scripts_only(sentinel_motor)
[15.114s] Level 1:colcon.colcon_core.environment:checking '/root/ros2_ws/install/sentinel_motor' for CMake module files
[15.114s] DEBUG:colcon.colcon_core.event_handler.log_command:Invoked command in '/root/ros2_ws/build/sentinel_motor' returned '0': CMAKE_PREFIX_PATH=/opt/ros/jazzy:/root/ros2_ws/install/sentinel_interfaces:/root/ros2_ws/install/sentinel_motor /usr/bin/cmake --install /root/ros2_ws/build/sentinel_motor
[15.114s] Level 1:colcon.colcon_core.environment:checking '/root/ros2_ws/install/sentinel_motor' for CMake config files
[15.115s] Level 1:colcon.colcon_core.shell:create_environment_hook('sentinel_motor', 'cmake_prefix_path')
[15.115s] INFO:colcon.colcon_core.shell:Creating environment hook '/root/ros2_ws/install/sentinel_motor/share/sentinel_motor/hook/cmake_prefix_path.ps1'
[15.117s] INFO:colcon.colcon_core.shell:Creating environment descriptor '/root/ros2_ws/install/sentinel_motor/share/sentinel_motor/hook/cmake_prefix_path.dsv'
[15.118s] INFO:colcon.colcon_core.shell:Creating environment hook '/root/ros2_ws/install/sentinel_motor/share/sentinel_motor/hook/cmake_prefix_path.sh'
[15.120s] Level 1:colcon.colcon_core.environment:checking '/root/ros2_ws/install/sentinel_motor/lib'
[15.120s] Level 1:colcon.colcon_core.environment:checking '/root/ros2_ws/install/sentinel_motor/bin'
[15.120s] Level 1:colcon.colcon_core.environment:checking '/root/ros2_ws/install/sentinel_motor/lib/pkgconfig/sentinel_motor.pc'
[15.120s] Level 1:colcon.colcon_core.environment:checking '/root/ros2_ws/install/sentinel_motor/lib/python3.12/site-packages'
[15.121s] Level 1:colcon.colcon_core.environment:checking '/root/ros2_ws/install/sentinel_motor/bin'
[15.121s] INFO:colcon.colcon_core.shell:Creating package script '/root/ros2_ws/install/sentinel_motor/share/sentinel_motor/package.ps1'
[15.122s] INFO:colcon.colcon_core.shell:Creating package descriptor '/root/ros2_ws/install/sentinel_motor/share/sentinel_motor/package.dsv'
[15.123s] INFO:colcon.colcon_core.shell:Creating package script '/root/ros2_ws/install/sentinel_motor/share/sentinel_motor/package.sh'
[15.124s] INFO:colcon.colcon_core.shell:Creating package script '/root/ros2_ws/install/sentinel_motor/share/sentinel_motor/package.bash'
[15.125s] INFO:colcon.colcon_core.shell:Creating package script '/root/ros2_ws/install/sentinel_motor/share/sentinel_motor/package.zsh'
[15.127s] Level 1:colcon.colcon_core.environment:create_file_with_runtime_dependencies(/root/ros2_ws/install/sentinel_motor/share/colcon-core/packages/sentinel_motor)
[15.128s] Level 1:colcon.colcon_core.environment:create_environment_scripts_only(sentinel_motor)
[15.128s] Level 1:colcon.colcon_core.environment:checking '/root/ros2_ws/install/sentinel_motor' for CMake module files
[15.129s] Level 1:colcon.colcon_core.environment:checking '/root/ros2_ws/install/sentinel_motor' for CMake config files
[15.129s] Level 1:colcon.colcon_core.shell:create_environment_hook('sentinel_motor', 'cmake_prefix_path')
[15.129s] INFO:colcon.colcon_core.shell:Creating environment hook '/root/ros2_ws/install/sentinel_motor/share/sentinel_motor/hook/cmake_prefix_path.ps1'
[15.130s] INFO:colcon.colcon_core.shell:Creating environment descriptor '/root/ros2_ws/install/sentinel_motor/share/sentinel_motor/hook/cmake_prefix_path.dsv'
[15.130s] INFO:colcon.colcon_core.shell:Creating environment hook '/root/ros2_ws/install/sentinel_motor/share/sentinel_motor/hook/cmake_prefix_path.sh'
[15.130s] Level 1:colcon.colcon_core.environment:checking '/root/ros2_ws/install/sentinel_motor/lib'
[15.131s] Level 1:colcon.colcon_core.environment:checking '/root/ros2_ws/install/sentinel_motor/bin'
[15.131s] Level 1:colcon.colcon_core.environment:checking '/root/ros2_ws/install/sentinel_motor/lib/pkgconfig/sentinel_motor.pc'
[15.131s] Level 1:colcon.colcon_core.environment:checking '/root/ros2_ws/install/sentinel_motor/lib/python3.12/site-packages'
[15.132s] Level 1:colcon.colcon_core.environment:checking '/root/ros2_ws/install/sentinel_motor/bin'
[15.133s] INFO:colcon.colcon_core.shell:Creating package script '/root/ros2_ws/install/sentinel_motor/share/sentinel_motor/package.ps1'
[15.133s] INFO:colcon.colcon_core.shell:Creating package descriptor '/root/ros2_ws/install/sentinel_motor/share/sentinel_motor/package.dsv'
[15.134s] INFO:colcon.colcon_core.shell:Creating package script '/root/ros2_ws/install/sentinel_motor/share/sentinel_motor/package.sh'
[15.134s] INFO:colcon.colcon_core.shell:Creating package script '/root/ros2_ws/install/sentinel_motor/share/sentinel_motor/package.bash'
[15.134s] INFO:colcon.colcon_core.shell:Creating package script '/root/ros2_ws/install/sentinel_motor/share/sentinel_motor/package.zsh'
[15.134s] Level 1:colcon.colcon_core.environment:create_file_with_runtime_dependencies(/root/ros2_ws/install/sentinel_motor/share/colcon-core/packages/sentinel_motor)
[15.135s] DEBUG:colcon.colcon_parallel_executor.executor.parallel:closing loop
[15.136s] DEBUG:colcon.colcon_parallel_executor.executor.parallel:loop closed
[15.136s] DEBUG:colcon.colcon_parallel_executor.executor.parallel:run_until_complete finished with '0'
[15.136s] DEBUG:colcon.colcon_core.event_reactor:joining thread
[15.148s] INFO:colcon.colcon_core.plugin_system:Skipping extension 'colcon_notification.desktop_notification.notify_send': Could not find 'notify-send'
[15.149s] INFO:colcon.colcon_core.plugin_system:Skipping extension 'colcon_notification.desktop_notification.terminal_notifier': Not used on non-Darwin systems
[15.149s] INFO:colcon.colcon_core.plugin_system:Skipping extension 'colcon_notification.desktop_notification.win32': Not used on non-Windows systems
[15.149s] INFO:colcon.colcon_notification.desktop_notification:Sending desktop notification using 'notify2'
[15.154s] DEBUG:colcon.colcon_notification.desktop_notification.notify2:Failed to initialize notify2: org.freedesktop.DBus.Error.Spawn.ExecFailed: /usr/bin/dbus-launch terminated abnormally without any error message
[15.154s] DEBUG:colcon.colcon_core.event_reactor:joined thread
[15.155s] INFO:colcon.colcon_core.shell:Creating prefix script '/root/ros2_ws/install/local_setup.ps1'
[15.157s] INFO:colcon.colcon_core.shell:Creating prefix util module '/root/ros2_ws/install/_local_setup_util_ps1.py'
[15.158s] INFO:colcon.colcon_core.shell:Creating prefix chain script '/root/ros2_ws/install/setup.ps1'
[15.160s] INFO:colcon.colcon_core.shell:Creating prefix script '/root/ros2_ws/install/local_setup.sh'
[15.161s] INFO:colcon.colcon_core.shell:Creating prefix util module '/root/ros2_ws/install/_local_setup_util_sh.py'
[15.161s] INFO:colcon.colcon_core.shell:Creating prefix chain script '/root/ros2_ws/install/setup.sh'
[15.163s] INFO:colcon.colcon_core.shell:Creating prefix script '/root/ros2_ws/install/local_setup.bash'
[15.163s] INFO:colcon.colcon_core.shell:Creating prefix chain script '/root/ros2_ws/install/setup.bash'
[15.164s] INFO:colcon.colcon_core.shell:Creating prefix script '/root/ros2_ws/install/local_setup.zsh'
[15.165s] INFO:colcon.colcon_core.shell:Creating prefix chain script '/root/ros2_ws/install/setup.zsh'
