[0.014s] Invoking command in '/root/ros2_ws/build/sentinel_interfaces': /usr/bin/cmake --build /root/ros2_ws/build/sentinel_interfaces -- -j14 -l14
[0.129s] [  0%] Built target sentinel_interfaces__rosidl_generator_type_description
[0.176s] [  0%] Built target ament_cmake_python_copy_sentinel_interfaces
[0.204s] [  0%] Built target sentinel_interfaces__cpp
[0.363s] running egg_info
[0.373s] writing sentinel_interfaces.egg-info/PKG-INFO
[0.373s] writing dependency_links to sentinel_interfaces.egg-info/dependency_links.txt
[0.373s] writing top-level names to sentinel_interfaces.egg-info/top_level.txt
[0.401s] reading manifest file 'sentinel_interfaces.egg-info/SOURCES.txt'
[0.403s] writing manifest file 'sentinel_interfaces.egg-info/SOURCES.txt'
[0.438s] [  0%] Built target ament_cmake_python_build_sentinel_interfaces_egg
[0.481s] [ 27%] Built target sentinel_interfaces__rosidl_generator_c
[0.512s] [ 37%] Built target sentinel_interfaces__rosidl_typesupport_c
[0.542s] [ 47%] Built target sentinel_interfaces__rosidl_typesupport_introspection_c
[0.580s] [ 57%] Built target sentinel_interfaces__rosidl_typesupport_fastrtps_c
[0.616s] [ 67%] Built target sentinel_interfaces__rosidl_typesupport_cpp
[0.650s] [ 77%] Built target sentinel_interfaces__rosidl_typesupport_introspection_cpp
[0.690s] [ 86%] Built target sentinel_interfaces__rosidl_typesupport_fastrtps_cpp
[0.713s] [ 86%] Built target sentinel_interfaces
[0.745s] [ 87%] Built target sentinel_interfaces__py
[0.774s] [ 96%] Built target sentinel_interfaces__rosidl_generator_py
[0.802s] [ 97%] Built target sentinel_interfaces_s__rosidl_typesupport_fastrtps_c
[0.827s] [ 98%] Built target sentinel_interfaces_s__rosidl_typesupport_c
[0.852s] [100%] Built target sentinel_interfaces_s__rosidl_typesupport_introspection_c
[0.872s] Invoked command in '/root/ros2_ws/build/sentinel_interfaces' returned '0': /usr/bin/cmake --build /root/ros2_ws/build/sentinel_interfaces -- -j14 -l14
[0.886s] Invoking command in '/root/ros2_ws/build/sentinel_interfaces': /usr/bin/cmake --install /root/ros2_ws/build/sentinel_interfaces
[0.894s] -- Install configuration: ""
[0.896s] -- Up-to-date: /root/ros2_ws/install/sentinel_interfaces/share/ament_index/resource_index/rosidl_interfaces/sentinel_interfaces
[0.896s] -- Up-to-date: /root/ros2_ws/install/sentinel_interfaces/share/sentinel_interfaces/msg/MotorAngle.json
[0.896s] -- Up-to-date: /root/ros2_ws/install/sentinel_interfaces/share/sentinel_interfaces/msg/Detection.json
[0.896s] -- Up-to-date: /root/ros2_ws/install/sentinel_interfaces/share/sentinel_interfaces/msg/Detection2D.json
[0.897s] -- Up-to-date: /root/ros2_ws/install/sentinel_interfaces/share/sentinel_interfaces/msg/Detection2DArray.json
[0.897s] -- Up-to-date: /root/ros2_ws/install/sentinel_interfaces/share/sentinel_interfaces/msg/FrameInfo.json
[0.897s] -- Up-to-date: /root/ros2_ws/install/sentinel_interfaces/share/sentinel_interfaces/msg/FrameSize.json
[0.897s] -- Up-to-date: /root/ros2_ws/install/sentinel_interfaces/share/sentinel_interfaces/msg/MotorCommand.json
[0.897s] -- Up-to-date: /root/ros2_ws/install/sentinel_interfaces/share/sentinel_interfaces/msg/MotorStatus.json
[0.897s] -- Up-to-date: /root/ros2_ws/install/sentinel_interfaces/share/sentinel_interfaces/msg/TrackedDetection2D.json
[0.897s] -- Up-to-date: /root/ros2_ws/install/sentinel_interfaces/share/sentinel_interfaces/msg/TrackedDetection2DArray.json
[0.897s] -- Up-to-date: /root/ros2_ws/install/sentinel_interfaces/share/sentinel_interfaces/msg/VideoRxStatus.json
[0.897s] -- Up-to-date: /root/ros2_ws/install/sentinel_interfaces/share/sentinel_interfaces/msg/YoloStatus.json
[0.898s] -- Up-to-date: /root/ros2_ws/install/sentinel_interfaces/share/sentinel_interfaces/srv/SetBoolFlag.json
[0.898s] -- Up-to-date: /root/ros2_ws/install/sentinel_interfaces/share/sentinel_interfaces/srv/SetThreshold.json
[0.898s] -- Up-to-date: /root/ros2_ws/install/sentinel_interfaces/include/sentinel_interfaces/sentinel_interfaces
[0.898s] -- Up-to-date: /root/ros2_ws/install/sentinel_interfaces/include/sentinel_interfaces/sentinel_interfaces/srv
[0.898s] -- Up-to-date: /root/ros2_ws/install/sentinel_interfaces/include/sentinel_interfaces/sentinel_interfaces/srv/set_bool_flag.h
[0.898s] -- Up-to-date: /root/ros2_ws/install/sentinel_interfaces/include/sentinel_interfaces/sentinel_interfaces/srv/set_threshold.h
[0.898s] -- Up-to-date: /root/ros2_ws/install/sentinel_interfaces/include/sentinel_interfaces/sentinel_interfaces/srv/detail
[0.898s] -- Up-to-date: /root/ros2_ws/install/sentinel_interfaces/include/sentinel_interfaces/sentinel_interfaces/srv/detail/set_threshold__description.c
[0.898s] -- Up-to-date: /root/ros2_ws/install/sentinel_interfaces/include/sentinel_interfaces/sentinel_interfaces/srv/detail/set_bool_flag__type_support.h
[0.898s] -- Up-to-date: /root/ros2_ws/install/sentinel_interfaces/include/sentinel_interfaces/sentinel_interfaces/srv/detail/set_threshold__struct.h
[0.898s] -- Installing: /root/ros2_ws/install/sentinel_interfaces/include/sentinel_interfaces/sentinel_interfaces/srv/detail/set_bool_flag__type_support.c
[0.899s] -- Up-to-date: /root/ros2_ws/install/sentinel_interfaces/include/sentinel_interfaces/sentinel_interfaces/srv/detail/set_bool_flag__functions.h
[0.899s] -- Up-to-date: /root/ros2_ws/install/sentinel_interfaces/include/sentinel_interfaces/sentinel_interfaces/srv/detail/set_bool_flag__description.c
[0.899s] -- Up-to-date: /root/ros2_ws/install/sentinel_interfaces/include/sentinel_interfaces/sentinel_interfaces/srv/detail/set_threshold__type_support.h
[0.899s] -- Up-to-date: /root/ros2_ws/install/sentinel_interfaces/include/sentinel_interfaces/sentinel_interfaces/srv/detail/set_bool_flag__struct.h
[0.899s] -- Up-to-date: /root/ros2_ws/install/sentinel_interfaces/include/sentinel_interfaces/sentinel_interfaces/srv/detail/set_threshold__type_support.c
[0.899s] -- Up-to-date: /root/ros2_ws/install/sentinel_interfaces/include/sentinel_interfaces/sentinel_interfaces/srv/detail/set_threshold__functions.c
[0.899s] -- Up-to-date: /root/ros2_ws/install/sentinel_interfaces/include/sentinel_interfaces/sentinel_interfaces/srv/detail/set_bool_flag__functions.c
[0.899s] -- Up-to-date: /root/ros2_ws/install/sentinel_interfaces/include/sentinel_interfaces/sentinel_interfaces/srv/detail/set_threshold__functions.h
[0.899s] -- Up-to-date: /root/ros2_ws/install/sentinel_interfaces/include/sentinel_interfaces/sentinel_interfaces/msg
[0.899s] -- Up-to-date: /root/ros2_ws/install/sentinel_interfaces/include/sentinel_interfaces/sentinel_interfaces/msg/frame_info.h
[0.899s] -- Up-to-date: /root/ros2_ws/install/sentinel_interfaces/include/sentinel_interfaces/sentinel_interfaces/msg/motor_command.h
[0.900s] -- Up-to-date: /root/ros2_ws/install/sentinel_interfaces/include/sentinel_interfaces/sentinel_interfaces/msg/detection.h
[0.900s] -- Up-to-date: /root/ros2_ws/install/sentinel_interfaces/include/sentinel_interfaces/sentinel_interfaces/msg/tracked_detection2_d_array.h
[0.900s] -- Up-to-date: /root/ros2_ws/install/sentinel_interfaces/include/sentinel_interfaces/sentinel_interfaces/msg/frame_size.h
[0.900s] -- Up-to-date: /root/ros2_ws/install/sentinel_interfaces/include/sentinel_interfaces/sentinel_interfaces/msg/motor_angle.h
[0.900s] -- Up-to-date: /root/ros2_ws/install/sentinel_interfaces/include/sentinel_interfaces/sentinel_interfaces/msg/rosidl_generator_c__visibility_control.h
[0.900s] -- Up-to-date: /root/ros2_ws/install/sentinel_interfaces/include/sentinel_interfaces/sentinel_interfaces/msg/detection2_d_array.h
[0.900s] -- Up-to-date: /root/ros2_ws/install/sentinel_interfaces/include/sentinel_interfaces/sentinel_interfaces/msg/tracked_detection2_d.h
[0.900s] -- Up-to-date: /root/ros2_ws/install/sentinel_interfaces/include/sentinel_interfaces/sentinel_interfaces/msg/detection2_d.h
[0.900s] -- Up-to-date: /root/ros2_ws/install/sentinel_interfaces/include/sentinel_interfaces/sentinel_interfaces/msg/yolo_status.h
[0.900s] -- Up-to-date: /root/ros2_ws/install/sentinel_interfaces/include/sentinel_interfaces/sentinel_interfaces/msg/motor_status.h
[0.900s] -- Up-to-date: /root/ros2_ws/install/sentinel_interfaces/include/sentinel_interfaces/sentinel_interfaces/msg/video_rx_status.h
[0.900s] -- Up-to-date: /root/ros2_ws/install/sentinel_interfaces/include/sentinel_interfaces/sentinel_interfaces/msg/detail
[0.900s] -- Up-to-date: /root/ros2_ws/install/sentinel_interfaces/include/sentinel_interfaces/sentinel_interfaces/msg/detail/tracked_detection2_d__functions.c
[0.900s] -- Up-to-date: /root/ros2_ws/install/sentinel_interfaces/include/sentinel_interfaces/sentinel_interfaces/msg/detail/detection__functions.h
[0.900s] -- Up-to-date: /root/ros2_ws/install/sentinel_interfaces/include/sentinel_interfaces/sentinel_interfaces/msg/detail/motor_status__type_support.c
[0.900s] -- Up-to-date: /root/ros2_ws/install/sentinel_interfaces/include/sentinel_interfaces/sentinel_interfaces/msg/detail/yolo_status__functions.h
[0.900s] -- Up-to-date: /root/ros2_ws/install/sentinel_interfaces/include/sentinel_interfaces/sentinel_interfaces/msg/detail/detection2_d_array__functions.h
[0.900s] -- Up-to-date: /root/ros2_ws/install/sentinel_interfaces/include/sentinel_interfaces/sentinel_interfaces/msg/detail/video_rx_status__description.c
[0.901s] -- Up-to-date: /root/ros2_ws/install/sentinel_interfaces/include/sentinel_interfaces/sentinel_interfaces/msg/detail/detection__struct.h
[0.901s] -- Up-to-date: /root/ros2_ws/install/sentinel_interfaces/include/sentinel_interfaces/sentinel_interfaces/msg/detail/detection2_d_array__type_support.c
[0.901s] -- Up-to-date: /root/ros2_ws/install/sentinel_interfaces/include/sentinel_interfaces/sentinel_interfaces/msg/detail/yolo_status__functions.c
[0.901s] -- Up-to-date: /root/ros2_ws/install/sentinel_interfaces/include/sentinel_interfaces/sentinel_interfaces/msg/detail/yolo_status__type_support.h
[0.901s] -- Up-to-date: /root/ros2_ws/install/sentinel_interfaces/include/sentinel_interfaces/sentinel_interfaces/msg/detail/video_rx_status__functions.c
[0.901s] -- Up-to-date: /root/ros2_ws/install/sentinel_interfaces/include/sentinel_interfaces/sentinel_interfaces/msg/detail/detection__type_support.c
[0.901s] -- Installing: /root/ros2_ws/install/sentinel_interfaces/include/sentinel_interfaces/sentinel_interfaces/msg/detail/tracked_detection2_d__type_support.c
[0.901s] -- Up-to-date: /root/ros2_ws/install/sentinel_interfaces/include/sentinel_interfaces/sentinel_interfaces/msg/detail/motor_command__struct.h
[0.901s] -- Up-to-date: /root/ros2_ws/install/sentinel_interfaces/include/sentinel_interfaces/sentinel_interfaces/msg/detail/detection2_d_array__struct.h
[0.901s] -- Up-to-date: /root/ros2_ws/install/sentinel_interfaces/include/sentinel_interfaces/sentinel_interfaces/msg/detail/frame_size__type_support.c
[0.901s] -- Up-to-date: /root/ros2_ws/install/sentinel_interfaces/include/sentinel_interfaces/sentinel_interfaces/msg/detail/detection__functions.c
[0.901s] -- Up-to-date: /root/ros2_ws/install/sentinel_interfaces/include/sentinel_interfaces/sentinel_interfaces/msg/detail/tracked_detection2_d_array__type_support.h
[0.901s] -- Up-to-date: /root/ros2_ws/install/sentinel_interfaces/include/sentinel_interfaces/sentinel_interfaces/msg/detail/frame_info__description.c
[0.901s] -- Up-to-date: /root/ros2_ws/install/sentinel_interfaces/include/sentinel_interfaces/sentinel_interfaces/msg/detail/frame_info__type_support.h
[0.901s] -- Up-to-date: /root/ros2_ws/install/sentinel_interfaces/include/sentinel_interfaces/sentinel_interfaces/msg/detail/frame_info__functions.h
[0.902s] -- Up-to-date: /root/ros2_ws/install/sentinel_interfaces/include/sentinel_interfaces/sentinel_interfaces/msg/detail/motor_status__type_support.h
[0.902s] -- Up-to-date: /root/ros2_ws/install/sentinel_interfaces/include/sentinel_interfaces/sentinel_interfaces/msg/detail/detection2_d_array__functions.c
[0.902s] -- Up-to-date: /root/ros2_ws/install/sentinel_interfaces/include/sentinel_interfaces/sentinel_interfaces/msg/detail/motor_angle__struct.h
[0.902s] -- Up-to-date: /root/ros2_ws/install/sentinel_interfaces/include/sentinel_interfaces/sentinel_interfaces/msg/detail/motor_status__functions.h
[0.902s] -- Up-to-date: /root/ros2_ws/install/sentinel_interfaces/include/sentinel_interfaces/sentinel_interfaces/msg/detail/frame_info__struct.h
[0.902s] -- Up-to-date: /root/ros2_ws/install/sentinel_interfaces/include/sentinel_interfaces/sentinel_interfaces/msg/detail/motor_command__type_support.h
[0.902s] -- Up-to-date: /root/ros2_ws/install/sentinel_interfaces/include/sentinel_interfaces/sentinel_interfaces/msg/detail/detection2_d__functions.h
[0.902s] -- Up-to-date: /root/ros2_ws/install/sentinel_interfaces/include/sentinel_interfaces/sentinel_interfaces/msg/detail/tracked_detection2_d__type_support.h
[0.902s] -- Up-to-date: /root/ros2_ws/install/sentinel_interfaces/include/sentinel_interfaces/sentinel_interfaces/msg/detail/detection2_d__struct.h
[0.902s] -- Up-to-date: /root/ros2_ws/install/sentinel_interfaces/include/sentinel_interfaces/sentinel_interfaces/msg/detail/detection2_d_array__type_support.h
[0.902s] -- Up-to-date: /root/ros2_ws/install/sentinel_interfaces/include/sentinel_interfaces/sentinel_interfaces/msg/detail/tracked_detection2_d_array__functions.h
[0.902s] -- Up-to-date: /root/ros2_ws/install/sentinel_interfaces/include/sentinel_interfaces/sentinel_interfaces/msg/detail/motor_command__description.c
[0.902s] -- Up-to-date: /root/ros2_ws/install/sentinel_interfaces/include/sentinel_interfaces/sentinel_interfaces/msg/detail/detection2_d__type_support.c
[0.902s] -- Up-to-date: /root/ros2_ws/install/sentinel_interfaces/include/sentinel_interfaces/sentinel_interfaces/msg/detail/motor_status__functions.c
[0.902s] -- Up-to-date: /root/ros2_ws/install/sentinel_interfaces/include/sentinel_interfaces/sentinel_interfaces/msg/detail/motor_angle__functions.h
[0.902s] -- Installing: /root/ros2_ws/install/sentinel_interfaces/include/sentinel_interfaces/sentinel_interfaces/msg/detail/video_rx_status__type_support.c
[0.902s] -- Up-to-date: /root/ros2_ws/install/sentinel_interfaces/include/sentinel_interfaces/sentinel_interfaces/msg/detail/frame_size__functions.c
[0.902s] -- Up-to-date: /root/ros2_ws/install/sentinel_interfaces/include/sentinel_interfaces/sentinel_interfaces/msg/detail/tracked_detection2_d_array__functions.c
[0.903s] -- Up-to-date: /root/ros2_ws/install/sentinel_interfaces/include/sentinel_interfaces/sentinel_interfaces/msg/detail/motor_angle__functions.c
[0.903s] -- Up-to-date: /root/ros2_ws/install/sentinel_interfaces/include/sentinel_interfaces/sentinel_interfaces/msg/detail/tracked_detection2_d_array__struct.h
[0.903s] -- Up-to-date: /root/ros2_ws/install/sentinel_interfaces/include/sentinel_interfaces/sentinel_interfaces/msg/detail/detection__description.c
[0.903s] -- Up-to-date: /root/ros2_ws/install/sentinel_interfaces/include/sentinel_interfaces/sentinel_interfaces/msg/detail/motor_angle__type_support.h
[0.903s] -- Up-to-date: /root/ros2_ws/install/sentinel_interfaces/include/sentinel_interfaces/sentinel_interfaces/msg/detail/video_rx_status__type_support.h
[0.903s] -- Up-to-date: /root/ros2_ws/install/sentinel_interfaces/include/sentinel_interfaces/sentinel_interfaces/msg/detail/video_rx_status__struct.h
[0.903s] -- Up-to-date: /root/ros2_ws/install/sentinel_interfaces/include/sentinel_interfaces/sentinel_interfaces/msg/detail/tracked_detection2_d_array__description.c
[0.903s] -- Up-to-date: /root/ros2_ws/install/sentinel_interfaces/include/sentinel_interfaces/sentinel_interfaces/msg/detail/video_rx_status__functions.h
[0.903s] -- Up-to-date: /root/ros2_ws/install/sentinel_interfaces/include/sentinel_interfaces/sentinel_interfaces/msg/detail/frame_size__struct.h
[0.903s] -- Up-to-date: /root/ros2_ws/install/sentinel_interfaces/include/sentinel_interfaces/sentinel_interfaces/msg/detail/yolo_status__struct.h
[0.903s] -- Up-to-date: /root/ros2_ws/install/sentinel_interfaces/include/sentinel_interfaces/sentinel_interfaces/msg/detail/frame_info__functions.c
[0.903s] -- Up-to-date: /root/ros2_ws/install/sentinel_interfaces/include/sentinel_interfaces/sentinel_interfaces/msg/detail/frame_size__functions.h
[0.903s] -- Up-to-date: /root/ros2_ws/install/sentinel_interfaces/include/sentinel_interfaces/sentinel_interfaces/msg/detail/frame_size__description.c
[0.903s] -- Up-to-date: /root/ros2_ws/install/sentinel_interfaces/include/sentinel_interfaces/sentinel_interfaces/msg/detail/motor_command__functions.c
[0.903s] -- Up-to-date: /root/ros2_ws/install/sentinel_interfaces/include/sentinel_interfaces/sentinel_interfaces/msg/detail/motor_angle__type_support.c
[0.903s] -- Up-to-date: /root/ros2_ws/install/sentinel_interfaces/include/sentinel_interfaces/sentinel_interfaces/msg/detail/motor_command__type_support.c
[0.903s] -- Up-to-date: /root/ros2_ws/install/sentinel_interfaces/include/sentinel_interfaces/sentinel_interfaces/msg/detail/motor_status__description.c
[0.903s] -- Up-to-date: /root/ros2_ws/install/sentinel_interfaces/include/sentinel_interfaces/sentinel_interfaces/msg/detail/tracked_detection2_d__functions.h
[0.903s] -- Up-to-date: /root/ros2_ws/install/sentinel_interfaces/include/sentinel_interfaces/sentinel_interfaces/msg/detail/detection2_d__functions.c
[0.904s] -- Installing: /root/ros2_ws/install/sentinel_interfaces/include/sentinel_interfaces/sentinel_interfaces/msg/detail/tracked_detection2_d_array__type_support.c
[0.904s] -- Up-to-date: /root/ros2_ws/install/sentinel_interfaces/include/sentinel_interfaces/sentinel_interfaces/msg/detail/motor_command__functions.h
[0.904s] -- Up-to-date: /root/ros2_ws/install/sentinel_interfaces/include/sentinel_interfaces/sentinel_interfaces/msg/detail/tracked_detection2_d__struct.h
[0.904s] -- Installing: /root/ros2_ws/install/sentinel_interfaces/include/sentinel_interfaces/sentinel_interfaces/msg/detail/yolo_status__type_support.c
[0.904s] -- Up-to-date: /root/ros2_ws/install/sentinel_interfaces/include/sentinel_interfaces/sentinel_interfaces/msg/detail/detection2_d__type_support.h
[0.904s] -- Up-to-date: /root/ros2_ws/install/sentinel_interfaces/include/sentinel_interfaces/sentinel_interfaces/msg/detail/frame_info__type_support.c
[0.904s] -- Up-to-date: /root/ros2_ws/install/sentinel_interfaces/include/sentinel_interfaces/sentinel_interfaces/msg/detail/detection__type_support.h
[0.904s] -- Up-to-date: /root/ros2_ws/install/sentinel_interfaces/include/sentinel_interfaces/sentinel_interfaces/msg/detail/motor_angle__description.c
[0.904s] -- Up-to-date: /root/ros2_ws/install/sentinel_interfaces/include/sentinel_interfaces/sentinel_interfaces/msg/detail/yolo_status__description.c
[0.904s] -- Up-to-date: /root/ros2_ws/install/sentinel_interfaces/include/sentinel_interfaces/sentinel_interfaces/msg/detail/frame_size__type_support.h
[0.904s] -- Up-to-date: /root/ros2_ws/install/sentinel_interfaces/include/sentinel_interfaces/sentinel_interfaces/msg/detail/detection2_d_array__description.c
[0.904s] -- Up-to-date: /root/ros2_ws/install/sentinel_interfaces/include/sentinel_interfaces/sentinel_interfaces/msg/detail/detection2_d__description.c
[0.904s] -- Up-to-date: /root/ros2_ws/install/sentinel_interfaces/include/sentinel_interfaces/sentinel_interfaces/msg/detail/motor_status__struct.h
[0.904s] -- Up-to-date: /root/ros2_ws/install/sentinel_interfaces/include/sentinel_interfaces/sentinel_interfaces/msg/detail/tracked_detection2_d__description.c
[0.904s] -- Up-to-date: /root/ros2_ws/install/sentinel_interfaces/share/sentinel_interfaces/environment/library_path.sh
[0.904s] -- Up-to-date: /root/ros2_ws/install/sentinel_interfaces/share/sentinel_interfaces/environment/library_path.dsv
[0.905s] -- Up-to-date: /root/ros2_ws/install/sentinel_interfaces/lib/libsentinel_interfaces__rosidl_generator_c.so
[0.905s] -- Up-to-date: /root/ros2_ws/install/sentinel_interfaces/include/sentinel_interfaces/sentinel_interfaces
[0.905s] -- Up-to-date: /root/ros2_ws/install/sentinel_interfaces/include/sentinel_interfaces/sentinel_interfaces/srv
[0.905s] -- Up-to-date: /root/ros2_ws/install/sentinel_interfaces/include/sentinel_interfaces/sentinel_interfaces/srv/detail
[0.905s] -- Up-to-date: /root/ros2_ws/install/sentinel_interfaces/include/sentinel_interfaces/sentinel_interfaces/srv/detail/set_threshold__rosidl_typesupport_fastrtps_c.h
[0.905s] -- Up-to-date: /root/ros2_ws/install/sentinel_interfaces/include/sentinel_interfaces/sentinel_interfaces/srv/detail/set_bool_flag__rosidl_typesupport_fastrtps_c.h
[0.905s] -- Up-to-date: /root/ros2_ws/install/sentinel_interfaces/include/sentinel_interfaces/sentinel_interfaces/msg
[0.905s] -- Up-to-date: /root/ros2_ws/install/sentinel_interfaces/include/sentinel_interfaces/sentinel_interfaces/msg/rosidl_typesupport_fastrtps_c__visibility_control.h
[0.905s] -- Up-to-date: /root/ros2_ws/install/sentinel_interfaces/include/sentinel_interfaces/sentinel_interfaces/msg/detail
[0.905s] -- Up-to-date: /root/ros2_ws/install/sentinel_interfaces/include/sentinel_interfaces/sentinel_interfaces/msg/detail/yolo_status__rosidl_typesupport_fastrtps_c.h
[0.905s] -- Up-to-date: /root/ros2_ws/install/sentinel_interfaces/include/sentinel_interfaces/sentinel_interfaces/msg/detail/motor_command__rosidl_typesupport_fastrtps_c.h
[0.905s] -- Up-to-date: /root/ros2_ws/install/sentinel_interfaces/include/sentinel_interfaces/sentinel_interfaces/msg/detail/frame_info__rosidl_typesupport_fastrtps_c.h
[0.905s] -- Up-to-date: /root/ros2_ws/install/sentinel_interfaces/include/sentinel_interfaces/sentinel_interfaces/msg/detail/video_rx_status__rosidl_typesupport_fastrtps_c.h
[0.905s] -- Up-to-date: /root/ros2_ws/install/sentinel_interfaces/include/sentinel_interfaces/sentinel_interfaces/msg/detail/motor_status__rosidl_typesupport_fastrtps_c.h
[0.906s] -- Up-to-date: /root/ros2_ws/install/sentinel_interfaces/include/sentinel_interfaces/sentinel_interfaces/msg/detail/detection2_d_array__rosidl_typesupport_fastrtps_c.h
[0.906s] -- Up-to-date: /root/ros2_ws/install/sentinel_interfaces/include/sentinel_interfaces/sentinel_interfaces/msg/detail/detection__rosidl_typesupport_fastrtps_c.h
[0.906s] -- Up-to-date: /root/ros2_ws/install/sentinel_interfaces/include/sentinel_interfaces/sentinel_interfaces/msg/detail/tracked_detection2_d_array__rosidl_typesupport_fastrtps_c.h
[0.906s] -- Up-to-date: /root/ros2_ws/install/sentinel_interfaces/include/sentinel_interfaces/sentinel_interfaces/msg/detail/frame_size__rosidl_typesupport_fastrtps_c.h
[0.906s] -- Up-to-date: /root/ros2_ws/install/sentinel_interfaces/include/sentinel_interfaces/sentinel_interfaces/msg/detail/tracked_detection2_d__rosidl_typesupport_fastrtps_c.h
[0.906s] -- Up-to-date: /root/ros2_ws/install/sentinel_interfaces/include/sentinel_interfaces/sentinel_interfaces/msg/detail/detection2_d__rosidl_typesupport_fastrtps_c.h
[0.906s] -- Up-to-date: /root/ros2_ws/install/sentinel_interfaces/include/sentinel_interfaces/sentinel_interfaces/msg/detail/motor_angle__rosidl_typesupport_fastrtps_c.h
[0.906s] -- Up-to-date: /root/ros2_ws/install/sentinel_interfaces/lib/libsentinel_interfaces__rosidl_typesupport_fastrtps_c.so
[0.906s] -- Up-to-date: /root/ros2_ws/install/sentinel_interfaces/include/sentinel_interfaces/sentinel_interfaces
[0.906s] -- Up-to-date: /root/ros2_ws/install/sentinel_interfaces/include/sentinel_interfaces/sentinel_interfaces/srv
[0.906s] -- Up-to-date: /root/ros2_ws/install/sentinel_interfaces/include/sentinel_interfaces/sentinel_interfaces/srv/detail
[0.906s] -- Installing: /root/ros2_ws/install/sentinel_interfaces/include/sentinel_interfaces/sentinel_interfaces/srv/detail/set_bool_flag__type_support.c
[0.907s] -- Up-to-date: /root/ros2_ws/install/sentinel_interfaces/include/sentinel_interfaces/sentinel_interfaces/srv/detail/set_bool_flag__rosidl_typesupport_introspection_c.h
[0.907s] -- Up-to-date: /root/ros2_ws/install/sentinel_interfaces/include/sentinel_interfaces/sentinel_interfaces/srv/detail/set_threshold__rosidl_typesupport_introspection_c.h
[0.907s] -- Up-to-date: /root/ros2_ws/install/sentinel_interfaces/include/sentinel_interfaces/sentinel_interfaces/srv/detail/set_threshold__type_support.c
[0.907s] -- Up-to-date: /root/ros2_ws/install/sentinel_interfaces/include/sentinel_interfaces/sentinel_interfaces/msg
[0.907s] -- Up-to-date: /root/ros2_ws/install/sentinel_interfaces/include/sentinel_interfaces/sentinel_interfaces/msg/rosidl_typesupport_introspection_c__visibility_control.h
[0.907s] -- Up-to-date: /root/ros2_ws/install/sentinel_interfaces/include/sentinel_interfaces/sentinel_interfaces/msg/detail
[0.907s] -- Up-to-date: /root/ros2_ws/install/sentinel_interfaces/include/sentinel_interfaces/sentinel_interfaces/msg/detail/motor_status__type_support.c
[0.907s] -- Up-to-date: /root/ros2_ws/install/sentinel_interfaces/include/sentinel_interfaces/sentinel_interfaces/msg/detail/motor_command__rosidl_typesupport_introspection_c.h
[0.907s] -- Up-to-date: /root/ros2_ws/install/sentinel_interfaces/include/sentinel_interfaces/sentinel_interfaces/msg/detail/yolo_status__rosidl_typesupport_introspection_c.h
[0.907s] -- Up-to-date: /root/ros2_ws/install/sentinel_interfaces/include/sentinel_interfaces/sentinel_interfaces/msg/detail/detection2_d_array__type_support.c
[0.907s] -- Up-to-date: /root/ros2_ws/install/sentinel_interfaces/include/sentinel_interfaces/sentinel_interfaces/msg/detail/detection__type_support.c
[0.907s] -- Installing: /root/ros2_ws/install/sentinel_interfaces/include/sentinel_interfaces/sentinel_interfaces/msg/detail/tracked_detection2_d__type_support.c
[0.907s] -- Up-to-date: /root/ros2_ws/install/sentinel_interfaces/include/sentinel_interfaces/sentinel_interfaces/msg/detail/frame_size__type_support.c
[0.907s] -- Up-to-date: /root/ros2_ws/install/sentinel_interfaces/include/sentinel_interfaces/sentinel_interfaces/msg/detail/frame_size__rosidl_typesupport_introspection_c.h
[0.907s] -- Up-to-date: /root/ros2_ws/install/sentinel_interfaces/include/sentinel_interfaces/sentinel_interfaces/msg/detail/detection__rosidl_typesupport_introspection_c.h
[0.908s] -- Up-to-date: /root/ros2_ws/install/sentinel_interfaces/include/sentinel_interfaces/sentinel_interfaces/msg/detail/frame_info__rosidl_typesupport_introspection_c.h
[0.908s] -- Up-to-date: /root/ros2_ws/install/sentinel_interfaces/include/sentinel_interfaces/sentinel_interfaces/msg/detail/motor_status__rosidl_typesupport_introspection_c.h
[0.908s] -- Up-to-date: /root/ros2_ws/install/sentinel_interfaces/include/sentinel_interfaces/sentinel_interfaces/msg/detail/detection2_d__rosidl_typesupport_introspection_c.h
[0.908s] -- Up-to-date: /root/ros2_ws/install/sentinel_interfaces/include/sentinel_interfaces/sentinel_interfaces/msg/detail/detection2_d__type_support.c
[0.908s] -- Up-to-date: /root/ros2_ws/install/sentinel_interfaces/include/sentinel_interfaces/sentinel_interfaces/msg/detail/video_rx_status__rosidl_typesupport_introspection_c.h
[0.908s] -- Installing: /root/ros2_ws/install/sentinel_interfaces/include/sentinel_interfaces/sentinel_interfaces/msg/detail/video_rx_status__type_support.c
[0.908s] -- Up-to-date: /root/ros2_ws/install/sentinel_interfaces/include/sentinel_interfaces/sentinel_interfaces/msg/detail/motor_angle__type_support.c
[0.908s] -- Up-to-date: /root/ros2_ws/install/sentinel_interfaces/include/sentinel_interfaces/sentinel_interfaces/msg/detail/motor_command__type_support.c
[0.908s] -- Up-to-date: /root/ros2_ws/install/sentinel_interfaces/include/sentinel_interfaces/sentinel_interfaces/msg/detail/tracked_detection2_d_array__rosidl_typesupport_introspection_c.h
[0.908s] -- Installing: /root/ros2_ws/install/sentinel_interfaces/include/sentinel_interfaces/sentinel_interfaces/msg/detail/tracked_detection2_d_array__type_support.c
[0.909s] -- Up-to-date: /root/ros2_ws/install/sentinel_interfaces/include/sentinel_interfaces/sentinel_interfaces/msg/detail/motor_angle__rosidl_typesupport_introspection_c.h
[0.909s] -- Installing: /root/ros2_ws/install/sentinel_interfaces/include/sentinel_interfaces/sentinel_interfaces/msg/detail/yolo_status__type_support.c
[0.909s] -- Up-to-date: /root/ros2_ws/install/sentinel_interfaces/include/sentinel_interfaces/sentinel_interfaces/msg/detail/frame_info__type_support.c
[0.909s] -- Up-to-date: /root/ros2_ws/install/sentinel_interfaces/include/sentinel_interfaces/sentinel_interfaces/msg/detail/tracked_detection2_d__rosidl_typesupport_introspection_c.h
[0.909s] -- Up-to-date: /root/ros2_ws/install/sentinel_interfaces/include/sentinel_interfaces/sentinel_interfaces/msg/detail/detection2_d_array__rosidl_typesupport_introspection_c.h
[0.909s] -- Up-to-date: /root/ros2_ws/install/sentinel_interfaces/lib/libsentinel_interfaces__rosidl_typesupport_introspection_c.so
[0.910s] -- Up-to-date: /root/ros2_ws/install/sentinel_interfaces/lib/libsentinel_interfaces__rosidl_typesupport_c.so
[0.910s] -- Up-to-date: /root/ros2_ws/install/sentinel_interfaces/include/sentinel_interfaces/sentinel_interfaces
[0.910s] -- Up-to-date: /root/ros2_ws/install/sentinel_interfaces/include/sentinel_interfaces/sentinel_interfaces/srv
[0.910s] -- Up-to-date: /root/ros2_ws/install/sentinel_interfaces/include/sentinel_interfaces/sentinel_interfaces/srv/set_bool_flag.hpp
[0.910s] -- Up-to-date: /root/ros2_ws/install/sentinel_interfaces/include/sentinel_interfaces/sentinel_interfaces/srv/set_threshold.hpp
[0.911s] -- Up-to-date: /root/ros2_ws/install/sentinel_interfaces/include/sentinel_interfaces/sentinel_interfaces/srv/detail
[0.911s] -- Up-to-date: /root/ros2_ws/install/sentinel_interfaces/include/sentinel_interfaces/sentinel_interfaces/srv/detail/set_threshold__type_support.hpp
[0.911s] -- Up-to-date: /root/ros2_ws/install/sentinel_interfaces/include/sentinel_interfaces/sentinel_interfaces/srv/detail/set_threshold__struct.hpp
[0.912s] -- Up-to-date: /root/ros2_ws/install/sentinel_interfaces/include/sentinel_interfaces/sentinel_interfaces/srv/detail/set_bool_flag__traits.hpp
[0.912s] -- Up-to-date: /root/ros2_ws/install/sentinel_interfaces/include/sentinel_interfaces/sentinel_interfaces/srv/detail/set_bool_flag__builder.hpp
[0.912s] -- Up-to-date: /root/ros2_ws/install/sentinel_interfaces/include/sentinel_interfaces/sentinel_interfaces/srv/detail/set_bool_flag__type_support.hpp
[0.912s] -- Up-to-date: /root/ros2_ws/install/sentinel_interfaces/include/sentinel_interfaces/sentinel_interfaces/srv/detail/set_threshold__builder.hpp
[0.912s] -- Up-to-date: /root/ros2_ws/install/sentinel_interfaces/include/sentinel_interfaces/sentinel_interfaces/srv/detail/set_bool_flag__struct.hpp
[0.912s] -- Up-to-date: /root/ros2_ws/install/sentinel_interfaces/include/sentinel_interfaces/sentinel_interfaces/srv/detail/set_threshold__traits.hpp
[0.912s] -- Up-to-date: /root/ros2_ws/install/sentinel_interfaces/include/sentinel_interfaces/sentinel_interfaces/msg
[0.912s] -- Up-to-date: /root/ros2_ws/install/sentinel_interfaces/include/sentinel_interfaces/sentinel_interfaces/msg/video_rx_status.hpp
[0.913s] -- Up-to-date: /root/ros2_ws/install/sentinel_interfaces/include/sentinel_interfaces/sentinel_interfaces/msg/motor_command.hpp
[0.913s] -- Up-to-date: /root/ros2_ws/install/sentinel_interfaces/include/sentinel_interfaces/sentinel_interfaces/msg/detection2_d_array.hpp
[0.913s] -- Up-to-date: /root/ros2_ws/install/sentinel_interfaces/include/sentinel_interfaces/sentinel_interfaces/msg/motor_status.hpp
[0.913s] -- Up-to-date: /root/ros2_ws/install/sentinel_interfaces/include/sentinel_interfaces/sentinel_interfaces/msg/tracked_detection2_d_array.hpp
[0.913s] -- Up-to-date: /root/ros2_ws/install/sentinel_interfaces/include/sentinel_interfaces/sentinel_interfaces/msg/detection2_d.hpp
[0.913s] -- Up-to-date: /root/ros2_ws/install/sentinel_interfaces/include/sentinel_interfaces/sentinel_interfaces/msg/frame_size.hpp
[0.913s] -- Up-to-date: /root/ros2_ws/install/sentinel_interfaces/include/sentinel_interfaces/sentinel_interfaces/msg/detection.hpp
[0.914s] -- Up-to-date: /root/ros2_ws/install/sentinel_interfaces/include/sentinel_interfaces/sentinel_interfaces/msg/motor_angle.hpp
[0.915s] -- Up-to-date: /root/ros2_ws/install/sentinel_interfaces/include/sentinel_interfaces/sentinel_interfaces/msg/frame_info.hpp
[0.915s] -- Up-to-date: /root/ros2_ws/install/sentinel_interfaces/include/sentinel_interfaces/sentinel_interfaces/msg/tracked_detection2_d.hpp
[0.915s] -- Up-to-date: /root/ros2_ws/install/sentinel_interfaces/include/sentinel_interfaces/sentinel_interfaces/msg/rosidl_generator_cpp__visibility_control.hpp
[0.915s] -- Up-to-date: /root/ros2_ws/install/sentinel_interfaces/include/sentinel_interfaces/sentinel_interfaces/msg/yolo_status.hpp
[0.915s] -- Up-to-date: /root/ros2_ws/install/sentinel_interfaces/include/sentinel_interfaces/sentinel_interfaces/msg/detail
[0.915s] -- Up-to-date: /root/ros2_ws/install/sentinel_interfaces/include/sentinel_interfaces/sentinel_interfaces/msg/detail/detection2_d__traits.hpp
[0.916s] -- Up-to-date: /root/ros2_ws/install/sentinel_interfaces/include/sentinel_interfaces/sentinel_interfaces/msg/detail/motor_status__struct.hpp
[0.916s] -- Up-to-date: /root/ros2_ws/install/sentinel_interfaces/include/sentinel_interfaces/sentinel_interfaces/msg/detail/frame_size__type_support.hpp
[0.916s] -- Up-to-date: /root/ros2_ws/install/sentinel_interfaces/include/sentinel_interfaces/sentinel_interfaces/msg/detail/detection2_d_array__type_support.hpp
[0.916s] -- Up-to-date: /root/ros2_ws/install/sentinel_interfaces/include/sentinel_interfaces/sentinel_interfaces/msg/detail/yolo_status__traits.hpp
[0.916s] -- Up-to-date: /root/ros2_ws/install/sentinel_interfaces/include/sentinel_interfaces/sentinel_interfaces/msg/detail/motor_angle__struct.hpp
[0.916s] -- Up-to-date: /root/ros2_ws/install/sentinel_interfaces/include/sentinel_interfaces/sentinel_interfaces/msg/detail/frame_info__type_support.hpp
[0.916s] -- Up-to-date: /root/ros2_ws/install/sentinel_interfaces/include/sentinel_interfaces/sentinel_interfaces/msg/detail/motor_command__traits.hpp
[0.916s] -- Up-to-date: /root/ros2_ws/install/sentinel_interfaces/include/sentinel_interfaces/sentinel_interfaces/msg/detail/tracked_detection2_d__type_support.hpp
[0.916s] -- Up-to-date: /root/ros2_ws/install/sentinel_interfaces/include/sentinel_interfaces/sentinel_interfaces/msg/detail/frame_size__struct.hpp
[0.916s] -- Up-to-date: /root/ros2_ws/install/sentinel_interfaces/include/sentinel_interfaces/sentinel_interfaces/msg/detail/yolo_status__struct.hpp
[0.916s] -- Up-to-date: /root/ros2_ws/install/sentinel_interfaces/include/sentinel_interfaces/sentinel_interfaces/msg/detail/motor_angle__type_support.hpp
[0.917s] -- Up-to-date: /root/ros2_ws/install/sentinel_interfaces/include/sentinel_interfaces/sentinel_interfaces/msg/detail/frame_info__builder.hpp
[0.917s] -- Up-to-date: /root/ros2_ws/install/sentinel_interfaces/include/sentinel_interfaces/sentinel_interfaces/msg/detail/video_rx_status__traits.hpp
[0.917s] -- Up-to-date: /root/ros2_ws/install/sentinel_interfaces/include/sentinel_interfaces/sentinel_interfaces/msg/detail/detection2_d_array__traits.hpp
[0.917s] -- Up-to-date: /root/ros2_ws/install/sentinel_interfaces/include/sentinel_interfaces/sentinel_interfaces/msg/detail/tracked_detection2_d__builder.hpp
[0.917s] -- Up-to-date: /root/ros2_ws/install/sentinel_interfaces/include/sentinel_interfaces/sentinel_interfaces/msg/detail/tracked_detection2_d_array__type_support.hpp
[0.917s] -- Up-to-date: /root/ros2_ws/install/sentinel_interfaces/include/sentinel_interfaces/sentinel_interfaces/msg/detail/yolo_status__builder.hpp
[0.917s] -- Up-to-date: /root/ros2_ws/install/sentinel_interfaces/include/sentinel_interfaces/sentinel_interfaces/msg/detail/tracked_detection2_d__traits.hpp
[0.918s] -- Up-to-date: /root/ros2_ws/install/sentinel_interfaces/include/sentinel_interfaces/sentinel_interfaces/msg/detail/detection2_d__type_support.hpp
[0.918s] -- Up-to-date: /root/ros2_ws/install/sentinel_interfaces/include/sentinel_interfaces/sentinel_interfaces/msg/detail/detection2_d__struct.hpp
[0.918s] -- Up-to-date: /root/ros2_ws/install/sentinel_interfaces/include/sentinel_interfaces/sentinel_interfaces/msg/detail/tracked_detection2_d_array__traits.hpp
[0.918s] -- Up-to-date: /root/ros2_ws/install/sentinel_interfaces/include/sentinel_interfaces/sentinel_interfaces/msg/detail/detection2_d_array__struct.hpp
[0.918s] -- Up-to-date: /root/ros2_ws/install/sentinel_interfaces/include/sentinel_interfaces/sentinel_interfaces/msg/detail/detection2_d_array__builder.hpp
[0.918s] -- Up-to-date: /root/ros2_ws/install/sentinel_interfaces/include/sentinel_interfaces/sentinel_interfaces/msg/detail/frame_size__builder.hpp
[0.918s] -- Up-to-date: /root/ros2_ws/install/sentinel_interfaces/include/sentinel_interfaces/sentinel_interfaces/msg/detail/motor_status__type_support.hpp
[0.918s] -- Up-to-date: /root/ros2_ws/install/sentinel_interfaces/include/sentinel_interfaces/sentinel_interfaces/msg/detail/motor_status__traits.hpp
[0.918s] -- Up-to-date: /root/ros2_ws/install/sentinel_interfaces/include/sentinel_interfaces/sentinel_interfaces/msg/detail/video_rx_status__type_support.hpp
[0.918s] -- Up-to-date: /root/ros2_ws/install/sentinel_interfaces/include/sentinel_interfaces/sentinel_interfaces/msg/detail/tracked_detection2_d__struct.hpp
[0.918s] -- Up-to-date: /root/ros2_ws/install/sentinel_interfaces/include/sentinel_interfaces/sentinel_interfaces/msg/detail/detection__builder.hpp
[0.918s] -- Up-to-date: /root/ros2_ws/install/sentinel_interfaces/include/sentinel_interfaces/sentinel_interfaces/msg/detail/frame_size__traits.hpp
[0.918s] -- Up-to-date: /root/ros2_ws/install/sentinel_interfaces/include/sentinel_interfaces/sentinel_interfaces/msg/detail/tracked_detection2_d_array__builder.hpp
[0.918s] -- Up-to-date: /root/ros2_ws/install/sentinel_interfaces/include/sentinel_interfaces/sentinel_interfaces/msg/detail/tracked_detection2_d_array__struct.hpp
[0.919s] -- Up-to-date: /root/ros2_ws/install/sentinel_interfaces/include/sentinel_interfaces/sentinel_interfaces/msg/detail/motor_status__builder.hpp
[0.919s] -- Up-to-date: /root/ros2_ws/install/sentinel_interfaces/include/sentinel_interfaces/sentinel_interfaces/msg/detail/motor_command__type_support.hpp
[0.919s] -- Up-to-date: /root/ros2_ws/install/sentinel_interfaces/include/sentinel_interfaces/sentinel_interfaces/msg/detail/motor_angle__traits.hpp
[0.919s] -- Up-to-date: /root/ros2_ws/install/sentinel_interfaces/include/sentinel_interfaces/sentinel_interfaces/msg/detail/frame_info__traits.hpp
[0.919s] -- Up-to-date: /root/ros2_ws/install/sentinel_interfaces/include/sentinel_interfaces/sentinel_interfaces/msg/detail/motor_command__builder.hpp
[0.919s] -- Up-to-date: /root/ros2_ws/install/sentinel_interfaces/include/sentinel_interfaces/sentinel_interfaces/msg/detail/frame_info__struct.hpp
[0.919s] -- Up-to-date: /root/ros2_ws/install/sentinel_interfaces/include/sentinel_interfaces/sentinel_interfaces/msg/detail/detection2_d__builder.hpp
[0.919s] -- Up-to-date: /root/ros2_ws/install/sentinel_interfaces/include/sentinel_interfaces/sentinel_interfaces/msg/detail/yolo_status__type_support.hpp
[0.919s] -- Up-to-date: /root/ros2_ws/install/sentinel_interfaces/include/sentinel_interfaces/sentinel_interfaces/msg/detail/detection__type_support.hpp
[0.919s] -- Up-to-date: /root/ros2_ws/install/sentinel_interfaces/include/sentinel_interfaces/sentinel_interfaces/msg/detail/video_rx_status__struct.hpp
[0.919s] -- Up-to-date: /root/ros2_ws/install/sentinel_interfaces/include/sentinel_interfaces/sentinel_interfaces/msg/detail/detection__struct.hpp
[0.919s] -- Up-to-date: /root/ros2_ws/install/sentinel_interfaces/include/sentinel_interfaces/sentinel_interfaces/msg/detail/video_rx_status__builder.hpp
[0.919s] -- Up-to-date: /root/ros2_ws/install/sentinel_interfaces/include/sentinel_interfaces/sentinel_interfaces/msg/detail/motor_command__struct.hpp
[0.920s] -- Up-to-date: /root/ros2_ws/install/sentinel_interfaces/include/sentinel_interfaces/sentinel_interfaces/msg/detail/detection__traits.hpp
[0.920s] -- Up-to-date: /root/ros2_ws/install/sentinel_interfaces/include/sentinel_interfaces/sentinel_interfaces/msg/detail/motor_angle__builder.hpp
[0.920s] -- Up-to-date: /root/ros2_ws/install/sentinel_interfaces/include/sentinel_interfaces/sentinel_interfaces
[0.920s] -- Up-to-date: /root/ros2_ws/install/sentinel_interfaces/include/sentinel_interfaces/sentinel_interfaces/srv
[0.920s] -- Up-to-date: /root/ros2_ws/install/sentinel_interfaces/include/sentinel_interfaces/sentinel_interfaces/srv/detail
[0.920s] -- Up-to-date: /root/ros2_ws/install/sentinel_interfaces/include/sentinel_interfaces/sentinel_interfaces/srv/detail/set_bool_flag__rosidl_typesupport_fastrtps_cpp.hpp
[0.920s] -- Up-to-date: /root/ros2_ws/install/sentinel_interfaces/include/sentinel_interfaces/sentinel_interfaces/srv/detail/dds_fastrtps
[0.920s] -- Up-to-date: /root/ros2_ws/install/sentinel_interfaces/include/sentinel_interfaces/sentinel_interfaces/srv/detail/set_threshold__rosidl_typesupport_fastrtps_cpp.hpp
[0.921s] -- Up-to-date: /root/ros2_ws/install/sentinel_interfaces/include/sentinel_interfaces/sentinel_interfaces/msg
[0.921s] -- Up-to-date: /root/ros2_ws/install/sentinel_interfaces/include/sentinel_interfaces/sentinel_interfaces/msg/rosidl_typesupport_fastrtps_cpp__visibility_control.h
[0.921s] -- Up-to-date: /root/ros2_ws/install/sentinel_interfaces/include/sentinel_interfaces/sentinel_interfaces/msg/detail
[0.921s] -- Up-to-date: /root/ros2_ws/install/sentinel_interfaces/include/sentinel_interfaces/sentinel_interfaces/msg/detail/detection2_d_array__rosidl_typesupport_fastrtps_cpp.hpp
[0.921s] -- Up-to-date: /root/ros2_ws/install/sentinel_interfaces/include/sentinel_interfaces/sentinel_interfaces/msg/detail/yolo_status__rosidl_typesupport_fastrtps_cpp.hpp
[0.921s] -- Up-to-date: /root/ros2_ws/install/sentinel_interfaces/include/sentinel_interfaces/sentinel_interfaces/msg/detail/detection2_d__rosidl_typesupport_fastrtps_cpp.hpp
[0.921s] -- Up-to-date: /root/ros2_ws/install/sentinel_interfaces/include/sentinel_interfaces/sentinel_interfaces/msg/detail/motor_command__rosidl_typesupport_fastrtps_cpp.hpp
[0.921s] -- Up-to-date: /root/ros2_ws/install/sentinel_interfaces/include/sentinel_interfaces/sentinel_interfaces/msg/detail/tracked_detection2_d__rosidl_typesupport_fastrtps_cpp.hpp
[0.921s] -- Up-to-date: /root/ros2_ws/install/sentinel_interfaces/include/sentinel_interfaces/sentinel_interfaces/msg/detail/dds_fastrtps
[0.921s] -- Up-to-date: /root/ros2_ws/install/sentinel_interfaces/include/sentinel_interfaces/sentinel_interfaces/msg/detail/video_rx_status__rosidl_typesupport_fastrtps_cpp.hpp
[0.921s] -- Up-to-date: /root/ros2_ws/install/sentinel_interfaces/include/sentinel_interfaces/sentinel_interfaces/msg/detail/frame_info__rosidl_typesupport_fastrtps_cpp.hpp
[0.921s] -- Up-to-date: /root/ros2_ws/install/sentinel_interfaces/include/sentinel_interfaces/sentinel_interfaces/msg/detail/motor_angle__rosidl_typesupport_fastrtps_cpp.hpp
[0.921s] -- Up-to-date: /root/ros2_ws/install/sentinel_interfaces/include/sentinel_interfaces/sentinel_interfaces/msg/detail/frame_size__rosidl_typesupport_fastrtps_cpp.hpp
[0.921s] -- Up-to-date: /root/ros2_ws/install/sentinel_interfaces/include/sentinel_interfaces/sentinel_interfaces/msg/detail/detection__rosidl_typesupport_fastrtps_cpp.hpp
[0.921s] -- Up-to-date: /root/ros2_ws/install/sentinel_interfaces/include/sentinel_interfaces/sentinel_interfaces/msg/detail/tracked_detection2_d_array__rosidl_typesupport_fastrtps_cpp.hpp
[0.921s] -- Up-to-date: /root/ros2_ws/install/sentinel_interfaces/include/sentinel_interfaces/sentinel_interfaces/msg/detail/motor_status__rosidl_typesupport_fastrtps_cpp.hpp
[0.921s] -- Up-to-date: /root/ros2_ws/install/sentinel_interfaces/lib/libsentinel_interfaces__rosidl_typesupport_fastrtps_cpp.so
[0.921s] -- Up-to-date: /root/ros2_ws/install/sentinel_interfaces/include/sentinel_interfaces/sentinel_interfaces
[0.921s] -- Up-to-date: /root/ros2_ws/install/sentinel_interfaces/include/sentinel_interfaces/sentinel_interfaces/srv
[0.921s] -- Up-to-date: /root/ros2_ws/install/sentinel_interfaces/include/sentinel_interfaces/sentinel_interfaces/srv/detail
[0.921s] -- Up-to-date: /root/ros2_ws/install/sentinel_interfaces/include/sentinel_interfaces/sentinel_interfaces/srv/detail/set_bool_flag__type_support.cpp
[0.921s] -- Up-to-date: /root/ros2_ws/install/sentinel_interfaces/include/sentinel_interfaces/sentinel_interfaces/srv/detail/set_bool_flag__rosidl_typesupport_introspection_cpp.hpp
[0.922s] -- Up-to-date: /root/ros2_ws/install/sentinel_interfaces/include/sentinel_interfaces/sentinel_interfaces/srv/detail/set_threshold__rosidl_typesupport_introspection_cpp.hpp
[0.922s] -- Up-to-date: /root/ros2_ws/install/sentinel_interfaces/include/sentinel_interfaces/sentinel_interfaces/srv/detail/set_threshold__type_support.cpp
[0.922s] -- Up-to-date: /root/ros2_ws/install/sentinel_interfaces/include/sentinel_interfaces/sentinel_interfaces/msg
[0.922s] -- Up-to-date: /root/ros2_ws/install/sentinel_interfaces/include/sentinel_interfaces/sentinel_interfaces/msg/detail
[0.922s] -- Up-to-date: /root/ros2_ws/install/sentinel_interfaces/include/sentinel_interfaces/sentinel_interfaces/msg/detail/motor_angle__type_support.cpp
[0.922s] -- Up-to-date: /root/ros2_ws/install/sentinel_interfaces/include/sentinel_interfaces/sentinel_interfaces/msg/detail/detection2_d__type_support.cpp
[0.922s] -- Up-to-date: /root/ros2_ws/install/sentinel_interfaces/include/sentinel_interfaces/sentinel_interfaces/msg/detail/motor_command__rosidl_typesupport_introspection_cpp.hpp
[0.922s] -- Up-to-date: /root/ros2_ws/install/sentinel_interfaces/include/sentinel_interfaces/sentinel_interfaces/msg/detail/detection__rosidl_typesupport_introspection_cpp.hpp
[0.922s] -- Up-to-date: /root/ros2_ws/install/sentinel_interfaces/include/sentinel_interfaces/sentinel_interfaces/msg/detail/frame_info__type_support.cpp
[0.922s] -- Up-to-date: /root/ros2_ws/install/sentinel_interfaces/include/sentinel_interfaces/sentinel_interfaces/msg/detail/motor_angle__rosidl_typesupport_introspection_cpp.hpp
[0.922s] -- Up-to-date: /root/ros2_ws/install/sentinel_interfaces/include/sentinel_interfaces/sentinel_interfaces/msg/detail/motor_status__rosidl_typesupport_introspection_cpp.hpp
[0.922s] -- Up-to-date: /root/ros2_ws/install/sentinel_interfaces/include/sentinel_interfaces/sentinel_interfaces/msg/detail/detection2_d__rosidl_typesupport_introspection_cpp.hpp
[0.922s] -- Up-to-date: /root/ros2_ws/install/sentinel_interfaces/include/sentinel_interfaces/sentinel_interfaces/msg/detail/detection__type_support.cpp
[0.922s] -- Up-to-date: /root/ros2_ws/install/sentinel_interfaces/include/sentinel_interfaces/sentinel_interfaces/msg/detail/frame_size__type_support.cpp
[0.922s] -- Up-to-date: /root/ros2_ws/install/sentinel_interfaces/include/sentinel_interfaces/sentinel_interfaces/msg/detail/video_rx_status__type_support.cpp
[0.922s] -- Up-to-date: /root/ros2_ws/install/sentinel_interfaces/include/sentinel_interfaces/sentinel_interfaces/msg/detail/tracked_detection2_d_array__type_support.cpp
[0.922s] -- Up-to-date: /root/ros2_ws/install/sentinel_interfaces/include/sentinel_interfaces/sentinel_interfaces/msg/detail/yolo_status__type_support.cpp
[0.922s] -- Up-to-date: /root/ros2_ws/install/sentinel_interfaces/include/sentinel_interfaces/sentinel_interfaces/msg/detail/detection2_d_array__rosidl_typesupport_introspection_cpp.hpp
[0.922s] -- Up-to-date: /root/ros2_ws/install/sentinel_interfaces/include/sentinel_interfaces/sentinel_interfaces/msg/detail/frame_info__rosidl_typesupport_introspection_cpp.hpp
[0.922s] -- Up-to-date: /root/ros2_ws/install/sentinel_interfaces/include/sentinel_interfaces/sentinel_interfaces/msg/detail/tracked_detection2_d__rosidl_typesupport_introspection_cpp.hpp
[0.922s] -- Up-to-date: /root/ros2_ws/install/sentinel_interfaces/include/sentinel_interfaces/sentinel_interfaces/msg/detail/motor_command__type_support.cpp
[0.922s] -- Up-to-date: /root/ros2_ws/install/sentinel_interfaces/include/sentinel_interfaces/sentinel_interfaces/msg/detail/video_rx_status__rosidl_typesupport_introspection_cpp.hpp
[0.922s] -- Up-to-date: /root/ros2_ws/install/sentinel_interfaces/include/sentinel_interfaces/sentinel_interfaces/msg/detail/frame_size__rosidl_typesupport_introspection_cpp.hpp
[0.922s] -- Up-to-date: /root/ros2_ws/install/sentinel_interfaces/include/sentinel_interfaces/sentinel_interfaces/msg/detail/detection2_d_array__type_support.cpp
[0.922s] -- Up-to-date: /root/ros2_ws/install/sentinel_interfaces/include/sentinel_interfaces/sentinel_interfaces/msg/detail/tracked_detection2_d_array__rosidl_typesupport_introspection_cpp.hpp
[0.923s] -- Up-to-date: /root/ros2_ws/install/sentinel_interfaces/include/sentinel_interfaces/sentinel_interfaces/msg/detail/motor_status__type_support.cpp
[0.923s] -- Up-to-date: /root/ros2_ws/install/sentinel_interfaces/include/sentinel_interfaces/sentinel_interfaces/msg/detail/tracked_detection2_d__type_support.cpp
[0.923s] -- Up-to-date: /root/ros2_ws/install/sentinel_interfaces/include/sentinel_interfaces/sentinel_interfaces/msg/detail/yolo_status__rosidl_typesupport_introspection_cpp.hpp
[0.923s] -- Up-to-date: /root/ros2_ws/install/sentinel_interfaces/lib/libsentinel_interfaces__rosidl_typesupport_introspection_cpp.so
[0.923s] -- Up-to-date: /root/ros2_ws/install/sentinel_interfaces/lib/libsentinel_interfaces__rosidl_typesupport_cpp.so
[0.923s] -- Up-to-date: /root/ros2_ws/install/sentinel_interfaces/share/sentinel_interfaces/environment/pythonpath.sh
[0.923s] -- Up-to-date: /root/ros2_ws/install/sentinel_interfaces/share/sentinel_interfaces/environment/pythonpath.dsv
[0.923s] -- Up-to-date: /root/ros2_ws/install/sentinel_interfaces/lib/python3.12/site-packages/sentinel_interfaces-0.0.0-py3.12.egg-info
[0.923s] -- Installing: /root/ros2_ws/install/sentinel_interfaces/lib/python3.12/site-packages/sentinel_interfaces-0.0.0-py3.12.egg-info/PKG-INFO
[0.923s] -- Installing: /root/ros2_ws/install/sentinel_interfaces/lib/python3.12/site-packages/sentinel_interfaces-0.0.0-py3.12.egg-info/top_level.txt
[0.923s] -- Installing: /root/ros2_ws/install/sentinel_interfaces/lib/python3.12/site-packages/sentinel_interfaces-0.0.0-py3.12.egg-info/SOURCES.txt
[0.923s] -- Installing: /root/ros2_ws/install/sentinel_interfaces/lib/python3.12/site-packages/sentinel_interfaces-0.0.0-py3.12.egg-info/dependency_links.txt
[0.923s] -- Up-to-date: /root/ros2_ws/install/sentinel_interfaces/lib/python3.12/site-packages/sentinel_interfaces
[0.923s] -- Up-to-date: /root/ros2_ws/install/sentinel_interfaces/lib/python3.12/site-packages/sentinel_interfaces/_sentinel_interfaces_s.ep.rosidl_typesupport_c.c
[0.923s] -- Up-to-date: /root/ros2_ws/install/sentinel_interfaces/lib/python3.12/site-packages/sentinel_interfaces/sentinel_interfaces_s__rosidl_typesupport_c.so
[0.923s] -- Up-to-date: /root/ros2_ws/install/sentinel_interfaces/lib/python3.12/site-packages/sentinel_interfaces/sentinel_interfaces_s__rosidl_typesupport_fastrtps_c.so
[0.923s] -- Up-to-date: /root/ros2_ws/install/sentinel_interfaces/lib/python3.12/site-packages/sentinel_interfaces/_sentinel_interfaces_s.ep.rosidl_typesupport_introspection_c.c
[0.923s] -- Up-to-date: /root/ros2_ws/install/sentinel_interfaces/lib/python3.12/site-packages/sentinel_interfaces/_sentinel_interfaces_s.ep.rosidl_typesupport_fastrtps_c.c
[0.923s] -- Up-to-date: /root/ros2_ws/install/sentinel_interfaces/lib/python3.12/site-packages/sentinel_interfaces/srv
[0.923s] -- Up-to-date: /root/ros2_ws/install/sentinel_interfaces/lib/python3.12/site-packages/sentinel_interfaces/srv/_set_threshold.py
[0.923s] -- Up-to-date: /root/ros2_ws/install/sentinel_interfaces/lib/python3.12/site-packages/sentinel_interfaces/srv/_set_bool_flag_s.c
[0.923s] -- Up-to-date: /root/ros2_ws/install/sentinel_interfaces/lib/python3.12/site-packages/sentinel_interfaces/srv/_set_bool_flag.py
[0.923s] -- Up-to-date: /root/ros2_ws/install/sentinel_interfaces/lib/python3.12/site-packages/sentinel_interfaces/srv/_set_threshold_s.c
[0.923s] -- Up-to-date: /root/ros2_ws/install/sentinel_interfaces/lib/python3.12/site-packages/sentinel_interfaces/srv/__init__.py
[0.923s] -- Up-to-date: /root/ros2_ws/install/sentinel_interfaces/lib/python3.12/site-packages/sentinel_interfaces/msg
[0.924s] -- Up-to-date: /root/ros2_ws/install/sentinel_interfaces/lib/python3.12/site-packages/sentinel_interfaces/msg/_tracked_detection2_d.py
[0.924s] -- Up-to-date: /root/ros2_ws/install/sentinel_interfaces/lib/python3.12/site-packages/sentinel_interfaces/msg/_tracked_detection2_d_array.py
[0.924s] -- Up-to-date: /root/ros2_ws/install/sentinel_interfaces/lib/python3.12/site-packages/sentinel_interfaces/msg/_detection2_d_array.py
[0.924s] -- Up-to-date: /root/ros2_ws/install/sentinel_interfaces/lib/python3.12/site-packages/sentinel_interfaces/msg/_motor_status_s.c
[0.924s] -- Up-to-date: /root/ros2_ws/install/sentinel_interfaces/lib/python3.12/site-packages/sentinel_interfaces/msg/_motor_command_s.c
[0.924s] -- Up-to-date: /root/ros2_ws/install/sentinel_interfaces/lib/python3.12/site-packages/sentinel_interfaces/msg/_frame_size_s.c
[0.924s] -- Up-to-date: /root/ros2_ws/install/sentinel_interfaces/lib/python3.12/site-packages/sentinel_interfaces/msg/_frame_size.py
[0.924s] -- Up-to-date: /root/ros2_ws/install/sentinel_interfaces/lib/python3.12/site-packages/sentinel_interfaces/msg/_tracked_detection2_d_s.c
[0.924s] -- Up-to-date: /root/ros2_ws/install/sentinel_interfaces/lib/python3.12/site-packages/sentinel_interfaces/msg/_yolo_status_s.c
[0.924s] -- Up-to-date: /root/ros2_ws/install/sentinel_interfaces/lib/python3.12/site-packages/sentinel_interfaces/msg/_motor_angle.py
[0.924s] -- Up-to-date: /root/ros2_ws/install/sentinel_interfaces/lib/python3.12/site-packages/sentinel_interfaces/msg/_detection_s.c
[0.924s] -- Up-to-date: /root/ros2_ws/install/sentinel_interfaces/lib/python3.12/site-packages/sentinel_interfaces/msg/_yolo_status.py
[0.924s] -- Up-to-date: /root/ros2_ws/install/sentinel_interfaces/lib/python3.12/site-packages/sentinel_interfaces/msg/_motor_angle_s.c
[0.924s] -- Up-to-date: /root/ros2_ws/install/sentinel_interfaces/lib/python3.12/site-packages/sentinel_interfaces/msg/_video_rx_status.py
[0.924s] -- Up-to-date: /root/ros2_ws/install/sentinel_interfaces/lib/python3.12/site-packages/sentinel_interfaces/msg/_motor_command.py
[0.924s] -- Up-to-date: /root/ros2_ws/install/sentinel_interfaces/lib/python3.12/site-packages/sentinel_interfaces/msg/_detection2_d.py
[0.925s] -- Up-to-date: /root/ros2_ws/install/sentinel_interfaces/lib/python3.12/site-packages/sentinel_interfaces/msg/_frame_info.py
[0.925s] -- Up-to-date: /root/ros2_ws/install/sentinel_interfaces/lib/python3.12/site-packages/sentinel_interfaces/msg/_video_rx_status_s.c
[0.925s] -- Up-to-date: /root/ros2_ws/install/sentinel_interfaces/lib/python3.12/site-packages/sentinel_interfaces/msg/_frame_info_s.c
[0.925s] -- Up-to-date: /root/ros2_ws/install/sentinel_interfaces/lib/python3.12/site-packages/sentinel_interfaces/msg/_detection2_d_s.c
[0.925s] -- Up-to-date: /root/ros2_ws/install/sentinel_interfaces/lib/python3.12/site-packages/sentinel_interfaces/msg/_detection2_d_array_s.c
[0.925s] -- Up-to-date: /root/ros2_ws/install/sentinel_interfaces/lib/python3.12/site-packages/sentinel_interfaces/msg/_tracked_detection2_d_array_s.c
[0.925s] -- Up-to-date: /root/ros2_ws/install/sentinel_interfaces/lib/python3.12/site-packages/sentinel_interfaces/msg/_detection.py
[0.925s] -- Up-to-date: /root/ros2_ws/install/sentinel_interfaces/lib/python3.12/site-packages/sentinel_interfaces/msg/_motor_status.py
[0.925s] -- Up-to-date: /root/ros2_ws/install/sentinel_interfaces/lib/python3.12/site-packages/sentinel_interfaces/msg/__init__.py
[0.925s] -- Up-to-date: /root/ros2_ws/install/sentinel_interfaces/lib/python3.12/site-packages/sentinel_interfaces/sentinel_interfaces_s__rosidl_typesupport_introspection_c.so
[0.925s] -- Up-to-date: /root/ros2_ws/install/sentinel_interfaces/lib/python3.12/site-packages/sentinel_interfaces/__init__.py
[0.970s] Listing '/root/ros2_ws/install/sentinel_interfaces/lib/python3.12/site-packages/sentinel_interfaces'...
[0.970s] Listing '/root/ros2_ws/install/sentinel_interfaces/lib/python3.12/site-packages/sentinel_interfaces/msg'...
[0.970s] Listing '/root/ros2_ws/install/sentinel_interfaces/lib/python3.12/site-packages/sentinel_interfaces/srv'...
[0.982s] -- Up-to-date: /root/ros2_ws/install/sentinel_interfaces/lib/python3.12/site-packages/sentinel_interfaces/sentinel_interfaces_s__rosidl_typesupport_fastrtps_c.so
[0.982s] -- Up-to-date: /root/ros2_ws/install/sentinel_interfaces/lib/python3.12/site-packages/sentinel_interfaces/sentinel_interfaces_s__rosidl_typesupport_introspection_c.so
[0.982s] -- Up-to-date: /root/ros2_ws/install/sentinel_interfaces/lib/python3.12/site-packages/sentinel_interfaces/sentinel_interfaces_s__rosidl_typesupport_c.so
[0.983s] -- Up-to-date: /root/ros2_ws/install/sentinel_interfaces/lib/libsentinel_interfaces__rosidl_generator_py.so
[0.983s] -- Up-to-date: /root/ros2_ws/install/sentinel_interfaces/share/sentinel_interfaces/msg/MotorAngle.idl
[0.983s] -- Up-to-date: /root/ros2_ws/install/sentinel_interfaces/share/sentinel_interfaces/msg/Detection.idl
[0.983s] -- Up-to-date: /root/ros2_ws/install/sentinel_interfaces/share/sentinel_interfaces/msg/Detection2D.idl
[0.983s] -- Up-to-date: /root/ros2_ws/install/sentinel_interfaces/share/sentinel_interfaces/msg/Detection2DArray.idl
[0.983s] -- Up-to-date: /root/ros2_ws/install/sentinel_interfaces/share/sentinel_interfaces/msg/FrameInfo.idl
[0.983s] -- Up-to-date: /root/ros2_ws/install/sentinel_interfaces/share/sentinel_interfaces/msg/FrameSize.idl
[0.983s] -- Up-to-date: /root/ros2_ws/install/sentinel_interfaces/share/sentinel_interfaces/msg/MotorCommand.idl
[0.983s] -- Up-to-date: /root/ros2_ws/install/sentinel_interfaces/share/sentinel_interfaces/msg/MotorStatus.idl
[0.983s] -- Up-to-date: /root/ros2_ws/install/sentinel_interfaces/share/sentinel_interfaces/msg/TrackedDetection2D.idl
[0.983s] -- Up-to-date: /root/ros2_ws/install/sentinel_interfaces/share/sentinel_interfaces/msg/TrackedDetection2DArray.idl
[0.983s] -- Up-to-date: /root/ros2_ws/install/sentinel_interfaces/share/sentinel_interfaces/msg/VideoRxStatus.idl
[0.984s] -- Up-to-date: /root/ros2_ws/install/sentinel_interfaces/share/sentinel_interfaces/msg/YoloStatus.idl
[0.984s] -- Up-to-date: /root/ros2_ws/install/sentinel_interfaces/share/sentinel_interfaces/srv/SetBoolFlag.idl
[0.984s] -- Up-to-date: /root/ros2_ws/install/sentinel_interfaces/share/sentinel_interfaces/srv/SetThreshold.idl
[0.984s] -- Up-to-date: /root/ros2_ws/install/sentinel_interfaces/share/sentinel_interfaces/msg/MotorAngle.msg
[0.984s] -- Up-to-date: /root/ros2_ws/install/sentinel_interfaces/share/sentinel_interfaces/msg/Detection.msg
[0.984s] -- Up-to-date: /root/ros2_ws/install/sentinel_interfaces/share/sentinel_interfaces/msg/Detection2D.msg
[0.984s] -- Up-to-date: /root/ros2_ws/install/sentinel_interfaces/share/sentinel_interfaces/msg/Detection2DArray.msg
[0.984s] -- Up-to-date: /root/ros2_ws/install/sentinel_interfaces/share/sentinel_interfaces/msg/FrameInfo.msg
[0.984s] -- Up-to-date: /root/ros2_ws/install/sentinel_interfaces/share/sentinel_interfaces/msg/FrameSize.msg
[0.984s] -- Up-to-date: /root/ros2_ws/install/sentinel_interfaces/share/sentinel_interfaces/msg/MotorCommand.msg
[0.984s] -- Up-to-date: /root/ros2_ws/install/sentinel_interfaces/share/sentinel_interfaces/msg/MotorStatus.msg
[0.984s] -- Up-to-date: /root/ros2_ws/install/sentinel_interfaces/share/sentinel_interfaces/msg/TrackedDetection2D.msg
[0.984s] -- Up-to-date: /root/ros2_ws/install/sentinel_interfaces/share/sentinel_interfaces/msg/TrackedDetection2DArray.msg
[0.984s] -- Up-to-date: /root/ros2_ws/install/sentinel_interfaces/share/sentinel_interfaces/msg/VideoRxStatus.msg
[0.984s] -- Up-to-date: /root/ros2_ws/install/sentinel_interfaces/share/sentinel_interfaces/msg/YoloStatus.msg
[0.985s] -- Up-to-date: /root/ros2_ws/install/sentinel_interfaces/share/sentinel_interfaces/srv/SetBoolFlag.srv
[0.985s] -- Up-to-date: /root/ros2_ws/install/sentinel_interfaces/share/sentinel_interfaces/srv/SetThreshold.srv
[0.985s] -- Up-to-date: /root/ros2_ws/install/sentinel_interfaces/share/ament_index/resource_index/package_run_dependencies/sentinel_interfaces
[0.985s] -- Up-to-date: /root/ros2_ws/install/sentinel_interfaces/share/ament_index/resource_index/parent_prefix_path/sentinel_interfaces
[0.985s] -- Up-to-date: /root/ros2_ws/install/sentinel_interfaces/share/sentinel_interfaces/environment/ament_prefix_path.sh
[0.985s] -- Up-to-date: /root/ros2_ws/install/sentinel_interfaces/share/sentinel_interfaces/environment/ament_prefix_path.dsv
[0.986s] -- Up-to-date: /root/ros2_ws/install/sentinel_interfaces/share/sentinel_interfaces/environment/path.sh
[0.986s] -- Up-to-date: /root/ros2_ws/install/sentinel_interfaces/share/sentinel_interfaces/environment/path.dsv
[0.986s] -- Up-to-date: /root/ros2_ws/install/sentinel_interfaces/share/sentinel_interfaces/local_setup.bash
[0.986s] -- Up-to-date: /root/ros2_ws/install/sentinel_interfaces/share/sentinel_interfaces/local_setup.sh
[0.986s] -- Up-to-date: /root/ros2_ws/install/sentinel_interfaces/share/sentinel_interfaces/local_setup.zsh
[0.986s] -- Up-to-date: /root/ros2_ws/install/sentinel_interfaces/share/sentinel_interfaces/local_setup.dsv
[0.986s] -- Installing: /root/ros2_ws/install/sentinel_interfaces/share/sentinel_interfaces/package.dsv
[0.986s] -- Up-to-date: /root/ros2_ws/install/sentinel_interfaces/share/ament_index/resource_index/packages/sentinel_interfaces
[0.986s] -- Up-to-date: /root/ros2_ws/install/sentinel_interfaces/share/sentinel_interfaces/cmake/export_sentinel_interfaces__rosidl_generator_cExport.cmake
[0.987s] -- Up-to-date: /root/ros2_ws/install/sentinel_interfaces/share/sentinel_interfaces/cmake/export_sentinel_interfaces__rosidl_generator_cExport-noconfig.cmake
[0.987s] -- Up-to-date: /root/ros2_ws/install/sentinel_interfaces/share/sentinel_interfaces/cmake/export_sentinel_interfaces__rosidl_typesupport_fastrtps_cExport.cmake
[0.987s] -- Up-to-date: /root/ros2_ws/install/sentinel_interfaces/share/sentinel_interfaces/cmake/export_sentinel_interfaces__rosidl_typesupport_fastrtps_cExport-noconfig.cmake
[0.987s] -- Up-to-date: /root/ros2_ws/install/sentinel_interfaces/share/sentinel_interfaces/cmake/sentinel_interfaces__rosidl_typesupport_introspection_cExport.cmake
[0.988s] -- Up-to-date: /root/ros2_ws/install/sentinel_interfaces/share/sentinel_interfaces/cmake/sentinel_interfaces__rosidl_typesupport_introspection_cExport-noconfig.cmake
[0.988s] -- Up-to-date: /root/ros2_ws/install/sentinel_interfaces/share/sentinel_interfaces/cmake/sentinel_interfaces__rosidl_typesupport_cExport.cmake
[0.988s] -- Up-to-date: /root/ros2_ws/install/sentinel_interfaces/share/sentinel_interfaces/cmake/sentinel_interfaces__rosidl_typesupport_cExport-noconfig.cmake
[0.988s] -- Up-to-date: /root/ros2_ws/install/sentinel_interfaces/share/sentinel_interfaces/cmake/export_sentinel_interfaces__rosidl_generator_cppExport.cmake
[0.988s] -- Up-to-date: /root/ros2_ws/install/sentinel_interfaces/share/sentinel_interfaces/cmake/export_sentinel_interfaces__rosidl_typesupport_fastrtps_cppExport.cmake
[0.988s] -- Up-to-date: /root/ros2_ws/install/sentinel_interfaces/share/sentinel_interfaces/cmake/export_sentinel_interfaces__rosidl_typesupport_fastrtps_cppExport-noconfig.cmake
[0.989s] -- Up-to-date: /root/ros2_ws/install/sentinel_interfaces/share/sentinel_interfaces/cmake/sentinel_interfaces__rosidl_typesupport_introspection_cppExport.cmake
[0.989s] -- Up-to-date: /root/ros2_ws/install/sentinel_interfaces/share/sentinel_interfaces/cmake/sentinel_interfaces__rosidl_typesupport_introspection_cppExport-noconfig.cmake
[0.989s] -- Up-to-date: /root/ros2_ws/install/sentinel_interfaces/share/sentinel_interfaces/cmake/sentinel_interfaces__rosidl_typesupport_cppExport.cmake
[0.989s] -- Up-to-date: /root/ros2_ws/install/sentinel_interfaces/share/sentinel_interfaces/cmake/sentinel_interfaces__rosidl_typesupport_cppExport-noconfig.cmake
[0.990s] -- Up-to-date: /root/ros2_ws/install/sentinel_interfaces/share/sentinel_interfaces/cmake/export_sentinel_interfaces__rosidl_generator_pyExport.cmake
[0.990s] -- Up-to-date: /root/ros2_ws/install/sentinel_interfaces/share/sentinel_interfaces/cmake/export_sentinel_interfaces__rosidl_generator_pyExport-noconfig.cmake
[0.990s] -- Up-to-date: /root/ros2_ws/install/sentinel_interfaces/share/sentinel_interfaces/cmake/rosidl_cmake-extras.cmake
[0.990s] -- Up-to-date: /root/ros2_ws/install/sentinel_interfaces/share/sentinel_interfaces/cmake/ament_cmake_export_dependencies-extras.cmake
[0.990s] -- Up-to-date: /root/ros2_ws/install/sentinel_interfaces/share/sentinel_interfaces/cmake/ament_cmake_export_include_directories-extras.cmake
[0.990s] -- Up-to-date: /root/ros2_ws/install/sentinel_interfaces/share/sentinel_interfaces/cmake/ament_cmake_export_libraries-extras.cmake
[0.990s] -- Up-to-date: /root/ros2_ws/install/sentinel_interfaces/share/sentinel_interfaces/cmake/ament_cmake_export_targets-extras.cmake
[0.990s] -- Up-to-date: /root/ros2_ws/install/sentinel_interfaces/share/sentinel_interfaces/cmake/rosidl_cmake_export_typesupport_targets-extras.cmake
[0.990s] -- Up-to-date: /root/ros2_ws/install/sentinel_interfaces/share/sentinel_interfaces/cmake/rosidl_cmake_export_typesupport_libraries-extras.cmake
[0.990s] -- Up-to-date: /root/ros2_ws/install/sentinel_interfaces/share/sentinel_interfaces/cmake/sentinel_interfacesConfig.cmake
[0.990s] -- Up-to-date: /root/ros2_ws/install/sentinel_interfaces/share/sentinel_interfaces/cmake/sentinel_interfacesConfig-version.cmake
[0.990s] -- Up-to-date: /root/ros2_ws/install/sentinel_interfaces/share/sentinel_interfaces/package.xml
[0.994s] Invoked command in '/root/ros2_ws/build/sentinel_interfaces' returned '0': /usr/bin/cmake --install /root/ros2_ws/build/sentinel_interfaces
