[0.250s] DEBUG:colcon:Command line arguments: ['/usr/bin/colcon', 'build']
[0.250s] DEBUG:colcon:Parsed command line arguments: Namespace(log_base=None, log_level=None, verb_name='build', build_base='build', install_base='install', merge_install=False, symlink_install=False, test_result_base=None, continue_on_error=False, executor='parallel', parallel_workers=14, event_handlers=None, ignore_user_meta=False, metas=['./colcon.meta'], base_paths=['.'], packages_ignore=None, packages_ignore_regex=None, paths=None, packages_up_to=None, packages_up_to_regex=None, packages_above=None, packages_above_and_dependencies=None, packages_above_depth=None, packages_select_by_dep=None, packages_skip_by_dep=None, packages_skip_up_to=None, packages_select_build_failed=False, packages_skip_build_finished=False, packages_select_test_failures=False, packages_skip_test_passed=False, packages_select=None, packages_skip=None, packages_select_regex=None, packages_skip_regex=None, packages_start=None, packages_end=None, allow_overriding=[], cmake_args=None, cmake_target=None, cmake_target_skip_unavailable=False, cmake_clean_cache=False, cmake_clean_first=False, cmake_force_configure=False, ament_cmake_args=None, catkin_cmake_args=None, catkin_skip_building_tests=False, mixin_files=None, mixin=None, verb_parser=<colcon_mixin.mixin.mixin_argument.MixinArgumentDecorator object at 0xffffab49bb00>, verb_extension=<colcon_core.verb.build.BuildVerb object at 0xffffab674320>, main=<bound method BuildVerb.main of <colcon_core.verb.build.BuildVerb object at 0xffffab674320>>, mixin_verb=('build',))
[0.324s] Level 1:colcon.colcon_core.package_discovery:discover_packages(colcon_meta) check parameters
[0.324s] Level 1:colcon.colcon_core.package_discovery:discover_packages(recursive) check parameters
[0.324s] Level 1:colcon.colcon_core.package_discovery:discover_packages(ignore) check parameters
[0.324s] Level 1:colcon.colcon_core.package_discovery:discover_packages(path) check parameters
[0.324s] Level 1:colcon.colcon_core.package_discovery:discover_packages(colcon_meta) discover
[0.324s] Level 1:colcon.colcon_core.package_discovery:discover_packages(recursive) discover
[0.324s] INFO:colcon.colcon_core.package_discovery:Crawling recursively for packages in '/root/ros2_ws'
[0.325s] Level 1:colcon.colcon_core.package_identification:_identify(.) by extensions ['ignore', 'ignore_ament_install']
[0.325s] Level 1:colcon.colcon_core.package_identification:_identify(.) by extension 'ignore'
[0.325s] Level 1:colcon.colcon_core.package_identification:_identify(.) by extension 'ignore_ament_install'
[0.325s] Level 1:colcon.colcon_core.package_identification:_identify(.) by extensions ['colcon_pkg']
[0.325s] Level 1:colcon.colcon_core.package_identification:_identify(.) by extension 'colcon_pkg'
[0.325s] Level 1:colcon.colcon_core.package_identification:_identify(.) by extensions ['colcon_meta']
[0.325s] Level 1:colcon.colcon_core.package_identification:_identify(.) by extension 'colcon_meta'
[0.325s] Level 1:colcon.colcon_core.package_identification:_identify(.) by extensions ['ros']
[0.325s] Level 1:colcon.colcon_core.package_identification:_identify(.) by extension 'ros'
[0.360s] Level 1:colcon.colcon_core.package_identification:_identify(.) by extensions ['cmake', 'python']
[0.360s] Level 1:colcon.colcon_core.package_identification:_identify(.) by extension 'cmake'
[0.360s] Level 1:colcon.colcon_core.package_identification:_identify(.) by extension 'python'
[0.360s] Level 1:colcon.colcon_core.package_identification:_identify(.) by extensions ['python_setup_py']
[0.360s] Level 1:colcon.colcon_core.package_identification:_identify(.) by extension 'python_setup_py'
[0.361s] Level 1:colcon.colcon_core.package_identification:_identify(build) by extensions ['ignore', 'ignore_ament_install']
[0.361s] Level 1:colcon.colcon_core.package_identification:_identify(build) by extension 'ignore'
[0.361s] Level 1:colcon.colcon_core.package_identification:_identify(build) ignored
[0.361s] Level 1:colcon.colcon_core.package_identification:_identify(install) by extensions ['ignore', 'ignore_ament_install']
[0.361s] Level 1:colcon.colcon_core.package_identification:_identify(install) by extension 'ignore'
[0.361s] Level 1:colcon.colcon_core.package_identification:_identify(install) ignored
[0.361s] Level 1:colcon.colcon_core.package_identification:_identify(log) by extensions ['ignore', 'ignore_ament_install']
[0.361s] Level 1:colcon.colcon_core.package_identification:_identify(log) by extension 'ignore'
[0.361s] Level 1:colcon.colcon_core.package_identification:_identify(log) ignored
[0.361s] Level 1:colcon.colcon_core.package_identification:_identify(src) by extensions ['ignore', 'ignore_ament_install']
[0.361s] Level 1:colcon.colcon_core.package_identification:_identify(src) by extension 'ignore'
[0.361s] Level 1:colcon.colcon_core.package_identification:_identify(src) by extension 'ignore_ament_install'
[0.361s] Level 1:colcon.colcon_core.package_identification:_identify(src) by extensions ['colcon_pkg']
[0.361s] Level 1:colcon.colcon_core.package_identification:_identify(src) by extension 'colcon_pkg'
[0.361s] Level 1:colcon.colcon_core.package_identification:_identify(src) by extensions ['colcon_meta']
[0.361s] Level 1:colcon.colcon_core.package_identification:_identify(src) by extension 'colcon_meta'
[0.361s] Level 1:colcon.colcon_core.package_identification:_identify(src) by extensions ['ros']
[0.362s] Level 1:colcon.colcon_core.package_identification:_identify(src) by extension 'ros'
[0.362s] Level 1:colcon.colcon_core.package_identification:_identify(src) by extensions ['cmake', 'python']
[0.362s] Level 1:colcon.colcon_core.package_identification:_identify(src) by extension 'cmake'
[0.362s] Level 1:colcon.colcon_core.package_identification:_identify(src) by extension 'python'
[0.362s] Level 1:colcon.colcon_core.package_identification:_identify(src) by extensions ['python_setup_py']
[0.362s] Level 1:colcon.colcon_core.package_identification:_identify(src) by extension 'python_setup_py'
[0.362s] Level 1:colcon.colcon_core.package_identification:_identify(src/Validation) by extensions ['ignore', 'ignore_ament_install']
[0.362s] Level 1:colcon.colcon_core.package_identification:_identify(src/Validation) by extension 'ignore'
[0.362s] Level 1:colcon.colcon_core.package_identification:_identify(src/Validation) by extension 'ignore_ament_install'
[0.362s] Level 1:colcon.colcon_core.package_identification:_identify(src/Validation) by extensions ['colcon_pkg']
[0.362s] Level 1:colcon.colcon_core.package_identification:_identify(src/Validation) by extension 'colcon_pkg'
[0.362s] Level 1:colcon.colcon_core.package_identification:_identify(src/Validation) by extensions ['colcon_meta']
[0.362s] Level 1:colcon.colcon_core.package_identification:_identify(src/Validation) by extension 'colcon_meta'
[0.362s] Level 1:colcon.colcon_core.package_identification:_identify(src/Validation) by extensions ['ros']
[0.362s] Level 1:colcon.colcon_core.package_identification:_identify(src/Validation) by extension 'ros'
[0.362s] Level 1:colcon.colcon_core.package_identification:_identify(src/Validation) by extensions ['cmake', 'python']
[0.362s] Level 1:colcon.colcon_core.package_identification:_identify(src/Validation) by extension 'cmake'
[0.362s] Level 1:colcon.colcon_core.package_identification:_identify(src/Validation) by extension 'python'
[0.362s] Level 1:colcon.colcon_core.package_identification:_identify(src/Validation) by extensions ['python_setup_py']
[0.362s] Level 1:colcon.colcon_core.package_identification:_identify(src/Validation) by extension 'python_setup_py'
[0.362s] Level 1:colcon.colcon_core.package_identification:_identify(src/sentinel_interfaces) by extensions ['ignore', 'ignore_ament_install']
[0.363s] Level 1:colcon.colcon_core.package_identification:_identify(src/sentinel_interfaces) by extension 'ignore'
[0.363s] Level 1:colcon.colcon_core.package_identification:_identify(src/sentinel_interfaces) by extension 'ignore_ament_install'
[0.363s] Level 1:colcon.colcon_core.package_identification:_identify(src/sentinel_interfaces) by extensions ['colcon_pkg']
[0.363s] Level 1:colcon.colcon_core.package_identification:_identify(src/sentinel_interfaces) by extension 'colcon_pkg'
[0.363s] Level 1:colcon.colcon_core.package_identification:_identify(src/sentinel_interfaces) by extensions ['colcon_meta']
[0.363s] Level 1:colcon.colcon_core.package_identification:_identify(src/sentinel_interfaces) by extension 'colcon_meta'
[0.363s] Level 1:colcon.colcon_core.package_identification:_identify(src/sentinel_interfaces) by extensions ['ros']
[0.363s] Level 1:colcon.colcon_core.package_identification:_identify(src/sentinel_interfaces) by extension 'ros'
[0.366s] DEBUG:colcon.colcon_core.package_identification:Package 'src/sentinel_interfaces' with type 'ros.catkin' and name 'sentinel_interfaces'
[0.366s] Level 1:colcon.colcon_core.package_identification:_identify(src/sentinel_motor) by extensions ['ignore', 'ignore_ament_install']
[0.367s] Level 1:colcon.colcon_core.package_identification:_identify(src/sentinel_motor) by extension 'ignore'
[0.367s] Level 1:colcon.colcon_core.package_identification:_identify(src/sentinel_motor) by extension 'ignore_ament_install'
[0.367s] Level 1:colcon.colcon_core.package_identification:_identify(src/sentinel_motor) by extensions ['colcon_pkg']
[0.367s] Level 1:colcon.colcon_core.package_identification:_identify(src/sentinel_motor) by extension 'colcon_pkg'
[0.367s] Level 1:colcon.colcon_core.package_identification:_identify(src/sentinel_motor) by extensions ['colcon_meta']
[0.367s] Level 1:colcon.colcon_core.package_identification:_identify(src/sentinel_motor) by extension 'colcon_meta'
[0.367s] Level 1:colcon.colcon_core.package_identification:_identify(src/sentinel_motor) by extensions ['ros']
[0.367s] Level 1:colcon.colcon_core.package_identification:_identify(src/sentinel_motor) by extension 'ros'
[0.368s] DEBUG:colcon.colcon_core.package_identification:Package 'src/sentinel_motor' with type 'ros.ament_cmake' and name 'sentinel_motor'
[0.368s] Level 1:colcon.colcon_core.package_discovery:discover_packages(recursive) using defaults
[0.368s] Level 1:colcon.colcon_core.package_discovery:discover_packages(ignore) discover
[0.368s] Level 1:colcon.colcon_core.package_discovery:discover_packages(ignore) using defaults
[0.368s] Level 1:colcon.colcon_core.package_discovery:discover_packages(path) discover
[0.368s] Level 1:colcon.colcon_core.package_discovery:discover_packages(path) using defaults
[0.394s] Level 1:colcon.colcon_core.package_discovery:discover_packages(prefix_path) check parameters
[0.394s] Level 1:colcon.colcon_core.package_discovery:discover_packages(prefix_path) discover
[0.398s] DEBUG:colcon.colcon_installed_package_information.package_discovery:Found 2 installed packages in /root/ros2_ws/install
[0.400s] DEBUG:colcon.colcon_installed_package_information.package_discovery:Found 193 installed packages in /opt/ros/jazzy
[0.400s] Level 1:colcon.colcon_core.package_discovery:discover_packages(prefix_path) using defaults
[0.442s] Level 5:colcon.colcon_core.verb:set package 'sentinel_interfaces' build argument 'cmake_args' from command line to 'None'
[0.442s] Level 5:colcon.colcon_core.verb:set package 'sentinel_interfaces' build argument 'cmake_target' from command line to 'None'
[0.442s] Level 5:colcon.colcon_core.verb:set package 'sentinel_interfaces' build argument 'cmake_target_skip_unavailable' from command line to 'False'
[0.442s] Level 5:colcon.colcon_core.verb:set package 'sentinel_interfaces' build argument 'cmake_clean_cache' from command line to 'False'
[0.442s] Level 5:colcon.colcon_core.verb:set package 'sentinel_interfaces' build argument 'cmake_clean_first' from command line to 'False'
[0.442s] Level 5:colcon.colcon_core.verb:set package 'sentinel_interfaces' build argument 'cmake_force_configure' from command line to 'False'
[0.442s] Level 5:colcon.colcon_core.verb:set package 'sentinel_interfaces' build argument 'ament_cmake_args' from command line to 'None'
[0.442s] Level 5:colcon.colcon_core.verb:set package 'sentinel_interfaces' build argument 'catkin_cmake_args' from command line to 'None'
[0.442s] Level 5:colcon.colcon_core.verb:set package 'sentinel_interfaces' build argument 'catkin_skip_building_tests' from command line to 'False'
[0.442s] DEBUG:colcon.colcon_core.verb:Building package 'sentinel_interfaces' with the following arguments: {'ament_cmake_args': None, 'build_base': '/root/ros2_ws/build/sentinel_interfaces', 'catkin_cmake_args': None, 'catkin_skip_building_tests': False, 'cmake_args': None, 'cmake_clean_cache': False, 'cmake_clean_first': False, 'cmake_force_configure': False, 'cmake_target': None, 'cmake_target_skip_unavailable': False, 'install_base': '/root/ros2_ws/install/sentinel_interfaces', 'merge_install': False, 'path': '/root/ros2_ws/src/sentinel_interfaces', 'symlink_install': False, 'test_result_base': None}
[0.442s] Level 5:colcon.colcon_core.verb:set package 'sentinel_motor' build argument 'cmake_args' from command line to 'None'
[0.442s] Level 5:colcon.colcon_core.verb:set package 'sentinel_motor' build argument 'cmake_target' from command line to 'None'
[0.442s] Level 5:colcon.colcon_core.verb:set package 'sentinel_motor' build argument 'cmake_target_skip_unavailable' from command line to 'False'
[0.442s] Level 5:colcon.colcon_core.verb:set package 'sentinel_motor' build argument 'cmake_clean_cache' from command line to 'False'
[0.442s] Level 5:colcon.colcon_core.verb:set package 'sentinel_motor' build argument 'cmake_clean_first' from command line to 'False'
[0.442s] Level 5:colcon.colcon_core.verb:set package 'sentinel_motor' build argument 'cmake_force_configure' from command line to 'False'
[0.442s] Level 5:colcon.colcon_core.verb:set package 'sentinel_motor' build argument 'ament_cmake_args' from command line to 'None'
[0.442s] Level 5:colcon.colcon_core.verb:set package 'sentinel_motor' build argument 'catkin_cmake_args' from command line to 'None'
[0.442s] Level 5:colcon.colcon_core.verb:set package 'sentinel_motor' build argument 'catkin_skip_building_tests' from command line to 'False'
[0.442s] DEBUG:colcon.colcon_core.verb:Building package 'sentinel_motor' with the following arguments: {'ament_cmake_args': None, 'build_base': '/root/ros2_ws/build/sentinel_motor', 'catkin_cmake_args': None, 'catkin_skip_building_tests': False, 'cmake_args': None, 'cmake_clean_cache': False, 'cmake_clean_first': False, 'cmake_force_configure': False, 'cmake_target': None, 'cmake_target_skip_unavailable': False, 'install_base': '/root/ros2_ws/install/sentinel_motor', 'merge_install': False, 'path': '/root/ros2_ws/src/sentinel_motor', 'symlink_install': False, 'test_result_base': None}
[0.442s] INFO:colcon.colcon_core.executor:Executing jobs using 'parallel' executor
[0.444s] DEBUG:colcon.colcon_parallel_executor.executor.parallel:run_until_complete
[0.445s] INFO:colcon.colcon_ros.task.catkin.build:Building ROS package in '/root/ros2_ws/src/sentinel_interfaces' with build type 'catkin'
[0.445s] INFO:colcon.colcon_cmake.task.cmake.build:Building CMake package in '/root/ros2_ws/src/sentinel_interfaces'
[0.449s] INFO:colcon.colcon_core.plugin_system:Skipping extension 'colcon_core.shell.bat': Not used on non-Windows systems
[0.449s] INFO:colcon.colcon_core.shell:Skip shell extension 'powershell' for command environment: Not usable outside of PowerShell
[0.449s] DEBUG:colcon.colcon_core.shell:Skip shell extension 'dsv' for command environment
[0.460s] DEBUG:colcon.colcon_core.event_handler.log_command:Invoking command in '/root/ros2_ws/build/sentinel_interfaces': /usr/bin/cmake --build /root/ros2_ws/build/sentinel_interfaces -- -j14 -l14
[1.317s] DEBUG:colcon.colcon_core.event_handler.log_command:Invoked command in '/root/ros2_ws/build/sentinel_interfaces' returned '0': /usr/bin/cmake --build /root/ros2_ws/build/sentinel_interfaces -- -j14 -l14
[1.331s] DEBUG:colcon.colcon_core.event_handler.log_command:Invoking command in '/root/ros2_ws/build/sentinel_interfaces': /usr/bin/cmake --install /root/ros2_ws/build/sentinel_interfaces
[1.439s] DEBUG:colcon.colcon_core.event_handler.log_command:Invoked command in '/root/ros2_ws/build/sentinel_interfaces' returned '0': /usr/bin/cmake --install /root/ros2_ws/build/sentinel_interfaces
[1.440s] Level 1:colcon.colcon_core.shell:create_environment_hook('sentinel_interfaces', 'ros_package_path')
[1.440s] INFO:colcon.colcon_core.shell:Creating environment hook '/root/ros2_ws/install/sentinel_interfaces/share/sentinel_interfaces/hook/ros_package_path.ps1'
[1.442s] INFO:colcon.colcon_core.shell:Creating environment descriptor '/root/ros2_ws/install/sentinel_interfaces/share/sentinel_interfaces/hook/ros_package_path.dsv'
[1.442s] INFO:colcon.colcon_core.shell:Creating environment hook '/root/ros2_ws/install/sentinel_interfaces/share/sentinel_interfaces/hook/ros_package_path.sh'
[1.444s] Level 1:colcon.colcon_ros.task.catkin:checking '/root/ros2_ws/install/sentinel_interfaces/lib/python3.12/site-packages'
[1.444s] Level 1:colcon.colcon_core.shell:create_environment_hook('sentinel_interfaces', 'catkin_pythonpath')
[1.444s] INFO:colcon.colcon_core.shell:Creating environment hook '/root/ros2_ws/install/sentinel_interfaces/share/sentinel_interfaces/hook/catkin_pythonpath.ps1'
[1.444s] INFO:colcon.colcon_core.shell:Creating environment descriptor '/root/ros2_ws/install/sentinel_interfaces/share/sentinel_interfaces/hook/catkin_pythonpath.dsv'
[1.445s] INFO:colcon.colcon_core.shell:Creating environment hook '/root/ros2_ws/install/sentinel_interfaces/share/sentinel_interfaces/hook/catkin_pythonpath.sh'
[1.445s] Level 1:colcon.colcon_core.shell:create_environment_hook('sentinel_interfaces', 'pkg_config_path')
[1.446s] INFO:colcon.colcon_core.shell:Creating environment hook '/root/ros2_ws/install/sentinel_interfaces/share/sentinel_interfaces/hook/pkg_config_path.ps1'
[1.446s] INFO:colcon.colcon_core.shell:Creating environment descriptor '/root/ros2_ws/install/sentinel_interfaces/share/sentinel_interfaces/hook/pkg_config_path.dsv'
[1.446s] INFO:colcon.colcon_core.shell:Creating environment hook '/root/ros2_ws/install/sentinel_interfaces/share/sentinel_interfaces/hook/pkg_config_path.sh'
[1.451s] Level 1:colcon.colcon_core.shell:create_environment_hook('sentinel_interfaces', 'pkg_config_path_multiarch')
[1.451s] INFO:colcon.colcon_core.shell:Creating environment hook '/root/ros2_ws/install/sentinel_interfaces/share/sentinel_interfaces/hook/pkg_config_path_multiarch.ps1'
[1.452s] INFO:colcon.colcon_core.shell:Creating environment descriptor '/root/ros2_ws/install/sentinel_interfaces/share/sentinel_interfaces/hook/pkg_config_path_multiarch.dsv'
[1.452s] INFO:colcon.colcon_core.shell:Creating environment hook '/root/ros2_ws/install/sentinel_interfaces/share/sentinel_interfaces/hook/pkg_config_path_multiarch.sh'
[1.453s] Level 1:colcon.colcon_core.environment:create_environment_scripts_only(sentinel_interfaces)
[1.459s] Level 1:colcon.colcon_core.environment:checking '/root/ros2_ws/install/sentinel_interfaces' for CMake module files
[1.459s] Level 1:colcon.colcon_core.environment:checking '/root/ros2_ws/install/sentinel_interfaces' for CMake config files
[1.460s] Level 1:colcon.colcon_core.shell:create_environment_hook('sentinel_interfaces', 'cmake_prefix_path')
[1.461s] INFO:colcon.colcon_core.shell:Creating environment hook '/root/ros2_ws/install/sentinel_interfaces/share/sentinel_interfaces/hook/cmake_prefix_path.ps1'
[1.461s] INFO:colcon.colcon_core.shell:Creating environment descriptor '/root/ros2_ws/install/sentinel_interfaces/share/sentinel_interfaces/hook/cmake_prefix_path.dsv'
[1.461s] INFO:colcon.colcon_core.shell:Creating environment hook '/root/ros2_ws/install/sentinel_interfaces/share/sentinel_interfaces/hook/cmake_prefix_path.sh'
[1.462s] Level 1:colcon.colcon_core.environment:checking '/root/ros2_ws/install/sentinel_interfaces/lib'
[1.462s] Level 1:colcon.colcon_core.shell:create_environment_hook('sentinel_interfaces', 'ld_library_path_lib')
[1.462s] INFO:colcon.colcon_core.shell:Creating environment hook '/root/ros2_ws/install/sentinel_interfaces/share/sentinel_interfaces/hook/ld_library_path_lib.ps1'
[1.463s] INFO:colcon.colcon_core.shell:Creating environment descriptor '/root/ros2_ws/install/sentinel_interfaces/share/sentinel_interfaces/hook/ld_library_path_lib.dsv'
[1.463s] INFO:colcon.colcon_core.shell:Creating environment hook '/root/ros2_ws/install/sentinel_interfaces/share/sentinel_interfaces/hook/ld_library_path_lib.sh'
[1.463s] Level 1:colcon.colcon_core.environment:checking '/root/ros2_ws/install/sentinel_interfaces/bin'
[1.463s] Level 1:colcon.colcon_core.environment:checking '/root/ros2_ws/install/sentinel_interfaces/lib/pkgconfig/sentinel_interfaces.pc'
[1.464s] Level 1:colcon.colcon_core.environment:checking '/root/ros2_ws/install/sentinel_interfaces/lib/python3.12/site-packages'
[1.464s] Level 1:colcon.colcon_core.shell:create_environment_hook('sentinel_interfaces', 'pythonpath')
[1.464s] INFO:colcon.colcon_core.shell:Creating environment hook '/root/ros2_ws/install/sentinel_interfaces/share/sentinel_interfaces/hook/pythonpath.ps1'
[1.464s] INFO:colcon.colcon_core.shell:Creating environment descriptor '/root/ros2_ws/install/sentinel_interfaces/share/sentinel_interfaces/hook/pythonpath.dsv'
[1.464s] INFO:colcon.colcon_core.shell:Creating environment hook '/root/ros2_ws/install/sentinel_interfaces/share/sentinel_interfaces/hook/pythonpath.sh'
[1.465s] Level 1:colcon.colcon_core.environment:checking '/root/ros2_ws/install/sentinel_interfaces/bin'
[1.465s] INFO:colcon.colcon_core.shell:Creating package script '/root/ros2_ws/install/sentinel_interfaces/share/sentinel_interfaces/package.ps1'
[1.466s] INFO:colcon.colcon_core.shell:Creating package descriptor '/root/ros2_ws/install/sentinel_interfaces/share/sentinel_interfaces/package.dsv'
[1.467s] INFO:colcon.colcon_core.shell:Creating package script '/root/ros2_ws/install/sentinel_interfaces/share/sentinel_interfaces/package.sh'
[1.468s] INFO:colcon.colcon_core.shell:Creating package script '/root/ros2_ws/install/sentinel_interfaces/share/sentinel_interfaces/package.bash'
[1.468s] INFO:colcon.colcon_core.shell:Creating package script '/root/ros2_ws/install/sentinel_interfaces/share/sentinel_interfaces/package.zsh'
[1.469s] Level 1:colcon.colcon_core.environment:create_file_with_runtime_dependencies(/root/ros2_ws/install/sentinel_interfaces/share/colcon-core/packages/sentinel_interfaces)
[1.470s] INFO:colcon.colcon_ros.task.ament_cmake.build:Building ROS package in '/root/ros2_ws/src/sentinel_motor' with build type 'ament_cmake'
[1.470s] INFO:colcon.colcon_cmake.task.cmake.build:Building CMake package in '/root/ros2_ws/src/sentinel_motor'
[1.470s] INFO:colcon.colcon_core.shell:Skip shell extension 'powershell' for command environment: Not usable outside of PowerShell
[1.470s] DEBUG:colcon.colcon_core.shell:Skip shell extension 'dsv' for command environment
[1.482s] DEBUG:colcon.colcon_core.event_handler.log_command:Invoking command in '/root/ros2_ws/build/sentinel_motor': CMAKE_PREFIX_PATH=/opt/ros/jazzy:/root/ros2_ws/install/sentinel_interfaces:/root/ros2_ws/install/sentinel_motor /usr/bin/cmake --build /root/ros2_ws/build/sentinel_motor -- -j14 -l14
[1.764s] DEBUG:colcon.colcon_core.event_handler.log_command:Invoked command in '/root/ros2_ws/build/sentinel_motor' returned '0': CMAKE_PREFIX_PATH=/opt/ros/jazzy:/root/ros2_ws/install/sentinel_interfaces:/root/ros2_ws/install/sentinel_motor /usr/bin/cmake --build /root/ros2_ws/build/sentinel_motor -- -j14 -l14
[1.765s] DEBUG:colcon.colcon_core.event_handler.log_command:Invoking command in '/root/ros2_ws/build/sentinel_motor': CMAKE_PREFIX_PATH=/opt/ros/jazzy:/root/ros2_ws/install/sentinel_interfaces:/root/ros2_ws/install/sentinel_motor /usr/bin/cmake --install /root/ros2_ws/build/sentinel_motor
[1.783s] Level 1:colcon.colcon_core.environment:create_environment_scripts_only(sentinel_motor)
[1.783s] Level 1:colcon.colcon_core.environment:checking '/root/ros2_ws/install/sentinel_motor' for CMake module files
[1.783s] DEBUG:colcon.colcon_core.event_handler.log_command:Invoked command in '/root/ros2_ws/build/sentinel_motor' returned '0': CMAKE_PREFIX_PATH=/opt/ros/jazzy:/root/ros2_ws/install/sentinel_interfaces:/root/ros2_ws/install/sentinel_motor /usr/bin/cmake --install /root/ros2_ws/build/sentinel_motor
[1.784s] Level 1:colcon.colcon_core.environment:checking '/root/ros2_ws/install/sentinel_motor' for CMake config files
[1.785s] Level 1:colcon.colcon_core.shell:create_environment_hook('sentinel_motor', 'cmake_prefix_path')
[1.785s] INFO:colcon.colcon_core.shell:Creating environment hook '/root/ros2_ws/install/sentinel_motor/share/sentinel_motor/hook/cmake_prefix_path.ps1'
[1.787s] INFO:colcon.colcon_core.shell:Creating environment descriptor '/root/ros2_ws/install/sentinel_motor/share/sentinel_motor/hook/cmake_prefix_path.dsv'
[1.788s] INFO:colcon.colcon_core.shell:Creating environment hook '/root/ros2_ws/install/sentinel_motor/share/sentinel_motor/hook/cmake_prefix_path.sh'
[1.789s] Level 1:colcon.colcon_core.environment:checking '/root/ros2_ws/install/sentinel_motor/lib'
[1.789s] Level 1:colcon.colcon_core.environment:checking '/root/ros2_ws/install/sentinel_motor/bin'
[1.790s] Level 1:colcon.colcon_core.environment:checking '/root/ros2_ws/install/sentinel_motor/lib/pkgconfig/sentinel_motor.pc'
[1.790s] Level 1:colcon.colcon_core.environment:checking '/root/ros2_ws/install/sentinel_motor/lib/python3.12/site-packages'
[1.790s] Level 1:colcon.colcon_core.environment:checking '/root/ros2_ws/install/sentinel_motor/bin'
[1.790s] INFO:colcon.colcon_core.shell:Creating package script '/root/ros2_ws/install/sentinel_motor/share/sentinel_motor/package.ps1'
[1.791s] INFO:colcon.colcon_core.shell:Creating package descriptor '/root/ros2_ws/install/sentinel_motor/share/sentinel_motor/package.dsv'
[1.792s] INFO:colcon.colcon_core.shell:Creating package script '/root/ros2_ws/install/sentinel_motor/share/sentinel_motor/package.sh'
[1.793s] INFO:colcon.colcon_core.shell:Creating package script '/root/ros2_ws/install/sentinel_motor/share/sentinel_motor/package.bash'
[1.794s] INFO:colcon.colcon_core.shell:Creating package script '/root/ros2_ws/install/sentinel_motor/share/sentinel_motor/package.zsh'
[1.795s] Level 1:colcon.colcon_core.environment:create_file_with_runtime_dependencies(/root/ros2_ws/install/sentinel_motor/share/colcon-core/packages/sentinel_motor)
[1.795s] Level 1:colcon.colcon_core.environment:create_environment_scripts_only(sentinel_motor)
[1.796s] Level 1:colcon.colcon_core.environment:checking '/root/ros2_ws/install/sentinel_motor' for CMake module files
[1.796s] Level 1:colcon.colcon_core.environment:checking '/root/ros2_ws/install/sentinel_motor' for CMake config files
[1.796s] Level 1:colcon.colcon_core.shell:create_environment_hook('sentinel_motor', 'cmake_prefix_path')
[1.796s] INFO:colcon.colcon_core.shell:Creating environment hook '/root/ros2_ws/install/sentinel_motor/share/sentinel_motor/hook/cmake_prefix_path.ps1'
[1.797s] INFO:colcon.colcon_core.shell:Creating environment descriptor '/root/ros2_ws/install/sentinel_motor/share/sentinel_motor/hook/cmake_prefix_path.dsv'
[1.797s] INFO:colcon.colcon_core.shell:Creating environment hook '/root/ros2_ws/install/sentinel_motor/share/sentinel_motor/hook/cmake_prefix_path.sh'
[1.798s] Level 1:colcon.colcon_core.environment:checking '/root/ros2_ws/install/sentinel_motor/lib'
[1.798s] Level 1:colcon.colcon_core.environment:checking '/root/ros2_ws/install/sentinel_motor/bin'
[1.798s] Level 1:colcon.colcon_core.environment:checking '/root/ros2_ws/install/sentinel_motor/lib/pkgconfig/sentinel_motor.pc'
[1.798s] Level 1:colcon.colcon_core.environment:checking '/root/ros2_ws/install/sentinel_motor/lib/python3.12/site-packages'
[1.798s] Level 1:colcon.colcon_core.environment:checking '/root/ros2_ws/install/sentinel_motor/bin'
[1.798s] INFO:colcon.colcon_core.shell:Creating package script '/root/ros2_ws/install/sentinel_motor/share/sentinel_motor/package.ps1'
[1.799s] INFO:colcon.colcon_core.shell:Creating package descriptor '/root/ros2_ws/install/sentinel_motor/share/sentinel_motor/package.dsv'
[1.799s] INFO:colcon.colcon_core.shell:Creating package script '/root/ros2_ws/install/sentinel_motor/share/sentinel_motor/package.sh'
[1.800s] INFO:colcon.colcon_core.shell:Creating package script '/root/ros2_ws/install/sentinel_motor/share/sentinel_motor/package.bash'
[1.800s] INFO:colcon.colcon_core.shell:Creating package script '/root/ros2_ws/install/sentinel_motor/share/sentinel_motor/package.zsh'
[1.800s] Level 1:colcon.colcon_core.environment:create_file_with_runtime_dependencies(/root/ros2_ws/install/sentinel_motor/share/colcon-core/packages/sentinel_motor)
[1.800s] DEBUG:colcon.colcon_parallel_executor.executor.parallel:closing loop
[1.801s] DEBUG:colcon.colcon_parallel_executor.executor.parallel:loop closed
[1.801s] DEBUG:colcon.colcon_parallel_executor.executor.parallel:run_until_complete finished with '0'
[1.801s] DEBUG:colcon.colcon_core.event_reactor:joining thread
[1.820s] INFO:colcon.colcon_core.plugin_system:Skipping extension 'colcon_notification.desktop_notification.notify_send': Could not find 'notify-send'
[1.820s] INFO:colcon.colcon_core.plugin_system:Skipping extension 'colcon_notification.desktop_notification.terminal_notifier': Not used on non-Darwin systems
[1.820s] INFO:colcon.colcon_core.plugin_system:Skipping extension 'colcon_notification.desktop_notification.win32': Not used on non-Windows systems
[1.820s] INFO:colcon.colcon_notification.desktop_notification:Sending desktop notification using 'notify2'
[1.825s] DEBUG:colcon.colcon_notification.desktop_notification.notify2:Failed to initialize notify2: org.freedesktop.DBus.Error.Spawn.ExecFailed: /usr/bin/dbus-launch terminated abnormally without any error message
[1.827s] DEBUG:colcon.colcon_core.event_reactor:joined thread
[1.828s] INFO:colcon.colcon_core.shell:Creating prefix script '/root/ros2_ws/install/local_setup.ps1'
[1.829s] INFO:colcon.colcon_core.shell:Creating prefix util module '/root/ros2_ws/install/_local_setup_util_ps1.py'
[1.831s] INFO:colcon.colcon_core.shell:Creating prefix chain script '/root/ros2_ws/install/setup.ps1'
[1.832s] INFO:colcon.colcon_core.shell:Creating prefix script '/root/ros2_ws/install/local_setup.sh'
[1.833s] INFO:colcon.colcon_core.shell:Creating prefix util module '/root/ros2_ws/install/_local_setup_util_sh.py'
[1.834s] INFO:colcon.colcon_core.shell:Creating prefix chain script '/root/ros2_ws/install/setup.sh'
[1.835s] INFO:colcon.colcon_core.shell:Creating prefix script '/root/ros2_ws/install/local_setup.bash'
[1.836s] INFO:colcon.colcon_core.shell:Creating prefix chain script '/root/ros2_ws/install/setup.bash'
[1.837s] INFO:colcon.colcon_core.shell:Creating prefix script '/root/ros2_ws/install/local_setup.zsh'
[1.838s] INFO:colcon.colcon_core.shell:Creating prefix chain script '/root/ros2_ws/install/setup.zsh'
