[ 37%] Built target pan_tilt_control_node
[ 50%] [32mBuilding CXX object CMakeFiles/tracking_control_node.dir/src/tracking_control_node.cpp.o[0m
[ 62%] [32m[1mLinking CXX executable tracking_control_node[0m
[ 62%] Built target tracking_control_node
[100%] Built target motor_feedback_node
-- Install configuration: ""
-- Up-to-date: /root/ros2_ws/install/sentinel_motor/lib/sentinel_motor/pan_tilt_control_node
-- Up-to-date: /root/ros2_ws/install/sentinel_motor/lib/sentinel_motor/motor_feedback_node
-- Installing: /root/ros2_ws/install/sentinel_motor/lib/sentinel_motor/tracking_control_node
-- Set non-toolchain portion of runtime path of "/root/ros2_ws/install/sentinel_motor/lib/sentinel_motor/tracking_control_node" to ""
-- Up-to-date: /root/ros2_ws/install/sentinel_motor/share/sentinel_motor/config
-- Up-to-date: /root/ros2_ws/install/sentinel_motor/share/sentinel_motor/config/params.yaml
-- Up-to-date: /root/ros2_ws/install/sentinel_motor/share/sentinel_motor/launch
-- Up-to-date: /root/ros2_ws/install/sentinel_motor/share/sentinel_motor/launch/pan_tilt_control.launch.py
-- Up-to-date: /root/ros2_ws/install/sentinel_motor/include/
-- Up-to-date: /root/ros2_ws/install/sentinel_motor/include//sentinel_motor
-- Up-to-date: /root/ros2_ws/install/sentinel_motor/include//sentinel_motor/PacketDef.hpp
-- Up-to-date: /root/ros2_ws/install/sentinel_motor/include//sentinel_motor/UdpTransport.hpp
-- Up-to-date: /root/ros2_ws/install/sentinel_motor/include//sentinel_motor/PacketDef_backup.hpp
-- Up-to-date: /root/ros2_ws/install/sentinel_motor/share/ament_index/resource_index/package_run_dependencies/sentinel_motor
-- Up-to-date: /root/ros2_ws/install/sentinel_motor/share/ament_index/resource_index/parent_prefix_path/sentinel_motor
-- Up-to-date: /root/ros2_ws/install/sentinel_motor/share/sentinel_motor/environment/ament_prefix_path.sh
-- Up-to-date: /root/ros2_ws/install/sentinel_motor/share/sentinel_motor/environment/ament_prefix_path.dsv
-- Up-to-date: /root/ros2_ws/install/sentinel_motor/share/sentinel_motor/environment/path.sh
-- Up-to-date: /root/ros2_ws/install/sentinel_motor/share/sentinel_motor/environment/path.dsv
-- Up-to-date: /root/ros2_ws/install/sentinel_motor/share/sentinel_motor/local_setup.bash
-- Up-to-date: /root/ros2_ws/install/sentinel_motor/share/sentinel_motor/local_setup.sh
-- Up-to-date: /root/ros2_ws/install/sentinel_motor/share/sentinel_motor/local_setup.zsh
-- Up-to-date: /root/ros2_ws/install/sentinel_motor/share/sentinel_motor/local_setup.dsv
-- Installing: /root/ros2_ws/install/sentinel_motor/share/sentinel_motor/package.dsv
-- Up-to-date: /root/ros2_ws/install/sentinel_motor/share/ament_index/resource_index/packages/sentinel_motor
-- Up-to-date: /root/ros2_ws/install/sentinel_motor/share/sentinel_motor/cmake/sentinel_motorConfig.cmake
-- Up-to-date: /root/ros2_ws/install/sentinel_motor/share/sentinel_motor/cmake/sentinel_motorConfig-version.cmake
-- Up-to-date: /root/ros2_ws/install/sentinel_motor/share/sentinel_motor/package.xml
