[0.010s] Invoking command in '/root/ros2_ws/build/sentinel_motor': CMAKE_PREFIX_PATH=/opt/ros/jazzy:/root/ros2_ws/install/sentinel_interfaces:/root/ros2_ws/install/sentinel_motor /usr/bin/cmake --build /root/ros2_ws/build/sentinel_motor -- -j14 -l14
[0.144s] [ 37%] Built target pan_tilt_control_node
[0.180s] [ 50%] [32mBuilding CXX object CMakeFiles/tracking_control_node.dir/src/tracking_control_node.cpp.o[0m
[12.400s] [ 62%] [32m[1mLinking CXX executable tracking_control_node[0m
[13.040s] [ 62%] Built target tracking_control_node
[13.150s] [100%] Built target motor_feedback_node
[13.177s] Invoked command in '/root/ros2_ws/build/sentinel_motor' returned '0': CMAKE_PREFIX_PATH=/opt/ros/jazzy:/root/ros2_ws/install/sentinel_interfaces:/root/ros2_ws/install/sentinel_motor /usr/bin/cmake --build /root/ros2_ws/build/sentinel_motor -- -j14 -l14
[13.177s] Invoking command in '/root/ros2_ws/build/sentinel_motor': CMAKE_PREFIX_PATH=/opt/ros/jazzy:/root/ros2_ws/install/sentinel_interfaces:/root/ros2_ws/install/sentinel_motor /usr/bin/cmake --install /root/ros2_ws/build/sentinel_motor
[13.183s] -- Install configuration: ""
[13.183s] -- Up-to-date: /root/ros2_ws/install/sentinel_motor/lib/sentinel_motor/pan_tilt_control_node
[13.184s] -- Up-to-date: /root/ros2_ws/install/sentinel_motor/lib/sentinel_motor/motor_feedback_node
[13.185s] -- Installing: /root/ros2_ws/install/sentinel_motor/lib/sentinel_motor/tracking_control_node
[13.197s] -- Set non-toolchain portion of runtime path of "/root/ros2_ws/install/sentinel_motor/lib/sentinel_motor/tracking_control_node" to ""
[13.197s] -- Up-to-date: /root/ros2_ws/install/sentinel_motor/share/sentinel_motor/config
[13.197s] -- Up-to-date: /root/ros2_ws/install/sentinel_motor/share/sentinel_motor/config/params.yaml
[13.197s] -- Up-to-date: /root/ros2_ws/install/sentinel_motor/share/sentinel_motor/launch
[13.197s] -- Up-to-date: /root/ros2_ws/install/sentinel_motor/share/sentinel_motor/launch/pan_tilt_control.launch.py
[13.197s] -- Up-to-date: /root/ros2_ws/install/sentinel_motor/include/
[13.197s] -- Up-to-date: /root/ros2_ws/install/sentinel_motor/include//sentinel_motor
[13.197s] -- Up-to-date: /root/ros2_ws/install/sentinel_motor/include//sentinel_motor/PacketDef.hpp
[13.197s] -- Up-to-date: /root/ros2_ws/install/sentinel_motor/include//sentinel_motor/UdpTransport.hpp
[13.197s] -- Up-to-date: /root/ros2_ws/install/sentinel_motor/include//sentinel_motor/PacketDef_backup.hpp
[13.198s] -- Up-to-date: /root/ros2_ws/install/sentinel_motor/share/ament_index/resource_index/package_run_dependencies/sentinel_motor
[13.198s] -- Up-to-date: /root/ros2_ws/install/sentinel_motor/share/ament_index/resource_index/parent_prefix_path/sentinel_motor
[13.199s] -- Up-to-date: /root/ros2_ws/install/sentinel_motor/share/sentinel_motor/environment/ament_prefix_path.sh
[13.199s] -- Up-to-date: /root/ros2_ws/install/sentinel_motor/share/sentinel_motor/environment/ament_prefix_path.dsv
[13.199s] -- Up-to-date: /root/ros2_ws/install/sentinel_motor/share/sentinel_motor/environment/path.sh
[13.199s] -- Up-to-date: /root/ros2_ws/install/sentinel_motor/share/sentinel_motor/environment/path.dsv
[13.199s] -- Up-to-date: /root/ros2_ws/install/sentinel_motor/share/sentinel_motor/local_setup.bash
[13.199s] -- Up-to-date: /root/ros2_ws/install/sentinel_motor/share/sentinel_motor/local_setup.sh
[13.199s] -- Up-to-date: /root/ros2_ws/install/sentinel_motor/share/sentinel_motor/local_setup.zsh
[13.199s] -- Up-to-date: /root/ros2_ws/install/sentinel_motor/share/sentinel_motor/local_setup.dsv
[13.199s] -- Installing: /root/ros2_ws/install/sentinel_motor/share/sentinel_motor/package.dsv
[13.199s] -- Up-to-date: /root/ros2_ws/install/sentinel_motor/share/ament_index/resource_index/packages/sentinel_motor
[13.200s] -- Up-to-date: /root/ros2_ws/install/sentinel_motor/share/sentinel_motor/cmake/sentinel_motorConfig.cmake
[13.200s] -- Up-to-date: /root/ros2_ws/install/sentinel_motor/share/sentinel_motor/cmake/sentinel_motorConfig-version.cmake
[13.200s] -- Up-to-date: /root/ros2_ws/install/sentinel_motor/share/sentinel_motor/package.xml
[13.202s] Invoked command in '/root/ros2_ws/build/sentinel_motor' returned '0': CMAKE_PREFIX_PATH=/opt/ros/jazzy:/root/ros2_ws/install/sentinel_interfaces:/root/ros2_ws/install/sentinel_motor /usr/bin/cmake --install /root/ros2_ws/build/sentinel_motor
