[0.014s] Invoking command in '/root/ros2_ws/build/sentinel_interfaces': /usr/bin/cmake --build /root/ros2_ws/build/sentinel_interfaces -- -j14 -l14
[0.164s] [  0%] Built target sentinel_interfaces__rosidl_generator_type_description
[0.226s] [  0%] Built target ament_cmake_python_copy_sentinel_interfaces
[0.265s] [  0%] Built target sentinel_interfaces__cpp
[0.487s] running egg_info
[0.504s] writing sentinel_interfaces.egg-info/PKG-INFO
[0.504s] writing dependency_links to sentinel_interfaces.egg-info/dependency_links.txt
[0.505s] writing top-level names to sentinel_interfaces.egg-info/top_level.txt
[0.537s] reading manifest file 'sentinel_interfaces.egg-info/SOURCES.txt'
[0.539s] writing manifest file 'sentinel_interfaces.egg-info/SOURCES.txt'
[0.576s] [  0%] Built target ament_cmake_python_build_sentinel_interfaces_egg
[0.622s] [ 27%] Built target sentinel_interfaces__rosidl_generator_c
[0.661s] [ 37%] Built target sentinel_interfaces__rosidl_typesupport_c
[0.700s] [ 47%] Built target sentinel_interfaces__rosidl_typesupport_introspection_c
[0.749s] [ 57%] Built target sentinel_interfaces__rosidl_typesupport_fastrtps_c
[0.789s] [ 67%] Built target sentinel_interfaces__rosidl_typesupport_cpp
[0.830s] [ 77%] Built target sentinel_interfaces__rosidl_typesupport_introspection_cpp
[0.870s] [ 86%] Built target sentinel_interfaces__rosidl_typesupport_fastrtps_cpp
[0.906s] [ 86%] Built target sentinel_interfaces
[0.949s] [ 87%] Built target sentinel_interfaces__py
[0.988s] [ 96%] Built target sentinel_interfaces__rosidl_generator_py
[1.021s] [ 97%] Built target sentinel_interfaces_s__rosidl_typesupport_fastrtps_c
[1.063s] [ 98%] Built target sentinel_interfaces_s__rosidl_typesupport_c
[1.092s] [100%] Built target sentinel_interfaces_s__rosidl_typesupport_introspection_c
[1.110s] Invoked command in '/root/ros2_ws/build/sentinel_interfaces' returned '0': /usr/bin/cmake --build /root/ros2_ws/build/sentinel_interfaces -- -j14 -l14
[1.126s] Invoking command in '/root/ros2_ws/build/sentinel_interfaces': /usr/bin/cmake --install /root/ros2_ws/build/sentinel_interfaces
[1.145s] -- Install configuration: ""
[1.146s] -- Up-to-date: /root/ros2_ws/install/sentinel_interfaces/share/ament_index/resource_index/rosidl_interfaces/sentinel_interfaces
[1.146s] -- Up-to-date: /root/ros2_ws/install/sentinel_interfaces/share/sentinel_interfaces/msg/MotorAngle.json
[1.146s] -- Up-to-date: /root/ros2_ws/install/sentinel_interfaces/share/sentinel_interfaces/msg/Detection.json
[1.146s] -- Up-to-date: /root/ros2_ws/install/sentinel_interfaces/share/sentinel_interfaces/msg/Detection2D.json
[1.146s] -- Up-to-date: /root/ros2_ws/install/sentinel_interfaces/share/sentinel_interfaces/msg/Detection2DArray.json
[1.146s] -- Up-to-date: /root/ros2_ws/install/sentinel_interfaces/share/sentinel_interfaces/msg/FrameInfo.json
[1.146s] -- Up-to-date: /root/ros2_ws/install/sentinel_interfaces/share/sentinel_interfaces/msg/FrameSize.json
[1.146s] -- Up-to-date: /root/ros2_ws/install/sentinel_interfaces/share/sentinel_interfaces/msg/MotorCommand.json
[1.146s] -- Up-to-date: /root/ros2_ws/install/sentinel_interfaces/share/sentinel_interfaces/msg/MotorStatus.json
[1.146s] -- Up-to-date: /root/ros2_ws/install/sentinel_interfaces/share/sentinel_interfaces/msg/TrackedDetection2D.json
[1.146s] -- Up-to-date: /root/ros2_ws/install/sentinel_interfaces/share/sentinel_interfaces/msg/TrackedDetection2DArray.json
[1.146s] -- Up-to-date: /root/ros2_ws/install/sentinel_interfaces/share/sentinel_interfaces/msg/VideoRxStatus.json
[1.146s] -- Up-to-date: /root/ros2_ws/install/sentinel_interfaces/share/sentinel_interfaces/msg/YoloStatus.json
[1.147s] -- Up-to-date: /root/ros2_ws/install/sentinel_interfaces/share/sentinel_interfaces/srv/SetBoolFlag.json
[1.147s] -- Up-to-date: /root/ros2_ws/install/sentinel_interfaces/share/sentinel_interfaces/srv/SetThreshold.json
[1.147s] -- Up-to-date: /root/ros2_ws/install/sentinel_interfaces/include/sentinel_interfaces/sentinel_interfaces
[1.147s] -- Up-to-date: /root/ros2_ws/install/sentinel_interfaces/include/sentinel_interfaces/sentinel_interfaces/srv
[1.147s] -- Up-to-date: /root/ros2_ws/install/sentinel_interfaces/include/sentinel_interfaces/sentinel_interfaces/srv/set_bool_flag.h
[1.147s] -- Up-to-date: /root/ros2_ws/install/sentinel_interfaces/include/sentinel_interfaces/sentinel_interfaces/srv/set_threshold.h
[1.147s] -- Up-to-date: /root/ros2_ws/install/sentinel_interfaces/include/sentinel_interfaces/sentinel_interfaces/srv/detail
[1.148s] -- Up-to-date: /root/ros2_ws/install/sentinel_interfaces/include/sentinel_interfaces/sentinel_interfaces/srv/detail/set_threshold__description.c
[1.148s] -- Up-to-date: /root/ros2_ws/install/sentinel_interfaces/include/sentinel_interfaces/sentinel_interfaces/srv/detail/set_bool_flag__type_support.h
[1.148s] -- Up-to-date: /root/ros2_ws/install/sentinel_interfaces/include/sentinel_interfaces/sentinel_interfaces/srv/detail/set_threshold__struct.h
[1.148s] -- Installing: /root/ros2_ws/install/sentinel_interfaces/include/sentinel_interfaces/sentinel_interfaces/srv/detail/set_bool_flag__type_support.c
[1.148s] -- Up-to-date: /root/ros2_ws/install/sentinel_interfaces/include/sentinel_interfaces/sentinel_interfaces/srv/detail/set_bool_flag__functions.h
[1.148s] -- Up-to-date: /root/ros2_ws/install/sentinel_interfaces/include/sentinel_interfaces/sentinel_interfaces/srv/detail/set_bool_flag__description.c
[1.148s] -- Up-to-date: /root/ros2_ws/install/sentinel_interfaces/include/sentinel_interfaces/sentinel_interfaces/srv/detail/set_threshold__type_support.h
[1.148s] -- Up-to-date: /root/ros2_ws/install/sentinel_interfaces/include/sentinel_interfaces/sentinel_interfaces/srv/detail/set_bool_flag__struct.h
[1.148s] -- Up-to-date: /root/ros2_ws/install/sentinel_interfaces/include/sentinel_interfaces/sentinel_interfaces/srv/detail/set_threshold__type_support.c
[1.148s] -- Up-to-date: /root/ros2_ws/install/sentinel_interfaces/include/sentinel_interfaces/sentinel_interfaces/srv/detail/set_threshold__functions.c
[1.149s] -- Up-to-date: /root/ros2_ws/install/sentinel_interfaces/include/sentinel_interfaces/sentinel_interfaces/srv/detail/set_bool_flag__functions.c
[1.149s] -- Up-to-date: /root/ros2_ws/install/sentinel_interfaces/include/sentinel_interfaces/sentinel_interfaces/srv/detail/set_threshold__functions.h
[1.149s] -- Up-to-date: /root/ros2_ws/install/sentinel_interfaces/include/sentinel_interfaces/sentinel_interfaces/msg
[1.149s] -- Up-to-date: /root/ros2_ws/install/sentinel_interfaces/include/sentinel_interfaces/sentinel_interfaces/msg/frame_info.h
[1.149s] -- Up-to-date: /root/ros2_ws/install/sentinel_interfaces/include/sentinel_interfaces/sentinel_interfaces/msg/motor_command.h
[1.149s] -- Up-to-date: /root/ros2_ws/install/sentinel_interfaces/include/sentinel_interfaces/sentinel_interfaces/msg/detection.h
[1.149s] -- Up-to-date: /root/ros2_ws/install/sentinel_interfaces/include/sentinel_interfaces/sentinel_interfaces/msg/tracked_detection2_d_array.h
[1.149s] -- Up-to-date: /root/ros2_ws/install/sentinel_interfaces/include/sentinel_interfaces/sentinel_interfaces/msg/frame_size.h
[1.149s] -- Up-to-date: /root/ros2_ws/install/sentinel_interfaces/include/sentinel_interfaces/sentinel_interfaces/msg/motor_angle.h
[1.149s] -- Up-to-date: /root/ros2_ws/install/sentinel_interfaces/include/sentinel_interfaces/sentinel_interfaces/msg/rosidl_generator_c__visibility_control.h
[1.149s] -- Up-to-date: /root/ros2_ws/install/sentinel_interfaces/include/sentinel_interfaces/sentinel_interfaces/msg/detection2_d_array.h
[1.149s] -- Up-to-date: /root/ros2_ws/install/sentinel_interfaces/include/sentinel_interfaces/sentinel_interfaces/msg/tracked_detection2_d.h
[1.149s] -- Up-to-date: /root/ros2_ws/install/sentinel_interfaces/include/sentinel_interfaces/sentinel_interfaces/msg/detection2_d.h
[1.149s] -- Up-to-date: /root/ros2_ws/install/sentinel_interfaces/include/sentinel_interfaces/sentinel_interfaces/msg/yolo_status.h
[1.149s] -- Up-to-date: /root/ros2_ws/install/sentinel_interfaces/include/sentinel_interfaces/sentinel_interfaces/msg/motor_status.h
[1.149s] -- Up-to-date: /root/ros2_ws/install/sentinel_interfaces/include/sentinel_interfaces/sentinel_interfaces/msg/video_rx_status.h
[1.149s] -- Up-to-date: /root/ros2_ws/install/sentinel_interfaces/include/sentinel_interfaces/sentinel_interfaces/msg/detail
[1.149s] -- Up-to-date: /root/ros2_ws/install/sentinel_interfaces/include/sentinel_interfaces/sentinel_interfaces/msg/detail/tracked_detection2_d__functions.c
[1.150s] -- Up-to-date: /root/ros2_ws/install/sentinel_interfaces/include/sentinel_interfaces/sentinel_interfaces/msg/detail/detection__functions.h
[1.150s] -- Up-to-date: /root/ros2_ws/install/sentinel_interfaces/include/sentinel_interfaces/sentinel_interfaces/msg/detail/motor_status__type_support.c
[1.150s] -- Up-to-date: /root/ros2_ws/install/sentinel_interfaces/include/sentinel_interfaces/sentinel_interfaces/msg/detail/yolo_status__functions.h
[1.150s] -- Up-to-date: /root/ros2_ws/install/sentinel_interfaces/include/sentinel_interfaces/sentinel_interfaces/msg/detail/detection2_d_array__functions.h
[1.150s] -- Up-to-date: /root/ros2_ws/install/sentinel_interfaces/include/sentinel_interfaces/sentinel_interfaces/msg/detail/video_rx_status__description.c
[1.150s] -- Up-to-date: /root/ros2_ws/install/sentinel_interfaces/include/sentinel_interfaces/sentinel_interfaces/msg/detail/detection__struct.h
[1.150s] -- Up-to-date: /root/ros2_ws/install/sentinel_interfaces/include/sentinel_interfaces/sentinel_interfaces/msg/detail/detection2_d_array__type_support.c
[1.150s] -- Up-to-date: /root/ros2_ws/install/sentinel_interfaces/include/sentinel_interfaces/sentinel_interfaces/msg/detail/yolo_status__functions.c
[1.150s] -- Up-to-date: /root/ros2_ws/install/sentinel_interfaces/include/sentinel_interfaces/sentinel_interfaces/msg/detail/yolo_status__type_support.h
[1.150s] -- Up-to-date: /root/ros2_ws/install/sentinel_interfaces/include/sentinel_interfaces/sentinel_interfaces/msg/detail/video_rx_status__functions.c
[1.150s] -- Up-to-date: /root/ros2_ws/install/sentinel_interfaces/include/sentinel_interfaces/sentinel_interfaces/msg/detail/detection__type_support.c
[1.151s] -- Installing: /root/ros2_ws/install/sentinel_interfaces/include/sentinel_interfaces/sentinel_interfaces/msg/detail/tracked_detection2_d__type_support.c
[1.151s] -- Up-to-date: /root/ros2_ws/install/sentinel_interfaces/include/sentinel_interfaces/sentinel_interfaces/msg/detail/motor_command__struct.h
[1.151s] -- Up-to-date: /root/ros2_ws/install/sentinel_interfaces/include/sentinel_interfaces/sentinel_interfaces/msg/detail/detection2_d_array__struct.h
[1.151s] -- Up-to-date: /root/ros2_ws/install/sentinel_interfaces/include/sentinel_interfaces/sentinel_interfaces/msg/detail/frame_size__type_support.c
[1.151s] -- Up-to-date: /root/ros2_ws/install/sentinel_interfaces/include/sentinel_interfaces/sentinel_interfaces/msg/detail/detection__functions.c
[1.151s] -- Up-to-date: /root/ros2_ws/install/sentinel_interfaces/include/sentinel_interfaces/sentinel_interfaces/msg/detail/tracked_detection2_d_array__type_support.h
[1.151s] -- Up-to-date: /root/ros2_ws/install/sentinel_interfaces/include/sentinel_interfaces/sentinel_interfaces/msg/detail/frame_info__description.c
[1.151s] -- Up-to-date: /root/ros2_ws/install/sentinel_interfaces/include/sentinel_interfaces/sentinel_interfaces/msg/detail/frame_info__type_support.h
[1.152s] -- Up-to-date: /root/ros2_ws/install/sentinel_interfaces/include/sentinel_interfaces/sentinel_interfaces/msg/detail/frame_info__functions.h
[1.152s] -- Up-to-date: /root/ros2_ws/install/sentinel_interfaces/include/sentinel_interfaces/sentinel_interfaces/msg/detail/motor_status__type_support.h
[1.152s] -- Up-to-date: /root/ros2_ws/install/sentinel_interfaces/include/sentinel_interfaces/sentinel_interfaces/msg/detail/detection2_d_array__functions.c
[1.152s] -- Up-to-date: /root/ros2_ws/install/sentinel_interfaces/include/sentinel_interfaces/sentinel_interfaces/msg/detail/motor_angle__struct.h
[1.152s] -- Up-to-date: /root/ros2_ws/install/sentinel_interfaces/include/sentinel_interfaces/sentinel_interfaces/msg/detail/motor_status__functions.h
[1.152s] -- Up-to-date: /root/ros2_ws/install/sentinel_interfaces/include/sentinel_interfaces/sentinel_interfaces/msg/detail/frame_info__struct.h
[1.156s] -- Up-to-date: /root/ros2_ws/install/sentinel_interfaces/include/sentinel_interfaces/sentinel_interfaces/msg/detail/motor_command__type_support.h
[1.157s] -- Up-to-date: /root/ros2_ws/install/sentinel_interfaces/include/sentinel_interfaces/sentinel_interfaces/msg/detail/detection2_d__functions.h
[1.157s] -- Up-to-date: /root/ros2_ws/install/sentinel_interfaces/include/sentinel_interfaces/sentinel_interfaces/msg/detail/tracked_detection2_d__type_support.h
[1.157s] -- Up-to-date: /root/ros2_ws/install/sentinel_interfaces/include/sentinel_interfaces/sentinel_interfaces/msg/detail/detection2_d__struct.h
[1.157s] -- Up-to-date: /root/ros2_ws/install/sentinel_interfaces/include/sentinel_interfaces/sentinel_interfaces/msg/detail/detection2_d_array__type_support.h
[1.157s] -- Up-to-date: /root/ros2_ws/install/sentinel_interfaces/include/sentinel_interfaces/sentinel_interfaces/msg/detail/tracked_detection2_d_array__functions.h
[1.157s] -- Up-to-date: /root/ros2_ws/install/sentinel_interfaces/include/sentinel_interfaces/sentinel_interfaces/msg/detail/motor_command__description.c
[1.157s] -- Up-to-date: /root/ros2_ws/install/sentinel_interfaces/include/sentinel_interfaces/sentinel_interfaces/msg/detail/detection2_d__type_support.c
[1.157s] -- Up-to-date: /root/ros2_ws/install/sentinel_interfaces/include/sentinel_interfaces/sentinel_interfaces/msg/detail/motor_status__functions.c
[1.157s] -- Up-to-date: /root/ros2_ws/install/sentinel_interfaces/include/sentinel_interfaces/sentinel_interfaces/msg/detail/motor_angle__functions.h
[1.157s] -- Installing: /root/ros2_ws/install/sentinel_interfaces/include/sentinel_interfaces/sentinel_interfaces/msg/detail/video_rx_status__type_support.c
[1.157s] -- Up-to-date: /root/ros2_ws/install/sentinel_interfaces/include/sentinel_interfaces/sentinel_interfaces/msg/detail/frame_size__functions.c
[1.157s] -- Up-to-date: /root/ros2_ws/install/sentinel_interfaces/include/sentinel_interfaces/sentinel_interfaces/msg/detail/tracked_detection2_d_array__functions.c
[1.157s] -- Up-to-date: /root/ros2_ws/install/sentinel_interfaces/include/sentinel_interfaces/sentinel_interfaces/msg/detail/motor_angle__functions.c
[1.157s] -- Up-to-date: /root/ros2_ws/install/sentinel_interfaces/include/sentinel_interfaces/sentinel_interfaces/msg/detail/tracked_detection2_d_array__struct.h
[1.157s] -- Up-to-date: /root/ros2_ws/install/sentinel_interfaces/include/sentinel_interfaces/sentinel_interfaces/msg/detail/detection__description.c
[1.157s] -- Up-to-date: /root/ros2_ws/install/sentinel_interfaces/include/sentinel_interfaces/sentinel_interfaces/msg/detail/motor_angle__type_support.h
[1.157s] -- Up-to-date: /root/ros2_ws/install/sentinel_interfaces/include/sentinel_interfaces/sentinel_interfaces/msg/detail/video_rx_status__type_support.h
[1.157s] -- Up-to-date: /root/ros2_ws/install/sentinel_interfaces/include/sentinel_interfaces/sentinel_interfaces/msg/detail/video_rx_status__struct.h
[1.157s] -- Up-to-date: /root/ros2_ws/install/sentinel_interfaces/include/sentinel_interfaces/sentinel_interfaces/msg/detail/tracked_detection2_d_array__description.c
[1.157s] -- Up-to-date: /root/ros2_ws/install/sentinel_interfaces/include/sentinel_interfaces/sentinel_interfaces/msg/detail/video_rx_status__functions.h
[1.157s] -- Up-to-date: /root/ros2_ws/install/sentinel_interfaces/include/sentinel_interfaces/sentinel_interfaces/msg/detail/frame_size__struct.h
[1.158s] -- Up-to-date: /root/ros2_ws/install/sentinel_interfaces/include/sentinel_interfaces/sentinel_interfaces/msg/detail/yolo_status__struct.h
[1.158s] -- Up-to-date: /root/ros2_ws/install/sentinel_interfaces/include/sentinel_interfaces/sentinel_interfaces/msg/detail/frame_info__functions.c
[1.158s] -- Up-to-date: /root/ros2_ws/install/sentinel_interfaces/include/sentinel_interfaces/sentinel_interfaces/msg/detail/frame_size__functions.h
[1.158s] -- Up-to-date: /root/ros2_ws/install/sentinel_interfaces/include/sentinel_interfaces/sentinel_interfaces/msg/detail/frame_size__description.c
[1.158s] -- Up-to-date: /root/ros2_ws/install/sentinel_interfaces/include/sentinel_interfaces/sentinel_interfaces/msg/detail/motor_command__functions.c
[1.158s] -- Up-to-date: /root/ros2_ws/install/sentinel_interfaces/include/sentinel_interfaces/sentinel_interfaces/msg/detail/motor_angle__type_support.c
[1.158s] -- Up-to-date: /root/ros2_ws/install/sentinel_interfaces/include/sentinel_interfaces/sentinel_interfaces/msg/detail/motor_command__type_support.c
[1.158s] -- Up-to-date: /root/ros2_ws/install/sentinel_interfaces/include/sentinel_interfaces/sentinel_interfaces/msg/detail/motor_status__description.c
[1.158s] -- Up-to-date: /root/ros2_ws/install/sentinel_interfaces/include/sentinel_interfaces/sentinel_interfaces/msg/detail/tracked_detection2_d__functions.h
[1.158s] -- Up-to-date: /root/ros2_ws/install/sentinel_interfaces/include/sentinel_interfaces/sentinel_interfaces/msg/detail/detection2_d__functions.c
[1.158s] -- Installing: /root/ros2_ws/install/sentinel_interfaces/include/sentinel_interfaces/sentinel_interfaces/msg/detail/tracked_detection2_d_array__type_support.c
[1.158s] -- Up-to-date: /root/ros2_ws/install/sentinel_interfaces/include/sentinel_interfaces/sentinel_interfaces/msg/detail/motor_command__functions.h
[1.158s] -- Up-to-date: /root/ros2_ws/install/sentinel_interfaces/include/sentinel_interfaces/sentinel_interfaces/msg/detail/tracked_detection2_d__struct.h
[1.158s] -- Installing: /root/ros2_ws/install/sentinel_interfaces/include/sentinel_interfaces/sentinel_interfaces/msg/detail/yolo_status__type_support.c
[1.158s] -- Up-to-date: /root/ros2_ws/install/sentinel_interfaces/include/sentinel_interfaces/sentinel_interfaces/msg/detail/detection2_d__type_support.h
[1.158s] -- Up-to-date: /root/ros2_ws/install/sentinel_interfaces/include/sentinel_interfaces/sentinel_interfaces/msg/detail/frame_info__type_support.c
[1.158s] -- Up-to-date: /root/ros2_ws/install/sentinel_interfaces/include/sentinel_interfaces/sentinel_interfaces/msg/detail/detection__type_support.h
[1.158s] -- Up-to-date: /root/ros2_ws/install/sentinel_interfaces/include/sentinel_interfaces/sentinel_interfaces/msg/detail/motor_angle__description.c
[1.158s] -- Up-to-date: /root/ros2_ws/install/sentinel_interfaces/include/sentinel_interfaces/sentinel_interfaces/msg/detail/yolo_status__description.c
[1.159s] -- Up-to-date: /root/ros2_ws/install/sentinel_interfaces/include/sentinel_interfaces/sentinel_interfaces/msg/detail/frame_size__type_support.h
[1.159s] -- Up-to-date: /root/ros2_ws/install/sentinel_interfaces/include/sentinel_interfaces/sentinel_interfaces/msg/detail/detection2_d_array__description.c
[1.159s] -- Up-to-date: /root/ros2_ws/install/sentinel_interfaces/include/sentinel_interfaces/sentinel_interfaces/msg/detail/detection2_d__description.c
[1.159s] -- Up-to-date: /root/ros2_ws/install/sentinel_interfaces/include/sentinel_interfaces/sentinel_interfaces/msg/detail/motor_status__struct.h
[1.159s] -- Up-to-date: /root/ros2_ws/install/sentinel_interfaces/include/sentinel_interfaces/sentinel_interfaces/msg/detail/tracked_detection2_d__description.c
[1.159s] -- Up-to-date: /root/ros2_ws/install/sentinel_interfaces/share/sentinel_interfaces/environment/library_path.sh
[1.159s] -- Up-to-date: /root/ros2_ws/install/sentinel_interfaces/share/sentinel_interfaces/environment/library_path.dsv
[1.159s] -- Up-to-date: /root/ros2_ws/install/sentinel_interfaces/lib/libsentinel_interfaces__rosidl_generator_c.so
[1.159s] -- Up-to-date: /root/ros2_ws/install/sentinel_interfaces/include/sentinel_interfaces/sentinel_interfaces
[1.159s] -- Up-to-date: /root/ros2_ws/install/sentinel_interfaces/include/sentinel_interfaces/sentinel_interfaces/srv
[1.159s] -- Up-to-date: /root/ros2_ws/install/sentinel_interfaces/include/sentinel_interfaces/sentinel_interfaces/srv/detail
[1.159s] -- Up-to-date: /root/ros2_ws/install/sentinel_interfaces/include/sentinel_interfaces/sentinel_interfaces/srv/detail/set_threshold__rosidl_typesupport_fastrtps_c.h
[1.159s] -- Up-to-date: /root/ros2_ws/install/sentinel_interfaces/include/sentinel_interfaces/sentinel_interfaces/srv/detail/set_bool_flag__rosidl_typesupport_fastrtps_c.h
[1.159s] -- Up-to-date: /root/ros2_ws/install/sentinel_interfaces/include/sentinel_interfaces/sentinel_interfaces/msg
[1.159s] -- Up-to-date: /root/ros2_ws/install/sentinel_interfaces/include/sentinel_interfaces/sentinel_interfaces/msg/rosidl_typesupport_fastrtps_c__visibility_control.h
[1.159s] -- Up-to-date: /root/ros2_ws/install/sentinel_interfaces/include/sentinel_interfaces/sentinel_interfaces/msg/detail
[1.159s] -- Up-to-date: /root/ros2_ws/install/sentinel_interfaces/include/sentinel_interfaces/sentinel_interfaces/msg/detail/yolo_status__rosidl_typesupport_fastrtps_c.h
[1.159s] -- Up-to-date: /root/ros2_ws/install/sentinel_interfaces/include/sentinel_interfaces/sentinel_interfaces/msg/detail/motor_command__rosidl_typesupport_fastrtps_c.h
[1.159s] -- Up-to-date: /root/ros2_ws/install/sentinel_interfaces/include/sentinel_interfaces/sentinel_interfaces/msg/detail/frame_info__rosidl_typesupport_fastrtps_c.h
[1.159s] -- Up-to-date: /root/ros2_ws/install/sentinel_interfaces/include/sentinel_interfaces/sentinel_interfaces/msg/detail/video_rx_status__rosidl_typesupport_fastrtps_c.h
[1.159s] -- Up-to-date: /root/ros2_ws/install/sentinel_interfaces/include/sentinel_interfaces/sentinel_interfaces/msg/detail/motor_status__rosidl_typesupport_fastrtps_c.h
[1.159s] -- Up-to-date: /root/ros2_ws/install/sentinel_interfaces/include/sentinel_interfaces/sentinel_interfaces/msg/detail/detection2_d_array__rosidl_typesupport_fastrtps_c.h
[1.159s] -- Up-to-date: /root/ros2_ws/install/sentinel_interfaces/include/sentinel_interfaces/sentinel_interfaces/msg/detail/detection__rosidl_typesupport_fastrtps_c.h
[1.160s] -- Up-to-date: /root/ros2_ws/install/sentinel_interfaces/include/sentinel_interfaces/sentinel_interfaces/msg/detail/tracked_detection2_d_array__rosidl_typesupport_fastrtps_c.h
[1.160s] -- Up-to-date: /root/ros2_ws/install/sentinel_interfaces/include/sentinel_interfaces/sentinel_interfaces/msg/detail/frame_size__rosidl_typesupport_fastrtps_c.h
[1.160s] -- Up-to-date: /root/ros2_ws/install/sentinel_interfaces/include/sentinel_interfaces/sentinel_interfaces/msg/detail/tracked_detection2_d__rosidl_typesupport_fastrtps_c.h
[1.160s] -- Up-to-date: /root/ros2_ws/install/sentinel_interfaces/include/sentinel_interfaces/sentinel_interfaces/msg/detail/detection2_d__rosidl_typesupport_fastrtps_c.h
[1.160s] -- Up-to-date: /root/ros2_ws/install/sentinel_interfaces/include/sentinel_interfaces/sentinel_interfaces/msg/detail/motor_angle__rosidl_typesupport_fastrtps_c.h
[1.160s] -- Up-to-date: /root/ros2_ws/install/sentinel_interfaces/lib/libsentinel_interfaces__rosidl_typesupport_fastrtps_c.so
[1.160s] -- Up-to-date: /root/ros2_ws/install/sentinel_interfaces/include/sentinel_interfaces/sentinel_interfaces
[1.160s] -- Up-to-date: /root/ros2_ws/install/sentinel_interfaces/include/sentinel_interfaces/sentinel_interfaces/srv
[1.160s] -- Up-to-date: /root/ros2_ws/install/sentinel_interfaces/include/sentinel_interfaces/sentinel_interfaces/srv/detail
[1.160s] -- Installing: /root/ros2_ws/install/sentinel_interfaces/include/sentinel_interfaces/sentinel_interfaces/srv/detail/set_bool_flag__type_support.c
[1.160s] -- Up-to-date: /root/ros2_ws/install/sentinel_interfaces/include/sentinel_interfaces/sentinel_interfaces/srv/detail/set_bool_flag__rosidl_typesupport_introspection_c.h
[1.160s] -- Up-to-date: /root/ros2_ws/install/sentinel_interfaces/include/sentinel_interfaces/sentinel_interfaces/srv/detail/set_threshold__rosidl_typesupport_introspection_c.h
[1.160s] -- Up-to-date: /root/ros2_ws/install/sentinel_interfaces/include/sentinel_interfaces/sentinel_interfaces/srv/detail/set_threshold__type_support.c
[1.160s] -- Up-to-date: /root/ros2_ws/install/sentinel_interfaces/include/sentinel_interfaces/sentinel_interfaces/msg
[1.160s] -- Up-to-date: /root/ros2_ws/install/sentinel_interfaces/include/sentinel_interfaces/sentinel_interfaces/msg/rosidl_typesupport_introspection_c__visibility_control.h
[1.160s] -- Up-to-date: /root/ros2_ws/install/sentinel_interfaces/include/sentinel_interfaces/sentinel_interfaces/msg/detail
[1.160s] -- Up-to-date: /root/ros2_ws/install/sentinel_interfaces/include/sentinel_interfaces/sentinel_interfaces/msg/detail/motor_status__type_support.c
[1.160s] -- Up-to-date: /root/ros2_ws/install/sentinel_interfaces/include/sentinel_interfaces/sentinel_interfaces/msg/detail/motor_command__rosidl_typesupport_introspection_c.h
[1.160s] -- Up-to-date: /root/ros2_ws/install/sentinel_interfaces/include/sentinel_interfaces/sentinel_interfaces/msg/detail/yolo_status__rosidl_typesupport_introspection_c.h
[1.160s] -- Up-to-date: /root/ros2_ws/install/sentinel_interfaces/include/sentinel_interfaces/sentinel_interfaces/msg/detail/detection2_d_array__type_support.c
[1.160s] -- Up-to-date: /root/ros2_ws/install/sentinel_interfaces/include/sentinel_interfaces/sentinel_interfaces/msg/detail/detection__type_support.c
[1.160s] -- Installing: /root/ros2_ws/install/sentinel_interfaces/include/sentinel_interfaces/sentinel_interfaces/msg/detail/tracked_detection2_d__type_support.c
[1.160s] -- Up-to-date: /root/ros2_ws/install/sentinel_interfaces/include/sentinel_interfaces/sentinel_interfaces/msg/detail/frame_size__type_support.c
[1.160s] -- Up-to-date: /root/ros2_ws/install/sentinel_interfaces/include/sentinel_interfaces/sentinel_interfaces/msg/detail/frame_size__rosidl_typesupport_introspection_c.h
[1.160s] -- Up-to-date: /root/ros2_ws/install/sentinel_interfaces/include/sentinel_interfaces/sentinel_interfaces/msg/detail/detection__rosidl_typesupport_introspection_c.h
[1.160s] -- Up-to-date: /root/ros2_ws/install/sentinel_interfaces/include/sentinel_interfaces/sentinel_interfaces/msg/detail/frame_info__rosidl_typesupport_introspection_c.h
[1.161s] -- Up-to-date: /root/ros2_ws/install/sentinel_interfaces/include/sentinel_interfaces/sentinel_interfaces/msg/detail/motor_status__rosidl_typesupport_introspection_c.h
[1.161s] -- Up-to-date: /root/ros2_ws/install/sentinel_interfaces/include/sentinel_interfaces/sentinel_interfaces/msg/detail/detection2_d__rosidl_typesupport_introspection_c.h
[1.161s] -- Up-to-date: /root/ros2_ws/install/sentinel_interfaces/include/sentinel_interfaces/sentinel_interfaces/msg/detail/detection2_d__type_support.c
[1.161s] -- Up-to-date: /root/ros2_ws/install/sentinel_interfaces/include/sentinel_interfaces/sentinel_interfaces/msg/detail/video_rx_status__rosidl_typesupport_introspection_c.h
[1.161s] -- Installing: /root/ros2_ws/install/sentinel_interfaces/include/sentinel_interfaces/sentinel_interfaces/msg/detail/video_rx_status__type_support.c
[1.161s] -- Up-to-date: /root/ros2_ws/install/sentinel_interfaces/include/sentinel_interfaces/sentinel_interfaces/msg/detail/motor_angle__type_support.c
[1.161s] -- Up-to-date: /root/ros2_ws/install/sentinel_interfaces/include/sentinel_interfaces/sentinel_interfaces/msg/detail/motor_command__type_support.c
[1.161s] -- Up-to-date: /root/ros2_ws/install/sentinel_interfaces/include/sentinel_interfaces/sentinel_interfaces/msg/detail/tracked_detection2_d_array__rosidl_typesupport_introspection_c.h
[1.161s] -- Installing: /root/ros2_ws/install/sentinel_interfaces/include/sentinel_interfaces/sentinel_interfaces/msg/detail/tracked_detection2_d_array__type_support.c
[1.161s] -- Up-to-date: /root/ros2_ws/install/sentinel_interfaces/include/sentinel_interfaces/sentinel_interfaces/msg/detail/motor_angle__rosidl_typesupport_introspection_c.h
[1.161s] -- Installing: /root/ros2_ws/install/sentinel_interfaces/include/sentinel_interfaces/sentinel_interfaces/msg/detail/yolo_status__type_support.c
[1.162s] -- Up-to-date: /root/ros2_ws/install/sentinel_interfaces/include/sentinel_interfaces/sentinel_interfaces/msg/detail/frame_info__type_support.c
[1.162s] -- Up-to-date: /root/ros2_ws/install/sentinel_interfaces/include/sentinel_interfaces/sentinel_interfaces/msg/detail/tracked_detection2_d__rosidl_typesupport_introspection_c.h
[1.162s] -- Up-to-date: /root/ros2_ws/install/sentinel_interfaces/include/sentinel_interfaces/sentinel_interfaces/msg/detail/detection2_d_array__rosidl_typesupport_introspection_c.h
[1.163s] -- Up-to-date: /root/ros2_ws/install/sentinel_interfaces/lib/libsentinel_interfaces__rosidl_typesupport_introspection_c.so
[1.164s] -- Up-to-date: /root/ros2_ws/install/sentinel_interfaces/lib/libsentinel_interfaces__rosidl_typesupport_c.so
[1.164s] -- Up-to-date: /root/ros2_ws/install/sentinel_interfaces/include/sentinel_interfaces/sentinel_interfaces
[1.164s] -- Up-to-date: /root/ros2_ws/install/sentinel_interfaces/include/sentinel_interfaces/sentinel_interfaces/srv
[1.164s] -- Up-to-date: /root/ros2_ws/install/sentinel_interfaces/include/sentinel_interfaces/sentinel_interfaces/srv/set_bool_flag.hpp
[1.164s] -- Up-to-date: /root/ros2_ws/install/sentinel_interfaces/include/sentinel_interfaces/sentinel_interfaces/srv/set_threshold.hpp
[1.164s] -- Up-to-date: /root/ros2_ws/install/sentinel_interfaces/include/sentinel_interfaces/sentinel_interfaces/srv/detail
[1.164s] -- Up-to-date: /root/ros2_ws/install/sentinel_interfaces/include/sentinel_interfaces/sentinel_interfaces/srv/detail/set_threshold__type_support.hpp
[1.164s] -- Up-to-date: /root/ros2_ws/install/sentinel_interfaces/include/sentinel_interfaces/sentinel_interfaces/srv/detail/set_threshold__struct.hpp
[1.165s] -- Up-to-date: /root/ros2_ws/install/sentinel_interfaces/include/sentinel_interfaces/sentinel_interfaces/srv/detail/set_bool_flag__traits.hpp
[1.165s] -- Up-to-date: /root/ros2_ws/install/sentinel_interfaces/include/sentinel_interfaces/sentinel_interfaces/srv/detail/set_bool_flag__builder.hpp
[1.165s] -- Up-to-date: /root/ros2_ws/install/sentinel_interfaces/include/sentinel_interfaces/sentinel_interfaces/srv/detail/set_bool_flag__type_support.hpp
[1.165s] -- Up-to-date: /root/ros2_ws/install/sentinel_interfaces/include/sentinel_interfaces/sentinel_interfaces/srv/detail/set_threshold__builder.hpp
[1.165s] -- Up-to-date: /root/ros2_ws/install/sentinel_interfaces/include/sentinel_interfaces/sentinel_interfaces/srv/detail/set_bool_flag__struct.hpp
[1.165s] -- Up-to-date: /root/ros2_ws/install/sentinel_interfaces/include/sentinel_interfaces/sentinel_interfaces/srv/detail/set_threshold__traits.hpp
[1.165s] -- Up-to-date: /root/ros2_ws/install/sentinel_interfaces/include/sentinel_interfaces/sentinel_interfaces/msg
[1.165s] -- Up-to-date: /root/ros2_ws/install/sentinel_interfaces/include/sentinel_interfaces/sentinel_interfaces/msg/video_rx_status.hpp
[1.168s] -- Up-to-date: /root/ros2_ws/install/sentinel_interfaces/include/sentinel_interfaces/sentinel_interfaces/msg/motor_command.hpp
[1.168s] -- Up-to-date: /root/ros2_ws/install/sentinel_interfaces/include/sentinel_interfaces/sentinel_interfaces/msg/detection2_d_array.hpp
[1.168s] -- Up-to-date: /root/ros2_ws/install/sentinel_interfaces/include/sentinel_interfaces/sentinel_interfaces/msg/motor_status.hpp
[1.168s] -- Up-to-date: /root/ros2_ws/install/sentinel_interfaces/include/sentinel_interfaces/sentinel_interfaces/msg/tracked_detection2_d_array.hpp
[1.168s] -- Up-to-date: /root/ros2_ws/install/sentinel_interfaces/include/sentinel_interfaces/sentinel_interfaces/msg/detection2_d.hpp
[1.168s] -- Up-to-date: /root/ros2_ws/install/sentinel_interfaces/include/sentinel_interfaces/sentinel_interfaces/msg/frame_size.hpp
[1.168s] -- Up-to-date: /root/ros2_ws/install/sentinel_interfaces/include/sentinel_interfaces/sentinel_interfaces/msg/detection.hpp
[1.168s] -- Up-to-date: /root/ros2_ws/install/sentinel_interfaces/include/sentinel_interfaces/sentinel_interfaces/msg/motor_angle.hpp
[1.168s] -- Up-to-date: /root/ros2_ws/install/sentinel_interfaces/include/sentinel_interfaces/sentinel_interfaces/msg/frame_info.hpp
[1.168s] -- Up-to-date: /root/ros2_ws/install/sentinel_interfaces/include/sentinel_interfaces/sentinel_interfaces/msg/tracked_detection2_d.hpp
[1.168s] -- Up-to-date: /root/ros2_ws/install/sentinel_interfaces/include/sentinel_interfaces/sentinel_interfaces/msg/rosidl_generator_cpp__visibility_control.hpp
[1.168s] -- Up-to-date: /root/ros2_ws/install/sentinel_interfaces/include/sentinel_interfaces/sentinel_interfaces/msg/yolo_status.hpp
[1.168s] -- Up-to-date: /root/ros2_ws/install/sentinel_interfaces/include/sentinel_interfaces/sentinel_interfaces/msg/detail
[1.168s] -- Up-to-date: /root/ros2_ws/install/sentinel_interfaces/include/sentinel_interfaces/sentinel_interfaces/msg/detail/detection2_d__traits.hpp
[1.168s] -- Up-to-date: /root/ros2_ws/install/sentinel_interfaces/include/sentinel_interfaces/sentinel_interfaces/msg/detail/motor_status__struct.hpp
[1.168s] -- Up-to-date: /root/ros2_ws/install/sentinel_interfaces/include/sentinel_interfaces/sentinel_interfaces/msg/detail/frame_size__type_support.hpp
[1.169s] -- Up-to-date: /root/ros2_ws/install/sentinel_interfaces/include/sentinel_interfaces/sentinel_interfaces/msg/detail/detection2_d_array__type_support.hpp
[1.169s] -- Up-to-date: /root/ros2_ws/install/sentinel_interfaces/include/sentinel_interfaces/sentinel_interfaces/msg/detail/yolo_status__traits.hpp
[1.169s] -- Up-to-date: /root/ros2_ws/install/sentinel_interfaces/include/sentinel_interfaces/sentinel_interfaces/msg/detail/motor_angle__struct.hpp
[1.169s] -- Up-to-date: /root/ros2_ws/install/sentinel_interfaces/include/sentinel_interfaces/sentinel_interfaces/msg/detail/frame_info__type_support.hpp
[1.169s] -- Up-to-date: /root/ros2_ws/install/sentinel_interfaces/include/sentinel_interfaces/sentinel_interfaces/msg/detail/motor_command__traits.hpp
[1.169s] -- Up-to-date: /root/ros2_ws/install/sentinel_interfaces/include/sentinel_interfaces/sentinel_interfaces/msg/detail/tracked_detection2_d__type_support.hpp
[1.169s] -- Up-to-date: /root/ros2_ws/install/sentinel_interfaces/include/sentinel_interfaces/sentinel_interfaces/msg/detail/frame_size__struct.hpp
[1.169s] -- Up-to-date: /root/ros2_ws/install/sentinel_interfaces/include/sentinel_interfaces/sentinel_interfaces/msg/detail/yolo_status__struct.hpp
[1.169s] -- Up-to-date: /root/ros2_ws/install/sentinel_interfaces/include/sentinel_interfaces/sentinel_interfaces/msg/detail/motor_angle__type_support.hpp
[1.169s] -- Up-to-date: /root/ros2_ws/install/sentinel_interfaces/include/sentinel_interfaces/sentinel_interfaces/msg/detail/frame_info__builder.hpp
[1.169s] -- Up-to-date: /root/ros2_ws/install/sentinel_interfaces/include/sentinel_interfaces/sentinel_interfaces/msg/detail/video_rx_status__traits.hpp
[1.169s] -- Up-to-date: /root/ros2_ws/install/sentinel_interfaces/include/sentinel_interfaces/sentinel_interfaces/msg/detail/detection2_d_array__traits.hpp
[1.169s] -- Up-to-date: /root/ros2_ws/install/sentinel_interfaces/include/sentinel_interfaces/sentinel_interfaces/msg/detail/tracked_detection2_d__builder.hpp
[1.169s] -- Up-to-date: /root/ros2_ws/install/sentinel_interfaces/include/sentinel_interfaces/sentinel_interfaces/msg/detail/tracked_detection2_d_array__type_support.hpp
[1.169s] -- Up-to-date: /root/ros2_ws/install/sentinel_interfaces/include/sentinel_interfaces/sentinel_interfaces/msg/detail/yolo_status__builder.hpp
[1.169s] -- Up-to-date: /root/ros2_ws/install/sentinel_interfaces/include/sentinel_interfaces/sentinel_interfaces/msg/detail/tracked_detection2_d__traits.hpp
[1.169s] -- Up-to-date: /root/ros2_ws/install/sentinel_interfaces/include/sentinel_interfaces/sentinel_interfaces/msg/detail/detection2_d__type_support.hpp
[1.169s] -- Up-to-date: /root/ros2_ws/install/sentinel_interfaces/include/sentinel_interfaces/sentinel_interfaces/msg/detail/detection2_d__struct.hpp
[1.169s] -- Up-to-date: /root/ros2_ws/install/sentinel_interfaces/include/sentinel_interfaces/sentinel_interfaces/msg/detail/tracked_detection2_d_array__traits.hpp
[1.169s] -- Up-to-date: /root/ros2_ws/install/sentinel_interfaces/include/sentinel_interfaces/sentinel_interfaces/msg/detail/detection2_d_array__struct.hpp
[1.169s] -- Up-to-date: /root/ros2_ws/install/sentinel_interfaces/include/sentinel_interfaces/sentinel_interfaces/msg/detail/detection2_d_array__builder.hpp
[1.169s] -- Up-to-date: /root/ros2_ws/install/sentinel_interfaces/include/sentinel_interfaces/sentinel_interfaces/msg/detail/frame_size__builder.hpp
[1.170s] -- Up-to-date: /root/ros2_ws/install/sentinel_interfaces/include/sentinel_interfaces/sentinel_interfaces/msg/detail/motor_status__type_support.hpp
[1.170s] -- Up-to-date: /root/ros2_ws/install/sentinel_interfaces/include/sentinel_interfaces/sentinel_interfaces/msg/detail/motor_status__traits.hpp
[1.170s] -- Up-to-date: /root/ros2_ws/install/sentinel_interfaces/include/sentinel_interfaces/sentinel_interfaces/msg/detail/video_rx_status__type_support.hpp
[1.170s] -- Up-to-date: /root/ros2_ws/install/sentinel_interfaces/include/sentinel_interfaces/sentinel_interfaces/msg/detail/tracked_detection2_d__struct.hpp
[1.170s] -- Up-to-date: /root/ros2_ws/install/sentinel_interfaces/include/sentinel_interfaces/sentinel_interfaces/msg/detail/detection__builder.hpp
[1.170s] -- Up-to-date: /root/ros2_ws/install/sentinel_interfaces/include/sentinel_interfaces/sentinel_interfaces/msg/detail/frame_size__traits.hpp
[1.170s] -- Up-to-date: /root/ros2_ws/install/sentinel_interfaces/include/sentinel_interfaces/sentinel_interfaces/msg/detail/tracked_detection2_d_array__builder.hpp
[1.170s] -- Up-to-date: /root/ros2_ws/install/sentinel_interfaces/include/sentinel_interfaces/sentinel_interfaces/msg/detail/tracked_detection2_d_array__struct.hpp
[1.170s] -- Up-to-date: /root/ros2_ws/install/sentinel_interfaces/include/sentinel_interfaces/sentinel_interfaces/msg/detail/motor_status__builder.hpp
[1.170s] -- Up-to-date: /root/ros2_ws/install/sentinel_interfaces/include/sentinel_interfaces/sentinel_interfaces/msg/detail/motor_command__type_support.hpp
[1.170s] -- Up-to-date: /root/ros2_ws/install/sentinel_interfaces/include/sentinel_interfaces/sentinel_interfaces/msg/detail/motor_angle__traits.hpp
[1.172s] -- Up-to-date: /root/ros2_ws/install/sentinel_interfaces/include/sentinel_interfaces/sentinel_interfaces/msg/detail/frame_info__traits.hpp
[1.172s] -- Up-to-date: /root/ros2_ws/install/sentinel_interfaces/include/sentinel_interfaces/sentinel_interfaces/msg/detail/motor_command__builder.hpp
[1.172s] -- Up-to-date: /root/ros2_ws/install/sentinel_interfaces/include/sentinel_interfaces/sentinel_interfaces/msg/detail/frame_info__struct.hpp
[1.172s] -- Up-to-date: /root/ros2_ws/install/sentinel_interfaces/include/sentinel_interfaces/sentinel_interfaces/msg/detail/detection2_d__builder.hpp
[1.172s] -- Up-to-date: /root/ros2_ws/install/sentinel_interfaces/include/sentinel_interfaces/sentinel_interfaces/msg/detail/yolo_status__type_support.hpp
[1.172s] -- Up-to-date: /root/ros2_ws/install/sentinel_interfaces/include/sentinel_interfaces/sentinel_interfaces/msg/detail/detection__type_support.hpp
[1.172s] -- Up-to-date: /root/ros2_ws/install/sentinel_interfaces/include/sentinel_interfaces/sentinel_interfaces/msg/detail/video_rx_status__struct.hpp
[1.172s] -- Up-to-date: /root/ros2_ws/install/sentinel_interfaces/include/sentinel_interfaces/sentinel_interfaces/msg/detail/detection__struct.hpp
[1.172s] -- Up-to-date: /root/ros2_ws/install/sentinel_interfaces/include/sentinel_interfaces/sentinel_interfaces/msg/detail/video_rx_status__builder.hpp
[1.172s] -- Up-to-date: /root/ros2_ws/install/sentinel_interfaces/include/sentinel_interfaces/sentinel_interfaces/msg/detail/motor_command__struct.hpp
[1.172s] -- Up-to-date: /root/ros2_ws/install/sentinel_interfaces/include/sentinel_interfaces/sentinel_interfaces/msg/detail/detection__traits.hpp
[1.172s] -- Up-to-date: /root/ros2_ws/install/sentinel_interfaces/include/sentinel_interfaces/sentinel_interfaces/msg/detail/motor_angle__builder.hpp
[1.172s] -- Up-to-date: /root/ros2_ws/install/sentinel_interfaces/include/sentinel_interfaces/sentinel_interfaces
[1.172s] -- Up-to-date: /root/ros2_ws/install/sentinel_interfaces/include/sentinel_interfaces/sentinel_interfaces/srv
[1.172s] -- Up-to-date: /root/ros2_ws/install/sentinel_interfaces/include/sentinel_interfaces/sentinel_interfaces/srv/detail
[1.172s] -- Up-to-date: /root/ros2_ws/install/sentinel_interfaces/include/sentinel_interfaces/sentinel_interfaces/srv/detail/set_bool_flag__rosidl_typesupport_fastrtps_cpp.hpp
[1.172s] -- Up-to-date: /root/ros2_ws/install/sentinel_interfaces/include/sentinel_interfaces/sentinel_interfaces/srv/detail/dds_fastrtps
[1.172s] -- Up-to-date: /root/ros2_ws/install/sentinel_interfaces/include/sentinel_interfaces/sentinel_interfaces/srv/detail/set_threshold__rosidl_typesupport_fastrtps_cpp.hpp
[1.172s] -- Up-to-date: /root/ros2_ws/install/sentinel_interfaces/include/sentinel_interfaces/sentinel_interfaces/msg
[1.173s] -- Up-to-date: /root/ros2_ws/install/sentinel_interfaces/include/sentinel_interfaces/sentinel_interfaces/msg/rosidl_typesupport_fastrtps_cpp__visibility_control.h
[1.173s] -- Up-to-date: /root/ros2_ws/install/sentinel_interfaces/include/sentinel_interfaces/sentinel_interfaces/msg/detail
[1.173s] -- Up-to-date: /root/ros2_ws/install/sentinel_interfaces/include/sentinel_interfaces/sentinel_interfaces/msg/detail/detection2_d_array__rosidl_typesupport_fastrtps_cpp.hpp
[1.173s] -- Up-to-date: /root/ros2_ws/install/sentinel_interfaces/include/sentinel_interfaces/sentinel_interfaces/msg/detail/yolo_status__rosidl_typesupport_fastrtps_cpp.hpp
[1.173s] -- Up-to-date: /root/ros2_ws/install/sentinel_interfaces/include/sentinel_interfaces/sentinel_interfaces/msg/detail/detection2_d__rosidl_typesupport_fastrtps_cpp.hpp
[1.173s] -- Up-to-date: /root/ros2_ws/install/sentinel_interfaces/include/sentinel_interfaces/sentinel_interfaces/msg/detail/motor_command__rosidl_typesupport_fastrtps_cpp.hpp
[1.173s] -- Up-to-date: /root/ros2_ws/install/sentinel_interfaces/include/sentinel_interfaces/sentinel_interfaces/msg/detail/tracked_detection2_d__rosidl_typesupport_fastrtps_cpp.hpp
[1.173s] -- Up-to-date: /root/ros2_ws/install/sentinel_interfaces/include/sentinel_interfaces/sentinel_interfaces/msg/detail/dds_fastrtps
[1.173s] -- Up-to-date: /root/ros2_ws/install/sentinel_interfaces/include/sentinel_interfaces/sentinel_interfaces/msg/detail/video_rx_status__rosidl_typesupport_fastrtps_cpp.hpp
[1.173s] -- Up-to-date: /root/ros2_ws/install/sentinel_interfaces/include/sentinel_interfaces/sentinel_interfaces/msg/detail/frame_info__rosidl_typesupport_fastrtps_cpp.hpp
[1.173s] -- Up-to-date: /root/ros2_ws/install/sentinel_interfaces/include/sentinel_interfaces/sentinel_interfaces/msg/detail/motor_angle__rosidl_typesupport_fastrtps_cpp.hpp
[1.173s] -- Up-to-date: /root/ros2_ws/install/sentinel_interfaces/include/sentinel_interfaces/sentinel_interfaces/msg/detail/frame_size__rosidl_typesupport_fastrtps_cpp.hpp
[1.173s] -- Up-to-date: /root/ros2_ws/install/sentinel_interfaces/include/sentinel_interfaces/sentinel_interfaces/msg/detail/detection__rosidl_typesupport_fastrtps_cpp.hpp
[1.173s] -- Up-to-date: /root/ros2_ws/install/sentinel_interfaces/include/sentinel_interfaces/sentinel_interfaces/msg/detail/tracked_detection2_d_array__rosidl_typesupport_fastrtps_cpp.hpp
[1.173s] -- Up-to-date: /root/ros2_ws/install/sentinel_interfaces/include/sentinel_interfaces/sentinel_interfaces/msg/detail/motor_status__rosidl_typesupport_fastrtps_cpp.hpp
[1.173s] -- Up-to-date: /root/ros2_ws/install/sentinel_interfaces/lib/libsentinel_interfaces__rosidl_typesupport_fastrtps_cpp.so
[1.173s] -- Up-to-date: /root/ros2_ws/install/sentinel_interfaces/include/sentinel_interfaces/sentinel_interfaces
[1.173s] -- Up-to-date: /root/ros2_ws/install/sentinel_interfaces/include/sentinel_interfaces/sentinel_interfaces/srv
[1.173s] -- Up-to-date: /root/ros2_ws/install/sentinel_interfaces/include/sentinel_interfaces/sentinel_interfaces/srv/detail
[1.173s] -- Up-to-date: /root/ros2_ws/install/sentinel_interfaces/include/sentinel_interfaces/sentinel_interfaces/srv/detail/set_bool_flag__type_support.cpp
[1.173s] -- Up-to-date: /root/ros2_ws/install/sentinel_interfaces/include/sentinel_interfaces/sentinel_interfaces/srv/detail/set_bool_flag__rosidl_typesupport_introspection_cpp.hpp
[1.173s] -- Up-to-date: /root/ros2_ws/install/sentinel_interfaces/include/sentinel_interfaces/sentinel_interfaces/srv/detail/set_threshold__rosidl_typesupport_introspection_cpp.hpp
[1.173s] -- Up-to-date: /root/ros2_ws/install/sentinel_interfaces/include/sentinel_interfaces/sentinel_interfaces/srv/detail/set_threshold__type_support.cpp
[1.173s] -- Up-to-date: /root/ros2_ws/install/sentinel_interfaces/include/sentinel_interfaces/sentinel_interfaces/msg
[1.174s] -- Up-to-date: /root/ros2_ws/install/sentinel_interfaces/include/sentinel_interfaces/sentinel_interfaces/msg/detail
[1.174s] -- Up-to-date: /root/ros2_ws/install/sentinel_interfaces/include/sentinel_interfaces/sentinel_interfaces/msg/detail/motor_angle__type_support.cpp
[1.174s] -- Up-to-date: /root/ros2_ws/install/sentinel_interfaces/include/sentinel_interfaces/sentinel_interfaces/msg/detail/detection2_d__type_support.cpp
[1.174s] -- Up-to-date: /root/ros2_ws/install/sentinel_interfaces/include/sentinel_interfaces/sentinel_interfaces/msg/detail/motor_command__rosidl_typesupport_introspection_cpp.hpp
[1.174s] -- Up-to-date: /root/ros2_ws/install/sentinel_interfaces/include/sentinel_interfaces/sentinel_interfaces/msg/detail/detection__rosidl_typesupport_introspection_cpp.hpp
[1.174s] -- Up-to-date: /root/ros2_ws/install/sentinel_interfaces/include/sentinel_interfaces/sentinel_interfaces/msg/detail/frame_info__type_support.cpp
[1.174s] -- Up-to-date: /root/ros2_ws/install/sentinel_interfaces/include/sentinel_interfaces/sentinel_interfaces/msg/detail/motor_angle__rosidl_typesupport_introspection_cpp.hpp
[1.174s] -- Up-to-date: /root/ros2_ws/install/sentinel_interfaces/include/sentinel_interfaces/sentinel_interfaces/msg/detail/motor_status__rosidl_typesupport_introspection_cpp.hpp
[1.174s] -- Up-to-date: /root/ros2_ws/install/sentinel_interfaces/include/sentinel_interfaces/sentinel_interfaces/msg/detail/detection2_d__rosidl_typesupport_introspection_cpp.hpp
[1.174s] -- Up-to-date: /root/ros2_ws/install/sentinel_interfaces/include/sentinel_interfaces/sentinel_interfaces/msg/detail/detection__type_support.cpp
[1.174s] -- Up-to-date: /root/ros2_ws/install/sentinel_interfaces/include/sentinel_interfaces/sentinel_interfaces/msg/detail/frame_size__type_support.cpp
[1.174s] -- Up-to-date: /root/ros2_ws/install/sentinel_interfaces/include/sentinel_interfaces/sentinel_interfaces/msg/detail/video_rx_status__type_support.cpp
[1.174s] -- Up-to-date: /root/ros2_ws/install/sentinel_interfaces/include/sentinel_interfaces/sentinel_interfaces/msg/detail/tracked_detection2_d_array__type_support.cpp
[1.174s] -- Up-to-date: /root/ros2_ws/install/sentinel_interfaces/include/sentinel_interfaces/sentinel_interfaces/msg/detail/yolo_status__type_support.cpp
[1.174s] -- Up-to-date: /root/ros2_ws/install/sentinel_interfaces/include/sentinel_interfaces/sentinel_interfaces/msg/detail/detection2_d_array__rosidl_typesupport_introspection_cpp.hpp
[1.174s] -- Up-to-date: /root/ros2_ws/install/sentinel_interfaces/include/sentinel_interfaces/sentinel_interfaces/msg/detail/frame_info__rosidl_typesupport_introspection_cpp.hpp
[1.174s] -- Up-to-date: /root/ros2_ws/install/sentinel_interfaces/include/sentinel_interfaces/sentinel_interfaces/msg/detail/tracked_detection2_d__rosidl_typesupport_introspection_cpp.hpp
[1.174s] -- Up-to-date: /root/ros2_ws/install/sentinel_interfaces/include/sentinel_interfaces/sentinel_interfaces/msg/detail/motor_command__type_support.cpp
[1.174s] -- Up-to-date: /root/ros2_ws/install/sentinel_interfaces/include/sentinel_interfaces/sentinel_interfaces/msg/detail/video_rx_status__rosidl_typesupport_introspection_cpp.hpp
[1.174s] -- Up-to-date: /root/ros2_ws/install/sentinel_interfaces/include/sentinel_interfaces/sentinel_interfaces/msg/detail/frame_size__rosidl_typesupport_introspection_cpp.hpp
[1.174s] -- Up-to-date: /root/ros2_ws/install/sentinel_interfaces/include/sentinel_interfaces/sentinel_interfaces/msg/detail/detection2_d_array__type_support.cpp
[1.175s] -- Up-to-date: /root/ros2_ws/install/sentinel_interfaces/include/sentinel_interfaces/sentinel_interfaces/msg/detail/tracked_detection2_d_array__rosidl_typesupport_introspection_cpp.hpp
[1.175s] -- Up-to-date: /root/ros2_ws/install/sentinel_interfaces/include/sentinel_interfaces/sentinel_interfaces/msg/detail/motor_status__type_support.cpp
[1.175s] -- Up-to-date: /root/ros2_ws/install/sentinel_interfaces/include/sentinel_interfaces/sentinel_interfaces/msg/detail/tracked_detection2_d__type_support.cpp
[1.175s] -- Up-to-date: /root/ros2_ws/install/sentinel_interfaces/include/sentinel_interfaces/sentinel_interfaces/msg/detail/yolo_status__rosidl_typesupport_introspection_cpp.hpp
[1.175s] -- Up-to-date: /root/ros2_ws/install/sentinel_interfaces/lib/libsentinel_interfaces__rosidl_typesupport_introspection_cpp.so
[1.175s] -- Up-to-date: /root/ros2_ws/install/sentinel_interfaces/lib/libsentinel_interfaces__rosidl_typesupport_cpp.so
[1.175s] -- Up-to-date: /root/ros2_ws/install/sentinel_interfaces/share/sentinel_interfaces/environment/pythonpath.sh
[1.175s] -- Up-to-date: /root/ros2_ws/install/sentinel_interfaces/share/sentinel_interfaces/environment/pythonpath.dsv
[1.175s] -- Up-to-date: /root/ros2_ws/install/sentinel_interfaces/lib/python3.12/site-packages/sentinel_interfaces-0.0.0-py3.12.egg-info
[1.175s] -- Installing: /root/ros2_ws/install/sentinel_interfaces/lib/python3.12/site-packages/sentinel_interfaces-0.0.0-py3.12.egg-info/PKG-INFO
[1.175s] -- Installing: /root/ros2_ws/install/sentinel_interfaces/lib/python3.12/site-packages/sentinel_interfaces-0.0.0-py3.12.egg-info/top_level.txt
[1.175s] -- Installing: /root/ros2_ws/install/sentinel_interfaces/lib/python3.12/site-packages/sentinel_interfaces-0.0.0-py3.12.egg-info/SOURCES.txt
[1.175s] -- Installing: /root/ros2_ws/install/sentinel_interfaces/lib/python3.12/site-packages/sentinel_interfaces-0.0.0-py3.12.egg-info/dependency_links.txt
[1.175s] -- Up-to-date: /root/ros2_ws/install/sentinel_interfaces/lib/python3.12/site-packages/sentinel_interfaces
[1.179s] -- Up-to-date: /root/ros2_ws/install/sentinel_interfaces/lib/python3.12/site-packages/sentinel_interfaces/_sentinel_interfaces_s.ep.rosidl_typesupport_c.c
[1.179s] -- Up-to-date: /root/ros2_ws/install/sentinel_interfaces/lib/python3.12/site-packages/sentinel_interfaces/sentinel_interfaces_s__rosidl_typesupport_c.so
[1.179s] -- Up-to-date: /root/ros2_ws/install/sentinel_interfaces/lib/python3.12/site-packages/sentinel_interfaces/sentinel_interfaces_s__rosidl_typesupport_fastrtps_c.so
[1.179s] -- Up-to-date: /root/ros2_ws/install/sentinel_interfaces/lib/python3.12/site-packages/sentinel_interfaces/_sentinel_interfaces_s.ep.rosidl_typesupport_introspection_c.c
[1.179s] -- Up-to-date: /root/ros2_ws/install/sentinel_interfaces/lib/python3.12/site-packages/sentinel_interfaces/_sentinel_interfaces_s.ep.rosidl_typesupport_fastrtps_c.c
[1.179s] -- Up-to-date: /root/ros2_ws/install/sentinel_interfaces/lib/python3.12/site-packages/sentinel_interfaces/srv
[1.179s] -- Up-to-date: /root/ros2_ws/install/sentinel_interfaces/lib/python3.12/site-packages/sentinel_interfaces/srv/_set_threshold.py
[1.179s] -- Up-to-date: /root/ros2_ws/install/sentinel_interfaces/lib/python3.12/site-packages/sentinel_interfaces/srv/_set_bool_flag_s.c
[1.179s] -- Up-to-date: /root/ros2_ws/install/sentinel_interfaces/lib/python3.12/site-packages/sentinel_interfaces/srv/_set_bool_flag.py
[1.179s] -- Up-to-date: /root/ros2_ws/install/sentinel_interfaces/lib/python3.12/site-packages/sentinel_interfaces/srv/_set_threshold_s.c
[1.179s] -- Up-to-date: /root/ros2_ws/install/sentinel_interfaces/lib/python3.12/site-packages/sentinel_interfaces/srv/__init__.py
[1.179s] -- Up-to-date: /root/ros2_ws/install/sentinel_interfaces/lib/python3.12/site-packages/sentinel_interfaces/msg
[1.179s] -- Up-to-date: /root/ros2_ws/install/sentinel_interfaces/lib/python3.12/site-packages/sentinel_interfaces/msg/_tracked_detection2_d.py
[1.179s] -- Up-to-date: /root/ros2_ws/install/sentinel_interfaces/lib/python3.12/site-packages/sentinel_interfaces/msg/_tracked_detection2_d_array.py
[1.179s] -- Up-to-date: /root/ros2_ws/install/sentinel_interfaces/lib/python3.12/site-packages/sentinel_interfaces/msg/_detection2_d_array.py
[1.179s] -- Up-to-date: /root/ros2_ws/install/sentinel_interfaces/lib/python3.12/site-packages/sentinel_interfaces/msg/_motor_status_s.c
[1.180s] -- Up-to-date: /root/ros2_ws/install/sentinel_interfaces/lib/python3.12/site-packages/sentinel_interfaces/msg/_motor_command_s.c
[1.180s] -- Up-to-date: /root/ros2_ws/install/sentinel_interfaces/lib/python3.12/site-packages/sentinel_interfaces/msg/_frame_size_s.c
[1.180s] -- Up-to-date: /root/ros2_ws/install/sentinel_interfaces/lib/python3.12/site-packages/sentinel_interfaces/msg/_frame_size.py
[1.180s] -- Up-to-date: /root/ros2_ws/install/sentinel_interfaces/lib/python3.12/site-packages/sentinel_interfaces/msg/_tracked_detection2_d_s.c
[1.180s] -- Up-to-date: /root/ros2_ws/install/sentinel_interfaces/lib/python3.12/site-packages/sentinel_interfaces/msg/_yolo_status_s.c
[1.180s] -- Up-to-date: /root/ros2_ws/install/sentinel_interfaces/lib/python3.12/site-packages/sentinel_interfaces/msg/_motor_angle.py
[1.180s] -- Up-to-date: /root/ros2_ws/install/sentinel_interfaces/lib/python3.12/site-packages/sentinel_interfaces/msg/_detection_s.c
[1.180s] -- Up-to-date: /root/ros2_ws/install/sentinel_interfaces/lib/python3.12/site-packages/sentinel_interfaces/msg/_yolo_status.py
[1.180s] -- Up-to-date: /root/ros2_ws/install/sentinel_interfaces/lib/python3.12/site-packages/sentinel_interfaces/msg/_motor_angle_s.c
[1.180s] -- Up-to-date: /root/ros2_ws/install/sentinel_interfaces/lib/python3.12/site-packages/sentinel_interfaces/msg/_video_rx_status.py
[1.180s] -- Up-to-date: /root/ros2_ws/install/sentinel_interfaces/lib/python3.12/site-packages/sentinel_interfaces/msg/_motor_command.py
[1.180s] -- Up-to-date: /root/ros2_ws/install/sentinel_interfaces/lib/python3.12/site-packages/sentinel_interfaces/msg/_detection2_d.py
[1.180s] -- Up-to-date: /root/ros2_ws/install/sentinel_interfaces/lib/python3.12/site-packages/sentinel_interfaces/msg/_frame_info.py
[1.180s] -- Up-to-date: /root/ros2_ws/install/sentinel_interfaces/lib/python3.12/site-packages/sentinel_interfaces/msg/_video_rx_status_s.c
[1.180s] -- Up-to-date: /root/ros2_ws/install/sentinel_interfaces/lib/python3.12/site-packages/sentinel_interfaces/msg/_frame_info_s.c
[1.180s] -- Up-to-date: /root/ros2_ws/install/sentinel_interfaces/lib/python3.12/site-packages/sentinel_interfaces/msg/_detection2_d_s.c
[1.180s] -- Up-to-date: /root/ros2_ws/install/sentinel_interfaces/lib/python3.12/site-packages/sentinel_interfaces/msg/_detection2_d_array_s.c
[1.180s] -- Up-to-date: /root/ros2_ws/install/sentinel_interfaces/lib/python3.12/site-packages/sentinel_interfaces/msg/_tracked_detection2_d_array_s.c
[1.180s] -- Up-to-date: /root/ros2_ws/install/sentinel_interfaces/lib/python3.12/site-packages/sentinel_interfaces/msg/_detection.py
[1.180s] -- Up-to-date: /root/ros2_ws/install/sentinel_interfaces/lib/python3.12/site-packages/sentinel_interfaces/msg/_motor_status.py
[1.180s] -- Up-to-date: /root/ros2_ws/install/sentinel_interfaces/lib/python3.12/site-packages/sentinel_interfaces/msg/__init__.py
[1.180s] -- Up-to-date: /root/ros2_ws/install/sentinel_interfaces/lib/python3.12/site-packages/sentinel_interfaces/sentinel_interfaces_s__rosidl_typesupport_introspection_c.so
[1.180s] -- Up-to-date: /root/ros2_ws/install/sentinel_interfaces/lib/python3.12/site-packages/sentinel_interfaces/__init__.py
[1.224s] Listing '/root/ros2_ws/install/sentinel_interfaces/lib/python3.12/site-packages/sentinel_interfaces'...
[1.224s] Listing '/root/ros2_ws/install/sentinel_interfaces/lib/python3.12/site-packages/sentinel_interfaces/msg'...
[1.225s] Listing '/root/ros2_ws/install/sentinel_interfaces/lib/python3.12/site-packages/sentinel_interfaces/srv'...
[1.234s] -- Up-to-date: /root/ros2_ws/install/sentinel_interfaces/lib/python3.12/site-packages/sentinel_interfaces/sentinel_interfaces_s__rosidl_typesupport_fastrtps_c.so
[1.234s] -- Up-to-date: /root/ros2_ws/install/sentinel_interfaces/lib/python3.12/site-packages/sentinel_interfaces/sentinel_interfaces_s__rosidl_typesupport_introspection_c.so
[1.234s] -- Up-to-date: /root/ros2_ws/install/sentinel_interfaces/lib/python3.12/site-packages/sentinel_interfaces/sentinel_interfaces_s__rosidl_typesupport_c.so
[1.235s] -- Up-to-date: /root/ros2_ws/install/sentinel_interfaces/lib/libsentinel_interfaces__rosidl_generator_py.so
[1.235s] -- Up-to-date: /root/ros2_ws/install/sentinel_interfaces/share/sentinel_interfaces/msg/MotorAngle.idl
[1.236s] -- Up-to-date: /root/ros2_ws/install/sentinel_interfaces/share/sentinel_interfaces/msg/Detection.idl
[1.236s] -- Up-to-date: /root/ros2_ws/install/sentinel_interfaces/share/sentinel_interfaces/msg/Detection2D.idl
[1.237s] -- Up-to-date: /root/ros2_ws/install/sentinel_interfaces/share/sentinel_interfaces/msg/Detection2DArray.idl
[1.237s] -- Up-to-date: /root/ros2_ws/install/sentinel_interfaces/share/sentinel_interfaces/msg/FrameInfo.idl
[1.238s] -- Up-to-date: /root/ros2_ws/install/sentinel_interfaces/share/sentinel_interfaces/msg/FrameSize.idl
[1.238s] -- Up-to-date: /root/ros2_ws/install/sentinel_interfaces/share/sentinel_interfaces/msg/MotorCommand.idl
[1.238s] -- Up-to-date: /root/ros2_ws/install/sentinel_interfaces/share/sentinel_interfaces/msg/MotorStatus.idl
[1.238s] -- Up-to-date: /root/ros2_ws/install/sentinel_interfaces/share/sentinel_interfaces/msg/TrackedDetection2D.idl
[1.238s] -- Up-to-date: /root/ros2_ws/install/sentinel_interfaces/share/sentinel_interfaces/msg/TrackedDetection2DArray.idl
[1.238s] -- Up-to-date: /root/ros2_ws/install/sentinel_interfaces/share/sentinel_interfaces/msg/VideoRxStatus.idl
[1.238s] -- Up-to-date: /root/ros2_ws/install/sentinel_interfaces/share/sentinel_interfaces/msg/YoloStatus.idl
[1.238s] -- Up-to-date: /root/ros2_ws/install/sentinel_interfaces/share/sentinel_interfaces/srv/SetBoolFlag.idl
[1.238s] -- Up-to-date: /root/ros2_ws/install/sentinel_interfaces/share/sentinel_interfaces/srv/SetThreshold.idl
[1.238s] -- Up-to-date: /root/ros2_ws/install/sentinel_interfaces/share/sentinel_interfaces/msg/MotorAngle.msg
[1.238s] -- Up-to-date: /root/ros2_ws/install/sentinel_interfaces/share/sentinel_interfaces/msg/Detection.msg
[1.238s] -- Up-to-date: /root/ros2_ws/install/sentinel_interfaces/share/sentinel_interfaces/msg/Detection2D.msg
[1.238s] -- Up-to-date: /root/ros2_ws/install/sentinel_interfaces/share/sentinel_interfaces/msg/Detection2DArray.msg
[1.239s] -- Up-to-date: /root/ros2_ws/install/sentinel_interfaces/share/sentinel_interfaces/msg/FrameInfo.msg
[1.239s] -- Up-to-date: /root/ros2_ws/install/sentinel_interfaces/share/sentinel_interfaces/msg/FrameSize.msg
[1.240s] -- Up-to-date: /root/ros2_ws/install/sentinel_interfaces/share/sentinel_interfaces/msg/MotorCommand.msg
[1.240s] -- Up-to-date: /root/ros2_ws/install/sentinel_interfaces/share/sentinel_interfaces/msg/MotorStatus.msg
[1.240s] -- Up-to-date: /root/ros2_ws/install/sentinel_interfaces/share/sentinel_interfaces/msg/TrackedDetection2D.msg
[1.240s] -- Up-to-date: /root/ros2_ws/install/sentinel_interfaces/share/sentinel_interfaces/msg/TrackedDetection2DArray.msg
[1.240s] -- Up-to-date: /root/ros2_ws/install/sentinel_interfaces/share/sentinel_interfaces/msg/VideoRxStatus.msg
[1.240s] -- Up-to-date: /root/ros2_ws/install/sentinel_interfaces/share/sentinel_interfaces/msg/YoloStatus.msg
[1.240s] -- Up-to-date: /root/ros2_ws/install/sentinel_interfaces/share/sentinel_interfaces/srv/SetBoolFlag.srv
[1.241s] -- Up-to-date: /root/ros2_ws/install/sentinel_interfaces/share/sentinel_interfaces/srv/SetThreshold.srv
[1.241s] -- Up-to-date: /root/ros2_ws/install/sentinel_interfaces/share/ament_index/resource_index/package_run_dependencies/sentinel_interfaces
[1.241s] -- Up-to-date: /root/ros2_ws/install/sentinel_interfaces/share/ament_index/resource_index/parent_prefix_path/sentinel_interfaces
[1.241s] -- Up-to-date: /root/ros2_ws/install/sentinel_interfaces/share/sentinel_interfaces/environment/ament_prefix_path.sh
[1.241s] -- Up-to-date: /root/ros2_ws/install/sentinel_interfaces/share/sentinel_interfaces/environment/ament_prefix_path.dsv
[1.241s] -- Up-to-date: /root/ros2_ws/install/sentinel_interfaces/share/sentinel_interfaces/environment/path.sh
[1.241s] -- Up-to-date: /root/ros2_ws/install/sentinel_interfaces/share/sentinel_interfaces/environment/path.dsv
[1.241s] -- Up-to-date: /root/ros2_ws/install/sentinel_interfaces/share/sentinel_interfaces/local_setup.bash
[1.241s] -- Up-to-date: /root/ros2_ws/install/sentinel_interfaces/share/sentinel_interfaces/local_setup.sh
[1.241s] -- Up-to-date: /root/ros2_ws/install/sentinel_interfaces/share/sentinel_interfaces/local_setup.zsh
[1.241s] -- Up-to-date: /root/ros2_ws/install/sentinel_interfaces/share/sentinel_interfaces/local_setup.dsv
[1.241s] -- Installing: /root/ros2_ws/install/sentinel_interfaces/share/sentinel_interfaces/package.dsv
[1.241s] -- Up-to-date: /root/ros2_ws/install/sentinel_interfaces/share/ament_index/resource_index/packages/sentinel_interfaces
[1.242s] -- Up-to-date: /root/ros2_ws/install/sentinel_interfaces/share/sentinel_interfaces/cmake/export_sentinel_interfaces__rosidl_generator_cExport.cmake
[1.243s] -- Up-to-date: /root/ros2_ws/install/sentinel_interfaces/share/sentinel_interfaces/cmake/export_sentinel_interfaces__rosidl_generator_cExport-noconfig.cmake
[1.243s] -- Up-to-date: /root/ros2_ws/install/sentinel_interfaces/share/sentinel_interfaces/cmake/export_sentinel_interfaces__rosidl_typesupport_fastrtps_cExport.cmake
[1.243s] -- Up-to-date: /root/ros2_ws/install/sentinel_interfaces/share/sentinel_interfaces/cmake/export_sentinel_interfaces__rosidl_typesupport_fastrtps_cExport-noconfig.cmake
[1.243s] -- Up-to-date: /root/ros2_ws/install/sentinel_interfaces/share/sentinel_interfaces/cmake/sentinel_interfaces__rosidl_typesupport_introspection_cExport.cmake
[1.244s] -- Up-to-date: /root/ros2_ws/install/sentinel_interfaces/share/sentinel_interfaces/cmake/sentinel_interfaces__rosidl_typesupport_introspection_cExport-noconfig.cmake
[1.244s] -- Up-to-date: /root/ros2_ws/install/sentinel_interfaces/share/sentinel_interfaces/cmake/sentinel_interfaces__rosidl_typesupport_cExport.cmake
[1.244s] -- Up-to-date: /root/ros2_ws/install/sentinel_interfaces/share/sentinel_interfaces/cmake/sentinel_interfaces__rosidl_typesupport_cExport-noconfig.cmake
[1.244s] -- Up-to-date: /root/ros2_ws/install/sentinel_interfaces/share/sentinel_interfaces/cmake/export_sentinel_interfaces__rosidl_generator_cppExport.cmake
[1.245s] -- Up-to-date: /root/ros2_ws/install/sentinel_interfaces/share/sentinel_interfaces/cmake/export_sentinel_interfaces__rosidl_typesupport_fastrtps_cppExport.cmake
[1.245s] -- Up-to-date: /root/ros2_ws/install/sentinel_interfaces/share/sentinel_interfaces/cmake/export_sentinel_interfaces__rosidl_typesupport_fastrtps_cppExport-noconfig.cmake
[1.245s] -- Up-to-date: /root/ros2_ws/install/sentinel_interfaces/share/sentinel_interfaces/cmake/sentinel_interfaces__rosidl_typesupport_introspection_cppExport.cmake
[1.245s] -- Up-to-date: /root/ros2_ws/install/sentinel_interfaces/share/sentinel_interfaces/cmake/sentinel_interfaces__rosidl_typesupport_introspection_cppExport-noconfig.cmake
[1.245s] -- Up-to-date: /root/ros2_ws/install/sentinel_interfaces/share/sentinel_interfaces/cmake/sentinel_interfaces__rosidl_typesupport_cppExport.cmake
[1.246s] -- Up-to-date: /root/ros2_ws/install/sentinel_interfaces/share/sentinel_interfaces/cmake/sentinel_interfaces__rosidl_typesupport_cppExport-noconfig.cmake
[1.246s] -- Up-to-date: /root/ros2_ws/install/sentinel_interfaces/share/sentinel_interfaces/cmake/export_sentinel_interfaces__rosidl_generator_pyExport.cmake
[1.246s] -- Up-to-date: /root/ros2_ws/install/sentinel_interfaces/share/sentinel_interfaces/cmake/export_sentinel_interfaces__rosidl_generator_pyExport-noconfig.cmake
[1.246s] -- Up-to-date: /root/ros2_ws/install/sentinel_interfaces/share/sentinel_interfaces/cmake/rosidl_cmake-extras.cmake
[1.246s] -- Up-to-date: /root/ros2_ws/install/sentinel_interfaces/share/sentinel_interfaces/cmake/ament_cmake_export_dependencies-extras.cmake
[1.246s] -- Up-to-date: /root/ros2_ws/install/sentinel_interfaces/share/sentinel_interfaces/cmake/ament_cmake_export_include_directories-extras.cmake
[1.246s] -- Up-to-date: /root/ros2_ws/install/sentinel_interfaces/share/sentinel_interfaces/cmake/ament_cmake_export_libraries-extras.cmake
[1.249s] -- Up-to-date: /root/ros2_ws/install/sentinel_interfaces/share/sentinel_interfaces/cmake/ament_cmake_export_targets-extras.cmake
[1.250s] -- Up-to-date: /root/ros2_ws/install/sentinel_interfaces/share/sentinel_interfaces/cmake/rosidl_cmake_export_typesupport_targets-extras.cmake
[1.250s] -- Up-to-date: /root/ros2_ws/install/sentinel_interfaces/share/sentinel_interfaces/cmake/rosidl_cmake_export_typesupport_libraries-extras.cmake
[1.250s] -- Up-to-date: /root/ros2_ws/install/sentinel_interfaces/share/sentinel_interfaces/cmake/sentinel_interfacesConfig.cmake
[1.250s] -- Up-to-date: /root/ros2_ws/install/sentinel_interfaces/share/sentinel_interfaces/cmake/sentinel_interfacesConfig-version.cmake
[1.250s] -- Up-to-date: /root/ros2_ws/install/sentinel_interfaces/share/sentinel_interfaces/package.xml
[1.254s] Invoked command in '/root/ros2_ws/build/sentinel_interfaces' returned '0': /usr/bin/cmake --install /root/ros2_ws/build/sentinel_interfaces
