[0.234s] DEBUG:colcon:Command line arguments: ['/usr/bin/colcon', 'build', '--packages-select', 'sentinel_interfaces']
[0.234s] DEBUG:colcon:Parsed command line arguments: Namespace(log_base=None, log_level=None, verb_name='build', build_base='build', install_base='install', merge_install=False, symlink_install=False, test_result_base=None, continue_on_error=False, executor='parallel', parallel_workers=14, event_handlers=None, ignore_user_meta=False, metas=['./colcon.meta'], base_paths=['.'], packages_ignore=None, packages_ignore_regex=None, paths=None, packages_up_to=None, packages_up_to_regex=None, packages_above=None, packages_above_and_dependencies=None, packages_above_depth=None, packages_select_by_dep=None, packages_skip_by_dep=None, packages_skip_up_to=None, packages_select_build_failed=False, packages_skip_build_finished=False, packages_select_test_failures=False, packages_skip_test_passed=False, packages_select=['sentinel_interfaces'], packages_skip=None, packages_select_regex=None, packages_skip_regex=None, packages_start=None, packages_end=None, allow_overriding=[], cmake_args=None, cmake_target=None, cmake_target_skip_unavailable=False, cmake_clean_cache=False, cmake_clean_first=False, cmake_force_configure=False, ament_cmake_args=None, catkin_cmake_args=None, catkin_skip_building_tests=False, mixin_files=None, mixin=None, verb_parser=<colcon_mixin.mixin.mixin_argument.MixinArgumentDecorator object at 0xffffb0f5bb60>, verb_extension=<colcon_core.verb.build.BuildVerb object at 0xffffb11341d0>, main=<bound method BuildVerb.main of <colcon_core.verb.build.BuildVerb object at 0xffffb11341d0>>, mixin_verb=('build',))
[0.311s] Level 1:colcon.colcon_core.package_discovery:discover_packages(colcon_meta) check parameters
[0.312s] Level 1:colcon.colcon_core.package_discovery:discover_packages(recursive) check parameters
[0.312s] Level 1:colcon.colcon_core.package_discovery:discover_packages(ignore) check parameters
[0.312s] Level 1:colcon.colcon_core.package_discovery:discover_packages(path) check parameters
[0.312s] Level 1:colcon.colcon_core.package_discovery:discover_packages(colcon_meta) discover
[0.312s] Level 1:colcon.colcon_core.package_discovery:discover_packages(recursive) discover
[0.312s] INFO:colcon.colcon_core.package_discovery:Crawling recursively for packages in '/root/ros2_ws'
[0.312s] Level 1:colcon.colcon_core.package_identification:_identify(.) by extensions ['ignore', 'ignore_ament_install']
[0.312s] Level 1:colcon.colcon_core.package_identification:_identify(.) by extension 'ignore'
[0.312s] Level 1:colcon.colcon_core.package_identification:_identify(.) by extension 'ignore_ament_install'
[0.312s] Level 1:colcon.colcon_core.package_identification:_identify(.) by extensions ['colcon_pkg']
[0.312s] Level 1:colcon.colcon_core.package_identification:_identify(.) by extension 'colcon_pkg'
[0.312s] Level 1:colcon.colcon_core.package_identification:_identify(.) by extensions ['colcon_meta']
[0.312s] Level 1:colcon.colcon_core.package_identification:_identify(.) by extension 'colcon_meta'
[0.312s] Level 1:colcon.colcon_core.package_identification:_identify(.) by extensions ['ros']
[0.312s] Level 1:colcon.colcon_core.package_identification:_identify(.) by extension 'ros'
[0.353s] Level 1:colcon.colcon_core.package_identification:_identify(.) by extensions ['cmake', 'python']
[0.353s] Level 1:colcon.colcon_core.package_identification:_identify(.) by extension 'cmake'
[0.353s] Level 1:colcon.colcon_core.package_identification:_identify(.) by extension 'python'
[0.353s] Level 1:colcon.colcon_core.package_identification:_identify(.) by extensions ['python_setup_py']
[0.353s] Level 1:colcon.colcon_core.package_identification:_identify(.) by extension 'python_setup_py'
[0.354s] Level 1:colcon.colcon_core.package_identification:_identify(build) by extensions ['ignore', 'ignore_ament_install']
[0.354s] Level 1:colcon.colcon_core.package_identification:_identify(build) by extension 'ignore'
[0.354s] Level 1:colcon.colcon_core.package_identification:_identify(build) ignored
[0.354s] Level 1:colcon.colcon_core.package_identification:_identify(install) by extensions ['ignore', 'ignore_ament_install']
[0.354s] Level 1:colcon.colcon_core.package_identification:_identify(install) by extension 'ignore'
[0.354s] Level 1:colcon.colcon_core.package_identification:_identify(install) ignored
[0.354s] Level 1:colcon.colcon_core.package_identification:_identify(log) by extensions ['ignore', 'ignore_ament_install']
[0.354s] Level 1:colcon.colcon_core.package_identification:_identify(log) by extension 'ignore'
[0.354s] Level 1:colcon.colcon_core.package_identification:_identify(log) ignored
[0.354s] Level 1:colcon.colcon_core.package_identification:_identify(src) by extensions ['ignore', 'ignore_ament_install']
[0.354s] Level 1:colcon.colcon_core.package_identification:_identify(src) by extension 'ignore'
[0.354s] Level 1:colcon.colcon_core.package_identification:_identify(src) by extension 'ignore_ament_install'
[0.354s] Level 1:colcon.colcon_core.package_identification:_identify(src) by extensions ['colcon_pkg']
[0.355s] Level 1:colcon.colcon_core.package_identification:_identify(src) by extension 'colcon_pkg'
[0.355s] Level 1:colcon.colcon_core.package_identification:_identify(src) by extensions ['colcon_meta']
[0.355s] Level 1:colcon.colcon_core.package_identification:_identify(src) by extension 'colcon_meta'
[0.355s] Level 1:colcon.colcon_core.package_identification:_identify(src) by extensions ['ros']
[0.355s] Level 1:colcon.colcon_core.package_identification:_identify(src) by extension 'ros'
[0.355s] Level 1:colcon.colcon_core.package_identification:_identify(src) by extensions ['cmake', 'python']
[0.355s] Level 1:colcon.colcon_core.package_identification:_identify(src) by extension 'cmake'
[0.355s] Level 1:colcon.colcon_core.package_identification:_identify(src) by extension 'python'
[0.355s] Level 1:colcon.colcon_core.package_identification:_identify(src) by extensions ['python_setup_py']
[0.355s] Level 1:colcon.colcon_core.package_identification:_identify(src) by extension 'python_setup_py'
[0.355s] Level 1:colcon.colcon_core.package_identification:_identify(src/Validation) by extensions ['ignore', 'ignore_ament_install']
[0.355s] Level 1:colcon.colcon_core.package_identification:_identify(src/Validation) by extension 'ignore'
[0.355s] Level 1:colcon.colcon_core.package_identification:_identify(src/Validation) by extension 'ignore_ament_install'
[0.355s] Level 1:colcon.colcon_core.package_identification:_identify(src/Validation) by extensions ['colcon_pkg']
[0.355s] Level 1:colcon.colcon_core.package_identification:_identify(src/Validation) by extension 'colcon_pkg'
[0.355s] Level 1:colcon.colcon_core.package_identification:_identify(src/Validation) by extensions ['colcon_meta']
[0.355s] Level 1:colcon.colcon_core.package_identification:_identify(src/Validation) by extension 'colcon_meta'
[0.355s] Level 1:colcon.colcon_core.package_identification:_identify(src/Validation) by extensions ['ros']
[0.355s] Level 1:colcon.colcon_core.package_identification:_identify(src/Validation) by extension 'ros'
[0.355s] Level 1:colcon.colcon_core.package_identification:_identify(src/Validation) by extensions ['cmake', 'python']
[0.355s] Level 1:colcon.colcon_core.package_identification:_identify(src/Validation) by extension 'cmake'
[0.355s] Level 1:colcon.colcon_core.package_identification:_identify(src/Validation) by extension 'python'
[0.355s] Level 1:colcon.colcon_core.package_identification:_identify(src/Validation) by extensions ['python_setup_py']
[0.355s] Level 1:colcon.colcon_core.package_identification:_identify(src/Validation) by extension 'python_setup_py'
[0.356s] Level 1:colcon.colcon_core.package_identification:_identify(src/sentinel_interfaces) by extensions ['ignore', 'ignore_ament_install']
[0.356s] Level 1:colcon.colcon_core.package_identification:_identify(src/sentinel_interfaces) by extension 'ignore'
[0.356s] Level 1:colcon.colcon_core.package_identification:_identify(src/sentinel_interfaces) by extension 'ignore_ament_install'
[0.356s] Level 1:colcon.colcon_core.package_identification:_identify(src/sentinel_interfaces) by extensions ['colcon_pkg']
[0.356s] Level 1:colcon.colcon_core.package_identification:_identify(src/sentinel_interfaces) by extension 'colcon_pkg'
[0.356s] Level 1:colcon.colcon_core.package_identification:_identify(src/sentinel_interfaces) by extensions ['colcon_meta']
[0.356s] Level 1:colcon.colcon_core.package_identification:_identify(src/sentinel_interfaces) by extension 'colcon_meta'
[0.356s] Level 1:colcon.colcon_core.package_identification:_identify(src/sentinel_interfaces) by extensions ['ros']
[0.356s] Level 1:colcon.colcon_core.package_identification:_identify(src/sentinel_interfaces) by extension 'ros'
[0.359s] DEBUG:colcon.colcon_core.package_identification:Package 'src/sentinel_interfaces' with type 'ros.catkin' and name 'sentinel_interfaces'
[0.360s] Level 1:colcon.colcon_core.package_identification:_identify(src/sentinel_motor) by extensions ['ignore', 'ignore_ament_install']
[0.360s] Level 1:colcon.colcon_core.package_identification:_identify(src/sentinel_motor) by extension 'ignore'
[0.360s] Level 1:colcon.colcon_core.package_identification:_identify(src/sentinel_motor) by extension 'ignore_ament_install'
[0.360s] Level 1:colcon.colcon_core.package_identification:_identify(src/sentinel_motor) by extensions ['colcon_pkg']
[0.360s] Level 1:colcon.colcon_core.package_identification:_identify(src/sentinel_motor) by extension 'colcon_pkg'
[0.360s] Level 1:colcon.colcon_core.package_identification:_identify(src/sentinel_motor) by extensions ['colcon_meta']
[0.360s] Level 1:colcon.colcon_core.package_identification:_identify(src/sentinel_motor) by extension 'colcon_meta'
[0.360s] Level 1:colcon.colcon_core.package_identification:_identify(src/sentinel_motor) by extensions ['ros']
[0.360s] Level 1:colcon.colcon_core.package_identification:_identify(src/sentinel_motor) by extension 'ros'
[0.361s] DEBUG:colcon.colcon_core.package_identification:Package 'src/sentinel_motor' with type 'ros.ament_cmake' and name 'sentinel_motor'
[0.361s] Level 1:colcon.colcon_core.package_discovery:discover_packages(recursive) using defaults
[0.361s] Level 1:colcon.colcon_core.package_discovery:discover_packages(ignore) discover
[0.361s] Level 1:colcon.colcon_core.package_discovery:discover_packages(ignore) using defaults
[0.361s] Level 1:colcon.colcon_core.package_discovery:discover_packages(path) discover
[0.361s] Level 1:colcon.colcon_core.package_discovery:discover_packages(path) using defaults
[0.391s] INFO:colcon.colcon_core.package_selection:Skipping not selected package 'sentinel_motor' in 'src/sentinel_motor'
[0.391s] Level 1:colcon.colcon_core.package_discovery:discover_packages(prefix_path) check parameters
[0.392s] Level 1:colcon.colcon_core.package_discovery:discover_packages(prefix_path) discover
[0.395s] DEBUG:colcon.colcon_installed_package_information.package_discovery:Found 2 installed packages in /root/ros2_ws/install
[0.397s] DEBUG:colcon.colcon_installed_package_information.package_discovery:Found 193 installed packages in /opt/ros/jazzy
[0.398s] Level 1:colcon.colcon_core.package_discovery:discover_packages(prefix_path) using defaults
[0.447s] WARNING:colcon.colcon_core.package_selection:Some selected packages are already built in one or more underlay workspaces:
	'sentinel_interfaces' is in: /root/ros2_ws/install/sentinel_interfaces
If a package in a merged underlay workspace is overridden and it installs headers, then all packages in the overlay must sort their include directories by workspace order. Failure to do so may result in build failures or undefined behavior at run time.
If the overridden package is used by another package in any underlay, then the overriding package in the overlay must be API and ABI compatible or undefined behavior at run time may occur.

If you understand the risks and want to override a package anyways, add the following to the command line:
	--allow-overriding sentinel_interfaces

This may be promoted to an error in a future release of colcon-override-check.
[0.448s] Level 5:colcon.colcon_core.verb:set package 'sentinel_interfaces' build argument 'cmake_args' from command line to 'None'
[0.448s] Level 5:colcon.colcon_core.verb:set package 'sentinel_interfaces' build argument 'cmake_target' from command line to 'None'
[0.448s] Level 5:colcon.colcon_core.verb:set package 'sentinel_interfaces' build argument 'cmake_target_skip_unavailable' from command line to 'False'
[0.448s] Level 5:colcon.colcon_core.verb:set package 'sentinel_interfaces' build argument 'cmake_clean_cache' from command line to 'False'
[0.448s] Level 5:colcon.colcon_core.verb:set package 'sentinel_interfaces' build argument 'cmake_clean_first' from command line to 'False'
[0.448s] Level 5:colcon.colcon_core.verb:set package 'sentinel_interfaces' build argument 'cmake_force_configure' from command line to 'False'
[0.448s] Level 5:colcon.colcon_core.verb:set package 'sentinel_interfaces' build argument 'ament_cmake_args' from command line to 'None'
[0.448s] Level 5:colcon.colcon_core.verb:set package 'sentinel_interfaces' build argument 'catkin_cmake_args' from command line to 'None'
[0.448s] Level 5:colcon.colcon_core.verb:set package 'sentinel_interfaces' build argument 'catkin_skip_building_tests' from command line to 'False'
[0.448s] DEBUG:colcon.colcon_core.verb:Building package 'sentinel_interfaces' with the following arguments: {'ament_cmake_args': None, 'build_base': '/root/ros2_ws/build/sentinel_interfaces', 'catkin_cmake_args': None, 'catkin_skip_building_tests': False, 'cmake_args': None, 'cmake_clean_cache': False, 'cmake_clean_first': False, 'cmake_force_configure': False, 'cmake_target': None, 'cmake_target_skip_unavailable': False, 'install_base': '/root/ros2_ws/install/sentinel_interfaces', 'merge_install': False, 'path': '/root/ros2_ws/src/sentinel_interfaces', 'symlink_install': False, 'test_result_base': None}
[0.448s] INFO:colcon.colcon_core.executor:Executing jobs using 'parallel' executor
[0.450s] DEBUG:colcon.colcon_parallel_executor.executor.parallel:run_until_complete
[0.450s] INFO:colcon.colcon_ros.task.catkin.build:Building ROS package in '/root/ros2_ws/src/sentinel_interfaces' with build type 'catkin'
[0.451s] INFO:colcon.colcon_cmake.task.cmake.build:Building CMake package in '/root/ros2_ws/src/sentinel_interfaces'
[0.457s] INFO:colcon.colcon_core.plugin_system:Skipping extension 'colcon_core.shell.bat': Not used on non-Windows systems
[0.457s] INFO:colcon.colcon_core.shell:Skip shell extension 'powershell' for command environment: Not usable outside of PowerShell
[0.458s] DEBUG:colcon.colcon_core.shell:Skip shell extension 'dsv' for command environment
[0.470s] DEBUG:colcon.colcon_core.event_handler.log_command:Invoking command in '/root/ros2_ws/build/sentinel_interfaces': /usr/bin/cmake --build /root/ros2_ws/build/sentinel_interfaces -- -j14 -l14
[1.599s] DEBUG:colcon.colcon_core.event_handler.log_command:Invoked command in '/root/ros2_ws/build/sentinel_interfaces' returned '0': /usr/bin/cmake --build /root/ros2_ws/build/sentinel_interfaces -- -j14 -l14
[1.613s] DEBUG:colcon.colcon_core.event_handler.log_command:Invoking command in '/root/ros2_ws/build/sentinel_interfaces': /usr/bin/cmake --install /root/ros2_ws/build/sentinel_interfaces
[1.734s] DEBUG:colcon.colcon_core.event_handler.log_command:Invoked command in '/root/ros2_ws/build/sentinel_interfaces' returned '0': /usr/bin/cmake --install /root/ros2_ws/build/sentinel_interfaces
[1.734s] Level 1:colcon.colcon_core.shell:create_environment_hook('sentinel_interfaces', 'ros_package_path')
[1.735s] INFO:colcon.colcon_core.shell:Creating environment hook '/root/ros2_ws/install/sentinel_interfaces/share/sentinel_interfaces/hook/ros_package_path.ps1'
[1.736s] INFO:colcon.colcon_core.shell:Creating environment descriptor '/root/ros2_ws/install/sentinel_interfaces/share/sentinel_interfaces/hook/ros_package_path.dsv'
[1.736s] INFO:colcon.colcon_core.shell:Creating environment hook '/root/ros2_ws/install/sentinel_interfaces/share/sentinel_interfaces/hook/ros_package_path.sh'
[1.737s] Level 1:colcon.colcon_ros.task.catkin:checking '/root/ros2_ws/install/sentinel_interfaces/lib/python3.12/site-packages'
[1.737s] Level 1:colcon.colcon_core.shell:create_environment_hook('sentinel_interfaces', 'catkin_pythonpath')
[1.738s] INFO:colcon.colcon_core.shell:Creating environment hook '/root/ros2_ws/install/sentinel_interfaces/share/sentinel_interfaces/hook/catkin_pythonpath.ps1'
[1.738s] INFO:colcon.colcon_core.shell:Creating environment descriptor '/root/ros2_ws/install/sentinel_interfaces/share/sentinel_interfaces/hook/catkin_pythonpath.dsv'
[1.738s] INFO:colcon.colcon_core.shell:Creating environment hook '/root/ros2_ws/install/sentinel_interfaces/share/sentinel_interfaces/hook/catkin_pythonpath.sh'
[1.739s] Level 1:colcon.colcon_core.shell:create_environment_hook('sentinel_interfaces', 'pkg_config_path')
[1.739s] INFO:colcon.colcon_core.shell:Creating environment hook '/root/ros2_ws/install/sentinel_interfaces/share/sentinel_interfaces/hook/pkg_config_path.ps1'
[1.740s] INFO:colcon.colcon_core.shell:Creating environment descriptor '/root/ros2_ws/install/sentinel_interfaces/share/sentinel_interfaces/hook/pkg_config_path.dsv'
[1.740s] INFO:colcon.colcon_core.shell:Creating environment hook '/root/ros2_ws/install/sentinel_interfaces/share/sentinel_interfaces/hook/pkg_config_path.sh'
[1.744s] Level 1:colcon.colcon_core.shell:create_environment_hook('sentinel_interfaces', 'pkg_config_path_multiarch')
[1.745s] INFO:colcon.colcon_core.shell:Creating environment hook '/root/ros2_ws/install/sentinel_interfaces/share/sentinel_interfaces/hook/pkg_config_path_multiarch.ps1'
[1.746s] INFO:colcon.colcon_core.shell:Creating environment descriptor '/root/ros2_ws/install/sentinel_interfaces/share/sentinel_interfaces/hook/pkg_config_path_multiarch.dsv'
[1.746s] INFO:colcon.colcon_core.shell:Creating environment hook '/root/ros2_ws/install/sentinel_interfaces/share/sentinel_interfaces/hook/pkg_config_path_multiarch.sh'
[1.747s] Level 1:colcon.colcon_core.environment:create_environment_scripts_only(sentinel_interfaces)
[1.752s] Level 1:colcon.colcon_core.environment:checking '/root/ros2_ws/install/sentinel_interfaces' for CMake module files
[1.753s] Level 1:colcon.colcon_core.environment:checking '/root/ros2_ws/install/sentinel_interfaces' for CMake config files
[1.754s] Level 1:colcon.colcon_core.shell:create_environment_hook('sentinel_interfaces', 'cmake_prefix_path')
[1.754s] INFO:colcon.colcon_core.shell:Creating environment hook '/root/ros2_ws/install/sentinel_interfaces/share/sentinel_interfaces/hook/cmake_prefix_path.ps1'
[1.754s] INFO:colcon.colcon_core.shell:Creating environment descriptor '/root/ros2_ws/install/sentinel_interfaces/share/sentinel_interfaces/hook/cmake_prefix_path.dsv'
[1.755s] INFO:colcon.colcon_core.shell:Creating environment hook '/root/ros2_ws/install/sentinel_interfaces/share/sentinel_interfaces/hook/cmake_prefix_path.sh'
[1.756s] Level 1:colcon.colcon_core.environment:checking '/root/ros2_ws/install/sentinel_interfaces/lib'
[1.756s] Level 1:colcon.colcon_core.shell:create_environment_hook('sentinel_interfaces', 'ld_library_path_lib')
[1.756s] INFO:colcon.colcon_core.shell:Creating environment hook '/root/ros2_ws/install/sentinel_interfaces/share/sentinel_interfaces/hook/ld_library_path_lib.ps1'
[1.756s] INFO:colcon.colcon_core.shell:Creating environment descriptor '/root/ros2_ws/install/sentinel_interfaces/share/sentinel_interfaces/hook/ld_library_path_lib.dsv'
[1.757s] INFO:colcon.colcon_core.shell:Creating environment hook '/root/ros2_ws/install/sentinel_interfaces/share/sentinel_interfaces/hook/ld_library_path_lib.sh'
[1.757s] Level 1:colcon.colcon_core.environment:checking '/root/ros2_ws/install/sentinel_interfaces/bin'
[1.757s] Level 1:colcon.colcon_core.environment:checking '/root/ros2_ws/install/sentinel_interfaces/lib/pkgconfig/sentinel_interfaces.pc'
[1.758s] Level 1:colcon.colcon_core.environment:checking '/root/ros2_ws/install/sentinel_interfaces/lib/python3.12/site-packages'
[1.758s] Level 1:colcon.colcon_core.shell:create_environment_hook('sentinel_interfaces', 'pythonpath')
[1.758s] INFO:colcon.colcon_core.shell:Creating environment hook '/root/ros2_ws/install/sentinel_interfaces/share/sentinel_interfaces/hook/pythonpath.ps1'
[1.758s] INFO:colcon.colcon_core.shell:Creating environment descriptor '/root/ros2_ws/install/sentinel_interfaces/share/sentinel_interfaces/hook/pythonpath.dsv'
[1.759s] INFO:colcon.colcon_core.shell:Creating environment hook '/root/ros2_ws/install/sentinel_interfaces/share/sentinel_interfaces/hook/pythonpath.sh'
[1.759s] Level 1:colcon.colcon_core.environment:checking '/root/ros2_ws/install/sentinel_interfaces/bin'
[1.760s] INFO:colcon.colcon_core.shell:Creating package script '/root/ros2_ws/install/sentinel_interfaces/share/sentinel_interfaces/package.ps1'
[1.761s] INFO:colcon.colcon_core.shell:Creating package descriptor '/root/ros2_ws/install/sentinel_interfaces/share/sentinel_interfaces/package.dsv'
[1.762s] INFO:colcon.colcon_core.shell:Creating package script '/root/ros2_ws/install/sentinel_interfaces/share/sentinel_interfaces/package.sh'
[1.763s] INFO:colcon.colcon_core.shell:Creating package script '/root/ros2_ws/install/sentinel_interfaces/share/sentinel_interfaces/package.bash'
[1.763s] INFO:colcon.colcon_core.shell:Creating package script '/root/ros2_ws/install/sentinel_interfaces/share/sentinel_interfaces/package.zsh'
[1.764s] Level 1:colcon.colcon_core.environment:create_file_with_runtime_dependencies(/root/ros2_ws/install/sentinel_interfaces/share/colcon-core/packages/sentinel_interfaces)
[1.765s] DEBUG:colcon.colcon_parallel_executor.executor.parallel:closing loop
[1.766s] DEBUG:colcon.colcon_parallel_executor.executor.parallel:loop closed
[1.766s] DEBUG:colcon.colcon_parallel_executor.executor.parallel:run_until_complete finished with '0'
[1.766s] DEBUG:colcon.colcon_core.event_reactor:joining thread
[1.783s] INFO:colcon.colcon_core.plugin_system:Skipping extension 'colcon_notification.desktop_notification.notify_send': Could not find 'notify-send'
[1.783s] INFO:colcon.colcon_core.plugin_system:Skipping extension 'colcon_notification.desktop_notification.terminal_notifier': Not used on non-Darwin systems
[1.783s] INFO:colcon.colcon_core.plugin_system:Skipping extension 'colcon_notification.desktop_notification.win32': Not used on non-Windows systems
[1.783s] INFO:colcon.colcon_notification.desktop_notification:Sending desktop notification using 'notify2'
[1.790s] DEBUG:colcon.colcon_notification.desktop_notification.notify2:Failed to initialize notify2: org.freedesktop.DBus.Error.Spawn.ExecFailed: /usr/bin/dbus-launch terminated abnormally without any error message
[1.790s] DEBUG:colcon.colcon_core.event_reactor:joined thread
[1.791s] INFO:colcon.colcon_core.shell:Creating prefix script '/root/ros2_ws/install/local_setup.ps1'
[1.794s] INFO:colcon.colcon_core.shell:Creating prefix util module '/root/ros2_ws/install/_local_setup_util_ps1.py'
[1.795s] INFO:colcon.colcon_core.shell:Creating prefix chain script '/root/ros2_ws/install/setup.ps1'
[1.797s] INFO:colcon.colcon_core.shell:Creating prefix script '/root/ros2_ws/install/local_setup.sh'
[1.798s] INFO:colcon.colcon_core.shell:Creating prefix util module '/root/ros2_ws/install/_local_setup_util_sh.py'
[1.798s] INFO:colcon.colcon_core.shell:Creating prefix chain script '/root/ros2_ws/install/setup.sh'
[1.800s] INFO:colcon.colcon_core.shell:Creating prefix script '/root/ros2_ws/install/local_setup.bash'
[1.802s] INFO:colcon.colcon_core.shell:Creating prefix chain script '/root/ros2_ws/install/setup.bash'
[1.803s] INFO:colcon.colcon_core.shell:Creating prefix script '/root/ros2_ws/install/local_setup.zsh'
[1.803s] INFO:colcon.colcon_core.shell:Creating prefix chain script '/root/ros2_ws/install/setup.zsh'
