[0.021s] Invoking command in '/root/ros2_ws/build/sentinel_interfaces': /usr/bin/cmake --build /root/ros2_ws/build/sentinel_interfaces -- -j14 -l14
[0.139s] [  0%] Built target sentinel_interfaces__rosidl_generator_type_description
[0.158s] [  0%] Built target ament_cmake_python_copy_sentinel_interfaces
[0.164s] [  0%] Built target sentinel_interfaces__cpp
[0.199s] [ 27%] Built target sentinel_interfaces__rosidl_generator_c
[0.234s] [ 37%] Built target sentinel_interfaces__rosidl_typesupport_introspection_c
[0.235s] [ 47%] Built target sentinel_interfaces__rosidl_typesupport_c
[0.249s] [ 57%] Built target sentinel_interfaces__rosidl_typesupport_fastrtps_cpp
[0.249s] [ 71%] Built target sentinel_interfaces__rosidl_typesupport_fastrtps_c
[0.249s] [ 76%] Built target sentinel_interfaces__rosidl_typesupport_cpp
[0.249s] [ 86%] Built target sentinel_interfaces__rosidl_typesupport_introspection_cpp
[0.272s] [ 86%] Built target sentinel_interfaces
[0.297s] [ 87%] Built target sentinel_interfaces__py
[0.349s] [ 96%] Built target sentinel_interfaces__rosidl_generator_py
[0.375s] running egg_info
[0.378s] [ 98%] Built target sentinel_interfaces_s__rosidl_typesupport_c
[0.378s] [ 98%] Built target sentinel_interfaces_s__rosidl_typesupport_fastrtps_c
[0.379s] [100%] Built target sentinel_interfaces_s__rosidl_typesupport_introspection_c
[0.385s] writing sentinel_interfaces.egg-info/PKG-INFO
[0.385s] writing dependency_links to sentinel_interfaces.egg-info/dependency_links.txt
[0.386s] writing top-level names to sentinel_interfaces.egg-info/top_level.txt
[0.411s] reading manifest file 'sentinel_interfaces.egg-info/SOURCES.txt'
[0.412s] writing manifest file 'sentinel_interfaces.egg-info/SOURCES.txt'
[0.445s] [100%] Built target ament_cmake_python_build_sentinel_interfaces_egg
[0.462s] Invoked command in '/root/ros2_ws/build/sentinel_interfaces' returned '0': /usr/bin/cmake --build /root/ros2_ws/build/sentinel_interfaces -- -j14 -l14
[0.475s] Invoking command in '/root/ros2_ws/build/sentinel_interfaces': /usr/bin/cmake --install /root/ros2_ws/build/sentinel_interfaces
[0.486s] -- Install configuration: ""
[0.486s] -- Installing: /root/ros2_ws/install/sentinel_interfaces/share/ament_index/resource_index/rosidl_interfaces/sentinel_interfaces
[0.487s] -- Installing: /root/ros2_ws/install/sentinel_interfaces/share/sentinel_interfaces/msg/MotorAngle.json
[0.487s] -- Installing: /root/ros2_ws/install/sentinel_interfaces/share/sentinel_interfaces/msg/Detection.json
[0.488s] -- Installing: /root/ros2_ws/install/sentinel_interfaces/share/sentinel_interfaces/msg/Detection2D.json
[0.488s] -- Installing: /root/ros2_ws/install/sentinel_interfaces/share/sentinel_interfaces/msg/Detection2DArray.json
[0.488s] -- Installing: /root/ros2_ws/install/sentinel_interfaces/share/sentinel_interfaces/msg/FrameInfo.json
[0.488s] -- Installing: /root/ros2_ws/install/sentinel_interfaces/share/sentinel_interfaces/msg/FrameSize.json
[0.489s] -- Installing: /root/ros2_ws/install/sentinel_interfaces/share/sentinel_interfaces/msg/MotorCommand.json
[0.489s] -- Installing: /root/ros2_ws/install/sentinel_interfaces/share/sentinel_interfaces/msg/MotorStatus.json
[0.489s] -- Installing: /root/ros2_ws/install/sentinel_interfaces/share/sentinel_interfaces/msg/TrackedDetection2D.json
[0.489s] -- Installing: /root/ros2_ws/install/sentinel_interfaces/share/sentinel_interfaces/msg/TrackedDetection2DArray.json
[0.489s] -- Installing: /root/ros2_ws/install/sentinel_interfaces/share/sentinel_interfaces/msg/VideoRxStatus.json
[0.489s] -- Installing: /root/ros2_ws/install/sentinel_interfaces/share/sentinel_interfaces/msg/YoloStatus.json
[0.490s] -- Installing: /root/ros2_ws/install/sentinel_interfaces/share/sentinel_interfaces/srv/SetBoolFlag.json
[0.490s] -- Installing: /root/ros2_ws/install/sentinel_interfaces/share/sentinel_interfaces/srv/SetThreshold.json
[0.490s] -- Up-to-date: /root/ros2_ws/install/sentinel_interfaces/include/sentinel_interfaces/sentinel_interfaces
[0.491s] -- Up-to-date: /root/ros2_ws/install/sentinel_interfaces/include/sentinel_interfaces/sentinel_interfaces/srv
[0.491s] -- Installing: /root/ros2_ws/install/sentinel_interfaces/include/sentinel_interfaces/sentinel_interfaces/srv/set_bool_flag.h
[0.491s] -- Installing: /root/ros2_ws/install/sentinel_interfaces/include/sentinel_interfaces/sentinel_interfaces/srv/set_threshold.h
[0.492s] -- Up-to-date: /root/ros2_ws/install/sentinel_interfaces/include/sentinel_interfaces/sentinel_interfaces/srv/detail
[0.492s] -- Installing: /root/ros2_ws/install/sentinel_interfaces/include/sentinel_interfaces/sentinel_interfaces/srv/detail/set_threshold__description.c
[0.493s] -- Installing: /root/ros2_ws/install/sentinel_interfaces/include/sentinel_interfaces/sentinel_interfaces/srv/detail/set_bool_flag__type_support.h
[0.493s] -- Installing: /root/ros2_ws/install/sentinel_interfaces/include/sentinel_interfaces/sentinel_interfaces/srv/detail/set_threshold__struct.h
[0.493s] -- Installing: /root/ros2_ws/install/sentinel_interfaces/include/sentinel_interfaces/sentinel_interfaces/srv/detail/set_bool_flag__type_support.c
[0.493s] -- Installing: /root/ros2_ws/install/sentinel_interfaces/include/sentinel_interfaces/sentinel_interfaces/srv/detail/set_bool_flag__functions.h
[0.494s] -- Installing: /root/ros2_ws/install/sentinel_interfaces/include/sentinel_interfaces/sentinel_interfaces/srv/detail/set_bool_flag__description.c
[0.494s] -- Installing: /root/ros2_ws/install/sentinel_interfaces/include/sentinel_interfaces/sentinel_interfaces/srv/detail/set_threshold__type_support.h
[0.494s] -- Installing: /root/ros2_ws/install/sentinel_interfaces/include/sentinel_interfaces/sentinel_interfaces/srv/detail/set_bool_flag__struct.h
[0.494s] -- Installing: /root/ros2_ws/install/sentinel_interfaces/include/sentinel_interfaces/sentinel_interfaces/srv/detail/set_threshold__type_support.c
[0.495s] -- Installing: /root/ros2_ws/install/sentinel_interfaces/include/sentinel_interfaces/sentinel_interfaces/srv/detail/set_threshold__functions.c
[0.495s] -- Installing: /root/ros2_ws/install/sentinel_interfaces/include/sentinel_interfaces/sentinel_interfaces/srv/detail/set_bool_flag__functions.c
[0.495s] -- Installing: /root/ros2_ws/install/sentinel_interfaces/include/sentinel_interfaces/sentinel_interfaces/srv/detail/set_threshold__functions.h
[0.495s] -- Up-to-date: /root/ros2_ws/install/sentinel_interfaces/include/sentinel_interfaces/sentinel_interfaces/msg
[0.495s] -- Installing: /root/ros2_ws/install/sentinel_interfaces/include/sentinel_interfaces/sentinel_interfaces/msg/frame_info.h
[0.495s] -- Installing: /root/ros2_ws/install/sentinel_interfaces/include/sentinel_interfaces/sentinel_interfaces/msg/motor_command.h
[0.496s] -- Installing: /root/ros2_ws/install/sentinel_interfaces/include/sentinel_interfaces/sentinel_interfaces/msg/detection.h
[0.496s] -- Installing: /root/ros2_ws/install/sentinel_interfaces/include/sentinel_interfaces/sentinel_interfaces/msg/tracked_detection2_d_array.h
[0.496s] -- Installing: /root/ros2_ws/install/sentinel_interfaces/include/sentinel_interfaces/sentinel_interfaces/msg/frame_size.h
[0.496s] -- Installing: /root/ros2_ws/install/sentinel_interfaces/include/sentinel_interfaces/sentinel_interfaces/msg/motor_angle.h
[0.497s] -- Installing: /root/ros2_ws/install/sentinel_interfaces/include/sentinel_interfaces/sentinel_interfaces/msg/rosidl_generator_c__visibility_control.h
[0.497s] -- Installing: /root/ros2_ws/install/sentinel_interfaces/include/sentinel_interfaces/sentinel_interfaces/msg/detection2_d_array.h
[0.497s] -- Installing: /root/ros2_ws/install/sentinel_interfaces/include/sentinel_interfaces/sentinel_interfaces/msg/tracked_detection2_d.h
[0.497s] -- Installing: /root/ros2_ws/install/sentinel_interfaces/include/sentinel_interfaces/sentinel_interfaces/msg/detection2_d.h
[0.497s] -- Installing: /root/ros2_ws/install/sentinel_interfaces/include/sentinel_interfaces/sentinel_interfaces/msg/yolo_status.h
[0.498s] -- Installing: /root/ros2_ws/install/sentinel_interfaces/include/sentinel_interfaces/sentinel_interfaces/msg/motor_status.h
[0.498s] -- Installing: /root/ros2_ws/install/sentinel_interfaces/include/sentinel_interfaces/sentinel_interfaces/msg/video_rx_status.h
[0.498s] -- Up-to-date: /root/ros2_ws/install/sentinel_interfaces/include/sentinel_interfaces/sentinel_interfaces/msg/detail
[0.499s] -- Installing: /root/ros2_ws/install/sentinel_interfaces/include/sentinel_interfaces/sentinel_interfaces/msg/detail/tracked_detection2_d__functions.c
[0.499s] -- Installing: /root/ros2_ws/install/sentinel_interfaces/include/sentinel_interfaces/sentinel_interfaces/msg/detail/detection__functions.h
[0.499s] -- Installing: /root/ros2_ws/install/sentinel_interfaces/include/sentinel_interfaces/sentinel_interfaces/msg/detail/motor_status__type_support.c
[0.499s] -- Installing: /root/ros2_ws/install/sentinel_interfaces/include/sentinel_interfaces/sentinel_interfaces/msg/detail/yolo_status__functions.h
[0.500s] -- Installing: /root/ros2_ws/install/sentinel_interfaces/include/sentinel_interfaces/sentinel_interfaces/msg/detail/detection2_d_array__functions.h
[0.500s] -- Installing: /root/ros2_ws/install/sentinel_interfaces/include/sentinel_interfaces/sentinel_interfaces/msg/detail/video_rx_status__description.c
[0.500s] -- Installing: /root/ros2_ws/install/sentinel_interfaces/include/sentinel_interfaces/sentinel_interfaces/msg/detail/detection__struct.h
[0.500s] -- Installing: /root/ros2_ws/install/sentinel_interfaces/include/sentinel_interfaces/sentinel_interfaces/msg/detail/detection2_d_array__type_support.c
[0.501s] -- Installing: /root/ros2_ws/install/sentinel_interfaces/include/sentinel_interfaces/sentinel_interfaces/msg/detail/yolo_status__functions.c
[0.501s] -- Installing: /root/ros2_ws/install/sentinel_interfaces/include/sentinel_interfaces/sentinel_interfaces/msg/detail/yolo_status__type_support.h
[0.501s] -- Installing: /root/ros2_ws/install/sentinel_interfaces/include/sentinel_interfaces/sentinel_interfaces/msg/detail/video_rx_status__functions.c
[0.501s] -- Installing: /root/ros2_ws/install/sentinel_interfaces/include/sentinel_interfaces/sentinel_interfaces/msg/detail/detection__type_support.c
[0.502s] -- Installing: /root/ros2_ws/install/sentinel_interfaces/include/sentinel_interfaces/sentinel_interfaces/msg/detail/tracked_detection2_d__type_support.c
[0.502s] -- Installing: /root/ros2_ws/install/sentinel_interfaces/include/sentinel_interfaces/sentinel_interfaces/msg/detail/motor_command__struct.h
[0.502s] -- Installing: /root/ros2_ws/install/sentinel_interfaces/include/sentinel_interfaces/sentinel_interfaces/msg/detail/detection2_d_array__struct.h
[0.502s] -- Installing: /root/ros2_ws/install/sentinel_interfaces/include/sentinel_interfaces/sentinel_interfaces/msg/detail/frame_size__type_support.c
[0.502s] -- Installing: /root/ros2_ws/install/sentinel_interfaces/include/sentinel_interfaces/sentinel_interfaces/msg/detail/detection__functions.c
[0.503s] -- Installing: /root/ros2_ws/install/sentinel_interfaces/include/sentinel_interfaces/sentinel_interfaces/msg/detail/tracked_detection2_d_array__type_support.h
[0.503s] -- Installing: /root/ros2_ws/install/sentinel_interfaces/include/sentinel_interfaces/sentinel_interfaces/msg/detail/frame_info__description.c
[0.503s] -- Installing: /root/ros2_ws/install/sentinel_interfaces/include/sentinel_interfaces/sentinel_interfaces/msg/detail/frame_info__type_support.h
[0.503s] -- Installing: /root/ros2_ws/install/sentinel_interfaces/include/sentinel_interfaces/sentinel_interfaces/msg/detail/frame_info__functions.h
[0.503s] -- Installing: /root/ros2_ws/install/sentinel_interfaces/include/sentinel_interfaces/sentinel_interfaces/msg/detail/motor_status__type_support.h
[0.504s] -- Installing: /root/ros2_ws/install/sentinel_interfaces/include/sentinel_interfaces/sentinel_interfaces/msg/detail/detection2_d_array__functions.c
[0.504s] -- Installing: /root/ros2_ws/install/sentinel_interfaces/include/sentinel_interfaces/sentinel_interfaces/msg/detail/motor_angle__struct.h
[0.505s] -- Installing: /root/ros2_ws/install/sentinel_interfaces/include/sentinel_interfaces/sentinel_interfaces/msg/detail/motor_status__functions.h
[0.505s] -- Installing: /root/ros2_ws/install/sentinel_interfaces/include/sentinel_interfaces/sentinel_interfaces/msg/detail/frame_info__struct.h
[0.505s] -- Installing: /root/ros2_ws/install/sentinel_interfaces/include/sentinel_interfaces/sentinel_interfaces/msg/detail/motor_command__type_support.h
[0.506s] -- Installing: /root/ros2_ws/install/sentinel_interfaces/include/sentinel_interfaces/sentinel_interfaces/msg/detail/detection2_d__functions.h
[0.506s] -- Installing: /root/ros2_ws/install/sentinel_interfaces/include/sentinel_interfaces/sentinel_interfaces/msg/detail/tracked_detection2_d__type_support.h
[0.506s] -- Installing: /root/ros2_ws/install/sentinel_interfaces/include/sentinel_interfaces/sentinel_interfaces/msg/detail/detection2_d__struct.h
[0.506s] -- Installing: /root/ros2_ws/install/sentinel_interfaces/include/sentinel_interfaces/sentinel_interfaces/msg/detail/detection2_d_array__type_support.h
[0.507s] -- Installing: /root/ros2_ws/install/sentinel_interfaces/include/sentinel_interfaces/sentinel_interfaces/msg/detail/tracked_detection2_d_array__functions.h
[0.507s] -- Installing: /root/ros2_ws/install/sentinel_interfaces/include/sentinel_interfaces/sentinel_interfaces/msg/detail/motor_command__description.c
[0.507s] -- Installing: /root/ros2_ws/install/sentinel_interfaces/include/sentinel_interfaces/sentinel_interfaces/msg/detail/detection2_d__type_support.c
[0.507s] -- Installing: /root/ros2_ws/install/sentinel_interfaces/include/sentinel_interfaces/sentinel_interfaces/msg/detail/motor_status__functions.c
[0.508s] -- Installing: /root/ros2_ws/install/sentinel_interfaces/include/sentinel_interfaces/sentinel_interfaces/msg/detail/motor_angle__functions.h
[0.508s] -- Installing: /root/ros2_ws/install/sentinel_interfaces/include/sentinel_interfaces/sentinel_interfaces/msg/detail/video_rx_status__type_support.c
[0.508s] -- Installing: /root/ros2_ws/install/sentinel_interfaces/include/sentinel_interfaces/sentinel_interfaces/msg/detail/frame_size__functions.c
[0.508s] -- Installing: /root/ros2_ws/install/sentinel_interfaces/include/sentinel_interfaces/sentinel_interfaces/msg/detail/tracked_detection2_d_array__functions.c
[0.509s] -- Installing: /root/ros2_ws/install/sentinel_interfaces/include/sentinel_interfaces/sentinel_interfaces/msg/detail/motor_angle__functions.c
[0.509s] -- Installing: /root/ros2_ws/install/sentinel_interfaces/include/sentinel_interfaces/sentinel_interfaces/msg/detail/tracked_detection2_d_array__struct.h
[0.509s] -- Installing: /root/ros2_ws/install/sentinel_interfaces/include/sentinel_interfaces/sentinel_interfaces/msg/detail/detection__description.c
[0.509s] -- Installing: /root/ros2_ws/install/sentinel_interfaces/include/sentinel_interfaces/sentinel_interfaces/msg/detail/motor_angle__type_support.h
[0.510s] -- Installing: /root/ros2_ws/install/sentinel_interfaces/include/sentinel_interfaces/sentinel_interfaces/msg/detail/video_rx_status__type_support.h
[0.510s] -- Installing: /root/ros2_ws/install/sentinel_interfaces/include/sentinel_interfaces/sentinel_interfaces/msg/detail/video_rx_status__struct.h
[0.510s] -- Installing: /root/ros2_ws/install/sentinel_interfaces/include/sentinel_interfaces/sentinel_interfaces/msg/detail/tracked_detection2_d_array__description.c
[0.510s] -- Installing: /root/ros2_ws/install/sentinel_interfaces/include/sentinel_interfaces/sentinel_interfaces/msg/detail/video_rx_status__functions.h
[0.510s] -- Installing: /root/ros2_ws/install/sentinel_interfaces/include/sentinel_interfaces/sentinel_interfaces/msg/detail/frame_size__struct.h
[0.511s] -- Installing: /root/ros2_ws/install/sentinel_interfaces/include/sentinel_interfaces/sentinel_interfaces/msg/detail/yolo_status__struct.h
[0.511s] -- Installing: /root/ros2_ws/install/sentinel_interfaces/include/sentinel_interfaces/sentinel_interfaces/msg/detail/frame_info__functions.c
[0.511s] -- Installing: /root/ros2_ws/install/sentinel_interfaces/include/sentinel_interfaces/sentinel_interfaces/msg/detail/frame_size__functions.h
[0.511s] -- Installing: /root/ros2_ws/install/sentinel_interfaces/include/sentinel_interfaces/sentinel_interfaces/msg/detail/frame_size__description.c
[0.512s] -- Installing: /root/ros2_ws/install/sentinel_interfaces/include/sentinel_interfaces/sentinel_interfaces/msg/detail/motor_command__functions.c
[0.512s] -- Installing: /root/ros2_ws/install/sentinel_interfaces/include/sentinel_interfaces/sentinel_interfaces/msg/detail/motor_angle__type_support.c
[0.512s] -- Installing: /root/ros2_ws/install/sentinel_interfaces/include/sentinel_interfaces/sentinel_interfaces/msg/detail/motor_command__type_support.c
[0.512s] -- Installing: /root/ros2_ws/install/sentinel_interfaces/include/sentinel_interfaces/sentinel_interfaces/msg/detail/motor_status__description.c
[0.512s] -- Installing: /root/ros2_ws/install/sentinel_interfaces/include/sentinel_interfaces/sentinel_interfaces/msg/detail/tracked_detection2_d__functions.h
[0.512s] -- Installing: /root/ros2_ws/install/sentinel_interfaces/include/sentinel_interfaces/sentinel_interfaces/msg/detail/detection2_d__functions.c
[0.513s] -- Installing: /root/ros2_ws/install/sentinel_interfaces/include/sentinel_interfaces/sentinel_interfaces/msg/detail/tracked_detection2_d_array__type_support.c
[0.513s] -- Installing: /root/ros2_ws/install/sentinel_interfaces/include/sentinel_interfaces/sentinel_interfaces/msg/detail/motor_command__functions.h
[0.513s] -- Installing: /root/ros2_ws/install/sentinel_interfaces/include/sentinel_interfaces/sentinel_interfaces/msg/detail/tracked_detection2_d__struct.h
[0.513s] -- Installing: /root/ros2_ws/install/sentinel_interfaces/include/sentinel_interfaces/sentinel_interfaces/msg/detail/yolo_status__type_support.c
[0.514s] -- Installing: /root/ros2_ws/install/sentinel_interfaces/include/sentinel_interfaces/sentinel_interfaces/msg/detail/detection2_d__type_support.h
[0.514s] -- Installing: /root/ros2_ws/install/sentinel_interfaces/include/sentinel_interfaces/sentinel_interfaces/msg/detail/frame_info__type_support.c
[0.514s] -- Installing: /root/ros2_ws/install/sentinel_interfaces/include/sentinel_interfaces/sentinel_interfaces/msg/detail/detection__type_support.h
[0.514s] -- Installing: /root/ros2_ws/install/sentinel_interfaces/include/sentinel_interfaces/sentinel_interfaces/msg/detail/motor_angle__description.c
[0.515s] -- Installing: /root/ros2_ws/install/sentinel_interfaces/include/sentinel_interfaces/sentinel_interfaces/msg/detail/yolo_status__description.c
[0.515s] -- Installing: /root/ros2_ws/install/sentinel_interfaces/include/sentinel_interfaces/sentinel_interfaces/msg/detail/frame_size__type_support.h
[0.515s] -- Installing: /root/ros2_ws/install/sentinel_interfaces/include/sentinel_interfaces/sentinel_interfaces/msg/detail/detection2_d_array__description.c
[0.515s] -- Installing: /root/ros2_ws/install/sentinel_interfaces/include/sentinel_interfaces/sentinel_interfaces/msg/detail/detection2_d__description.c
[0.515s] -- Installing: /root/ros2_ws/install/sentinel_interfaces/include/sentinel_interfaces/sentinel_interfaces/msg/detail/motor_status__struct.h
[0.516s] -- Installing: /root/ros2_ws/install/sentinel_interfaces/include/sentinel_interfaces/sentinel_interfaces/msg/detail/tracked_detection2_d__description.c
[0.516s] -- Up-to-date: /root/ros2_ws/install/sentinel_interfaces/share/sentinel_interfaces/environment/library_path.sh
[0.516s] -- Installing: /root/ros2_ws/install/sentinel_interfaces/share/sentinel_interfaces/environment/library_path.dsv
[0.517s] -- Installing: /root/ros2_ws/install/sentinel_interfaces/lib/libsentinel_interfaces__rosidl_generator_c.so
[0.518s] -- Set non-toolchain portion of runtime path of "/root/ros2_ws/install/sentinel_interfaces/lib/libsentinel_interfaces__rosidl_generator_c.so" to ""
[0.518s] -- Up-to-date: /root/ros2_ws/install/sentinel_interfaces/include/sentinel_interfaces/sentinel_interfaces
[0.518s] -- Up-to-date: /root/ros2_ws/install/sentinel_interfaces/include/sentinel_interfaces/sentinel_interfaces/srv
[0.519s] -- Up-to-date: /root/ros2_ws/install/sentinel_interfaces/include/sentinel_interfaces/sentinel_interfaces/srv/detail
[0.519s] -- Installing: /root/ros2_ws/install/sentinel_interfaces/include/sentinel_interfaces/sentinel_interfaces/srv/detail/set_threshold__rosidl_typesupport_fastrtps_c.h
[0.519s] -- Installing: /root/ros2_ws/install/sentinel_interfaces/include/sentinel_interfaces/sentinel_interfaces/srv/detail/set_bool_flag__rosidl_typesupport_fastrtps_c.h
[0.519s] -- Up-to-date: /root/ros2_ws/install/sentinel_interfaces/include/sentinel_interfaces/sentinel_interfaces/msg
[0.519s] -- Installing: /root/ros2_ws/install/sentinel_interfaces/include/sentinel_interfaces/sentinel_interfaces/msg/rosidl_typesupport_fastrtps_c__visibility_control.h
[0.519s] -- Up-to-date: /root/ros2_ws/install/sentinel_interfaces/include/sentinel_interfaces/sentinel_interfaces/msg/detail
[0.519s] -- Installing: /root/ros2_ws/install/sentinel_interfaces/include/sentinel_interfaces/sentinel_interfaces/msg/detail/yolo_status__rosidl_typesupport_fastrtps_c.h
[0.520s] -- Installing: /root/ros2_ws/install/sentinel_interfaces/include/sentinel_interfaces/sentinel_interfaces/msg/detail/motor_command__rosidl_typesupport_fastrtps_c.h
[0.520s] -- Installing: /root/ros2_ws/install/sentinel_interfaces/include/sentinel_interfaces/sentinel_interfaces/msg/detail/frame_info__rosidl_typesupport_fastrtps_c.h
[0.520s] -- Installing: /root/ros2_ws/install/sentinel_interfaces/include/sentinel_interfaces/sentinel_interfaces/msg/detail/video_rx_status__rosidl_typesupport_fastrtps_c.h
[0.520s] -- Installing: /root/ros2_ws/install/sentinel_interfaces/include/sentinel_interfaces/sentinel_interfaces/msg/detail/motor_status__rosidl_typesupport_fastrtps_c.h
[0.520s] -- Installing: /root/ros2_ws/install/sentinel_interfaces/include/sentinel_interfaces/sentinel_interfaces/msg/detail/detection2_d_array__rosidl_typesupport_fastrtps_c.h
[0.521s] -- Installing: /root/ros2_ws/install/sentinel_interfaces/include/sentinel_interfaces/sentinel_interfaces/msg/detail/detection__rosidl_typesupport_fastrtps_c.h
[0.521s] -- Installing: /root/ros2_ws/install/sentinel_interfaces/include/sentinel_interfaces/sentinel_interfaces/msg/detail/tracked_detection2_d_array__rosidl_typesupport_fastrtps_c.h
[0.521s] -- Installing: /root/ros2_ws/install/sentinel_interfaces/include/sentinel_interfaces/sentinel_interfaces/msg/detail/frame_size__rosidl_typesupport_fastrtps_c.h
[0.521s] -- Installing: /root/ros2_ws/install/sentinel_interfaces/include/sentinel_interfaces/sentinel_interfaces/msg/detail/tracked_detection2_d__rosidl_typesupport_fastrtps_c.h
[0.521s] -- Installing: /root/ros2_ws/install/sentinel_interfaces/include/sentinel_interfaces/sentinel_interfaces/msg/detail/detection2_d__rosidl_typesupport_fastrtps_c.h
[0.522s] -- Installing: /root/ros2_ws/install/sentinel_interfaces/include/sentinel_interfaces/sentinel_interfaces/msg/detail/motor_angle__rosidl_typesupport_fastrtps_c.h
[0.522s] -- Installing: /root/ros2_ws/install/sentinel_interfaces/lib/libsentinel_interfaces__rosidl_typesupport_fastrtps_c.so
[0.523s] -- Set non-toolchain portion of runtime path of "/root/ros2_ws/install/sentinel_interfaces/lib/libsentinel_interfaces__rosidl_typesupport_fastrtps_c.so" to ""
[0.524s] -- Up-to-date: /root/ros2_ws/install/sentinel_interfaces/include/sentinel_interfaces/sentinel_interfaces
[0.524s] -- Up-to-date: /root/ros2_ws/install/sentinel_interfaces/include/sentinel_interfaces/sentinel_interfaces/srv
[0.524s] -- Up-to-date: /root/ros2_ws/install/sentinel_interfaces/include/sentinel_interfaces/sentinel_interfaces/srv/detail
[0.524s] -- Installing: /root/ros2_ws/install/sentinel_interfaces/include/sentinel_interfaces/sentinel_interfaces/srv/detail/set_bool_flag__type_support.c
[0.524s] -- Installing: /root/ros2_ws/install/sentinel_interfaces/include/sentinel_interfaces/sentinel_interfaces/srv/detail/set_bool_flag__rosidl_typesupport_introspection_c.h
[0.524s] -- Installing: /root/ros2_ws/install/sentinel_interfaces/include/sentinel_interfaces/sentinel_interfaces/srv/detail/set_threshold__rosidl_typesupport_introspection_c.h
[0.524s] -- Installing: /root/ros2_ws/install/sentinel_interfaces/include/sentinel_interfaces/sentinel_interfaces/srv/detail/set_threshold__type_support.c
[0.525s] -- Up-to-date: /root/ros2_ws/install/sentinel_interfaces/include/sentinel_interfaces/sentinel_interfaces/msg
[0.525s] -- Installing: /root/ros2_ws/install/sentinel_interfaces/include/sentinel_interfaces/sentinel_interfaces/msg/rosidl_typesupport_introspection_c__visibility_control.h
[0.525s] -- Up-to-date: /root/ros2_ws/install/sentinel_interfaces/include/sentinel_interfaces/sentinel_interfaces/msg/detail
[0.525s] -- Installing: /root/ros2_ws/install/sentinel_interfaces/include/sentinel_interfaces/sentinel_interfaces/msg/detail/motor_status__type_support.c
[0.525s] -- Installing: /root/ros2_ws/install/sentinel_interfaces/include/sentinel_interfaces/sentinel_interfaces/msg/detail/motor_command__rosidl_typesupport_introspection_c.h
[0.525s] -- Installing: /root/ros2_ws/install/sentinel_interfaces/include/sentinel_interfaces/sentinel_interfaces/msg/detail/yolo_status__rosidl_typesupport_introspection_c.h
[0.526s] -- Installing: /root/ros2_ws/install/sentinel_interfaces/include/sentinel_interfaces/sentinel_interfaces/msg/detail/detection2_d_array__type_support.c
[0.526s] -- Installing: /root/ros2_ws/install/sentinel_interfaces/include/sentinel_interfaces/sentinel_interfaces/msg/detail/detection__type_support.c
[0.526s] -- Installing: /root/ros2_ws/install/sentinel_interfaces/include/sentinel_interfaces/sentinel_interfaces/msg/detail/tracked_detection2_d__type_support.c
[0.526s] -- Installing: /root/ros2_ws/install/sentinel_interfaces/include/sentinel_interfaces/sentinel_interfaces/msg/detail/frame_size__type_support.c
[0.527s] -- Installing: /root/ros2_ws/install/sentinel_interfaces/include/sentinel_interfaces/sentinel_interfaces/msg/detail/frame_size__rosidl_typesupport_introspection_c.h
[0.527s] -- Installing: /root/ros2_ws/install/sentinel_interfaces/include/sentinel_interfaces/sentinel_interfaces/msg/detail/detection__rosidl_typesupport_introspection_c.h
[0.527s] -- Installing: /root/ros2_ws/install/sentinel_interfaces/include/sentinel_interfaces/sentinel_interfaces/msg/detail/frame_info__rosidl_typesupport_introspection_c.h
[0.528s] -- Installing: /root/ros2_ws/install/sentinel_interfaces/include/sentinel_interfaces/sentinel_interfaces/msg/detail/motor_status__rosidl_typesupport_introspection_c.h
[0.528s] -- Installing: /root/ros2_ws/install/sentinel_interfaces/include/sentinel_interfaces/sentinel_interfaces/msg/detail/detection2_d__rosidl_typesupport_introspection_c.h
[0.528s] -- Installing: /root/ros2_ws/install/sentinel_interfaces/include/sentinel_interfaces/sentinel_interfaces/msg/detail/detection2_d__type_support.c
[0.528s] -- Installing: /root/ros2_ws/install/sentinel_interfaces/include/sentinel_interfaces/sentinel_interfaces/msg/detail/video_rx_status__rosidl_typesupport_introspection_c.h
[0.529s] -- Installing: /root/ros2_ws/install/sentinel_interfaces/include/sentinel_interfaces/sentinel_interfaces/msg/detail/video_rx_status__type_support.c
[0.529s] -- Installing: /root/ros2_ws/install/sentinel_interfaces/include/sentinel_interfaces/sentinel_interfaces/msg/detail/motor_angle__type_support.c
[0.529s] -- Installing: /root/ros2_ws/install/sentinel_interfaces/include/sentinel_interfaces/sentinel_interfaces/msg/detail/motor_command__type_support.c
[0.529s] -- Installing: /root/ros2_ws/install/sentinel_interfaces/include/sentinel_interfaces/sentinel_interfaces/msg/detail/tracked_detection2_d_array__rosidl_typesupport_introspection_c.h
[0.529s] -- Installing: /root/ros2_ws/install/sentinel_interfaces/include/sentinel_interfaces/sentinel_interfaces/msg/detail/tracked_detection2_d_array__type_support.c
[0.530s] -- Installing: /root/ros2_ws/install/sentinel_interfaces/include/sentinel_interfaces/sentinel_interfaces/msg/detail/motor_angle__rosidl_typesupport_introspection_c.h
[0.530s] -- Installing: /root/ros2_ws/install/sentinel_interfaces/include/sentinel_interfaces/sentinel_interfaces/msg/detail/yolo_status__type_support.c
[0.530s] -- Installing: /root/ros2_ws/install/sentinel_interfaces/include/sentinel_interfaces/sentinel_interfaces/msg/detail/frame_info__type_support.c
[0.530s] -- Installing: /root/ros2_ws/install/sentinel_interfaces/include/sentinel_interfaces/sentinel_interfaces/msg/detail/tracked_detection2_d__rosidl_typesupport_introspection_c.h
[0.531s] -- Installing: /root/ros2_ws/install/sentinel_interfaces/include/sentinel_interfaces/sentinel_interfaces/msg/detail/detection2_d_array__rosidl_typesupport_introspection_c.h
[0.532s] -- Installing: /root/ros2_ws/install/sentinel_interfaces/lib/libsentinel_interfaces__rosidl_typesupport_introspection_c.so
[0.532s] -- Set non-toolchain portion of runtime path of "/root/ros2_ws/install/sentinel_interfaces/lib/libsentinel_interfaces__rosidl_typesupport_introspection_c.so" to ""
[0.532s] -- Installing: /root/ros2_ws/install/sentinel_interfaces/lib/libsentinel_interfaces__rosidl_typesupport_c.so
[0.533s] -- Set non-toolchain portion of runtime path of "/root/ros2_ws/install/sentinel_interfaces/lib/libsentinel_interfaces__rosidl_typesupport_c.so" to ""
[0.533s] -- Up-to-date: /root/ros2_ws/install/sentinel_interfaces/include/sentinel_interfaces/sentinel_interfaces
[0.534s] -- Up-to-date: /root/ros2_ws/install/sentinel_interfaces/include/sentinel_interfaces/sentinel_interfaces/srv
[0.534s] -- Installing: /root/ros2_ws/install/sentinel_interfaces/include/sentinel_interfaces/sentinel_interfaces/srv/set_bool_flag.hpp
[0.534s] -- Installing: /root/ros2_ws/install/sentinel_interfaces/include/sentinel_interfaces/sentinel_interfaces/srv/set_threshold.hpp
[0.534s] -- Up-to-date: /root/ros2_ws/install/sentinel_interfaces/include/sentinel_interfaces/sentinel_interfaces/srv/detail
[0.534s] -- Installing: /root/ros2_ws/install/sentinel_interfaces/include/sentinel_interfaces/sentinel_interfaces/srv/detail/set_threshold__type_support.hpp
[0.535s] -- Installing: /root/ros2_ws/install/sentinel_interfaces/include/sentinel_interfaces/sentinel_interfaces/srv/detail/set_threshold__struct.hpp
[0.535s] -- Installing: /root/ros2_ws/install/sentinel_interfaces/include/sentinel_interfaces/sentinel_interfaces/srv/detail/set_bool_flag__traits.hpp
[0.535s] -- Installing: /root/ros2_ws/install/sentinel_interfaces/include/sentinel_interfaces/sentinel_interfaces/srv/detail/set_bool_flag__builder.hpp
[0.536s] -- Installing: /root/ros2_ws/install/sentinel_interfaces/include/sentinel_interfaces/sentinel_interfaces/srv/detail/set_bool_flag__type_support.hpp
[0.536s] -- Installing: /root/ros2_ws/install/sentinel_interfaces/include/sentinel_interfaces/sentinel_interfaces/srv/detail/set_threshold__builder.hpp
[0.536s] -- Installing: /root/ros2_ws/install/sentinel_interfaces/include/sentinel_interfaces/sentinel_interfaces/srv/detail/set_bool_flag__struct.hpp
[0.536s] -- Installing: /root/ros2_ws/install/sentinel_interfaces/include/sentinel_interfaces/sentinel_interfaces/srv/detail/set_threshold__traits.hpp
[0.536s] -- Up-to-date: /root/ros2_ws/install/sentinel_interfaces/include/sentinel_interfaces/sentinel_interfaces/msg
[0.536s] -- Installing: /root/ros2_ws/install/sentinel_interfaces/include/sentinel_interfaces/sentinel_interfaces/msg/video_rx_status.hpp
[0.537s] -- Installing: /root/ros2_ws/install/sentinel_interfaces/include/sentinel_interfaces/sentinel_interfaces/msg/motor_command.hpp
[0.537s] -- Installing: /root/ros2_ws/install/sentinel_interfaces/include/sentinel_interfaces/sentinel_interfaces/msg/detection2_d_array.hpp
[0.537s] -- Installing: /root/ros2_ws/install/sentinel_interfaces/include/sentinel_interfaces/sentinel_interfaces/msg/motor_status.hpp
[0.537s] -- Installing: /root/ros2_ws/install/sentinel_interfaces/include/sentinel_interfaces/sentinel_interfaces/msg/tracked_detection2_d_array.hpp
[0.537s] -- Installing: /root/ros2_ws/install/sentinel_interfaces/include/sentinel_interfaces/sentinel_interfaces/msg/detection2_d.hpp
[0.538s] -- Installing: /root/ros2_ws/install/sentinel_interfaces/include/sentinel_interfaces/sentinel_interfaces/msg/frame_size.hpp
[0.538s] -- Installing: /root/ros2_ws/install/sentinel_interfaces/include/sentinel_interfaces/sentinel_interfaces/msg/detection.hpp
[0.538s] -- Installing: /root/ros2_ws/install/sentinel_interfaces/include/sentinel_interfaces/sentinel_interfaces/msg/motor_angle.hpp
[0.538s] -- Installing: /root/ros2_ws/install/sentinel_interfaces/include/sentinel_interfaces/sentinel_interfaces/msg/frame_info.hpp
[0.538s] -- Installing: /root/ros2_ws/install/sentinel_interfaces/include/sentinel_interfaces/sentinel_interfaces/msg/tracked_detection2_d.hpp
[0.539s] -- Installing: /root/ros2_ws/install/sentinel_interfaces/include/sentinel_interfaces/sentinel_interfaces/msg/rosidl_generator_cpp__visibility_control.hpp
[0.539s] -- Installing: /root/ros2_ws/install/sentinel_interfaces/include/sentinel_interfaces/sentinel_interfaces/msg/yolo_status.hpp
[0.539s] -- Up-to-date: /root/ros2_ws/install/sentinel_interfaces/include/sentinel_interfaces/sentinel_interfaces/msg/detail
[0.539s] -- Installing: /root/ros2_ws/install/sentinel_interfaces/include/sentinel_interfaces/sentinel_interfaces/msg/detail/detection2_d__traits.hpp
[0.540s] -- Installing: /root/ros2_ws/install/sentinel_interfaces/include/sentinel_interfaces/sentinel_interfaces/msg/detail/motor_status__struct.hpp
[0.540s] -- Installing: /root/ros2_ws/install/sentinel_interfaces/include/sentinel_interfaces/sentinel_interfaces/msg/detail/frame_size__type_support.hpp
[0.540s] -- Installing: /root/ros2_ws/install/sentinel_interfaces/include/sentinel_interfaces/sentinel_interfaces/msg/detail/detection2_d_array__type_support.hpp
[0.540s] -- Installing: /root/ros2_ws/install/sentinel_interfaces/include/sentinel_interfaces/sentinel_interfaces/msg/detail/yolo_status__traits.hpp
[0.541s] -- Installing: /root/ros2_ws/install/sentinel_interfaces/include/sentinel_interfaces/sentinel_interfaces/msg/detail/motor_angle__struct.hpp
[0.541s] -- Installing: /root/ros2_ws/install/sentinel_interfaces/include/sentinel_interfaces/sentinel_interfaces/msg/detail/frame_info__type_support.hpp
[0.541s] -- Installing: /root/ros2_ws/install/sentinel_interfaces/include/sentinel_interfaces/sentinel_interfaces/msg/detail/motor_command__traits.hpp
[0.541s] -- Installing: /root/ros2_ws/install/sentinel_interfaces/include/sentinel_interfaces/sentinel_interfaces/msg/detail/tracked_detection2_d__type_support.hpp
[0.542s] -- Installing: /root/ros2_ws/install/sentinel_interfaces/include/sentinel_interfaces/sentinel_interfaces/msg/detail/frame_size__struct.hpp
[0.542s] -- Installing: /root/ros2_ws/install/sentinel_interfaces/include/sentinel_interfaces/sentinel_interfaces/msg/detail/yolo_status__struct.hpp
[0.542s] -- Installing: /root/ros2_ws/install/sentinel_interfaces/include/sentinel_interfaces/sentinel_interfaces/msg/detail/motor_angle__type_support.hpp
[0.542s] -- Installing: /root/ros2_ws/install/sentinel_interfaces/include/sentinel_interfaces/sentinel_interfaces/msg/detail/frame_info__builder.hpp
[0.543s] -- Installing: /root/ros2_ws/install/sentinel_interfaces/include/sentinel_interfaces/sentinel_interfaces/msg/detail/video_rx_status__traits.hpp
[0.543s] -- Installing: /root/ros2_ws/install/sentinel_interfaces/include/sentinel_interfaces/sentinel_interfaces/msg/detail/detection2_d_array__traits.hpp
[0.543s] -- Installing: /root/ros2_ws/install/sentinel_interfaces/include/sentinel_interfaces/sentinel_interfaces/msg/detail/tracked_detection2_d__builder.hpp
[0.543s] -- Installing: /root/ros2_ws/install/sentinel_interfaces/include/sentinel_interfaces/sentinel_interfaces/msg/detail/tracked_detection2_d_array__type_support.hpp
[0.544s] -- Installing: /root/ros2_ws/install/sentinel_interfaces/include/sentinel_interfaces/sentinel_interfaces/msg/detail/yolo_status__builder.hpp
[0.544s] -- Installing: /root/ros2_ws/install/sentinel_interfaces/include/sentinel_interfaces/sentinel_interfaces/msg/detail/tracked_detection2_d__traits.hpp
[0.544s] -- Installing: /root/ros2_ws/install/sentinel_interfaces/include/sentinel_interfaces/sentinel_interfaces/msg/detail/detection2_d__type_support.hpp
[0.544s] -- Installing: /root/ros2_ws/install/sentinel_interfaces/include/sentinel_interfaces/sentinel_interfaces/msg/detail/detection2_d__struct.hpp
[0.545s] -- Installing: /root/ros2_ws/install/sentinel_interfaces/include/sentinel_interfaces/sentinel_interfaces/msg/detail/tracked_detection2_d_array__traits.hpp
[0.545s] -- Installing: /root/ros2_ws/install/sentinel_interfaces/include/sentinel_interfaces/sentinel_interfaces/msg/detail/detection2_d_array__struct.hpp
[0.545s] -- Installing: /root/ros2_ws/install/sentinel_interfaces/include/sentinel_interfaces/sentinel_interfaces/msg/detail/detection2_d_array__builder.hpp
[0.545s] -- Installing: /root/ros2_ws/install/sentinel_interfaces/include/sentinel_interfaces/sentinel_interfaces/msg/detail/frame_size__builder.hpp
[0.546s] -- Installing: /root/ros2_ws/install/sentinel_interfaces/include/sentinel_interfaces/sentinel_interfaces/msg/detail/motor_status__type_support.hpp
[0.546s] -- Installing: /root/ros2_ws/install/sentinel_interfaces/include/sentinel_interfaces/sentinel_interfaces/msg/detail/motor_status__traits.hpp
[0.546s] -- Installing: /root/ros2_ws/install/sentinel_interfaces/include/sentinel_interfaces/sentinel_interfaces/msg/detail/video_rx_status__type_support.hpp
[0.546s] -- Installing: /root/ros2_ws/install/sentinel_interfaces/include/sentinel_interfaces/sentinel_interfaces/msg/detail/tracked_detection2_d__struct.hpp
[0.547s] -- Installing: /root/ros2_ws/install/sentinel_interfaces/include/sentinel_interfaces/sentinel_interfaces/msg/detail/detection__builder.hpp
[0.547s] -- Installing: /root/ros2_ws/install/sentinel_interfaces/include/sentinel_interfaces/sentinel_interfaces/msg/detail/frame_size__traits.hpp
[0.547s] -- Installing: /root/ros2_ws/install/sentinel_interfaces/include/sentinel_interfaces/sentinel_interfaces/msg/detail/tracked_detection2_d_array__builder.hpp
[0.547s] -- Installing: /root/ros2_ws/install/sentinel_interfaces/include/sentinel_interfaces/sentinel_interfaces/msg/detail/tracked_detection2_d_array__struct.hpp
[0.548s] -- Installing: /root/ros2_ws/install/sentinel_interfaces/include/sentinel_interfaces/sentinel_interfaces/msg/detail/motor_status__builder.hpp
[0.548s] -- Installing: /root/ros2_ws/install/sentinel_interfaces/include/sentinel_interfaces/sentinel_interfaces/msg/detail/motor_command__type_support.hpp
[0.548s] -- Installing: /root/ros2_ws/install/sentinel_interfaces/include/sentinel_interfaces/sentinel_interfaces/msg/detail/motor_angle__traits.hpp
[0.548s] -- Installing: /root/ros2_ws/install/sentinel_interfaces/include/sentinel_interfaces/sentinel_interfaces/msg/detail/frame_info__traits.hpp
[0.549s] -- Installing: /root/ros2_ws/install/sentinel_interfaces/include/sentinel_interfaces/sentinel_interfaces/msg/detail/motor_command__builder.hpp
[0.549s] -- Installing: /root/ros2_ws/install/sentinel_interfaces/include/sentinel_interfaces/sentinel_interfaces/msg/detail/frame_info__struct.hpp
[0.549s] -- Installing: /root/ros2_ws/install/sentinel_interfaces/include/sentinel_interfaces/sentinel_interfaces/msg/detail/detection2_d__builder.hpp
[0.549s] -- Installing: /root/ros2_ws/install/sentinel_interfaces/include/sentinel_interfaces/sentinel_interfaces/msg/detail/yolo_status__type_support.hpp
[0.550s] -- Installing: /root/ros2_ws/install/sentinel_interfaces/include/sentinel_interfaces/sentinel_interfaces/msg/detail/detection__type_support.hpp
[0.550s] -- Installing: /root/ros2_ws/install/sentinel_interfaces/include/sentinel_interfaces/sentinel_interfaces/msg/detail/video_rx_status__struct.hpp
[0.550s] -- Installing: /root/ros2_ws/install/sentinel_interfaces/include/sentinel_interfaces/sentinel_interfaces/msg/detail/detection__struct.hpp
[0.550s] -- Installing: /root/ros2_ws/install/sentinel_interfaces/include/sentinel_interfaces/sentinel_interfaces/msg/detail/video_rx_status__builder.hpp
[0.551s] -- Installing: /root/ros2_ws/install/sentinel_interfaces/include/sentinel_interfaces/sentinel_interfaces/msg/detail/motor_command__struct.hpp
[0.551s] -- Installing: /root/ros2_ws/install/sentinel_interfaces/include/sentinel_interfaces/sentinel_interfaces/msg/detail/detection__traits.hpp
[0.551s] -- Installing: /root/ros2_ws/install/sentinel_interfaces/include/sentinel_interfaces/sentinel_interfaces/msg/detail/motor_angle__builder.hpp
[0.551s] -- Up-to-date: /root/ros2_ws/install/sentinel_interfaces/include/sentinel_interfaces/sentinel_interfaces
[0.552s] -- Up-to-date: /root/ros2_ws/install/sentinel_interfaces/include/sentinel_interfaces/sentinel_interfaces/srv
[0.552s] -- Up-to-date: /root/ros2_ws/install/sentinel_interfaces/include/sentinel_interfaces/sentinel_interfaces/srv/detail
[0.552s] -- Installing: /root/ros2_ws/install/sentinel_interfaces/include/sentinel_interfaces/sentinel_interfaces/srv/detail/set_bool_flag__rosidl_typesupport_fastrtps_cpp.hpp
[0.552s] -- Up-to-date: /root/ros2_ws/install/sentinel_interfaces/include/sentinel_interfaces/sentinel_interfaces/srv/detail/dds_fastrtps
[0.552s] -- Installing: /root/ros2_ws/install/sentinel_interfaces/include/sentinel_interfaces/sentinel_interfaces/srv/detail/set_threshold__rosidl_typesupport_fastrtps_cpp.hpp
[0.552s] -- Up-to-date: /root/ros2_ws/install/sentinel_interfaces/include/sentinel_interfaces/sentinel_interfaces/msg
[0.552s] -- Installing: /root/ros2_ws/install/sentinel_interfaces/include/sentinel_interfaces/sentinel_interfaces/msg/rosidl_typesupport_fastrtps_cpp__visibility_control.h
[0.553s] -- Up-to-date: /root/ros2_ws/install/sentinel_interfaces/include/sentinel_interfaces/sentinel_interfaces/msg/detail
[0.553s] -- Installing: /root/ros2_ws/install/sentinel_interfaces/include/sentinel_interfaces/sentinel_interfaces/msg/detail/detection2_d_array__rosidl_typesupport_fastrtps_cpp.hpp
[0.553s] -- Installing: /root/ros2_ws/install/sentinel_interfaces/include/sentinel_interfaces/sentinel_interfaces/msg/detail/yolo_status__rosidl_typesupport_fastrtps_cpp.hpp
[0.553s] -- Installing: /root/ros2_ws/install/sentinel_interfaces/include/sentinel_interfaces/sentinel_interfaces/msg/detail/detection2_d__rosidl_typesupport_fastrtps_cpp.hpp
[0.553s] -- Installing: /root/ros2_ws/install/sentinel_interfaces/include/sentinel_interfaces/sentinel_interfaces/msg/detail/motor_command__rosidl_typesupport_fastrtps_cpp.hpp
[0.554s] -- Installing: /root/ros2_ws/install/sentinel_interfaces/include/sentinel_interfaces/sentinel_interfaces/msg/detail/tracked_detection2_d__rosidl_typesupport_fastrtps_cpp.hpp
[0.554s] -- Up-to-date: /root/ros2_ws/install/sentinel_interfaces/include/sentinel_interfaces/sentinel_interfaces/msg/detail/dds_fastrtps
[0.554s] -- Installing: /root/ros2_ws/install/sentinel_interfaces/include/sentinel_interfaces/sentinel_interfaces/msg/detail/video_rx_status__rosidl_typesupport_fastrtps_cpp.hpp
[0.554s] -- Installing: /root/ros2_ws/install/sentinel_interfaces/include/sentinel_interfaces/sentinel_interfaces/msg/detail/frame_info__rosidl_typesupport_fastrtps_cpp.hpp
[0.555s] -- Installing: /root/ros2_ws/install/sentinel_interfaces/include/sentinel_interfaces/sentinel_interfaces/msg/detail/motor_angle__rosidl_typesupport_fastrtps_cpp.hpp
[0.555s] -- Installing: /root/ros2_ws/install/sentinel_interfaces/include/sentinel_interfaces/sentinel_interfaces/msg/detail/frame_size__rosidl_typesupport_fastrtps_cpp.hpp
[0.556s] -- Installing: /root/ros2_ws/install/sentinel_interfaces/include/sentinel_interfaces/sentinel_interfaces/msg/detail/detection__rosidl_typesupport_fastrtps_cpp.hpp
[0.556s] -- Installing: /root/ros2_ws/install/sentinel_interfaces/include/sentinel_interfaces/sentinel_interfaces/msg/detail/tracked_detection2_d_array__rosidl_typesupport_fastrtps_cpp.hpp
[0.556s] -- Installing: /root/ros2_ws/install/sentinel_interfaces/include/sentinel_interfaces/sentinel_interfaces/msg/detail/motor_status__rosidl_typesupport_fastrtps_cpp.hpp
[0.556s] -- Installing: /root/ros2_ws/install/sentinel_interfaces/lib/libsentinel_interfaces__rosidl_typesupport_fastrtps_cpp.so
[0.558s] -- Set non-toolchain portion of runtime path of "/root/ros2_ws/install/sentinel_interfaces/lib/libsentinel_interfaces__rosidl_typesupport_fastrtps_cpp.so" to ""
[0.558s] -- Up-to-date: /root/ros2_ws/install/sentinel_interfaces/include/sentinel_interfaces/sentinel_interfaces
[0.558s] -- Up-to-date: /root/ros2_ws/install/sentinel_interfaces/include/sentinel_interfaces/sentinel_interfaces/srv
[0.558s] -- Up-to-date: /root/ros2_ws/install/sentinel_interfaces/include/sentinel_interfaces/sentinel_interfaces/srv/detail
[0.559s] -- Installing: /root/ros2_ws/install/sentinel_interfaces/include/sentinel_interfaces/sentinel_interfaces/srv/detail/set_bool_flag__type_support.cpp
[0.559s] -- Installing: /root/ros2_ws/install/sentinel_interfaces/include/sentinel_interfaces/sentinel_interfaces/srv/detail/set_bool_flag__rosidl_typesupport_introspection_cpp.hpp
[0.559s] -- Installing: /root/ros2_ws/install/sentinel_interfaces/include/sentinel_interfaces/sentinel_interfaces/srv/detail/set_threshold__rosidl_typesupport_introspection_cpp.hpp
[0.559s] -- Installing: /root/ros2_ws/install/sentinel_interfaces/include/sentinel_interfaces/sentinel_interfaces/srv/detail/set_threshold__type_support.cpp
[0.559s] -- Up-to-date: /root/ros2_ws/install/sentinel_interfaces/include/sentinel_interfaces/sentinel_interfaces/msg
[0.559s] -- Up-to-date: /root/ros2_ws/install/sentinel_interfaces/include/sentinel_interfaces/sentinel_interfaces/msg/detail
[0.560s] -- Installing: /root/ros2_ws/install/sentinel_interfaces/include/sentinel_interfaces/sentinel_interfaces/msg/detail/motor_angle__type_support.cpp
[0.560s] -- Installing: /root/ros2_ws/install/sentinel_interfaces/include/sentinel_interfaces/sentinel_interfaces/msg/detail/detection2_d__type_support.cpp
[0.560s] -- Installing: /root/ros2_ws/install/sentinel_interfaces/include/sentinel_interfaces/sentinel_interfaces/msg/detail/motor_command__rosidl_typesupport_introspection_cpp.hpp
[0.560s] -- Installing: /root/ros2_ws/install/sentinel_interfaces/include/sentinel_interfaces/sentinel_interfaces/msg/detail/detection__rosidl_typesupport_introspection_cpp.hpp
[0.560s] -- Installing: /root/ros2_ws/install/sentinel_interfaces/include/sentinel_interfaces/sentinel_interfaces/msg/detail/frame_info__type_support.cpp
[0.561s] -- Installing: /root/ros2_ws/install/sentinel_interfaces/include/sentinel_interfaces/sentinel_interfaces/msg/detail/motor_angle__rosidl_typesupport_introspection_cpp.hpp
[0.561s] -- Installing: /root/ros2_ws/install/sentinel_interfaces/include/sentinel_interfaces/sentinel_interfaces/msg/detail/motor_status__rosidl_typesupport_introspection_cpp.hpp
[0.561s] -- Installing: /root/ros2_ws/install/sentinel_interfaces/include/sentinel_interfaces/sentinel_interfaces/msg/detail/detection2_d__rosidl_typesupport_introspection_cpp.hpp
[0.562s] -- Installing: /root/ros2_ws/install/sentinel_interfaces/include/sentinel_interfaces/sentinel_interfaces/msg/detail/detection__type_support.cpp
[0.562s] -- Installing: /root/ros2_ws/install/sentinel_interfaces/include/sentinel_interfaces/sentinel_interfaces/msg/detail/frame_size__type_support.cpp
[0.562s] -- Installing: /root/ros2_ws/install/sentinel_interfaces/include/sentinel_interfaces/sentinel_interfaces/msg/detail/video_rx_status__type_support.cpp
[0.562s] -- Installing: /root/ros2_ws/install/sentinel_interfaces/include/sentinel_interfaces/sentinel_interfaces/msg/detail/tracked_detection2_d_array__type_support.cpp
[0.562s] -- Installing: /root/ros2_ws/install/sentinel_interfaces/include/sentinel_interfaces/sentinel_interfaces/msg/detail/yolo_status__type_support.cpp
[0.563s] -- Installing: /root/ros2_ws/install/sentinel_interfaces/include/sentinel_interfaces/sentinel_interfaces/msg/detail/detection2_d_array__rosidl_typesupport_introspection_cpp.hpp
[0.563s] -- Installing: /root/ros2_ws/install/sentinel_interfaces/include/sentinel_interfaces/sentinel_interfaces/msg/detail/frame_info__rosidl_typesupport_introspection_cpp.hpp
[0.563s] -- Installing: /root/ros2_ws/install/sentinel_interfaces/include/sentinel_interfaces/sentinel_interfaces/msg/detail/tracked_detection2_d__rosidl_typesupport_introspection_cpp.hpp
[0.563s] -- Installing: /root/ros2_ws/install/sentinel_interfaces/include/sentinel_interfaces/sentinel_interfaces/msg/detail/motor_command__type_support.cpp
[0.564s] -- Installing: /root/ros2_ws/install/sentinel_interfaces/include/sentinel_interfaces/sentinel_interfaces/msg/detail/video_rx_status__rosidl_typesupport_introspection_cpp.hpp
[0.564s] -- Installing: /root/ros2_ws/install/sentinel_interfaces/include/sentinel_interfaces/sentinel_interfaces/msg/detail/frame_size__rosidl_typesupport_introspection_cpp.hpp
[0.564s] -- Installing: /root/ros2_ws/install/sentinel_interfaces/include/sentinel_interfaces/sentinel_interfaces/msg/detail/detection2_d_array__type_support.cpp
[0.565s] -- Installing: /root/ros2_ws/install/sentinel_interfaces/include/sentinel_interfaces/sentinel_interfaces/msg/detail/tracked_detection2_d_array__rosidl_typesupport_introspection_cpp.hpp
[0.565s] -- Installing: /root/ros2_ws/install/sentinel_interfaces/include/sentinel_interfaces/sentinel_interfaces/msg/detail/motor_status__type_support.cpp
[0.565s] -- Installing: /root/ros2_ws/install/sentinel_interfaces/include/sentinel_interfaces/sentinel_interfaces/msg/detail/tracked_detection2_d__type_support.cpp
[0.565s] -- Installing: /root/ros2_ws/install/sentinel_interfaces/include/sentinel_interfaces/sentinel_interfaces/msg/detail/yolo_status__rosidl_typesupport_introspection_cpp.hpp
[0.566s] -- Installing: /root/ros2_ws/install/sentinel_interfaces/lib/libsentinel_interfaces__rosidl_typesupport_introspection_cpp.so
[0.567s] -- Set non-toolchain portion of runtime path of "/root/ros2_ws/install/sentinel_interfaces/lib/libsentinel_interfaces__rosidl_typesupport_introspection_cpp.so" to ""
[0.568s] -- Installing: /root/ros2_ws/install/sentinel_interfaces/lib/libsentinel_interfaces__rosidl_typesupport_cpp.so
[0.569s] -- Set non-toolchain portion of runtime path of "/root/ros2_ws/install/sentinel_interfaces/lib/libsentinel_interfaces__rosidl_typesupport_cpp.so" to ""
[0.569s] -- Installing: /root/ros2_ws/install/sentinel_interfaces/share/sentinel_interfaces/environment/pythonpath.sh
[0.569s] -- Installing: /root/ros2_ws/install/sentinel_interfaces/share/sentinel_interfaces/environment/pythonpath.dsv
[0.569s] -- Up-to-date: /root/ros2_ws/install/sentinel_interfaces/lib/python3.12/site-packages/sentinel_interfaces-0.0.0-py3.12.egg-info
[0.569s] -- Installing: /root/ros2_ws/install/sentinel_interfaces/lib/python3.12/site-packages/sentinel_interfaces-0.0.0-py3.12.egg-info/PKG-INFO
[0.569s] -- Installing: /root/ros2_ws/install/sentinel_interfaces/lib/python3.12/site-packages/sentinel_interfaces-0.0.0-py3.12.egg-info/top_level.txt
[0.570s] -- Installing: /root/ros2_ws/install/sentinel_interfaces/lib/python3.12/site-packages/sentinel_interfaces-0.0.0-py3.12.egg-info/SOURCES.txt
[0.570s] -- Installing: /root/ros2_ws/install/sentinel_interfaces/lib/python3.12/site-packages/sentinel_interfaces-0.0.0-py3.12.egg-info/dependency_links.txt
[0.570s] -- Up-to-date: /root/ros2_ws/install/sentinel_interfaces/lib/python3.12/site-packages/sentinel_interfaces
[0.570s] -- Installing: /root/ros2_ws/install/sentinel_interfaces/lib/python3.12/site-packages/sentinel_interfaces/_sentinel_interfaces_s.ep.rosidl_typesupport_c.c
[0.570s] -- Installing: /root/ros2_ws/install/sentinel_interfaces/lib/python3.12/site-packages/sentinel_interfaces/sentinel_interfaces_s__rosidl_typesupport_c.so
[0.571s] -- Installing: /root/ros2_ws/install/sentinel_interfaces/lib/python3.12/site-packages/sentinel_interfaces/sentinel_interfaces_s__rosidl_typesupport_fastrtps_c.so
[0.571s] -- Installing: /root/ros2_ws/install/sentinel_interfaces/lib/python3.12/site-packages/sentinel_interfaces/_sentinel_interfaces_s.ep.rosidl_typesupport_introspection_c.c
[0.571s] -- Installing: /root/ros2_ws/install/sentinel_interfaces/lib/python3.12/site-packages/sentinel_interfaces/_sentinel_interfaces_s.ep.rosidl_typesupport_fastrtps_c.c
[0.571s] -- Up-to-date: /root/ros2_ws/install/sentinel_interfaces/lib/python3.12/site-packages/sentinel_interfaces/srv
[0.572s] -- Installing: /root/ros2_ws/install/sentinel_interfaces/lib/python3.12/site-packages/sentinel_interfaces/srv/_set_threshold.py
[0.572s] -- Installing: /root/ros2_ws/install/sentinel_interfaces/lib/python3.12/site-packages/sentinel_interfaces/srv/_set_bool_flag_s.c
[0.572s] -- Installing: /root/ros2_ws/install/sentinel_interfaces/lib/python3.12/site-packages/sentinel_interfaces/srv/_set_bool_flag.py
[0.572s] -- Installing: /root/ros2_ws/install/sentinel_interfaces/lib/python3.12/site-packages/sentinel_interfaces/srv/_set_threshold_s.c
[0.572s] -- Installing: /root/ros2_ws/install/sentinel_interfaces/lib/python3.12/site-packages/sentinel_interfaces/srv/__init__.py
[0.572s] -- Up-to-date: /root/ros2_ws/install/sentinel_interfaces/lib/python3.12/site-packages/sentinel_interfaces/msg
[0.572s] -- Installing: /root/ros2_ws/install/sentinel_interfaces/lib/python3.12/site-packages/sentinel_interfaces/msg/_tracked_detection2_d.py
[0.572s] -- Installing: /root/ros2_ws/install/sentinel_interfaces/lib/python3.12/site-packages/sentinel_interfaces/msg/_tracked_detection2_d_array.py
[0.573s] -- Installing: /root/ros2_ws/install/sentinel_interfaces/lib/python3.12/site-packages/sentinel_interfaces/msg/_detection2_d_array.py
[0.573s] -- Installing: /root/ros2_ws/install/sentinel_interfaces/lib/python3.12/site-packages/sentinel_interfaces/msg/_motor_status_s.c
[0.573s] -- Installing: /root/ros2_ws/install/sentinel_interfaces/lib/python3.12/site-packages/sentinel_interfaces/msg/_motor_command_s.c
[0.573s] -- Installing: /root/ros2_ws/install/sentinel_interfaces/lib/python3.12/site-packages/sentinel_interfaces/msg/_frame_size_s.c
[0.573s] -- Installing: /root/ros2_ws/install/sentinel_interfaces/lib/python3.12/site-packages/sentinel_interfaces/msg/_frame_size.py
[0.573s] -- Installing: /root/ros2_ws/install/sentinel_interfaces/lib/python3.12/site-packages/sentinel_interfaces/msg/_tracked_detection2_d_s.c
[0.573s] -- Installing: /root/ros2_ws/install/sentinel_interfaces/lib/python3.12/site-packages/sentinel_interfaces/msg/_yolo_status_s.c
[0.573s] -- Installing: /root/ros2_ws/install/sentinel_interfaces/lib/python3.12/site-packages/sentinel_interfaces/msg/_motor_angle.py
[0.573s] -- Installing: /root/ros2_ws/install/sentinel_interfaces/lib/python3.12/site-packages/sentinel_interfaces/msg/_detection_s.c
[0.573s] -- Installing: /root/ros2_ws/install/sentinel_interfaces/lib/python3.12/site-packages/sentinel_interfaces/msg/_yolo_status.py
[0.574s] -- Installing: /root/ros2_ws/install/sentinel_interfaces/lib/python3.12/site-packages/sentinel_interfaces/msg/_motor_angle_s.c
[0.574s] -- Installing: /root/ros2_ws/install/sentinel_interfaces/lib/python3.12/site-packages/sentinel_interfaces/msg/_video_rx_status.py
[0.574s] -- Installing: /root/ros2_ws/install/sentinel_interfaces/lib/python3.12/site-packages/sentinel_interfaces/msg/_motor_command.py
[0.574s] -- Installing: /root/ros2_ws/install/sentinel_interfaces/lib/python3.12/site-packages/sentinel_interfaces/msg/_detection2_d.py
[0.574s] -- Installing: /root/ros2_ws/install/sentinel_interfaces/lib/python3.12/site-packages/sentinel_interfaces/msg/_frame_info.py
[0.574s] -- Installing: /root/ros2_ws/install/sentinel_interfaces/lib/python3.12/site-packages/sentinel_interfaces/msg/_video_rx_status_s.c
[0.574s] -- Installing: /root/ros2_ws/install/sentinel_interfaces/lib/python3.12/site-packages/sentinel_interfaces/msg/_frame_info_s.c
[0.574s] -- Installing: /root/ros2_ws/install/sentinel_interfaces/lib/python3.12/site-packages/sentinel_interfaces/msg/_detection2_d_s.c
[0.574s] -- Installing: /root/ros2_ws/install/sentinel_interfaces/lib/python3.12/site-packages/sentinel_interfaces/msg/_detection2_d_array_s.c
[0.575s] -- Installing: /root/ros2_ws/install/sentinel_interfaces/lib/python3.12/site-packages/sentinel_interfaces/msg/_tracked_detection2_d_array_s.c
[0.575s] -- Installing: /root/ros2_ws/install/sentinel_interfaces/lib/python3.12/site-packages/sentinel_interfaces/msg/_detection.py
[0.575s] -- Installing: /root/ros2_ws/install/sentinel_interfaces/lib/python3.12/site-packages/sentinel_interfaces/msg/_motor_status.py
[0.575s] -- Installing: /root/ros2_ws/install/sentinel_interfaces/lib/python3.12/site-packages/sentinel_interfaces/msg/__init__.py
[0.575s] -- Installing: /root/ros2_ws/install/sentinel_interfaces/lib/python3.12/site-packages/sentinel_interfaces/sentinel_interfaces_s__rosidl_typesupport_introspection_c.so
[0.575s] -- Installing: /root/ros2_ws/install/sentinel_interfaces/lib/python3.12/site-packages/sentinel_interfaces/__init__.py
[0.632s] Listing '/root/ros2_ws/install/sentinel_interfaces/lib/python3.12/site-packages/sentinel_interfaces'...
[0.633s] Compiling '/root/ros2_ws/install/sentinel_interfaces/lib/python3.12/site-packages/sentinel_interfaces/__init__.py'...
[0.633s] Listing '/root/ros2_ws/install/sentinel_interfaces/lib/python3.12/site-packages/sentinel_interfaces/msg'...
[0.633s] Compiling '/root/ros2_ws/install/sentinel_interfaces/lib/python3.12/site-packages/sentinel_interfaces/msg/__init__.py'...
[0.633s] Compiling '/root/ros2_ws/install/sentinel_interfaces/lib/python3.12/site-packages/sentinel_interfaces/msg/_detection.py'...
[0.633s] Compiling '/root/ros2_ws/install/sentinel_interfaces/lib/python3.12/site-packages/sentinel_interfaces/msg/_detection2_d.py'...
[0.633s] Compiling '/root/ros2_ws/install/sentinel_interfaces/lib/python3.12/site-packages/sentinel_interfaces/msg/_detection2_d_array.py'...
[0.633s] Compiling '/root/ros2_ws/install/sentinel_interfaces/lib/python3.12/site-packages/sentinel_interfaces/msg/_frame_info.py'...
[0.633s] Compiling '/root/ros2_ws/install/sentinel_interfaces/lib/python3.12/site-packages/sentinel_interfaces/msg/_frame_size.py'...
[0.633s] Compiling '/root/ros2_ws/install/sentinel_interfaces/lib/python3.12/site-packages/sentinel_interfaces/msg/_motor_angle.py'...
[0.633s] Compiling '/root/ros2_ws/install/sentinel_interfaces/lib/python3.12/site-packages/sentinel_interfaces/msg/_motor_command.py'...
[0.634s] Compiling '/root/ros2_ws/install/sentinel_interfaces/lib/python3.12/site-packages/sentinel_interfaces/msg/_motor_status.py'...
[0.634s] Compiling '/root/ros2_ws/install/sentinel_interfaces/lib/python3.12/site-packages/sentinel_interfaces/msg/_tracked_detection2_d.py'...
[0.634s] Compiling '/root/ros2_ws/install/sentinel_interfaces/lib/python3.12/site-packages/sentinel_interfaces/msg/_tracked_detection2_d_array.py'...
[0.634s] Compiling '/root/ros2_ws/install/sentinel_interfaces/lib/python3.12/site-packages/sentinel_interfaces/msg/_video_rx_status.py'...
[0.634s] Compiling '/root/ros2_ws/install/sentinel_interfaces/lib/python3.12/site-packages/sentinel_interfaces/msg/_yolo_status.py'...
[0.634s] Listing '/root/ros2_ws/install/sentinel_interfaces/lib/python3.12/site-packages/sentinel_interfaces/srv'...
[0.634s] Compiling '/root/ros2_ws/install/sentinel_interfaces/lib/python3.12/site-packages/sentinel_interfaces/srv/__init__.py'...
[0.634s] Compiling '/root/ros2_ws/install/sentinel_interfaces/lib/python3.12/site-packages/sentinel_interfaces/srv/_set_bool_flag.py'...
[0.634s] Compiling '/root/ros2_ws/install/sentinel_interfaces/lib/python3.12/site-packages/sentinel_interfaces/srv/_set_threshold.py'...
[0.640s] -- Installing: /root/ros2_ws/install/sentinel_interfaces/lib/python3.12/site-packages/sentinel_interfaces/sentinel_interfaces_s__rosidl_typesupport_fastrtps_c.so
[0.641s] -- Set non-toolchain portion of runtime path of "/root/ros2_ws/install/sentinel_interfaces/lib/python3.12/site-packages/sentinel_interfaces/sentinel_interfaces_s__rosidl_typesupport_fastrtps_c.so" to ""
[0.641s] -- Installing: /root/ros2_ws/install/sentinel_interfaces/lib/python3.12/site-packages/sentinel_interfaces/sentinel_interfaces_s__rosidl_typesupport_introspection_c.so
[0.641s] -- Set non-toolchain portion of runtime path of "/root/ros2_ws/install/sentinel_interfaces/lib/python3.12/site-packages/sentinel_interfaces/sentinel_interfaces_s__rosidl_typesupport_introspection_c.so" to ""
[0.641s] -- Installing: /root/ros2_ws/install/sentinel_interfaces/lib/python3.12/site-packages/sentinel_interfaces/sentinel_interfaces_s__rosidl_typesupport_c.so
[0.642s] -- Set non-toolchain portion of runtime path of "/root/ros2_ws/install/sentinel_interfaces/lib/python3.12/site-packages/sentinel_interfaces/sentinel_interfaces_s__rosidl_typesupport_c.so" to ""
[0.642s] -- Installing: /root/ros2_ws/install/sentinel_interfaces/lib/libsentinel_interfaces__rosidl_generator_py.so
[0.644s] -- Set non-toolchain portion of runtime path of "/root/ros2_ws/install/sentinel_interfaces/lib/libsentinel_interfaces__rosidl_generator_py.so" to ""
[0.644s] -- Installing: /root/ros2_ws/install/sentinel_interfaces/share/sentinel_interfaces/msg/MotorAngle.idl
[0.645s] -- Installing: /root/ros2_ws/install/sentinel_interfaces/share/sentinel_interfaces/msg/Detection.idl
[0.646s] -- Installing: /root/ros2_ws/install/sentinel_interfaces/share/sentinel_interfaces/msg/Detection2D.idl
[0.646s] -- Installing: /root/ros2_ws/install/sentinel_interfaces/share/sentinel_interfaces/msg/Detection2DArray.idl
[0.646s] -- Installing: /root/ros2_ws/install/sentinel_interfaces/share/sentinel_interfaces/msg/FrameInfo.idl
[0.646s] -- Installing: /root/ros2_ws/install/sentinel_interfaces/share/sentinel_interfaces/msg/FrameSize.idl
[0.647s] -- Installing: /root/ros2_ws/install/sentinel_interfaces/share/sentinel_interfaces/msg/MotorCommand.idl
[0.647s] -- Installing: /root/ros2_ws/install/sentinel_interfaces/share/sentinel_interfaces/msg/MotorStatus.idl
[0.647s] -- Installing: /root/ros2_ws/install/sentinel_interfaces/share/sentinel_interfaces/msg/TrackedDetection2D.idl
[0.647s] -- Installing: /root/ros2_ws/install/sentinel_interfaces/share/sentinel_interfaces/msg/TrackedDetection2DArray.idl
[0.647s] -- Installing: /root/ros2_ws/install/sentinel_interfaces/share/sentinel_interfaces/msg/VideoRxStatus.idl
[0.648s] -- Installing: /root/ros2_ws/install/sentinel_interfaces/share/sentinel_interfaces/msg/YoloStatus.idl
[0.648s] -- Installing: /root/ros2_ws/install/sentinel_interfaces/share/sentinel_interfaces/srv/SetBoolFlag.idl
[0.648s] -- Installing: /root/ros2_ws/install/sentinel_interfaces/share/sentinel_interfaces/srv/SetThreshold.idl
[0.649s] -- Up-to-date: /root/ros2_ws/install/sentinel_interfaces/share/sentinel_interfaces/msg/MotorAngle.msg
[0.649s] -- Up-to-date: /root/ros2_ws/install/sentinel_interfaces/share/sentinel_interfaces/msg/Detection.msg
[0.649s] -- Up-to-date: /root/ros2_ws/install/sentinel_interfaces/share/sentinel_interfaces/msg/Detection2D.msg
[0.649s] -- Up-to-date: /root/ros2_ws/install/sentinel_interfaces/share/sentinel_interfaces/msg/Detection2DArray.msg
[0.649s] -- Up-to-date: /root/ros2_ws/install/sentinel_interfaces/share/sentinel_interfaces/msg/FrameInfo.msg
[0.650s] -- Up-to-date: /root/ros2_ws/install/sentinel_interfaces/share/sentinel_interfaces/msg/FrameSize.msg
[0.650s] -- Up-to-date: /root/ros2_ws/install/sentinel_interfaces/share/sentinel_interfaces/msg/MotorCommand.msg
[0.650s] -- Up-to-date: /root/ros2_ws/install/sentinel_interfaces/share/sentinel_interfaces/msg/MotorStatus.msg
[0.650s] -- Up-to-date: /root/ros2_ws/install/sentinel_interfaces/share/sentinel_interfaces/msg/TrackedDetection2D.msg
[0.650s] -- Up-to-date: /root/ros2_ws/install/sentinel_interfaces/share/sentinel_interfaces/msg/TrackedDetection2DArray.msg
[0.650s] -- Up-to-date: /root/ros2_ws/install/sentinel_interfaces/share/sentinel_interfaces/msg/VideoRxStatus.msg
[0.650s] -- Up-to-date: /root/ros2_ws/install/sentinel_interfaces/share/sentinel_interfaces/msg/YoloStatus.msg
[0.651s] -- Up-to-date: /root/ros2_ws/install/sentinel_interfaces/share/sentinel_interfaces/srv/SetBoolFlag.srv
[0.651s] -- Up-to-date: /root/ros2_ws/install/sentinel_interfaces/share/sentinel_interfaces/srv/SetThreshold.srv
[0.651s] -- Installing: /root/ros2_ws/install/sentinel_interfaces/share/ament_index/resource_index/package_run_dependencies/sentinel_interfaces
[0.651s] -- Installing: /root/ros2_ws/install/sentinel_interfaces/share/ament_index/resource_index/parent_prefix_path/sentinel_interfaces
[0.651s] -- Up-to-date: /root/ros2_ws/install/sentinel_interfaces/share/sentinel_interfaces/environment/ament_prefix_path.sh
[0.651s] -- Installing: /root/ros2_ws/install/sentinel_interfaces/share/sentinel_interfaces/environment/ament_prefix_path.dsv
[0.651s] -- Up-to-date: /root/ros2_ws/install/sentinel_interfaces/share/sentinel_interfaces/environment/path.sh
[0.651s] -- Installing: /root/ros2_ws/install/sentinel_interfaces/share/sentinel_interfaces/environment/path.dsv
[0.651s] -- Installing: /root/ros2_ws/install/sentinel_interfaces/share/sentinel_interfaces/local_setup.bash
[0.652s] -- Installing: /root/ros2_ws/install/sentinel_interfaces/share/sentinel_interfaces/local_setup.sh
[0.652s] -- Installing: /root/ros2_ws/install/sentinel_interfaces/share/sentinel_interfaces/local_setup.zsh
[0.652s] -- Installing: /root/ros2_ws/install/sentinel_interfaces/share/sentinel_interfaces/local_setup.dsv
[0.652s] -- Installing: /root/ros2_ws/install/sentinel_interfaces/share/sentinel_interfaces/package.dsv
[0.653s] -- Installing: /root/ros2_ws/install/sentinel_interfaces/share/ament_index/resource_index/packages/sentinel_interfaces
[0.654s] -- Installing: /root/ros2_ws/install/sentinel_interfaces/share/sentinel_interfaces/cmake/export_sentinel_interfaces__rosidl_generator_cExport.cmake
[0.654s] -- Installing: /root/ros2_ws/install/sentinel_interfaces/share/sentinel_interfaces/cmake/export_sentinel_interfaces__rosidl_generator_cExport-noconfig.cmake
[0.654s] -- Installing: /root/ros2_ws/install/sentinel_interfaces/share/sentinel_interfaces/cmake/export_sentinel_interfaces__rosidl_typesupport_fastrtps_cExport.cmake
[0.655s] -- Installing: /root/ros2_ws/install/sentinel_interfaces/share/sentinel_interfaces/cmake/export_sentinel_interfaces__rosidl_typesupport_fastrtps_cExport-noconfig.cmake
[0.656s] -- Installing: /root/ros2_ws/install/sentinel_interfaces/share/sentinel_interfaces/cmake/sentinel_interfaces__rosidl_typesupport_introspection_cExport.cmake
[0.656s] -- Installing: /root/ros2_ws/install/sentinel_interfaces/share/sentinel_interfaces/cmake/sentinel_interfaces__rosidl_typesupport_introspection_cExport-noconfig.cmake
[0.656s] -- Installing: /root/ros2_ws/install/sentinel_interfaces/share/sentinel_interfaces/cmake/sentinel_interfaces__rosidl_typesupport_cExport.cmake
[0.656s] -- Installing: /root/ros2_ws/install/sentinel_interfaces/share/sentinel_interfaces/cmake/sentinel_interfaces__rosidl_typesupport_cExport-noconfig.cmake
[0.657s] -- Installing: /root/ros2_ws/install/sentinel_interfaces/share/sentinel_interfaces/cmake/export_sentinel_interfaces__rosidl_generator_cppExport.cmake
[0.658s] -- Installing: /root/ros2_ws/install/sentinel_interfaces/share/sentinel_interfaces/cmake/export_sentinel_interfaces__rosidl_typesupport_fastrtps_cppExport.cmake
[0.658s] -- Installing: /root/ros2_ws/install/sentinel_interfaces/share/sentinel_interfaces/cmake/export_sentinel_interfaces__rosidl_typesupport_fastrtps_cppExport-noconfig.cmake
[0.658s] -- Installing: /root/ros2_ws/install/sentinel_interfaces/share/sentinel_interfaces/cmake/sentinel_interfaces__rosidl_typesupport_introspection_cppExport.cmake
[0.659s] -- Installing: /root/ros2_ws/install/sentinel_interfaces/share/sentinel_interfaces/cmake/sentinel_interfaces__rosidl_typesupport_introspection_cppExport-noconfig.cmake
[0.659s] -- Installing: /root/ros2_ws/install/sentinel_interfaces/share/sentinel_interfaces/cmake/sentinel_interfaces__rosidl_typesupport_cppExport.cmake
[0.659s] -- Installing: /root/ros2_ws/install/sentinel_interfaces/share/sentinel_interfaces/cmake/sentinel_interfaces__rosidl_typesupport_cppExport-noconfig.cmake
[0.660s] -- Installing: /root/ros2_ws/install/sentinel_interfaces/share/sentinel_interfaces/cmake/export_sentinel_interfaces__rosidl_generator_pyExport.cmake
[0.660s] -- Installing: /root/ros2_ws/install/sentinel_interfaces/share/sentinel_interfaces/cmake/export_sentinel_interfaces__rosidl_generator_pyExport-noconfig.cmake
[0.660s] -- Installing: /root/ros2_ws/install/sentinel_interfaces/share/sentinel_interfaces/cmake/rosidl_cmake-extras.cmake
[0.660s] -- Installing: /root/ros2_ws/install/sentinel_interfaces/share/sentinel_interfaces/cmake/ament_cmake_export_dependencies-extras.cmake
[0.661s] -- Installing: /root/ros2_ws/install/sentinel_interfaces/share/sentinel_interfaces/cmake/ament_cmake_export_include_directories-extras.cmake
[0.661s] -- Installing: /root/ros2_ws/install/sentinel_interfaces/share/sentinel_interfaces/cmake/ament_cmake_export_libraries-extras.cmake
[0.661s] -- Installing: /root/ros2_ws/install/sentinel_interfaces/share/sentinel_interfaces/cmake/ament_cmake_export_targets-extras.cmake
[0.661s] -- Installing: /root/ros2_ws/install/sentinel_interfaces/share/sentinel_interfaces/cmake/rosidl_cmake_export_typesupport_targets-extras.cmake
[0.662s] -- Installing: /root/ros2_ws/install/sentinel_interfaces/share/sentinel_interfaces/cmake/rosidl_cmake_export_typesupport_libraries-extras.cmake
[0.662s] -- Installing: /root/ros2_ws/install/sentinel_interfaces/share/sentinel_interfaces/cmake/sentinel_interfacesConfig.cmake
[0.662s] -- Installing: /root/ros2_ws/install/sentinel_interfaces/share/sentinel_interfaces/cmake/sentinel_interfacesConfig-version.cmake
[0.663s] -- Up-to-date: /root/ros2_ws/install/sentinel_interfaces/share/sentinel_interfaces/package.xml
[0.670s] Invoked command in '/root/ros2_ws/build/sentinel_interfaces' returned '0': /usr/bin/cmake --install /root/ros2_ws/build/sentinel_interfaces
