[0.123s] DEBUG:colcon:Command line arguments: ['/usr/bin/colcon', 'build', '--packages-select', 'sentinel_interfaces']
[0.123s] DEBUG:colcon:Parsed command line arguments: Namespace(log_base=None, log_level=None, verb_name='build', build_base='build', install_base='install', merge_install=False, symlink_install=False, test_result_base=None, continue_on_error=False, executor='parallel', parallel_workers=14, event_handlers=None, ignore_user_meta=False, metas=['./colcon.meta'], base_paths=['.'], packages_ignore=None, packages_ignore_regex=None, paths=None, packages_up_to=None, packages_up_to_regex=None, packages_above=None, packages_above_and_dependencies=None, packages_above_depth=None, packages_select_by_dep=None, packages_skip_by_dep=None, packages_skip_up_to=None, packages_select_build_failed=False, packages_skip_build_finished=False, packages_select_test_failures=False, packages_skip_test_passed=False, packages_select=['sentinel_interfaces'], packages_skip=None, packages_select_regex=None, packages_skip_regex=None, packages_start=None, packages_end=None, allow_overriding=[], cmake_args=None, cmake_target=None, cmake_target_skip_unavailable=False, cmake_clean_cache=False, cmake_clean_first=False, cmake_force_configure=False, ament_cmake_args=None, catkin_cmake_args=None, catkin_skip_building_tests=False, mixin_files=None, mixin=None, verb_parser=<colcon_mixin.mixin.mixin_argument.MixinArgumentDecorator object at 0xffffa8dcb7a0>, verb_extension=<colcon_core.verb.build.BuildVerb object at 0xffffa8f77d40>, main=<bound method BuildVerb.main of <colcon_core.verb.build.BuildVerb object at 0xffffa8f77d40>>, mixin_verb=('build',))
[0.166s] Level 1:colcon.colcon_core.package_discovery:discover_packages(colcon_meta) check parameters
[0.167s] Level 1:colcon.colcon_core.package_discovery:discover_packages(recursive) check parameters
[0.167s] Level 1:colcon.colcon_core.package_discovery:discover_packages(ignore) check parameters
[0.167s] Level 1:colcon.colcon_core.package_discovery:discover_packages(path) check parameters
[0.167s] Level 1:colcon.colcon_core.package_discovery:discover_packages(colcon_meta) discover
[0.167s] Level 1:colcon.colcon_core.package_discovery:discover_packages(recursive) discover
[0.167s] INFO:colcon.colcon_core.package_discovery:Crawling recursively for packages in '/root/ros2_ws'
[0.167s] Level 1:colcon.colcon_core.package_identification:_identify(.) by extensions ['ignore', 'ignore_ament_install']
[0.167s] Level 1:colcon.colcon_core.package_identification:_identify(.) by extension 'ignore'
[0.167s] Level 1:colcon.colcon_core.package_identification:_identify(.) by extension 'ignore_ament_install'
[0.167s] Level 1:colcon.colcon_core.package_identification:_identify(.) by extensions ['colcon_pkg']
[0.167s] Level 1:colcon.colcon_core.package_identification:_identify(.) by extension 'colcon_pkg'
[0.167s] Level 1:colcon.colcon_core.package_identification:_identify(.) by extensions ['colcon_meta']
[0.167s] Level 1:colcon.colcon_core.package_identification:_identify(.) by extension 'colcon_meta'
[0.167s] Level 1:colcon.colcon_core.package_identification:_identify(.) by extensions ['ros']
[0.167s] Level 1:colcon.colcon_core.package_identification:_identify(.) by extension 'ros'
[0.191s] Level 1:colcon.colcon_core.package_identification:_identify(.) by extensions ['cmake', 'python']
[0.191s] Level 1:colcon.colcon_core.package_identification:_identify(.) by extension 'cmake'
[0.191s] Level 1:colcon.colcon_core.package_identification:_identify(.) by extension 'python'
[0.191s] Level 1:colcon.colcon_core.package_identification:_identify(.) by extensions ['python_setup_py']
[0.191s] Level 1:colcon.colcon_core.package_identification:_identify(.) by extension 'python_setup_py'
[0.191s] Level 1:colcon.colcon_core.package_identification:_identify(build) by extensions ['ignore', 'ignore_ament_install']
[0.191s] Level 1:colcon.colcon_core.package_identification:_identify(build) by extension 'ignore'
[0.191s] Level 1:colcon.colcon_core.package_identification:_identify(build) ignored
[0.191s] Level 1:colcon.colcon_core.package_identification:_identify(install) by extensions ['ignore', 'ignore_ament_install']
[0.192s] Level 1:colcon.colcon_core.package_identification:_identify(install) by extension 'ignore'
[0.192s] Level 1:colcon.colcon_core.package_identification:_identify(install) ignored
[0.192s] Level 1:colcon.colcon_core.package_identification:_identify(log) by extensions ['ignore', 'ignore_ament_install']
[0.192s] Level 1:colcon.colcon_core.package_identification:_identify(log) by extension 'ignore'
[0.192s] Level 1:colcon.colcon_core.package_identification:_identify(log) ignored
[0.192s] Level 1:colcon.colcon_core.package_identification:_identify(src) by extensions ['ignore', 'ignore_ament_install']
[0.192s] Level 1:colcon.colcon_core.package_identification:_identify(src) by extension 'ignore'
[0.192s] Level 1:colcon.colcon_core.package_identification:_identify(src) by extension 'ignore_ament_install'
[0.192s] Level 1:colcon.colcon_core.package_identification:_identify(src) by extensions ['colcon_pkg']
[0.192s] Level 1:colcon.colcon_core.package_identification:_identify(src) by extension 'colcon_pkg'
[0.192s] Level 1:colcon.colcon_core.package_identification:_identify(src) by extensions ['colcon_meta']
[0.192s] Level 1:colcon.colcon_core.package_identification:_identify(src) by extension 'colcon_meta'
[0.192s] Level 1:colcon.colcon_core.package_identification:_identify(src) by extensions ['ros']
[0.192s] Level 1:colcon.colcon_core.package_identification:_identify(src) by extension 'ros'
[0.192s] Level 1:colcon.colcon_core.package_identification:_identify(src) by extensions ['cmake', 'python']
[0.192s] Level 1:colcon.colcon_core.package_identification:_identify(src) by extension 'cmake'
[0.192s] Level 1:colcon.colcon_core.package_identification:_identify(src) by extension 'python'
[0.192s] Level 1:colcon.colcon_core.package_identification:_identify(src) by extensions ['python_setup_py']
[0.192s] Level 1:colcon.colcon_core.package_identification:_identify(src) by extension 'python_setup_py'
[0.192s] Level 1:colcon.colcon_core.package_identification:_identify(src/sentinel_interfaces) by extensions ['ignore', 'ignore_ament_install']
[0.192s] Level 1:colcon.colcon_core.package_identification:_identify(src/sentinel_interfaces) by extension 'ignore'
[0.192s] Level 1:colcon.colcon_core.package_identification:_identify(src/sentinel_interfaces) by extension 'ignore_ament_install'
[0.192s] Level 1:colcon.colcon_core.package_identification:_identify(src/sentinel_interfaces) by extensions ['colcon_pkg']
[0.192s] Level 1:colcon.colcon_core.package_identification:_identify(src/sentinel_interfaces) by extension 'colcon_pkg'
[0.192s] Level 1:colcon.colcon_core.package_identification:_identify(src/sentinel_interfaces) by extensions ['colcon_meta']
[0.192s] Level 1:colcon.colcon_core.package_identification:_identify(src/sentinel_interfaces) by extension 'colcon_meta'
[0.192s] Level 1:colcon.colcon_core.package_identification:_identify(src/sentinel_interfaces) by extensions ['ros']
[0.192s] Level 1:colcon.colcon_core.package_identification:_identify(src/sentinel_interfaces) by extension 'ros'
[0.195s] DEBUG:colcon.colcon_core.package_identification:Package 'src/sentinel_interfaces' with type 'ros.catkin' and name 'sentinel_interfaces'
[0.195s] Level 1:colcon.colcon_core.package_discovery:discover_packages(recursive) using defaults
[0.195s] Level 1:colcon.colcon_core.package_discovery:discover_packages(ignore) discover
[0.195s] Level 1:colcon.colcon_core.package_discovery:discover_packages(ignore) using defaults
[0.195s] Level 1:colcon.colcon_core.package_discovery:discover_packages(path) discover
[0.195s] Level 1:colcon.colcon_core.package_discovery:discover_packages(path) using defaults
[0.215s] Level 1:colcon.colcon_core.package_discovery:discover_packages(prefix_path) check parameters
[0.215s] Level 1:colcon.colcon_core.package_discovery:discover_packages(prefix_path) discover
[0.218s] DEBUG:colcon.colcon_installed_package_information.package_discovery:Found 193 installed packages in /opt/ros/jazzy
[0.218s] Level 1:colcon.colcon_core.package_discovery:discover_packages(prefix_path) using defaults
[0.239s] Level 5:colcon.colcon_core.verb:set package 'sentinel_interfaces' build argument 'cmake_args' from command line to 'None'
[0.239s] Level 5:colcon.colcon_core.verb:set package 'sentinel_interfaces' build argument 'cmake_target' from command line to 'None'
[0.239s] Level 5:colcon.colcon_core.verb:set package 'sentinel_interfaces' build argument 'cmake_target_skip_unavailable' from command line to 'False'
[0.239s] Level 5:colcon.colcon_core.verb:set package 'sentinel_interfaces' build argument 'cmake_clean_cache' from command line to 'False'
[0.239s] Level 5:colcon.colcon_core.verb:set package 'sentinel_interfaces' build argument 'cmake_clean_first' from command line to 'False'
[0.239s] Level 5:colcon.colcon_core.verb:set package 'sentinel_interfaces' build argument 'cmake_force_configure' from command line to 'False'
[0.239s] Level 5:colcon.colcon_core.verb:set package 'sentinel_interfaces' build argument 'ament_cmake_args' from command line to 'None'
[0.239s] Level 5:colcon.colcon_core.verb:set package 'sentinel_interfaces' build argument 'catkin_cmake_args' from command line to 'None'
[0.239s] Level 5:colcon.colcon_core.verb:set package 'sentinel_interfaces' build argument 'catkin_skip_building_tests' from command line to 'False'
[0.239s] DEBUG:colcon.colcon_core.verb:Building package 'sentinel_interfaces' with the following arguments: {'ament_cmake_args': None, 'build_base': '/root/ros2_ws/build/sentinel_interfaces', 'catkin_cmake_args': None, 'catkin_skip_building_tests': False, 'cmake_args': None, 'cmake_clean_cache': False, 'cmake_clean_first': False, 'cmake_force_configure': False, 'cmake_target': None, 'cmake_target_skip_unavailable': False, 'install_base': '/root/ros2_ws/install/sentinel_interfaces', 'merge_install': False, 'path': '/root/ros2_ws/src/sentinel_interfaces', 'symlink_install': False, 'test_result_base': None}
[0.239s] INFO:colcon.colcon_core.executor:Executing jobs using 'parallel' executor
[0.240s] DEBUG:colcon.colcon_parallel_executor.executor.parallel:run_until_complete
[0.240s] INFO:colcon.colcon_ros.task.catkin.build:Building ROS package in '/root/ros2_ws/src/sentinel_interfaces' with build type 'catkin'
[0.241s] INFO:colcon.colcon_cmake.task.cmake.build:Building CMake package in '/root/ros2_ws/src/sentinel_interfaces'
[0.243s] INFO:colcon.colcon_core.plugin_system:Skipping extension 'colcon_core.shell.bat': Not used on non-Windows systems
[0.243s] INFO:colcon.colcon_core.shell:Skip shell extension 'powershell' for command environment: Not usable outside of PowerShell
[0.243s] DEBUG:colcon.colcon_core.shell:Skip shell extension 'dsv' for command environment
[0.248s] DEBUG:colcon.colcon_core.event_handler.log_command:Invoking command in '/root/ros2_ws/build/sentinel_interfaces': /usr/bin/cmake /root/ros2_ws/src/sentinel_interfaces -DCATKIN_INSTALL_INTO_PREFIX_ROOT=0 -DCMAKE_INSTALL_PREFIX=/root/ros2_ws/install/sentinel_interfaces
[3.492s] DEBUG:colcon.colcon_core.event_handler.log_command:Invoked command in '/root/ros2_ws/build/sentinel_interfaces' returned '0': /usr/bin/cmake /root/ros2_ws/src/sentinel_interfaces -DCATKIN_INSTALL_INTO_PREFIX_ROOT=0 -DCMAKE_INSTALL_PREFIX=/root/ros2_ws/install/sentinel_interfaces
[3.492s] DEBUG:colcon.colcon_core.event_handler.log_command:Invoking command in '/root/ros2_ws/build/sentinel_interfaces': /usr/bin/cmake --build /root/ros2_ws/build/sentinel_interfaces -- -j14 -l14
[9.854s] DEBUG:colcon.colcon_core.event_handler.log_command:Invoked command in '/root/ros2_ws/build/sentinel_interfaces' returned '0': /usr/bin/cmake --build /root/ros2_ws/build/sentinel_interfaces -- -j14 -l14
[9.867s] DEBUG:colcon.colcon_core.event_handler.log_command:Invoking command in '/root/ros2_ws/build/sentinel_interfaces': /usr/bin/cmake --install /root/ros2_ws/build/sentinel_interfaces
[9.999s] DEBUG:colcon.colcon_core.event_handler.log_command:Invoked command in '/root/ros2_ws/build/sentinel_interfaces' returned '0': /usr/bin/cmake --install /root/ros2_ws/build/sentinel_interfaces
[10.000s] Level 1:colcon.colcon_core.shell:create_environment_hook('sentinel_interfaces', 'ros_package_path')
[10.000s] INFO:colcon.colcon_core.shell:Creating environment hook '/root/ros2_ws/install/sentinel_interfaces/share/sentinel_interfaces/hook/ros_package_path.ps1'
[10.002s] INFO:colcon.colcon_core.shell:Creating environment descriptor '/root/ros2_ws/install/sentinel_interfaces/share/sentinel_interfaces/hook/ros_package_path.dsv'
[10.002s] INFO:colcon.colcon_core.shell:Creating environment hook '/root/ros2_ws/install/sentinel_interfaces/share/sentinel_interfaces/hook/ros_package_path.sh'
[10.004s] Level 1:colcon.colcon_ros.task.catkin:checking '/root/ros2_ws/install/sentinel_interfaces/lib/python3.12/site-packages'
[10.004s] Level 1:colcon.colcon_core.shell:create_environment_hook('sentinel_interfaces', 'catkin_pythonpath')
[10.004s] INFO:colcon.colcon_core.shell:Creating environment hook '/root/ros2_ws/install/sentinel_interfaces/share/sentinel_interfaces/hook/catkin_pythonpath.ps1'
[10.004s] INFO:colcon.colcon_core.shell:Creating environment descriptor '/root/ros2_ws/install/sentinel_interfaces/share/sentinel_interfaces/hook/catkin_pythonpath.dsv'
[10.005s] INFO:colcon.colcon_core.shell:Creating environment hook '/root/ros2_ws/install/sentinel_interfaces/share/sentinel_interfaces/hook/catkin_pythonpath.sh'
[10.005s] Level 1:colcon.colcon_core.shell:create_environment_hook('sentinel_interfaces', 'pkg_config_path')
[10.005s] INFO:colcon.colcon_core.shell:Creating environment hook '/root/ros2_ws/install/sentinel_interfaces/share/sentinel_interfaces/hook/pkg_config_path.ps1'
[10.006s] INFO:colcon.colcon_core.shell:Creating environment descriptor '/root/ros2_ws/install/sentinel_interfaces/share/sentinel_interfaces/hook/pkg_config_path.dsv'
[10.006s] INFO:colcon.colcon_core.shell:Creating environment hook '/root/ros2_ws/install/sentinel_interfaces/share/sentinel_interfaces/hook/pkg_config_path.sh'
[10.008s] Level 1:colcon.colcon_core.shell:create_environment_hook('sentinel_interfaces', 'pkg_config_path_multiarch')
[10.008s] INFO:colcon.colcon_core.shell:Creating environment hook '/root/ros2_ws/install/sentinel_interfaces/share/sentinel_interfaces/hook/pkg_config_path_multiarch.ps1'
[10.009s] INFO:colcon.colcon_core.shell:Creating environment descriptor '/root/ros2_ws/install/sentinel_interfaces/share/sentinel_interfaces/hook/pkg_config_path_multiarch.dsv'
[10.009s] INFO:colcon.colcon_core.shell:Creating environment hook '/root/ros2_ws/install/sentinel_interfaces/share/sentinel_interfaces/hook/pkg_config_path_multiarch.sh'
[10.010s] Level 1:colcon.colcon_core.environment:create_environment_scripts_only(sentinel_interfaces)
[10.015s] Level 1:colcon.colcon_core.environment:checking '/root/ros2_ws/install/sentinel_interfaces' for CMake module files
[10.015s] Level 1:colcon.colcon_core.environment:checking '/root/ros2_ws/install/sentinel_interfaces' for CMake config files
[10.016s] Level 1:colcon.colcon_core.shell:create_environment_hook('sentinel_interfaces', 'cmake_prefix_path')
[10.016s] INFO:colcon.colcon_core.shell:Creating environment hook '/root/ros2_ws/install/sentinel_interfaces/share/sentinel_interfaces/hook/cmake_prefix_path.ps1'
[10.017s] INFO:colcon.colcon_core.shell:Creating environment descriptor '/root/ros2_ws/install/sentinel_interfaces/share/sentinel_interfaces/hook/cmake_prefix_path.dsv'
[10.017s] INFO:colcon.colcon_core.shell:Creating environment hook '/root/ros2_ws/install/sentinel_interfaces/share/sentinel_interfaces/hook/cmake_prefix_path.sh'
[10.017s] Level 1:colcon.colcon_core.environment:checking '/root/ros2_ws/install/sentinel_interfaces/lib'
[10.017s] Level 1:colcon.colcon_core.shell:create_environment_hook('sentinel_interfaces', 'ld_library_path_lib')
[10.018s] INFO:colcon.colcon_core.shell:Creating environment hook '/root/ros2_ws/install/sentinel_interfaces/share/sentinel_interfaces/hook/ld_library_path_lib.ps1'
[10.018s] INFO:colcon.colcon_core.shell:Creating environment descriptor '/root/ros2_ws/install/sentinel_interfaces/share/sentinel_interfaces/hook/ld_library_path_lib.dsv'
[10.018s] INFO:colcon.colcon_core.shell:Creating environment hook '/root/ros2_ws/install/sentinel_interfaces/share/sentinel_interfaces/hook/ld_library_path_lib.sh'
[10.018s] Level 1:colcon.colcon_core.environment:checking '/root/ros2_ws/install/sentinel_interfaces/bin'
[10.019s] Level 1:colcon.colcon_core.environment:checking '/root/ros2_ws/install/sentinel_interfaces/lib/pkgconfig/sentinel_interfaces.pc'
[10.019s] Level 1:colcon.colcon_core.environment:checking '/root/ros2_ws/install/sentinel_interfaces/lib/python3.12/site-packages'
[10.019s] Level 1:colcon.colcon_core.shell:create_environment_hook('sentinel_interfaces', 'pythonpath')
[10.019s] INFO:colcon.colcon_core.shell:Creating environment hook '/root/ros2_ws/install/sentinel_interfaces/share/sentinel_interfaces/hook/pythonpath.ps1'
[10.019s] INFO:colcon.colcon_core.shell:Creating environment descriptor '/root/ros2_ws/install/sentinel_interfaces/share/sentinel_interfaces/hook/pythonpath.dsv'
[10.020s] INFO:colcon.colcon_core.shell:Creating environment hook '/root/ros2_ws/install/sentinel_interfaces/share/sentinel_interfaces/hook/pythonpath.sh'
[10.020s] Level 1:colcon.colcon_core.environment:checking '/root/ros2_ws/install/sentinel_interfaces/bin'
[10.021s] INFO:colcon.colcon_core.shell:Creating package script '/root/ros2_ws/install/sentinel_interfaces/share/sentinel_interfaces/package.ps1'
[10.022s] INFO:colcon.colcon_core.shell:Creating package descriptor '/root/ros2_ws/install/sentinel_interfaces/share/sentinel_interfaces/package.dsv'
[10.023s] INFO:colcon.colcon_core.shell:Creating package script '/root/ros2_ws/install/sentinel_interfaces/share/sentinel_interfaces/package.sh'
[10.024s] INFO:colcon.colcon_core.shell:Creating package script '/root/ros2_ws/install/sentinel_interfaces/share/sentinel_interfaces/package.bash'
[10.025s] INFO:colcon.colcon_core.shell:Creating package script '/root/ros2_ws/install/sentinel_interfaces/share/sentinel_interfaces/package.zsh'
[10.026s] Level 1:colcon.colcon_core.environment:create_file_with_runtime_dependencies(/root/ros2_ws/install/sentinel_interfaces/share/colcon-core/packages/sentinel_interfaces)
[10.026s] DEBUG:colcon.colcon_parallel_executor.executor.parallel:closing loop
[10.026s] DEBUG:colcon.colcon_parallel_executor.executor.parallel:loop closed
[10.026s] DEBUG:colcon.colcon_parallel_executor.executor.parallel:run_until_complete finished with '0'
[10.026s] DEBUG:colcon.colcon_core.event_reactor:joining thread
[10.036s] INFO:colcon.colcon_core.plugin_system:Skipping extension 'colcon_notification.desktop_notification.notify_send': Could not find 'notify-send'
[10.036s] INFO:colcon.colcon_core.plugin_system:Skipping extension 'colcon_notification.desktop_notification.terminal_notifier': Not used on non-Darwin systems
[10.036s] INFO:colcon.colcon_core.plugin_system:Skipping extension 'colcon_notification.desktop_notification.win32': Not used on non-Windows systems
[10.036s] INFO:colcon.colcon_notification.desktop_notification:Sending desktop notification using 'notify2'
[10.036s] DEBUG:colcon.colcon_notification.desktop_notification.notify2:Failed to initialize notify2: org.freedesktop.DBus.Error.NotSupported: Unable to autolaunch a dbus-daemon without a $DISPLAY for X11
[10.036s] DEBUG:colcon.colcon_core.event_reactor:joined thread
[10.037s] INFO:colcon.colcon_core.shell:Creating prefix script '/root/ros2_ws/install/local_setup.ps1'
[10.038s] INFO:colcon.colcon_core.shell:Creating prefix util module '/root/ros2_ws/install/_local_setup_util_ps1.py'
[10.039s] INFO:colcon.colcon_core.shell:Creating prefix chain script '/root/ros2_ws/install/setup.ps1'
[10.040s] INFO:colcon.colcon_core.shell:Creating prefix script '/root/ros2_ws/install/local_setup.sh'
[10.041s] INFO:colcon.colcon_core.shell:Creating prefix util module '/root/ros2_ws/install/_local_setup_util_sh.py'
[10.042s] INFO:colcon.colcon_core.shell:Creating prefix chain script '/root/ros2_ws/install/setup.sh'
[10.042s] INFO:colcon.colcon_core.shell:Creating prefix script '/root/ros2_ws/install/local_setup.bash'
[10.043s] INFO:colcon.colcon_core.shell:Creating prefix chain script '/root/ros2_ws/install/setup.bash'
[10.043s] INFO:colcon.colcon_core.shell:Creating prefix script '/root/ros2_ws/install/local_setup.zsh'
[10.044s] INFO:colcon.colcon_core.shell:Creating prefix chain script '/root/ros2_ws/install/setup.zsh'
