-- The C compiler identification is GNU 13.3.0
-- The CXX compiler identification is GNU 13.3.0
-- Detecting C compiler ABI info
-- Detecting C compiler ABI info - done
-- Check for working C compiler: /usr/bin/cc - skipped
-- Detecting C compile features
-- Detecting C compile features - done
-- Detecting CXX compiler ABI info
-- Detecting CXX compiler ABI info - done
-- Check for working CXX compiler: /usr/bin/c++ - skipped
-- Detecting CXX compile features
-- Detecting CXX compile features - done
-- Found ament_cmake: 2.5.5 (/opt/ros/jazzy/share/ament_cmake/cmake)
-- Found Python3: /usr/bin/python3 (found version "3.12.3") found components: Interpreter 
-- Found rosidl_default_generators: 1.6.0 (/opt/ros/jazzy/share/rosidl_default_generators/cmake)
-- Using all available rosidl_typesupport_c: rosidl_typesupport_fastrtps_c;rosidl_typesupport_introspection_c
-- Using all available rosidl_typesupport_cpp: rosidl_typesupport_fastrtps_cpp;rosidl_typesupport_introspection_cpp
-- Found rosidl_adapter: 4.6.7 (/opt/ros/jazzy/share/rosidl_adapter/cmake)
-- Found builtin_interfaces: 2.0.3 (/opt/ros/jazzy/share/builtin_interfaces/cmake)
-- Found std_msgs: 5.3.6 (/opt/ros/jazzy/share/std_msgs/cmake)
-- Found ament_cmake_ros: 0.12.0 (/opt/ros/jazzy/share/ament_cmake_ros/cmake)
-- Using all available rosidl_typesupport_c: rosidl_typesupport_fastrtps_c;rosidl_typesupport_introspection_c
-- Using all available rosidl_typesupport_cpp: rosidl_typesupport_fastrtps_cpp;rosidl_typesupport_introspection_cpp
-- Found python_cmake_module: 0.11.1 (/opt/ros/jazzy/share/python_cmake_module/cmake)
-- Found PythonExtra: /usr/bin/python3  
-- Found Python3: /usr/bin/python3 (found version "3.12.3") found components: Interpreter Development NumPy Development.Module Development.Embed 
-- Configuring done (3.4s)
-- Generating done (0.1s)
[33mCMake Warning:
  Manually-specified variables were not used by the project:

    CATKIN_INSTALL_INTO_PREFIX_ROOT

[0m
-- Build files have been written to: /root/ros2_ws/build/sentinel_interfaces
[  0%] [34m[1mGenerating type hashes for ROS interfaces[0m
[  0%] Built target sentinel_interfaces__rosidl_generator_type_description
[  0%] Built target ament_cmake_python_copy_sentinel_interfaces
[  0%] [34m[1mGenerating C code for ROS interfaces[0m
[  1%] [32mBuilding C object CMakeFiles/sentinel_interfaces__rosidl_generator_c.dir/rosidl_generator_c/sentinel_interfaces/msg/detail/motor_angle__description.c.o[0m
[  2%] [32mBuilding C object CMakeFiles/sentinel_interfaces__rosidl_generator_c.dir/rosidl_generator_c/sentinel_interfaces/msg/detail/detection2_d_array__type_support.c.o[0m
[  2%] [32mBuilding C object CMakeFiles/sentinel_interfaces__rosidl_generator_c.dir/rosidl_generator_c/sentinel_interfaces/msg/detail/frame_info__description.c.o[0m
[  3%] [32mBuilding C object CMakeFiles/sentinel_interfaces__rosidl_generator_c.dir/rosidl_generator_c/sentinel_interfaces/msg/detail/frame_info__functions.c.o[0m
[  3%] [32mBuilding C object CMakeFiles/sentinel_interfaces__rosidl_generator_c.dir/rosidl_generator_c/sentinel_interfaces/msg/detail/frame_info__type_support.c.o[0m
[  4%] [32mBuilding C object CMakeFiles/sentinel_interfaces__rosidl_generator_c.dir/rosidl_generator_c/sentinel_interfaces/msg/detail/frame_size__description.c.o[0m
[  5%] [32mBuilding C object CMakeFiles/sentinel_interfaces__rosidl_generator_c.dir/rosidl_generator_c/sentinel_interfaces/msg/detail/frame_size__functions.c.o[0m
[  5%] [32mBuilding C object CMakeFiles/sentinel_interfaces__rosidl_generator_c.dir/rosidl_generator_c/sentinel_interfaces/msg/detail/frame_size__type_support.c.o[0m
[  6%] [32mBuilding C object CMakeFiles/sentinel_interfaces__rosidl_generator_c.dir/rosidl_generator_c/sentinel_interfaces/msg/detail/motor_command__description.c.o[0m
[  7%] [32mBuilding C object CMakeFiles/sentinel_interfaces__rosidl_generator_c.dir/rosidl_generator_c/sentinel_interfaces/msg/detail/motor_command__functions.c.o[0m
[  7%] [32mBuilding C object CMakeFiles/sentinel_interfaces__rosidl_generator_c.dir/rosidl_generator_c/sentinel_interfaces/msg/detail/motor_command__type_support.c.o[0m
[  8%] [32mBuilding C object CMakeFiles/sentinel_interfaces__rosidl_generator_c.dir/rosidl_generator_c/sentinel_interfaces/msg/detail/motor_status__description.c.o[0m
[  8%] [32mBuilding C object CMakeFiles/sentinel_interfaces__rosidl_generator_c.dir/rosidl_generator_c/sentinel_interfaces/msg/detail/motor_status__functions.c.o[0m
[  9%] [32mBuilding C object CMakeFiles/sentinel_interfaces__rosidl_generator_c.dir/rosidl_generator_c/sentinel_interfaces/msg/detail/motor_status__type_support.c.o[0m
[ 10%] [32mBuilding C object CMakeFiles/sentinel_interfaces__rosidl_generator_c.dir/rosidl_generator_c/sentinel_interfaces/msg/detail/tracked_detection2_d__description.c.o[0m
[ 10%] [32mBuilding C object CMakeFiles/sentinel_interfaces__rosidl_generator_c.dir/rosidl_generator_c/sentinel_interfaces/msg/detail/tracked_detection2_d__functions.c.o[0m
[ 11%] [32mBuilding C object CMakeFiles/sentinel_interfaces__rosidl_generator_c.dir/rosidl_generator_c/sentinel_interfaces/msg/detail/tracked_detection2_d__type_support.c.o[0m
[ 11%] [32mBuilding C object CMakeFiles/sentinel_interfaces__rosidl_generator_c.dir/rosidl_generator_c/sentinel_interfaces/msg/detail/tracked_detection2_d_array__description.c.o[0m
[ 12%] [32mBuilding C object CMakeFiles/sentinel_interfaces__rosidl_generator_c.dir/rosidl_generator_c/sentinel_interfaces/msg/detail/tracked_detection2_d_array__functions.c.o[0m
[ 13%] [32mBuilding C object CMakeFiles/sentinel_interfaces__rosidl_generator_c.dir/rosidl_generator_c/sentinel_interfaces/msg/detail/tracked_detection2_d_array__type_support.c.o[0m
[ 13%] [32mBuilding C object CMakeFiles/sentinel_interfaces__rosidl_generator_c.dir/rosidl_generator_c/sentinel_interfaces/msg/detail/video_rx_status__description.c.o[0m
[ 14%] [32mBuilding C object CMakeFiles/sentinel_interfaces__rosidl_generator_c.dir/rosidl_generator_c/sentinel_interfaces/msg/detail/video_rx_status__functions.c.o[0m
[ 14%] [32mBuilding C object CMakeFiles/sentinel_interfaces__rosidl_generator_c.dir/rosidl_generator_c/sentinel_interfaces/msg/detail/video_rx_status__type_support.c.o[0m
[ 15%] [32mBuilding C object CMakeFiles/sentinel_interfaces__rosidl_generator_c.dir/rosidl_generator_c/sentinel_interfaces/msg/detail/yolo_status__description.c.o[0m
[ 16%] [32mBuilding C object CMakeFiles/sentinel_interfaces__rosidl_generator_c.dir/rosidl_generator_c/sentinel_interfaces/msg/detail/yolo_status__functions.c.o[0m
[ 16%] [32mBuilding C object CMakeFiles/sentinel_interfaces__rosidl_generator_c.dir/rosidl_generator_c/sentinel_interfaces/msg/detail/yolo_status__type_support.c.o[0m
[ 17%] [32mBuilding C object CMakeFiles/sentinel_interfaces__rosidl_generator_c.dir/rosidl_generator_c/sentinel_interfaces/srv/detail/set_bool_flag__description.c.o[0m
[ 18%] [32mBuilding C object CMakeFiles/sentinel_interfaces__rosidl_generator_c.dir/rosidl_generator_c/sentinel_interfaces/srv/detail/set_bool_flag__functions.c.o[0m
[ 18%] [32mBuilding C object CMakeFiles/sentinel_interfaces__rosidl_generator_c.dir/rosidl_generator_c/sentinel_interfaces/srv/detail/set_bool_flag__type_support.c.o[0m
[ 19%] [32mBuilding C object CMakeFiles/sentinel_interfaces__rosidl_generator_c.dir/rosidl_generator_c/sentinel_interfaces/srv/detail/set_threshold__description.c.o[0m
[ 19%] [32mBuilding C object CMakeFiles/sentinel_interfaces__rosidl_generator_c.dir/rosidl_generator_c/sentinel_interfaces/srv/detail/set_threshold__functions.c.o[0m
[ 20%] [32mBuilding C object CMakeFiles/sentinel_interfaces__rosidl_generator_c.dir/rosidl_generator_c/sentinel_interfaces/srv/detail/set_threshold__type_support.c.o[0m
[ 21%] [32mBuilding C object CMakeFiles/sentinel_interfaces__rosidl_generator_c.dir/rosidl_generator_c/sentinel_interfaces/msg/detail/detection2_d_array__functions.c.o[0m
[ 21%] [32mBuilding C object CMakeFiles/sentinel_interfaces__rosidl_generator_c.dir/rosidl_generator_c/sentinel_interfaces/msg/detail/detection2_d_array__description.c.o[0m
[ 22%] [32mBuilding C object CMakeFiles/sentinel_interfaces__rosidl_generator_c.dir/rosidl_generator_c/sentinel_interfaces/msg/detail/detection2_d__type_support.c.o[0m
[ 22%] [32mBuilding C object CMakeFiles/sentinel_interfaces__rosidl_generator_c.dir/rosidl_generator_c/sentinel_interfaces/msg/detail/detection2_d__functions.c.o[0m
[ 23%] [32mBuilding C object CMakeFiles/sentinel_interfaces__rosidl_generator_c.dir/rosidl_generator_c/sentinel_interfaces/msg/detail/detection2_d__description.c.o[0m
[ 24%] [32mBuilding C object CMakeFiles/sentinel_interfaces__rosidl_generator_c.dir/rosidl_generator_c/sentinel_interfaces/msg/detail/detection__type_support.c.o[0m
[ 24%] [32mBuilding C object CMakeFiles/sentinel_interfaces__rosidl_generator_c.dir/rosidl_generator_c/sentinel_interfaces/msg/detail/detection__functions.c.o[0m
[ 25%] [32mBuilding C object CMakeFiles/sentinel_interfaces__rosidl_generator_c.dir/rosidl_generator_c/sentinel_interfaces/msg/detail/detection__description.c.o[0m
[ 25%] [32mBuilding C object CMakeFiles/sentinel_interfaces__rosidl_generator_c.dir/rosidl_generator_c/sentinel_interfaces/msg/detail/motor_angle__type_support.c.o[0m
[ 26%] [32mBuilding C object CMakeFiles/sentinel_interfaces__rosidl_generator_c.dir/rosidl_generator_c/sentinel_interfaces/msg/detail/motor_angle__functions.c.o[0m
[ 27%] [32m[1mLinking C shared library libsentinel_interfaces__rosidl_generator_c.so[0m
[ 27%] Built target sentinel_interfaces__rosidl_generator_c
running egg_info
creating sentinel_interfaces.egg-info
writing sentinel_interfaces.egg-info/PKG-INFO
writing dependency_links to sentinel_interfaces.egg-info/dependency_links.txt
writing top-level names to sentinel_interfaces.egg-info/top_level.txt
writing manifest file 'sentinel_interfaces.egg-info/SOURCES.txt'
reading manifest file 'sentinel_interfaces.egg-info/SOURCES.txt'
writing manifest file 'sentinel_interfaces.egg-info/SOURCES.txt'
[ 27%] Built target ament_cmake_python_build_sentinel_interfaces_egg
[ 28%] [34m[1mGenerating C type support dispatch for ROS interfaces[0m
[ 29%] [32mBuilding CXX object CMakeFiles/sentinel_interfaces__rosidl_typesupport_c.dir/rosidl_typesupport_c/sentinel_interfaces/msg/motor_angle__type_support.cpp.o[0m
[ 30%] [32mBuilding CXX object CMakeFiles/sentinel_interfaces__rosidl_typesupport_c.dir/rosidl_typesupport_c/sentinel_interfaces/msg/video_rx_status__type_support.cpp.o[0m
[ 30%] [32mBuilding CXX object CMakeFiles/sentinel_interfaces__rosidl_typesupport_c.dir/rosidl_typesupport_c/sentinel_interfaces/msg/yolo_status__type_support.cpp.o[0m
[ 31%] [32mBuilding CXX object CMakeFiles/sentinel_interfaces__rosidl_typesupport_c.dir/rosidl_typesupport_c/sentinel_interfaces/srv/set_bool_flag__type_support.cpp.o[0m
[ 31%] [32mBuilding CXX object CMakeFiles/sentinel_interfaces__rosidl_typesupport_c.dir/rosidl_typesupport_c/sentinel_interfaces/srv/set_threshold__type_support.cpp.o[0m
[ 32%] [32mBuilding CXX object CMakeFiles/sentinel_interfaces__rosidl_typesupport_c.dir/rosidl_typesupport_c/sentinel_interfaces/msg/tracked_detection2_d_array__type_support.cpp.o[0m
[ 32%] [32mBuilding CXX object CMakeFiles/sentinel_interfaces__rosidl_typesupport_c.dir/rosidl_typesupport_c/sentinel_interfaces/msg/tracked_detection2_d__type_support.cpp.o[0m
[ 33%] [32mBuilding CXX object CMakeFiles/sentinel_interfaces__rosidl_typesupport_c.dir/rosidl_typesupport_c/sentinel_interfaces/msg/motor_status__type_support.cpp.o[0m
[ 33%] [32mBuilding CXX object CMakeFiles/sentinel_interfaces__rosidl_typesupport_c.dir/rosidl_typesupport_c/sentinel_interfaces/msg/motor_command__type_support.cpp.o[0m
[ 34%] [32mBuilding CXX object CMakeFiles/sentinel_interfaces__rosidl_typesupport_c.dir/rosidl_typesupport_c/sentinel_interfaces/msg/frame_size__type_support.cpp.o[0m
[ 35%] [32mBuilding CXX object CMakeFiles/sentinel_interfaces__rosidl_typesupport_c.dir/rosidl_typesupport_c/sentinel_interfaces/msg/frame_info__type_support.cpp.o[0m
[ 35%] [32mBuilding CXX object CMakeFiles/sentinel_interfaces__rosidl_typesupport_c.dir/rosidl_typesupport_c/sentinel_interfaces/msg/detection2_d_array__type_support.cpp.o[0m
[ 36%] [32mBuilding CXX object CMakeFiles/sentinel_interfaces__rosidl_typesupport_c.dir/rosidl_typesupport_c/sentinel_interfaces/msg/detection2_d__type_support.cpp.o[0m
[ 36%] [32mBuilding CXX object CMakeFiles/sentinel_interfaces__rosidl_typesupport_c.dir/rosidl_typesupport_c/sentinel_interfaces/msg/detection__type_support.cpp.o[0m
[ 37%] [32m[1mLinking CXX shared library libsentinel_interfaces__rosidl_typesupport_c.so[0m
[ 37%] Built target sentinel_interfaces__rosidl_typesupport_c
[ 38%] [34m[1mGenerating C introspection for ROS interfaces[0m
[ 39%] [32mBuilding C object CMakeFiles/sentinel_interfaces__rosidl_typesupport_introspection_c.dir/rosidl_typesupport_introspection_c/sentinel_interfaces/msg/detail/motor_angle__type_support.c.o[0m
[ 39%] [32mBuilding C object CMakeFiles/sentinel_interfaces__rosidl_typesupport_introspection_c.dir/rosidl_typesupport_introspection_c/sentinel_interfaces/msg/detail/yolo_status__type_support.c.o[0m
[ 40%] [32mBuilding C object CMakeFiles/sentinel_interfaces__rosidl_typesupport_introspection_c.dir/rosidl_typesupport_introspection_c/sentinel_interfaces/srv/detail/set_bool_flag__type_support.c.o[0m
[ 40%] [32mBuilding C object CMakeFiles/sentinel_interfaces__rosidl_typesupport_introspection_c.dir/rosidl_typesupport_introspection_c/sentinel_interfaces/srv/detail/set_threshold__type_support.c.o[0m
[ 41%] [32mBuilding C object CMakeFiles/sentinel_interfaces__rosidl_typesupport_introspection_c.dir/rosidl_typesupport_introspection_c/sentinel_interfaces/msg/detail/video_rx_status__type_support.c.o[0m
[ 42%] [32mBuilding C object CMakeFiles/sentinel_interfaces__rosidl_typesupport_introspection_c.dir/rosidl_typesupport_introspection_c/sentinel_interfaces/msg/detail/tracked_detection2_d_array__type_support.c.o[0m
[ 42%] [32mBuilding C object CMakeFiles/sentinel_interfaces__rosidl_typesupport_introspection_c.dir/rosidl_typesupport_introspection_c/sentinel_interfaces/msg/detail/tracked_detection2_d__type_support.c.o[0m
[ 43%] [32mBuilding C object CMakeFiles/sentinel_interfaces__rosidl_typesupport_introspection_c.dir/rosidl_typesupport_introspection_c/sentinel_interfaces/msg/detail/motor_status__type_support.c.o[0m
[ 43%] [32mBuilding C object CMakeFiles/sentinel_interfaces__rosidl_typesupport_introspection_c.dir/rosidl_typesupport_introspection_c/sentinel_interfaces/msg/detail/motor_command__type_support.c.o[0m
[ 44%] [32mBuilding C object CMakeFiles/sentinel_interfaces__rosidl_typesupport_introspection_c.dir/rosidl_typesupport_introspection_c/sentinel_interfaces/msg/detail/frame_size__type_support.c.o[0m
[ 45%] [32mBuilding C object CMakeFiles/sentinel_interfaces__rosidl_typesupport_introspection_c.dir/rosidl_typesupport_introspection_c/sentinel_interfaces/msg/detail/frame_info__type_support.c.o[0m
[ 45%] [32mBuilding C object CMakeFiles/sentinel_interfaces__rosidl_typesupport_introspection_c.dir/rosidl_typesupport_introspection_c/sentinel_interfaces/msg/detail/detection2_d_array__type_support.c.o[0m
[ 46%] [32mBuilding C object CMakeFiles/sentinel_interfaces__rosidl_typesupport_introspection_c.dir/rosidl_typesupport_introspection_c/sentinel_interfaces/msg/detail/detection2_d__type_support.c.o[0m
[ 46%] [32mBuilding C object CMakeFiles/sentinel_interfaces__rosidl_typesupport_introspection_c.dir/rosidl_typesupport_introspection_c/sentinel_interfaces/msg/detail/detection__type_support.c.o[0m
[ 47%] [32m[1mLinking C shared library libsentinel_interfaces__rosidl_typesupport_introspection_c.so[0m
[ 47%] Built target sentinel_interfaces__rosidl_typesupport_introspection_c
[ 47%] [34m[1mGenerating C type support for eProsima Fast-RTPS[0m
[ 48%] [32mBuilding CXX object CMakeFiles/sentinel_interfaces__rosidl_typesupport_fastrtps_c.dir/rosidl_typesupport_fastrtps_c/sentinel_interfaces/msg/detail/motor_angle__type_support_c.cpp.o[0m
[ 48%] [32mBuilding CXX object CMakeFiles/sentinel_interfaces__rosidl_typesupport_fastrtps_c.dir/rosidl_typesupport_fastrtps_c/sentinel_interfaces/srv/detail/set_bool_flag__type_support_c.cpp.o[0m
[ 49%] [32mBuilding CXX object CMakeFiles/sentinel_interfaces__rosidl_typesupport_fastrtps_c.dir/rosidl_typesupport_fastrtps_c/sentinel_interfaces/srv/detail/set_threshold__type_support_c.cpp.o[0m
[ 50%] [32mBuilding CXX object CMakeFiles/sentinel_interfaces__rosidl_typesupport_fastrtps_c.dir/rosidl_typesupport_fastrtps_c/sentinel_interfaces/msg/detail/yolo_status__type_support_c.cpp.o[0m
[ 50%] [32mBuilding CXX object CMakeFiles/sentinel_interfaces__rosidl_typesupport_fastrtps_c.dir/rosidl_typesupport_fastrtps_c/sentinel_interfaces/msg/detail/video_rx_status__type_support_c.cpp.o[0m
[ 51%] [32mBuilding CXX object CMakeFiles/sentinel_interfaces__rosidl_typesupport_fastrtps_c.dir/rosidl_typesupport_fastrtps_c/sentinel_interfaces/msg/detail/tracked_detection2_d_array__type_support_c.cpp.o[0m
[ 52%] [32mBuilding CXX object CMakeFiles/sentinel_interfaces__rosidl_typesupport_fastrtps_c.dir/rosidl_typesupport_fastrtps_c/sentinel_interfaces/msg/detail/tracked_detection2_d__type_support_c.cpp.o[0m
[ 52%] [32mBuilding CXX object CMakeFiles/sentinel_interfaces__rosidl_typesupport_fastrtps_c.dir/rosidl_typesupport_fastrtps_c/sentinel_interfaces/msg/detail/motor_status__type_support_c.cpp.o[0m
[ 53%] [32mBuilding CXX object CMakeFiles/sentinel_interfaces__rosidl_typesupport_fastrtps_c.dir/rosidl_typesupport_fastrtps_c/sentinel_interfaces/msg/detail/motor_command__type_support_c.cpp.o[0m
[ 54%] [32mBuilding CXX object CMakeFiles/sentinel_interfaces__rosidl_typesupport_fastrtps_c.dir/rosidl_typesupport_fastrtps_c/sentinel_interfaces/msg/detail/frame_size__type_support_c.cpp.o[0m
[ 54%] [32mBuilding CXX object CMakeFiles/sentinel_interfaces__rosidl_typesupport_fastrtps_c.dir/rosidl_typesupport_fastrtps_c/sentinel_interfaces/msg/detail/frame_info__type_support_c.cpp.o[0m
[ 55%] [32mBuilding CXX object CMakeFiles/sentinel_interfaces__rosidl_typesupport_fastrtps_c.dir/rosidl_typesupport_fastrtps_c/sentinel_interfaces/msg/detail/detection2_d_array__type_support_c.cpp.o[0m
[ 55%] [32mBuilding CXX object CMakeFiles/sentinel_interfaces__rosidl_typesupport_fastrtps_c.dir/rosidl_typesupport_fastrtps_c/sentinel_interfaces/msg/detail/detection2_d__type_support_c.cpp.o[0m
[ 56%] [32mBuilding CXX object CMakeFiles/sentinel_interfaces__rosidl_typesupport_fastrtps_c.dir/rosidl_typesupport_fastrtps_c/sentinel_interfaces/msg/detail/detection__type_support_c.cpp.o[0m
[ 57%] [32m[1mLinking CXX shared library libsentinel_interfaces__rosidl_typesupport_fastrtps_c.so[0m
[ 57%] Built target sentinel_interfaces__rosidl_typesupport_fastrtps_c
[ 57%] [34m[1mGenerating C++ code for ROS interfaces[0m
[ 57%] Built target sentinel_interfaces__cpp
[ 58%] [34m[1mGenerating C++ type support dispatch for ROS interfaces[0m
[ 58%] [32mBuilding CXX object CMakeFiles/sentinel_interfaces__rosidl_typesupport_cpp.dir/rosidl_typesupport_cpp/sentinel_interfaces/msg/motor_angle__type_support.cpp.o[0m
[ 59%] [32mBuilding CXX object CMakeFiles/sentinel_interfaces__rosidl_typesupport_cpp.dir/rosidl_typesupport_cpp/sentinel_interfaces/msg/yolo_status__type_support.cpp.o[0m
[ 60%] [32mBuilding CXX object CMakeFiles/sentinel_interfaces__rosidl_typesupport_cpp.dir/rosidl_typesupport_cpp/sentinel_interfaces/srv/set_bool_flag__type_support.cpp.o[0m
[ 60%] [32mBuilding CXX object CMakeFiles/sentinel_interfaces__rosidl_typesupport_cpp.dir/rosidl_typesupport_cpp/sentinel_interfaces/srv/set_threshold__type_support.cpp.o[0m
[ 60%] [32mBuilding CXX object CMakeFiles/sentinel_interfaces__rosidl_typesupport_cpp.dir/rosidl_typesupport_cpp/sentinel_interfaces/msg/video_rx_status__type_support.cpp.o[0m
[ 61%] [32mBuilding CXX object CMakeFiles/sentinel_interfaces__rosidl_typesupport_cpp.dir/rosidl_typesupport_cpp/sentinel_interfaces/msg/tracked_detection2_d_array__type_support.cpp.o[0m
[ 61%] [32mBuilding CXX object CMakeFiles/sentinel_interfaces__rosidl_typesupport_cpp.dir/rosidl_typesupport_cpp/sentinel_interfaces/msg/tracked_detection2_d__type_support.cpp.o[0m
[ 62%] [32mBuilding CXX object CMakeFiles/sentinel_interfaces__rosidl_typesupport_cpp.dir/rosidl_typesupport_cpp/sentinel_interfaces/msg/motor_status__type_support.cpp.o[0m
[ 63%] [32mBuilding CXX object CMakeFiles/sentinel_interfaces__rosidl_typesupport_cpp.dir/rosidl_typesupport_cpp/sentinel_interfaces/msg/motor_command__type_support.cpp.o[0m
[ 63%] [32mBuilding CXX object CMakeFiles/sentinel_interfaces__rosidl_typesupport_cpp.dir/rosidl_typesupport_cpp/sentinel_interfaces/msg/frame_size__type_support.cpp.o[0m
[ 64%] [32mBuilding CXX object CMakeFiles/sentinel_interfaces__rosidl_typesupport_cpp.dir/rosidl_typesupport_cpp/sentinel_interfaces/msg/frame_info__type_support.cpp.o[0m
[ 64%] [32mBuilding CXX object CMakeFiles/sentinel_interfaces__rosidl_typesupport_cpp.dir/rosidl_typesupport_cpp/sentinel_interfaces/msg/detection2_d_array__type_support.cpp.o[0m
[ 65%] [32mBuilding CXX object CMakeFiles/sentinel_interfaces__rosidl_typesupport_cpp.dir/rosidl_typesupport_cpp/sentinel_interfaces/msg/detection2_d__type_support.cpp.o[0m
[ 66%] [32mBuilding CXX object CMakeFiles/sentinel_interfaces__rosidl_typesupport_cpp.dir/rosidl_typesupport_cpp/sentinel_interfaces/msg/detection__type_support.cpp.o[0m
[ 67%] [32m[1mLinking CXX shared library libsentinel_interfaces__rosidl_typesupport_cpp.so[0m
[ 67%] Built target sentinel_interfaces__rosidl_typesupport_cpp
[ 68%] [34m[1mGenerating C++ introspection for ROS interfaces[0m
[ 68%] [32mBuilding CXX object CMakeFiles/sentinel_interfaces__rosidl_typesupport_introspection_cpp.dir/rosidl_typesupport_introspection_cpp/sentinel_interfaces/msg/detail/motor_angle__type_support.cpp.o[0m
[ 69%] [32mBuilding CXX object CMakeFiles/sentinel_interfaces__rosidl_typesupport_introspection_cpp.dir/rosidl_typesupport_introspection_cpp/sentinel_interfaces/srv/detail/set_bool_flag__type_support.cpp.o[0m
[ 69%] [32mBuilding CXX object CMakeFiles/sentinel_interfaces__rosidl_typesupport_introspection_cpp.dir/rosidl_typesupport_introspection_cpp/sentinel_interfaces/srv/detail/set_threshold__type_support.cpp.o[0m
[ 70%] [32mBuilding CXX object CMakeFiles/sentinel_interfaces__rosidl_typesupport_introspection_cpp.dir/rosidl_typesupport_introspection_cpp/sentinel_interfaces/msg/detail/yolo_status__type_support.cpp.o[0m
[ 70%] [32mBuilding CXX object CMakeFiles/sentinel_interfaces__rosidl_typesupport_introspection_cpp.dir/rosidl_typesupport_introspection_cpp/sentinel_interfaces/msg/detail/video_rx_status__type_support.cpp.o[0m
[ 71%] [32mBuilding CXX object CMakeFiles/sentinel_interfaces__rosidl_typesupport_introspection_cpp.dir/rosidl_typesupport_introspection_cpp/sentinel_interfaces/msg/detail/tracked_detection2_d_array__type_support.cpp.o[0m
[ 71%] [32mBuilding CXX object CMakeFiles/sentinel_interfaces__rosidl_typesupport_introspection_cpp.dir/rosidl_typesupport_introspection_cpp/sentinel_interfaces/msg/detail/tracked_detection2_d__type_support.cpp.o[0m
[ 72%] [32mBuilding CXX object CMakeFiles/sentinel_interfaces__rosidl_typesupport_introspection_cpp.dir/rosidl_typesupport_introspection_cpp/sentinel_interfaces/msg/detail/motor_status__type_support.cpp.o[0m
[ 73%] [32mBuilding CXX object CMakeFiles/sentinel_interfaces__rosidl_typesupport_introspection_cpp.dir/rosidl_typesupport_introspection_cpp/sentinel_interfaces/msg/detail/motor_command__type_support.cpp.o[0m
[ 73%] [32mBuilding CXX object CMakeFiles/sentinel_interfaces__rosidl_typesupport_introspection_cpp.dir/rosidl_typesupport_introspection_cpp/sentinel_interfaces/msg/detail/frame_size__type_support.cpp.o[0m
[ 74%] [32mBuilding CXX object CMakeFiles/sentinel_interfaces__rosidl_typesupport_introspection_cpp.dir/rosidl_typesupport_introspection_cpp/sentinel_interfaces/msg/detail/frame_info__type_support.cpp.o[0m
[ 74%] [32mBuilding CXX object CMakeFiles/sentinel_interfaces__rosidl_typesupport_introspection_cpp.dir/rosidl_typesupport_introspection_cpp/sentinel_interfaces/msg/detail/detection2_d_array__type_support.cpp.o[0m
[ 75%] [32mBuilding CXX object CMakeFiles/sentinel_interfaces__rosidl_typesupport_introspection_cpp.dir/rosidl_typesupport_introspection_cpp/sentinel_interfaces/msg/detail/detection2_d__type_support.cpp.o[0m
[ 76%] [32mBuilding CXX object CMakeFiles/sentinel_interfaces__rosidl_typesupport_introspection_cpp.dir/rosidl_typesupport_introspection_cpp/sentinel_interfaces/msg/detail/detection__type_support.cpp.o[0m
[ 77%] [32m[1mLinking CXX shared library libsentinel_interfaces__rosidl_typesupport_introspection_cpp.so[0m
[ 77%] Built target sentinel_interfaces__rosidl_typesupport_introspection_cpp
[ 77%] [34m[1mGenerating C++ type support for eProsima Fast-RTPS[0m
[ 78%] [32mBuilding CXX object CMakeFiles/sentinel_interfaces__rosidl_typesupport_fastrtps_cpp.dir/rosidl_typesupport_fastrtps_cpp/sentinel_interfaces/msg/detail/dds_fastrtps/motor_angle__type_support.cpp.o[0m
[ 79%] [32mBuilding CXX object CMakeFiles/sentinel_interfaces__rosidl_typesupport_fastrtps_cpp.dir/rosidl_typesupport_fastrtps_cpp/sentinel_interfaces/srv/detail/dds_fastrtps/set_threshold__type_support.cpp.o[0m
[ 79%] [32mBuilding CXX object CMakeFiles/sentinel_interfaces__rosidl_typesupport_fastrtps_cpp.dir/rosidl_typesupport_fastrtps_cpp/sentinel_interfaces/srv/detail/dds_fastrtps/set_bool_flag__type_support.cpp.o[0m
[ 80%] [32mBuilding CXX object CMakeFiles/sentinel_interfaces__rosidl_typesupport_fastrtps_cpp.dir/rosidl_typesupport_fastrtps_cpp/sentinel_interfaces/msg/detail/dds_fastrtps/yolo_status__type_support.cpp.o[0m
[ 81%] [32mBuilding CXX object CMakeFiles/sentinel_interfaces__rosidl_typesupport_fastrtps_cpp.dir/rosidl_typesupport_fastrtps_cpp/sentinel_interfaces/msg/detail/dds_fastrtps/video_rx_status__type_support.cpp.o[0m
[ 81%] [32mBuilding CXX object CMakeFiles/sentinel_interfaces__rosidl_typesupport_fastrtps_cpp.dir/rosidl_typesupport_fastrtps_cpp/sentinel_interfaces/msg/detail/dds_fastrtps/tracked_detection2_d_array__type_support.cpp.o[0m
[ 82%] [32mBuilding CXX object CMakeFiles/sentinel_interfaces__rosidl_typesupport_fastrtps_cpp.dir/rosidl_typesupport_fastrtps_cpp/sentinel_interfaces/msg/detail/dds_fastrtps/tracked_detection2_d__type_support.cpp.o[0m
[ 83%] [32mBuilding CXX object CMakeFiles/sentinel_interfaces__rosidl_typesupport_fastrtps_cpp.dir/rosidl_typesupport_fastrtps_cpp/sentinel_interfaces/msg/detail/dds_fastrtps/motor_status__type_support.cpp.o[0m
[ 83%] [32mBuilding CXX object CMakeFiles/sentinel_interfaces__rosidl_typesupport_fastrtps_cpp.dir/rosidl_typesupport_fastrtps_cpp/sentinel_interfaces/msg/detail/dds_fastrtps/motor_command__type_support.cpp.o[0m
[ 84%] [32mBuilding CXX object CMakeFiles/sentinel_interfaces__rosidl_typesupport_fastrtps_cpp.dir/rosidl_typesupport_fastrtps_cpp/sentinel_interfaces/msg/detail/dds_fastrtps/frame_size__type_support.cpp.o[0m
[ 84%] [32mBuilding CXX object CMakeFiles/sentinel_interfaces__rosidl_typesupport_fastrtps_cpp.dir/rosidl_typesupport_fastrtps_cpp/sentinel_interfaces/msg/detail/dds_fastrtps/frame_info__type_support.cpp.o[0m
[ 85%] [32mBuilding CXX object CMakeFiles/sentinel_interfaces__rosidl_typesupport_fastrtps_cpp.dir/rosidl_typesupport_fastrtps_cpp/sentinel_interfaces/msg/detail/dds_fastrtps/detection2_d_array__type_support.cpp.o[0m
[ 86%] [32mBuilding CXX object CMakeFiles/sentinel_interfaces__rosidl_typesupport_fastrtps_cpp.dir/rosidl_typesupport_fastrtps_cpp/sentinel_interfaces/msg/detail/dds_fastrtps/detection2_d__type_support.cpp.o[0m
[ 86%] [32mBuilding CXX object CMakeFiles/sentinel_interfaces__rosidl_typesupport_fastrtps_cpp.dir/rosidl_typesupport_fastrtps_cpp/sentinel_interfaces/msg/detail/dds_fastrtps/detection__type_support.cpp.o[0m
[ 86%] [32m[1mLinking CXX shared library libsentinel_interfaces__rosidl_typesupport_fastrtps_cpp.so[0m
[ 86%] Built target sentinel_interfaces__rosidl_typesupport_fastrtps_cpp
[ 86%] Built target sentinel_interfaces
[ 87%] [34m[1mGenerating Python code for ROS interfaces[0m
[ 87%] Built target sentinel_interfaces__py
[ 87%] [32mBuilding C object CMakeFiles/sentinel_interfaces__rosidl_generator_py.dir/rosidl_generator_py/sentinel_interfaces/msg/_motor_angle_s.c.o[0m
[ 88%] [32mBuilding C object CMakeFiles/sentinel_interfaces__rosidl_generator_py.dir/rosidl_generator_py/sentinel_interfaces/srv/_set_threshold_s.c.o[0m
[ 88%] [32mBuilding C object CMakeFiles/sentinel_interfaces__rosidl_generator_py.dir/rosidl_generator_py/sentinel_interfaces/srv/_set_bool_flag_s.c.o[0m
[ 89%] [32mBuilding C object CMakeFiles/sentinel_interfaces__rosidl_generator_py.dir/rosidl_generator_py/sentinel_interfaces/msg/_yolo_status_s.c.o[0m
[ 89%] [32mBuilding C object CMakeFiles/sentinel_interfaces__rosidl_generator_py.dir/rosidl_generator_py/sentinel_interfaces/msg/_video_rx_status_s.c.o[0m
[ 90%] [32mBuilding C object CMakeFiles/sentinel_interfaces__rosidl_generator_py.dir/rosidl_generator_py/sentinel_interfaces/msg/_tracked_detection2_d_array_s.c.o[0m
[ 91%] [32mBuilding C object CMakeFiles/sentinel_interfaces__rosidl_generator_py.dir/rosidl_generator_py/sentinel_interfaces/msg/_tracked_detection2_d_s.c.o[0m
[ 91%] [32mBuilding C object CMakeFiles/sentinel_interfaces__rosidl_generator_py.dir/rosidl_generator_py/sentinel_interfaces/msg/_motor_status_s.c.o[0m
[ 92%] [32mBuilding C object CMakeFiles/sentinel_interfaces__rosidl_generator_py.dir/rosidl_generator_py/sentinel_interfaces/msg/_motor_command_s.c.o[0m
[ 92%] [32mBuilding C object CMakeFiles/sentinel_interfaces__rosidl_generator_py.dir/rosidl_generator_py/sentinel_interfaces/msg/_frame_size_s.c.o[0m
[ 93%] [32mBuilding C object CMakeFiles/sentinel_interfaces__rosidl_generator_py.dir/rosidl_generator_py/sentinel_interfaces/msg/_frame_info_s.c.o[0m
[ 94%] [32mBuilding C object CMakeFiles/sentinel_interfaces__rosidl_generator_py.dir/rosidl_generator_py/sentinel_interfaces/msg/_detection2_d_array_s.c.o[0m
[ 94%] [32mBuilding C object CMakeFiles/sentinel_interfaces__rosidl_generator_py.dir/rosidl_generator_py/sentinel_interfaces/msg/_detection2_d_s.c.o[0m
[ 95%] [32mBuilding C object CMakeFiles/sentinel_interfaces__rosidl_generator_py.dir/rosidl_generator_py/sentinel_interfaces/msg/_detection_s.c.o[0m
[ 96%] [32m[1mLinking C shared library libsentinel_interfaces__rosidl_generator_py.so[0m
[ 96%] Built target sentinel_interfaces__rosidl_generator_py
[ 97%] [32mBuilding C object CMakeFiles/sentinel_interfaces_s__rosidl_typesupport_fastrtps_c.dir/rosidl_generator_py/sentinel_interfaces/_sentinel_interfaces_s.ep.rosidl_typesupport_fastrtps_c.c.o[0m
[ 97%] [32m[1mLinking C shared module rosidl_generator_py/sentinel_interfaces/sentinel_interfaces_s__rosidl_typesupport_fastrtps_c.so[0m
[ 97%] Built target sentinel_interfaces_s__rosidl_typesupport_fastrtps_c
[ 97%] [32mBuilding C object CMakeFiles/sentinel_interfaces_s__rosidl_typesupport_c.dir/rosidl_generator_py/sentinel_interfaces/_sentinel_interfaces_s.ep.rosidl_typesupport_c.c.o[0m
[ 98%] [32m[1mLinking C shared module rosidl_generator_py/sentinel_interfaces/sentinel_interfaces_s__rosidl_typesupport_c.so[0m
[ 98%] Built target sentinel_interfaces_s__rosidl_typesupport_c
[ 99%] [32mBuilding C object CMakeFiles/sentinel_interfaces_s__rosidl_typesupport_introspection_c.dir/rosidl_generator_py/sentinel_interfaces/_sentinel_interfaces_s.ep.rosidl_typesupport_introspection_c.c.o[0m
[100%] [32m[1mLinking C shared module rosidl_generator_py/sentinel_interfaces/sentinel_interfaces_s__rosidl_typesupport_introspection_c.so[0m
[100%] Built target sentinel_interfaces_s__rosidl_typesupport_introspection_c
-- Install configuration: ""
-- Installing: /root/ros2_ws/install/share/ament_index/resource_index/rosidl_interfaces/sentinel_interfaces
-- Installing: /root/ros2_ws/install/share/sentinel_interfaces/msg/MotorAngle.json
-- Installing: /root/ros2_ws/install/share/sentinel_interfaces/msg/Detection.json
-- Installing: /root/ros2_ws/install/share/sentinel_interfaces/msg/Detection2D.json
-- Installing: /root/ros2_ws/install/share/sentinel_interfaces/msg/Detection2DArray.json
-- Installing: /root/ros2_ws/install/share/sentinel_interfaces/msg/FrameInfo.json
-- Installing: /root/ros2_ws/install/share/sentinel_interfaces/msg/FrameSize.json
-- Installing: /root/ros2_ws/install/share/sentinel_interfaces/msg/MotorCommand.json
-- Installing: /root/ros2_ws/install/share/sentinel_interfaces/msg/MotorStatus.json
-- Installing: /root/ros2_ws/install/share/sentinel_interfaces/msg/TrackedDetection2D.json
-- Installing: /root/ros2_ws/install/share/sentinel_interfaces/msg/TrackedDetection2DArray.json
-- Installing: /root/ros2_ws/install/share/sentinel_interfaces/msg/VideoRxStatus.json
-- Installing: /root/ros2_ws/install/share/sentinel_interfaces/msg/YoloStatus.json
-- Installing: /root/ros2_ws/install/share/sentinel_interfaces/srv/SetBoolFlag.json
-- Installing: /root/ros2_ws/install/share/sentinel_interfaces/srv/SetThreshold.json
-- Installing: /root/ros2_ws/install/include/sentinel_interfaces/sentinel_interfaces
-- Installing: /root/ros2_ws/install/include/sentinel_interfaces/sentinel_interfaces/srv
-- Installing: /root/ros2_ws/install/include/sentinel_interfaces/sentinel_interfaces/srv/set_bool_flag.h
-- Installing: /root/ros2_ws/install/include/sentinel_interfaces/sentinel_interfaces/srv/set_threshold.h
-- Installing: /root/ros2_ws/install/include/sentinel_interfaces/sentinel_interfaces/srv/detail
-- Installing: /root/ros2_ws/install/include/sentinel_interfaces/sentinel_interfaces/srv/detail/set_threshold__description.c
-- Installing: /root/ros2_ws/install/include/sentinel_interfaces/sentinel_interfaces/srv/detail/set_bool_flag__type_support.h
-- Installing: /root/ros2_ws/install/include/sentinel_interfaces/sentinel_interfaces/srv/detail/set_threshold__struct.h
-- Installing: /root/ros2_ws/install/include/sentinel_interfaces/sentinel_interfaces/srv/detail/set_bool_flag__type_support.c
-- Installing: /root/ros2_ws/install/include/sentinel_interfaces/sentinel_interfaces/srv/detail/set_bool_flag__functions.h
-- Installing: /root/ros2_ws/install/include/sentinel_interfaces/sentinel_interfaces/srv/detail/set_bool_flag__description.c
-- Installing: /root/ros2_ws/install/include/sentinel_interfaces/sentinel_interfaces/srv/detail/set_threshold__type_support.h
-- Installing: /root/ros2_ws/install/include/sentinel_interfaces/sentinel_interfaces/srv/detail/set_bool_flag__struct.h
-- Installing: /root/ros2_ws/install/include/sentinel_interfaces/sentinel_interfaces/srv/detail/set_threshold__type_support.c
-- Installing: /root/ros2_ws/install/include/sentinel_interfaces/sentinel_interfaces/srv/detail/set_threshold__functions.c
-- Installing: /root/ros2_ws/install/include/sentinel_interfaces/sentinel_interfaces/srv/detail/set_bool_flag__functions.c
-- Installing: /root/ros2_ws/install/include/sentinel_interfaces/sentinel_interfaces/srv/detail/set_threshold__functions.h
-- Installing: /root/ros2_ws/install/include/sentinel_interfaces/sentinel_interfaces/msg
-- Installing: /root/ros2_ws/install/include/sentinel_interfaces/sentinel_interfaces/msg/frame_info.h
-- Installing: /root/ros2_ws/install/include/sentinel_interfaces/sentinel_interfaces/msg/motor_command.h
-- Installing: /root/ros2_ws/install/include/sentinel_interfaces/sentinel_interfaces/msg/detection.h
-- Installing: /root/ros2_ws/install/include/sentinel_interfaces/sentinel_interfaces/msg/tracked_detection2_d_array.h
-- Installing: /root/ros2_ws/install/include/sentinel_interfaces/sentinel_interfaces/msg/frame_size.h
-- Installing: /root/ros2_ws/install/include/sentinel_interfaces/sentinel_interfaces/msg/motor_angle.h
-- Installing: /root/ros2_ws/install/include/sentinel_interfaces/sentinel_interfaces/msg/rosidl_generator_c__visibility_control.h
-- Installing: /root/ros2_ws/install/include/sentinel_interfaces/sentinel_interfaces/msg/detection2_d_array.h
-- Installing: /root/ros2_ws/install/include/sentinel_interfaces/sentinel_interfaces/msg/tracked_detection2_d.h
-- Installing: /root/ros2_ws/install/include/sentinel_interfaces/sentinel_interfaces/msg/detection2_d.h
-- Installing: /root/ros2_ws/install/include/sentinel_interfaces/sentinel_interfaces/msg/yolo_status.h
-- Installing: /root/ros2_ws/install/include/sentinel_interfaces/sentinel_interfaces/msg/motor_status.h
-- Installing: /root/ros2_ws/install/include/sentinel_interfaces/sentinel_interfaces/msg/video_rx_status.h
-- Installing: /root/ros2_ws/install/include/sentinel_interfaces/sentinel_interfaces/msg/detail
-- Installing: /root/ros2_ws/install/include/sentinel_interfaces/sentinel_interfaces/msg/detail/tracked_detection2_d__functions.c
-- Installing: /root/ros2_ws/install/include/sentinel_interfaces/sentinel_interfaces/msg/detail/detection__functions.h
-- Installing: /root/ros2_ws/install/include/sentinel_interfaces/sentinel_interfaces/msg/detail/motor_status__type_support.c
-- Installing: /root/ros2_ws/install/include/sentinel_interfaces/sentinel_interfaces/msg/detail/yolo_status__functions.h
-- Installing: /root/ros2_ws/install/include/sentinel_interfaces/sentinel_interfaces/msg/detail/detection2_d_array__functions.h
-- Installing: /root/ros2_ws/install/include/sentinel_interfaces/sentinel_interfaces/msg/detail/video_rx_status__description.c
-- Installing: /root/ros2_ws/install/include/sentinel_interfaces/sentinel_interfaces/msg/detail/detection__struct.h
-- Installing: /root/ros2_ws/install/include/sentinel_interfaces/sentinel_interfaces/msg/detail/detection2_d_array__type_support.c
-- Installing: /root/ros2_ws/install/include/sentinel_interfaces/sentinel_interfaces/msg/detail/yolo_status__functions.c
-- Installing: /root/ros2_ws/install/include/sentinel_interfaces/sentinel_interfaces/msg/detail/yolo_status__type_support.h
-- Installing: /root/ros2_ws/install/include/sentinel_interfaces/sentinel_interfaces/msg/detail/video_rx_status__functions.c
-- Installing: /root/ros2_ws/install/include/sentinel_interfaces/sentinel_interfaces/msg/detail/detection__type_support.c
-- Installing: /root/ros2_ws/install/include/sentinel_interfaces/sentinel_interfaces/msg/detail/tracked_detection2_d__type_support.c
-- Installing: /root/ros2_ws/install/include/sentinel_interfaces/sentinel_interfaces/msg/detail/motor_command__struct.h
-- Installing: /root/ros2_ws/install/include/sentinel_interfaces/sentinel_interfaces/msg/detail/detection2_d_array__struct.h
-- Installing: /root/ros2_ws/install/include/sentinel_interfaces/sentinel_interfaces/msg/detail/frame_size__type_support.c
-- Installing: /root/ros2_ws/install/include/sentinel_interfaces/sentinel_interfaces/msg/detail/detection__functions.c
-- Installing: /root/ros2_ws/install/include/sentinel_interfaces/sentinel_interfaces/msg/detail/tracked_detection2_d_array__type_support.h
-- Installing: /root/ros2_ws/install/include/sentinel_interfaces/sentinel_interfaces/msg/detail/frame_info__description.c
-- Installing: /root/ros2_ws/install/include/sentinel_interfaces/sentinel_interfaces/msg/detail/frame_info__type_support.h
-- Installing: /root/ros2_ws/install/include/sentinel_interfaces/sentinel_interfaces/msg/detail/frame_info__functions.h
-- Installing: /root/ros2_ws/install/include/sentinel_interfaces/sentinel_interfaces/msg/detail/motor_status__type_support.h
-- Installing: /root/ros2_ws/install/include/sentinel_interfaces/sentinel_interfaces/msg/detail/detection2_d_array__functions.c
-- Installing: /root/ros2_ws/install/include/sentinel_interfaces/sentinel_interfaces/msg/detail/motor_angle__struct.h
-- Installing: /root/ros2_ws/install/include/sentinel_interfaces/sentinel_interfaces/msg/detail/motor_status__functions.h
-- Installing: /root/ros2_ws/install/include/sentinel_interfaces/sentinel_interfaces/msg/detail/frame_info__struct.h
-- Installing: /root/ros2_ws/install/include/sentinel_interfaces/sentinel_interfaces/msg/detail/motor_command__type_support.h
-- Installing: /root/ros2_ws/install/include/sentinel_interfaces/sentinel_interfaces/msg/detail/detection2_d__functions.h
-- Installing: /root/ros2_ws/install/include/sentinel_interfaces/sentinel_interfaces/msg/detail/tracked_detection2_d__type_support.h
-- Installing: /root/ros2_ws/install/include/sentinel_interfaces/sentinel_interfaces/msg/detail/detection2_d__struct.h
-- Installing: /root/ros2_ws/install/include/sentinel_interfaces/sentinel_interfaces/msg/detail/detection2_d_array__type_support.h
-- Installing: /root/ros2_ws/install/include/sentinel_interfaces/sentinel_interfaces/msg/detail/tracked_detection2_d_array__functions.h
-- Installing: /root/ros2_ws/install/include/sentinel_interfaces/sentinel_interfaces/msg/detail/motor_command__description.c
-- Installing: /root/ros2_ws/install/include/sentinel_interfaces/sentinel_interfaces/msg/detail/detection2_d__type_support.c
-- Installing: /root/ros2_ws/install/include/sentinel_interfaces/sentinel_interfaces/msg/detail/motor_status__functions.c
-- Installing: /root/ros2_ws/install/include/sentinel_interfaces/sentinel_interfaces/msg/detail/motor_angle__functions.h
-- Installing: /root/ros2_ws/install/include/sentinel_interfaces/sentinel_interfaces/msg/detail/video_rx_status__type_support.c
-- Installing: /root/ros2_ws/install/include/sentinel_interfaces/sentinel_interfaces/msg/detail/frame_size__functions.c
-- Installing: /root/ros2_ws/install/include/sentinel_interfaces/sentinel_interfaces/msg/detail/tracked_detection2_d_array__functions.c
-- Installing: /root/ros2_ws/install/include/sentinel_interfaces/sentinel_interfaces/msg/detail/motor_angle__functions.c
-- Installing: /root/ros2_ws/install/include/sentinel_interfaces/sentinel_interfaces/msg/detail/tracked_detection2_d_array__struct.h
-- Installing: /root/ros2_ws/install/include/sentinel_interfaces/sentinel_interfaces/msg/detail/detection__description.c
-- Installing: /root/ros2_ws/install/include/sentinel_interfaces/sentinel_interfaces/msg/detail/motor_angle__type_support.h
-- Installing: /root/ros2_ws/install/include/sentinel_interfaces/sentinel_interfaces/msg/detail/video_rx_status__type_support.h
-- Installing: /root/ros2_ws/install/include/sentinel_interfaces/sentinel_interfaces/msg/detail/video_rx_status__struct.h
-- Installing: /root/ros2_ws/install/include/sentinel_interfaces/sentinel_interfaces/msg/detail/tracked_detection2_d_array__description.c
-- Installing: /root/ros2_ws/install/include/sentinel_interfaces/sentinel_interfaces/msg/detail/video_rx_status__functions.h
-- Installing: /root/ros2_ws/install/include/sentinel_interfaces/sentinel_interfaces/msg/detail/frame_size__struct.h
-- Installing: /root/ros2_ws/install/include/sentinel_interfaces/sentinel_interfaces/msg/detail/yolo_status__struct.h
-- Installing: /root/ros2_ws/install/include/sentinel_interfaces/sentinel_interfaces/msg/detail/frame_info__functions.c
-- Installing: /root/ros2_ws/install/include/sentinel_interfaces/sentinel_interfaces/msg/detail/frame_size__functions.h
-- Installing: /root/ros2_ws/install/include/sentinel_interfaces/sentinel_interfaces/msg/detail/frame_size__description.c
-- Installing: /root/ros2_ws/install/include/sentinel_interfaces/sentinel_interfaces/msg/detail/motor_command__functions.c
-- Installing: /root/ros2_ws/install/include/sentinel_interfaces/sentinel_interfaces/msg/detail/motor_angle__type_support.c
-- Installing: /root/ros2_ws/install/include/sentinel_interfaces/sentinel_interfaces/msg/detail/motor_command__type_support.c
-- Installing: /root/ros2_ws/install/include/sentinel_interfaces/sentinel_interfaces/msg/detail/motor_status__description.c
-- Installing: /root/ros2_ws/install/include/sentinel_interfaces/sentinel_interfaces/msg/detail/tracked_detection2_d__functions.h
-- Installing: /root/ros2_ws/install/include/sentinel_interfaces/sentinel_interfaces/msg/detail/detection2_d__functions.c
-- Installing: /root/ros2_ws/install/include/sentinel_interfaces/sentinel_interfaces/msg/detail/tracked_detection2_d_array__type_support.c
-- Installing: /root/ros2_ws/install/include/sentinel_interfaces/sentinel_interfaces/msg/detail/motor_command__functions.h
-- Installing: /root/ros2_ws/install/include/sentinel_interfaces/sentinel_interfaces/msg/detail/tracked_detection2_d__struct.h
-- Installing: /root/ros2_ws/install/include/sentinel_interfaces/sentinel_interfaces/msg/detail/yolo_status__type_support.c
-- Installing: /root/ros2_ws/install/include/sentinel_interfaces/sentinel_interfaces/msg/detail/detection2_d__type_support.h
-- Installing: /root/ros2_ws/install/include/sentinel_interfaces/sentinel_interfaces/msg/detail/frame_info__type_support.c
-- Installing: /root/ros2_ws/install/include/sentinel_interfaces/sentinel_interfaces/msg/detail/detection__type_support.h
-- Installing: /root/ros2_ws/install/include/sentinel_interfaces/sentinel_interfaces/msg/detail/motor_angle__description.c
-- Installing: /root/ros2_ws/install/include/sentinel_interfaces/sentinel_interfaces/msg/detail/yolo_status__description.c
-- Installing: /root/ros2_ws/install/include/sentinel_interfaces/sentinel_interfaces/msg/detail/frame_size__type_support.h
-- Installing: /root/ros2_ws/install/include/sentinel_interfaces/sentinel_interfaces/msg/detail/detection2_d_array__description.c
-- Installing: /root/ros2_ws/install/include/sentinel_interfaces/sentinel_interfaces/msg/detail/detection2_d__description.c
-- Installing: /root/ros2_ws/install/include/sentinel_interfaces/sentinel_interfaces/msg/detail/motor_status__struct.h
-- Installing: /root/ros2_ws/install/include/sentinel_interfaces/sentinel_interfaces/msg/detail/tracked_detection2_d__description.c
-- Installing: /root/ros2_ws/install/share/sentinel_interfaces/environment/library_path.sh
-- Installing: /root/ros2_ws/install/share/sentinel_interfaces/environment/library_path.dsv
-- Installing: /root/ros2_ws/install/lib/libsentinel_interfaces__rosidl_generator_c.so
-- Set non-toolchain portion of runtime path of "/root/ros2_ws/install/lib/libsentinel_interfaces__rosidl_generator_c.so" to ""
-- Up-to-date: /root/ros2_ws/install/include/sentinel_interfaces/sentinel_interfaces
-- Up-to-date: /root/ros2_ws/install/include/sentinel_interfaces/sentinel_interfaces/srv
-- Up-to-date: /root/ros2_ws/install/include/sentinel_interfaces/sentinel_interfaces/srv/detail
-- Installing: /root/ros2_ws/install/include/sentinel_interfaces/sentinel_interfaces/srv/detail/set_threshold__rosidl_typesupport_fastrtps_c.h
-- Installing: /root/ros2_ws/install/include/sentinel_interfaces/sentinel_interfaces/srv/detail/set_bool_flag__rosidl_typesupport_fastrtps_c.h
-- Up-to-date: /root/ros2_ws/install/include/sentinel_interfaces/sentinel_interfaces/msg
-- Installing: /root/ros2_ws/install/include/sentinel_interfaces/sentinel_interfaces/msg/rosidl_typesupport_fastrtps_c__visibility_control.h
-- Up-to-date: /root/ros2_ws/install/include/sentinel_interfaces/sentinel_interfaces/msg/detail
-- Installing: /root/ros2_ws/install/include/sentinel_interfaces/sentinel_interfaces/msg/detail/yolo_status__rosidl_typesupport_fastrtps_c.h
-- Installing: /root/ros2_ws/install/include/sentinel_interfaces/sentinel_interfaces/msg/detail/motor_command__rosidl_typesupport_fastrtps_c.h
-- Installing: /root/ros2_ws/install/include/sentinel_interfaces/sentinel_interfaces/msg/detail/frame_info__rosidl_typesupport_fastrtps_c.h
-- Installing: /root/ros2_ws/install/include/sentinel_interfaces/sentinel_interfaces/msg/detail/video_rx_status__rosidl_typesupport_fastrtps_c.h
-- Installing: /root/ros2_ws/install/include/sentinel_interfaces/sentinel_interfaces/msg/detail/motor_status__rosidl_typesupport_fastrtps_c.h
-- Installing: /root/ros2_ws/install/include/sentinel_interfaces/sentinel_interfaces/msg/detail/detection2_d_array__rosidl_typesupport_fastrtps_c.h
-- Installing: /root/ros2_ws/install/include/sentinel_interfaces/sentinel_interfaces/msg/detail/detection__rosidl_typesupport_fastrtps_c.h
-- Installing: /root/ros2_ws/install/include/sentinel_interfaces/sentinel_interfaces/msg/detail/tracked_detection2_d_array__rosidl_typesupport_fastrtps_c.h
-- Installing: /root/ros2_ws/install/include/sentinel_interfaces/sentinel_interfaces/msg/detail/frame_size__rosidl_typesupport_fastrtps_c.h
-- Installing: /root/ros2_ws/install/include/sentinel_interfaces/sentinel_interfaces/msg/detail/tracked_detection2_d__rosidl_typesupport_fastrtps_c.h
-- Installing: /root/ros2_ws/install/include/sentinel_interfaces/sentinel_interfaces/msg/detail/detection2_d__rosidl_typesupport_fastrtps_c.h
-- Installing: /root/ros2_ws/install/include/sentinel_interfaces/sentinel_interfaces/msg/detail/motor_angle__rosidl_typesupport_fastrtps_c.h
-- Installing: /root/ros2_ws/install/lib/libsentinel_interfaces__rosidl_typesupport_fastrtps_c.so
-- Set non-toolchain portion of runtime path of "/root/ros2_ws/install/lib/libsentinel_interfaces__rosidl_typesupport_fastrtps_c.so" to ""
-- Up-to-date: /root/ros2_ws/install/include/sentinel_interfaces/sentinel_interfaces
-- Up-to-date: /root/ros2_ws/install/include/sentinel_interfaces/sentinel_interfaces/srv
-- Up-to-date: /root/ros2_ws/install/include/sentinel_interfaces/sentinel_interfaces/srv/detail
-- Installing: /root/ros2_ws/install/include/sentinel_interfaces/sentinel_interfaces/srv/detail/set_bool_flag__type_support.c
-- Installing: /root/ros2_ws/install/include/sentinel_interfaces/sentinel_interfaces/srv/detail/set_bool_flag__rosidl_typesupport_introspection_c.h
-- Installing: /root/ros2_ws/install/include/sentinel_interfaces/sentinel_interfaces/srv/detail/set_threshold__rosidl_typesupport_introspection_c.h
-- Installing: /root/ros2_ws/install/include/sentinel_interfaces/sentinel_interfaces/srv/detail/set_threshold__type_support.c
-- Up-to-date: /root/ros2_ws/install/include/sentinel_interfaces/sentinel_interfaces/msg
-- Installing: /root/ros2_ws/install/include/sentinel_interfaces/sentinel_interfaces/msg/rosidl_typesupport_introspection_c__visibility_control.h
-- Up-to-date: /root/ros2_ws/install/include/sentinel_interfaces/sentinel_interfaces/msg/detail
-- Installing: /root/ros2_ws/install/include/sentinel_interfaces/sentinel_interfaces/msg/detail/motor_status__type_support.c
-- Installing: /root/ros2_ws/install/include/sentinel_interfaces/sentinel_interfaces/msg/detail/motor_command__rosidl_typesupport_introspection_c.h
-- Installing: /root/ros2_ws/install/include/sentinel_interfaces/sentinel_interfaces/msg/detail/yolo_status__rosidl_typesupport_introspection_c.h
-- Installing: /root/ros2_ws/install/include/sentinel_interfaces/sentinel_interfaces/msg/detail/detection2_d_array__type_support.c
-- Installing: /root/ros2_ws/install/include/sentinel_interfaces/sentinel_interfaces/msg/detail/detection__type_support.c
-- Installing: /root/ros2_ws/install/include/sentinel_interfaces/sentinel_interfaces/msg/detail/tracked_detection2_d__type_support.c
-- Installing: /root/ros2_ws/install/include/sentinel_interfaces/sentinel_interfaces/msg/detail/frame_size__type_support.c
-- Installing: /root/ros2_ws/install/include/sentinel_interfaces/sentinel_interfaces/msg/detail/frame_size__rosidl_typesupport_introspection_c.h
-- Installing: /root/ros2_ws/install/include/sentinel_interfaces/sentinel_interfaces/msg/detail/detection__rosidl_typesupport_introspection_c.h
-- Installing: /root/ros2_ws/install/include/sentinel_interfaces/sentinel_interfaces/msg/detail/frame_info__rosidl_typesupport_introspection_c.h
-- Installing: /root/ros2_ws/install/include/sentinel_interfaces/sentinel_interfaces/msg/detail/motor_status__rosidl_typesupport_introspection_c.h
-- Installing: /root/ros2_ws/install/include/sentinel_interfaces/sentinel_interfaces/msg/detail/detection2_d__rosidl_typesupport_introspection_c.h
-- Installing: /root/ros2_ws/install/include/sentinel_interfaces/sentinel_interfaces/msg/detail/detection2_d__type_support.c
-- Installing: /root/ros2_ws/install/include/sentinel_interfaces/sentinel_interfaces/msg/detail/video_rx_status__rosidl_typesupport_introspection_c.h
-- Installing: /root/ros2_ws/install/include/sentinel_interfaces/sentinel_interfaces/msg/detail/video_rx_status__type_support.c
-- Installing: /root/ros2_ws/install/include/sentinel_interfaces/sentinel_interfaces/msg/detail/motor_angle__type_support.c
-- Installing: /root/ros2_ws/install/include/sentinel_interfaces/sentinel_interfaces/msg/detail/motor_command__type_support.c
-- Installing: /root/ros2_ws/install/include/sentinel_interfaces/sentinel_interfaces/msg/detail/tracked_detection2_d_array__rosidl_typesupport_introspection_c.h
-- Installing: /root/ros2_ws/install/include/sentinel_interfaces/sentinel_interfaces/msg/detail/tracked_detection2_d_array__type_support.c
-- Installing: /root/ros2_ws/install/include/sentinel_interfaces/sentinel_interfaces/msg/detail/motor_angle__rosidl_typesupport_introspection_c.h
-- Installing: /root/ros2_ws/install/include/sentinel_interfaces/sentinel_interfaces/msg/detail/yolo_status__type_support.c
-- Installing: /root/ros2_ws/install/include/sentinel_interfaces/sentinel_interfaces/msg/detail/frame_info__type_support.c
-- Installing: /root/ros2_ws/install/include/sentinel_interfaces/sentinel_interfaces/msg/detail/tracked_detection2_d__rosidl_typesupport_introspection_c.h
-- Installing: /root/ros2_ws/install/include/sentinel_interfaces/sentinel_interfaces/msg/detail/detection2_d_array__rosidl_typesupport_introspection_c.h
-- Installing: /root/ros2_ws/install/lib/libsentinel_interfaces__rosidl_typesupport_introspection_c.so
-- Set non-toolchain portion of runtime path of "/root/ros2_ws/install/lib/libsentinel_interfaces__rosidl_typesupport_introspection_c.so" to ""
-- Installing: /root/ros2_ws/install/lib/libsentinel_interfaces__rosidl_typesupport_c.so
-- Set non-toolchain portion of runtime path of "/root/ros2_ws/install/lib/libsentinel_interfaces__rosidl_typesupport_c.so" to ""
-- Up-to-date: /root/ros2_ws/install/include/sentinel_interfaces/sentinel_interfaces
-- Up-to-date: /root/ros2_ws/install/include/sentinel_interfaces/sentinel_interfaces/srv
-- Installing: /root/ros2_ws/install/include/sentinel_interfaces/sentinel_interfaces/srv/set_bool_flag.hpp
-- Installing: /root/ros2_ws/install/include/sentinel_interfaces/sentinel_interfaces/srv/set_threshold.hpp
-- Up-to-date: /root/ros2_ws/install/include/sentinel_interfaces/sentinel_interfaces/srv/detail
-- Installing: /root/ros2_ws/install/include/sentinel_interfaces/sentinel_interfaces/srv/detail/set_threshold__type_support.hpp
-- Installing: /root/ros2_ws/install/include/sentinel_interfaces/sentinel_interfaces/srv/detail/set_threshold__struct.hpp
-- Installing: /root/ros2_ws/install/include/sentinel_interfaces/sentinel_interfaces/srv/detail/set_bool_flag__traits.hpp
-- Installing: /root/ros2_ws/install/include/sentinel_interfaces/sentinel_interfaces/srv/detail/set_bool_flag__builder.hpp
-- Installing: /root/ros2_ws/install/include/sentinel_interfaces/sentinel_interfaces/srv/detail/set_bool_flag__type_support.hpp
-- Installing: /root/ros2_ws/install/include/sentinel_interfaces/sentinel_interfaces/srv/detail/set_threshold__builder.hpp
-- Installing: /root/ros2_ws/install/include/sentinel_interfaces/sentinel_interfaces/srv/detail/set_bool_flag__struct.hpp
-- Installing: /root/ros2_ws/install/include/sentinel_interfaces/sentinel_interfaces/srv/detail/set_threshold__traits.hpp
-- Up-to-date: /root/ros2_ws/install/include/sentinel_interfaces/sentinel_interfaces/msg
-- Installing: /root/ros2_ws/install/include/sentinel_interfaces/sentinel_interfaces/msg/video_rx_status.hpp
-- Installing: /root/ros2_ws/install/include/sentinel_interfaces/sentinel_interfaces/msg/motor_command.hpp
-- Installing: /root/ros2_ws/install/include/sentinel_interfaces/sentinel_interfaces/msg/detection2_d_array.hpp
-- Installing: /root/ros2_ws/install/include/sentinel_interfaces/sentinel_interfaces/msg/motor_status.hpp
-- Installing: /root/ros2_ws/install/include/sentinel_interfaces/sentinel_interfaces/msg/tracked_detection2_d_array.hpp
-- Installing: /root/ros2_ws/install/include/sentinel_interfaces/sentinel_interfaces/msg/detection2_d.hpp
-- Installing: /root/ros2_ws/install/include/sentinel_interfaces/sentinel_interfaces/msg/frame_size.hpp
-- Installing: /root/ros2_ws/install/include/sentinel_interfaces/sentinel_interfaces/msg/detection.hpp
-- Installing: /root/ros2_ws/install/include/sentinel_interfaces/sentinel_interfaces/msg/motor_angle.hpp
-- Installing: /root/ros2_ws/install/include/sentinel_interfaces/sentinel_interfaces/msg/frame_info.hpp
-- Installing: /root/ros2_ws/install/include/sentinel_interfaces/sentinel_interfaces/msg/tracked_detection2_d.hpp
-- Installing: /root/ros2_ws/install/include/sentinel_interfaces/sentinel_interfaces/msg/rosidl_generator_cpp__visibility_control.hpp
-- Installing: /root/ros2_ws/install/include/sentinel_interfaces/sentinel_interfaces/msg/yolo_status.hpp
-- Up-to-date: /root/ros2_ws/install/include/sentinel_interfaces/sentinel_interfaces/msg/detail
-- Installing: /root/ros2_ws/install/include/sentinel_interfaces/sentinel_interfaces/msg/detail/detection2_d__traits.hpp
-- Installing: /root/ros2_ws/install/include/sentinel_interfaces/sentinel_interfaces/msg/detail/motor_status__struct.hpp
-- Installing: /root/ros2_ws/install/include/sentinel_interfaces/sentinel_interfaces/msg/detail/frame_size__type_support.hpp
-- Installing: /root/ros2_ws/install/include/sentinel_interfaces/sentinel_interfaces/msg/detail/detection2_d_array__type_support.hpp
-- Installing: /root/ros2_ws/install/include/sentinel_interfaces/sentinel_interfaces/msg/detail/yolo_status__traits.hpp
-- Installing: /root/ros2_ws/install/include/sentinel_interfaces/sentinel_interfaces/msg/detail/motor_angle__struct.hpp
-- Installing: /root/ros2_ws/install/include/sentinel_interfaces/sentinel_interfaces/msg/detail/frame_info__type_support.hpp
-- Installing: /root/ros2_ws/install/include/sentinel_interfaces/sentinel_interfaces/msg/detail/motor_command__traits.hpp
-- Installing: /root/ros2_ws/install/include/sentinel_interfaces/sentinel_interfaces/msg/detail/tracked_detection2_d__type_support.hpp
-- Installing: /root/ros2_ws/install/include/sentinel_interfaces/sentinel_interfaces/msg/detail/frame_size__struct.hpp
-- Installing: /root/ros2_ws/install/include/sentinel_interfaces/sentinel_interfaces/msg/detail/yolo_status__struct.hpp
-- Installing: /root/ros2_ws/install/include/sentinel_interfaces/sentinel_interfaces/msg/detail/motor_angle__type_support.hpp
-- Installing: /root/ros2_ws/install/include/sentinel_interfaces/sentinel_interfaces/msg/detail/frame_info__builder.hpp
-- Installing: /root/ros2_ws/install/include/sentinel_interfaces/sentinel_interfaces/msg/detail/video_rx_status__traits.hpp
-- Installing: /root/ros2_ws/install/include/sentinel_interfaces/sentinel_interfaces/msg/detail/detection2_d_array__traits.hpp
-- Installing: /root/ros2_ws/install/include/sentinel_interfaces/sentinel_interfaces/msg/detail/tracked_detection2_d__builder.hpp
-- Installing: /root/ros2_ws/install/include/sentinel_interfaces/sentinel_interfaces/msg/detail/tracked_detection2_d_array__type_support.hpp
-- Installing: /root/ros2_ws/install/include/sentinel_interfaces/sentinel_interfaces/msg/detail/yolo_status__builder.hpp
-- Installing: /root/ros2_ws/install/include/sentinel_interfaces/sentinel_interfaces/msg/detail/tracked_detection2_d__traits.hpp
-- Installing: /root/ros2_ws/install/include/sentinel_interfaces/sentinel_interfaces/msg/detail/detection2_d__type_support.hpp
-- Installing: /root/ros2_ws/install/include/sentinel_interfaces/sentinel_interfaces/msg/detail/detection2_d__struct.hpp
-- Installing: /root/ros2_ws/install/include/sentinel_interfaces/sentinel_interfaces/msg/detail/tracked_detection2_d_array__traits.hpp
-- Installing: /root/ros2_ws/install/include/sentinel_interfaces/sentinel_interfaces/msg/detail/detection2_d_array__struct.hpp
-- Installing: /root/ros2_ws/install/include/sentinel_interfaces/sentinel_interfaces/msg/detail/detection2_d_array__builder.hpp
-- Installing: /root/ros2_ws/install/include/sentinel_interfaces/sentinel_interfaces/msg/detail/frame_size__builder.hpp
-- Installing: /root/ros2_ws/install/include/sentinel_interfaces/sentinel_interfaces/msg/detail/motor_status__type_support.hpp
-- Installing: /root/ros2_ws/install/include/sentinel_interfaces/sentinel_interfaces/msg/detail/motor_status__traits.hpp
-- Installing: /root/ros2_ws/install/include/sentinel_interfaces/sentinel_interfaces/msg/detail/video_rx_status__type_support.hpp
-- Installing: /root/ros2_ws/install/include/sentinel_interfaces/sentinel_interfaces/msg/detail/tracked_detection2_d__struct.hpp
-- Installing: /root/ros2_ws/install/include/sentinel_interfaces/sentinel_interfaces/msg/detail/detection__builder.hpp
-- Installing: /root/ros2_ws/install/include/sentinel_interfaces/sentinel_interfaces/msg/detail/frame_size__traits.hpp
-- Installing: /root/ros2_ws/install/include/sentinel_interfaces/sentinel_interfaces/msg/detail/tracked_detection2_d_array__builder.hpp
-- Installing: /root/ros2_ws/install/include/sentinel_interfaces/sentinel_interfaces/msg/detail/tracked_detection2_d_array__struct.hpp
-- Installing: /root/ros2_ws/install/include/sentinel_interfaces/sentinel_interfaces/msg/detail/motor_status__builder.hpp
-- Installing: /root/ros2_ws/install/include/sentinel_interfaces/sentinel_interfaces/msg/detail/motor_command__type_support.hpp
-- Installing: /root/ros2_ws/install/include/sentinel_interfaces/sentinel_interfaces/msg/detail/motor_angle__traits.hpp
-- Installing: /root/ros2_ws/install/include/sentinel_interfaces/sentinel_interfaces/msg/detail/frame_info__traits.hpp
-- Installing: /root/ros2_ws/install/include/sentinel_interfaces/sentinel_interfaces/msg/detail/motor_command__builder.hpp
-- Installing: /root/ros2_ws/install/include/sentinel_interfaces/sentinel_interfaces/msg/detail/frame_info__struct.hpp
-- Installing: /root/ros2_ws/install/include/sentinel_interfaces/sentinel_interfaces/msg/detail/detection2_d__builder.hpp
-- Installing: /root/ros2_ws/install/include/sentinel_interfaces/sentinel_interfaces/msg/detail/yolo_status__type_support.hpp
-- Installing: /root/ros2_ws/install/include/sentinel_interfaces/sentinel_interfaces/msg/detail/detection__type_support.hpp
-- Installing: /root/ros2_ws/install/include/sentinel_interfaces/sentinel_interfaces/msg/detail/video_rx_status__struct.hpp
-- Installing: /root/ros2_ws/install/include/sentinel_interfaces/sentinel_interfaces/msg/detail/detection__struct.hpp
-- Installing: /root/ros2_ws/install/include/sentinel_interfaces/sentinel_interfaces/msg/detail/video_rx_status__builder.hpp
-- Installing: /root/ros2_ws/install/include/sentinel_interfaces/sentinel_interfaces/msg/detail/motor_command__struct.hpp
-- Installing: /root/ros2_ws/install/include/sentinel_interfaces/sentinel_interfaces/msg/detail/detection__traits.hpp
-- Installing: /root/ros2_ws/install/include/sentinel_interfaces/sentinel_interfaces/msg/detail/motor_angle__builder.hpp
-- Up-to-date: /root/ros2_ws/install/include/sentinel_interfaces/sentinel_interfaces
-- Up-to-date: /root/ros2_ws/install/include/sentinel_interfaces/sentinel_interfaces/srv
-- Up-to-date: /root/ros2_ws/install/include/sentinel_interfaces/sentinel_interfaces/srv/detail
-- Installing: /root/ros2_ws/install/include/sentinel_interfaces/sentinel_interfaces/srv/detail/set_bool_flag__rosidl_typesupport_fastrtps_cpp.hpp
-- Installing: /root/ros2_ws/install/include/sentinel_interfaces/sentinel_interfaces/srv/detail/dds_fastrtps
-- Installing: /root/ros2_ws/install/include/sentinel_interfaces/sentinel_interfaces/srv/detail/set_threshold__rosidl_typesupport_fastrtps_cpp.hpp
-- Up-to-date: /root/ros2_ws/install/include/sentinel_interfaces/sentinel_interfaces/msg
-- Installing: /root/ros2_ws/install/include/sentinel_interfaces/sentinel_interfaces/msg/rosidl_typesupport_fastrtps_cpp__visibility_control.h
-- Up-to-date: /root/ros2_ws/install/include/sentinel_interfaces/sentinel_interfaces/msg/detail
-- Installing: /root/ros2_ws/install/include/sentinel_interfaces/sentinel_interfaces/msg/detail/detection2_d_array__rosidl_typesupport_fastrtps_cpp.hpp
-- Installing: /root/ros2_ws/install/include/sentinel_interfaces/sentinel_interfaces/msg/detail/yolo_status__rosidl_typesupport_fastrtps_cpp.hpp
-- Installing: /root/ros2_ws/install/include/sentinel_interfaces/sentinel_interfaces/msg/detail/detection2_d__rosidl_typesupport_fastrtps_cpp.hpp
-- Installing: /root/ros2_ws/install/include/sentinel_interfaces/sentinel_interfaces/msg/detail/motor_command__rosidl_typesupport_fastrtps_cpp.hpp
-- Installing: /root/ros2_ws/install/include/sentinel_interfaces/sentinel_interfaces/msg/detail/tracked_detection2_d__rosidl_typesupport_fastrtps_cpp.hpp
-- Installing: /root/ros2_ws/install/include/sentinel_interfaces/sentinel_interfaces/msg/detail/dds_fastrtps
-- Installing: /root/ros2_ws/install/include/sentinel_interfaces/sentinel_interfaces/msg/detail/video_rx_status__rosidl_typesupport_fastrtps_cpp.hpp
-- Installing: /root/ros2_ws/install/include/sentinel_interfaces/sentinel_interfaces/msg/detail/frame_info__rosidl_typesupport_fastrtps_cpp.hpp
-- Installing: /root/ros2_ws/install/include/sentinel_interfaces/sentinel_interfaces/msg/detail/motor_angle__rosidl_typesupport_fastrtps_cpp.hpp
-- Installing: /root/ros2_ws/install/include/sentinel_interfaces/sentinel_interfaces/msg/detail/frame_size__rosidl_typesupport_fastrtps_cpp.hpp
-- Installing: /root/ros2_ws/install/include/sentinel_interfaces/sentinel_interfaces/msg/detail/detection__rosidl_typesupport_fastrtps_cpp.hpp
-- Installing: /root/ros2_ws/install/include/sentinel_interfaces/sentinel_interfaces/msg/detail/tracked_detection2_d_array__rosidl_typesupport_fastrtps_cpp.hpp
-- Installing: /root/ros2_ws/install/include/sentinel_interfaces/sentinel_interfaces/msg/detail/motor_status__rosidl_typesupport_fastrtps_cpp.hpp
-- Installing: /root/ros2_ws/install/lib/libsentinel_interfaces__rosidl_typesupport_fastrtps_cpp.so
-- Set non-toolchain portion of runtime path of "/root/ros2_ws/install/lib/libsentinel_interfaces__rosidl_typesupport_fastrtps_cpp.so" to ""
-- Up-to-date: /root/ros2_ws/install/include/sentinel_interfaces/sentinel_interfaces
-- Up-to-date: /root/ros2_ws/install/include/sentinel_interfaces/sentinel_interfaces/srv
-- Up-to-date: /root/ros2_ws/install/include/sentinel_interfaces/sentinel_interfaces/srv/detail
-- Installing: /root/ros2_ws/install/include/sentinel_interfaces/sentinel_interfaces/srv/detail/set_bool_flag__type_support.cpp
-- Installing: /root/ros2_ws/install/include/sentinel_interfaces/sentinel_interfaces/srv/detail/set_bool_flag__rosidl_typesupport_introspection_cpp.hpp
-- Installing: /root/ros2_ws/install/include/sentinel_interfaces/sentinel_interfaces/srv/detail/set_threshold__rosidl_typesupport_introspection_cpp.hpp
-- Installing: /root/ros2_ws/install/include/sentinel_interfaces/sentinel_interfaces/srv/detail/set_threshold__type_support.cpp
-- Up-to-date: /root/ros2_ws/install/include/sentinel_interfaces/sentinel_interfaces/msg
-- Up-to-date: /root/ros2_ws/install/include/sentinel_interfaces/sentinel_interfaces/msg/detail
-- Installing: /root/ros2_ws/install/include/sentinel_interfaces/sentinel_interfaces/msg/detail/motor_angle__type_support.cpp
-- Installing: /root/ros2_ws/install/include/sentinel_interfaces/sentinel_interfaces/msg/detail/detection2_d__type_support.cpp
-- Installing: /root/ros2_ws/install/include/sentinel_interfaces/sentinel_interfaces/msg/detail/motor_command__rosidl_typesupport_introspection_cpp.hpp
-- Installing: /root/ros2_ws/install/include/sentinel_interfaces/sentinel_interfaces/msg/detail/detection__rosidl_typesupport_introspection_cpp.hpp
-- Installing: /root/ros2_ws/install/include/sentinel_interfaces/sentinel_interfaces/msg/detail/frame_info__type_support.cpp
-- Installing: /root/ros2_ws/install/include/sentinel_interfaces/sentinel_interfaces/msg/detail/motor_angle__rosidl_typesupport_introspection_cpp.hpp
-- Installing: /root/ros2_ws/install/include/sentinel_interfaces/sentinel_interfaces/msg/detail/motor_status__rosidl_typesupport_introspection_cpp.hpp
-- Installing: /root/ros2_ws/install/include/sentinel_interfaces/sentinel_interfaces/msg/detail/detection2_d__rosidl_typesupport_introspection_cpp.hpp
-- Installing: /root/ros2_ws/install/include/sentinel_interfaces/sentinel_interfaces/msg/detail/detection__type_support.cpp
-- Installing: /root/ros2_ws/install/include/sentinel_interfaces/sentinel_interfaces/msg/detail/frame_size__type_support.cpp
-- Installing: /root/ros2_ws/install/include/sentinel_interfaces/sentinel_interfaces/msg/detail/video_rx_status__type_support.cpp
-- Installing: /root/ros2_ws/install/include/sentinel_interfaces/sentinel_interfaces/msg/detail/tracked_detection2_d_array__type_support.cpp
-- Installing: /root/ros2_ws/install/include/sentinel_interfaces/sentinel_interfaces/msg/detail/yolo_status__type_support.cpp
-- Installing: /root/ros2_ws/install/include/sentinel_interfaces/sentinel_interfaces/msg/detail/detection2_d_array__rosidl_typesupport_introspection_cpp.hpp
-- Installing: /root/ros2_ws/install/include/sentinel_interfaces/sentinel_interfaces/msg/detail/frame_info__rosidl_typesupport_introspection_cpp.hpp
-- Installing: /root/ros2_ws/install/include/sentinel_interfaces/sentinel_interfaces/msg/detail/tracked_detection2_d__rosidl_typesupport_introspection_cpp.hpp
-- Installing: /root/ros2_ws/install/include/sentinel_interfaces/sentinel_interfaces/msg/detail/motor_command__type_support.cpp
-- Installing: /root/ros2_ws/install/include/sentinel_interfaces/sentinel_interfaces/msg/detail/video_rx_status__rosidl_typesupport_introspection_cpp.hpp
-- Installing: /root/ros2_ws/install/include/sentinel_interfaces/sentinel_interfaces/msg/detail/frame_size__rosidl_typesupport_introspection_cpp.hpp
-- Installing: /root/ros2_ws/install/include/sentinel_interfaces/sentinel_interfaces/msg/detail/detection2_d_array__type_support.cpp
-- Installing: /root/ros2_ws/install/include/sentinel_interfaces/sentinel_interfaces/msg/detail/tracked_detection2_d_array__rosidl_typesupport_introspection_cpp.hpp
-- Installing: /root/ros2_ws/install/include/sentinel_interfaces/sentinel_interfaces/msg/detail/motor_status__type_support.cpp
-- Installing: /root/ros2_ws/install/include/sentinel_interfaces/sentinel_interfaces/msg/detail/tracked_detection2_d__type_support.cpp
-- Installing: /root/ros2_ws/install/include/sentinel_interfaces/sentinel_interfaces/msg/detail/yolo_status__rosidl_typesupport_introspection_cpp.hpp
-- Installing: /root/ros2_ws/install/lib/libsentinel_interfaces__rosidl_typesupport_introspection_cpp.so
-- Set non-toolchain portion of runtime path of "/root/ros2_ws/install/lib/libsentinel_interfaces__rosidl_typesupport_introspection_cpp.so" to ""
-- Installing: /root/ros2_ws/install/lib/libsentinel_interfaces__rosidl_typesupport_cpp.so
-- Set non-toolchain portion of runtime path of "/root/ros2_ws/install/lib/libsentinel_interfaces__rosidl_typesupport_cpp.so" to ""
-- Installing: /root/ros2_ws/install/share/sentinel_interfaces/environment/pythonpath.sh
-- Installing: /root/ros2_ws/install/share/sentinel_interfaces/environment/pythonpath.dsv
-- Installing: /root/ros2_ws/install/lib/python3.12/site-packages/sentinel_interfaces-0.0.0-py3.12.egg-info
-- Installing: /root/ros2_ws/install/lib/python3.12/site-packages/sentinel_interfaces-0.0.0-py3.12.egg-info/PKG-INFO
-- Installing: /root/ros2_ws/install/lib/python3.12/site-packages/sentinel_interfaces-0.0.0-py3.12.egg-info/top_level.txt
-- Installing: /root/ros2_ws/install/lib/python3.12/site-packages/sentinel_interfaces-0.0.0-py3.12.egg-info/SOURCES.txt
-- Installing: /root/ros2_ws/install/lib/python3.12/site-packages/sentinel_interfaces-0.0.0-py3.12.egg-info/dependency_links.txt
-- Installing: /root/ros2_ws/install/lib/python3.12/site-packages/sentinel_interfaces
-- Installing: /root/ros2_ws/install/lib/python3.12/site-packages/sentinel_interfaces/_sentinel_interfaces_s.ep.rosidl_typesupport_c.c
-- Installing: /root/ros2_ws/install/lib/python3.12/site-packages/sentinel_interfaces/sentinel_interfaces_s__rosidl_typesupport_c.so
-- Installing: /root/ros2_ws/install/lib/python3.12/site-packages/sentinel_interfaces/sentinel_interfaces_s__rosidl_typesupport_fastrtps_c.so
-- Installing: /root/ros2_ws/install/lib/python3.12/site-packages/sentinel_interfaces/_sentinel_interfaces_s.ep.rosidl_typesupport_introspection_c.c
-- Installing: /root/ros2_ws/install/lib/python3.12/site-packages/sentinel_interfaces/_sentinel_interfaces_s.ep.rosidl_typesupport_fastrtps_c.c
-- Installing: /root/ros2_ws/install/lib/python3.12/site-packages/sentinel_interfaces/srv
-- Installing: /root/ros2_ws/install/lib/python3.12/site-packages/sentinel_interfaces/srv/_set_threshold.py
-- Installing: /root/ros2_ws/install/lib/python3.12/site-packages/sentinel_interfaces/srv/_set_bool_flag_s.c
-- Installing: /root/ros2_ws/install/lib/python3.12/site-packages/sentinel_interfaces/srv/_set_bool_flag.py
-- Installing: /root/ros2_ws/install/lib/python3.12/site-packages/sentinel_interfaces/srv/_set_threshold_s.c
-- Installing: /root/ros2_ws/install/lib/python3.12/site-packages/sentinel_interfaces/srv/__init__.py
-- Installing: /root/ros2_ws/install/lib/python3.12/site-packages/sentinel_interfaces/msg
-- Installing: /root/ros2_ws/install/lib/python3.12/site-packages/sentinel_interfaces/msg/_tracked_detection2_d.py
-- Installing: /root/ros2_ws/install/lib/python3.12/site-packages/sentinel_interfaces/msg/_tracked_detection2_d_array.py
-- Installing: /root/ros2_ws/install/lib/python3.12/site-packages/sentinel_interfaces/msg/_detection2_d_array.py
-- Installing: /root/ros2_ws/install/lib/python3.12/site-packages/sentinel_interfaces/msg/_motor_status_s.c
-- Installing: /root/ros2_ws/install/lib/python3.12/site-packages/sentinel_interfaces/msg/_motor_command_s.c
-- Installing: /root/ros2_ws/install/lib/python3.12/site-packages/sentinel_interfaces/msg/_frame_size_s.c
-- Installing: /root/ros2_ws/install/lib/python3.12/site-packages/sentinel_interfaces/msg/_frame_size.py
-- Installing: /root/ros2_ws/install/lib/python3.12/site-packages/sentinel_interfaces/msg/_tracked_detection2_d_s.c
-- Installing: /root/ros2_ws/install/lib/python3.12/site-packages/sentinel_interfaces/msg/_yolo_status_s.c
-- Installing: /root/ros2_ws/install/lib/python3.12/site-packages/sentinel_interfaces/msg/_motor_angle.py
-- Installing: /root/ros2_ws/install/lib/python3.12/site-packages/sentinel_interfaces/msg/_detection_s.c
-- Installing: /root/ros2_ws/install/lib/python3.12/site-packages/sentinel_interfaces/msg/_yolo_status.py
-- Installing: /root/ros2_ws/install/lib/python3.12/site-packages/sentinel_interfaces/msg/_motor_angle_s.c
-- Installing: /root/ros2_ws/install/lib/python3.12/site-packages/sentinel_interfaces/msg/_video_rx_status.py
-- Installing: /root/ros2_ws/install/lib/python3.12/site-packages/sentinel_interfaces/msg/_motor_command.py
-- Installing: /root/ros2_ws/install/lib/python3.12/site-packages/sentinel_interfaces/msg/_detection2_d.py
-- Installing: /root/ros2_ws/install/lib/python3.12/site-packages/sentinel_interfaces/msg/_frame_info.py
-- Installing: /root/ros2_ws/install/lib/python3.12/site-packages/sentinel_interfaces/msg/_video_rx_status_s.c
-- Installing: /root/ros2_ws/install/lib/python3.12/site-packages/sentinel_interfaces/msg/_frame_info_s.c
-- Installing: /root/ros2_ws/install/lib/python3.12/site-packages/sentinel_interfaces/msg/_detection2_d_s.c
-- Installing: /root/ros2_ws/install/lib/python3.12/site-packages/sentinel_interfaces/msg/_detection2_d_array_s.c
-- Installing: /root/ros2_ws/install/lib/python3.12/site-packages/sentinel_interfaces/msg/_tracked_detection2_d_array_s.c
-- Installing: /root/ros2_ws/install/lib/python3.12/site-packages/sentinel_interfaces/msg/_detection.py
-- Installing: /root/ros2_ws/install/lib/python3.12/site-packages/sentinel_interfaces/msg/_motor_status.py
-- Installing: /root/ros2_ws/install/lib/python3.12/site-packages/sentinel_interfaces/msg/__init__.py
-- Installing: /root/ros2_ws/install/lib/python3.12/site-packages/sentinel_interfaces/sentinel_interfaces_s__rosidl_typesupport_introspection_c.so
-- Installing: /root/ros2_ws/install/lib/python3.12/site-packages/sentinel_interfaces/__init__.py
Listing '/root/ros2_ws/install/lib/python3.12/site-packages/sentinel_interfaces'...
Compiling '/root/ros2_ws/install/lib/python3.12/site-packages/sentinel_interfaces/__init__.py'...
Listing '/root/ros2_ws/install/lib/python3.12/site-packages/sentinel_interfaces/msg'...
Compiling '/root/ros2_ws/install/lib/python3.12/site-packages/sentinel_interfaces/msg/__init__.py'...
Compiling '/root/ros2_ws/install/lib/python3.12/site-packages/sentinel_interfaces/msg/_detection.py'...
Compiling '/root/ros2_ws/install/lib/python3.12/site-packages/sentinel_interfaces/msg/_detection2_d.py'...
Compiling '/root/ros2_ws/install/lib/python3.12/site-packages/sentinel_interfaces/msg/_detection2_d_array.py'...
Compiling '/root/ros2_ws/install/lib/python3.12/site-packages/sentinel_interfaces/msg/_frame_info.py'...
Compiling '/root/ros2_ws/install/lib/python3.12/site-packages/sentinel_interfaces/msg/_frame_size.py'...
Compiling '/root/ros2_ws/install/lib/python3.12/site-packages/sentinel_interfaces/msg/_motor_angle.py'...
Compiling '/root/ros2_ws/install/lib/python3.12/site-packages/sentinel_interfaces/msg/_motor_command.py'...
Compiling '/root/ros2_ws/install/lib/python3.12/site-packages/sentinel_interfaces/msg/_motor_status.py'...
Compiling '/root/ros2_ws/install/lib/python3.12/site-packages/sentinel_interfaces/msg/_tracked_detection2_d.py'...
Compiling '/root/ros2_ws/install/lib/python3.12/site-packages/sentinel_interfaces/msg/_tracked_detection2_d_array.py'...
Compiling '/root/ros2_ws/install/lib/python3.12/site-packages/sentinel_interfaces/msg/_video_rx_status.py'...
Compiling '/root/ros2_ws/install/lib/python3.12/site-packages/sentinel_interfaces/msg/_yolo_status.py'...
Listing '/root/ros2_ws/install/lib/python3.12/site-packages/sentinel_interfaces/srv'...
Compiling '/root/ros2_ws/install/lib/python3.12/site-packages/sentinel_interfaces/srv/__init__.py'...
Compiling '/root/ros2_ws/install/lib/python3.12/site-packages/sentinel_interfaces/srv/_set_bool_flag.py'...
Compiling '/root/ros2_ws/install/lib/python3.12/site-packages/sentinel_interfaces/srv/_set_threshold.py'...
-- Installing: /root/ros2_ws/install/lib/python3.12/site-packages/sentinel_interfaces/sentinel_interfaces_s__rosidl_typesupport_fastrtps_c.so
-- Set non-toolchain portion of runtime path of "/root/ros2_ws/install/lib/python3.12/site-packages/sentinel_interfaces/sentinel_interfaces_s__rosidl_typesupport_fastrtps_c.so" to ""
-- Installing: /root/ros2_ws/install/lib/python3.12/site-packages/sentinel_interfaces/sentinel_interfaces_s__rosidl_typesupport_introspection_c.so
-- Set non-toolchain portion of runtime path of "/root/ros2_ws/install/lib/python3.12/site-packages/sentinel_interfaces/sentinel_interfaces_s__rosidl_typesupport_introspection_c.so" to ""
-- Installing: /root/ros2_ws/install/lib/python3.12/site-packages/sentinel_interfaces/sentinel_interfaces_s__rosidl_typesupport_c.so
-- Set non-toolchain portion of runtime path of "/root/ros2_ws/install/lib/python3.12/site-packages/sentinel_interfaces/sentinel_interfaces_s__rosidl_typesupport_c.so" to ""
-- Installing: /root/ros2_ws/install/lib/libsentinel_interfaces__rosidl_generator_py.so
-- Set non-toolchain portion of runtime path of "/root/ros2_ws/install/lib/libsentinel_interfaces__rosidl_generator_py.so" to ""
-- Installing: /root/ros2_ws/install/share/sentinel_interfaces/msg/MotorAngle.idl
-- Installing: /root/ros2_ws/install/share/sentinel_interfaces/msg/Detection.idl
-- Installing: /root/ros2_ws/install/share/sentinel_interfaces/msg/Detection2D.idl
-- Installing: /root/ros2_ws/install/share/sentinel_interfaces/msg/Detection2DArray.idl
-- Installing: /root/ros2_ws/install/share/sentinel_interfaces/msg/FrameInfo.idl
-- Installing: /root/ros2_ws/install/share/sentinel_interfaces/msg/FrameSize.idl
-- Installing: /root/ros2_ws/install/share/sentinel_interfaces/msg/MotorCommand.idl
-- Installing: /root/ros2_ws/install/share/sentinel_interfaces/msg/MotorStatus.idl
-- Installing: /root/ros2_ws/install/share/sentinel_interfaces/msg/TrackedDetection2D.idl
-- Installing: /root/ros2_ws/install/share/sentinel_interfaces/msg/TrackedDetection2DArray.idl
-- Installing: /root/ros2_ws/install/share/sentinel_interfaces/msg/VideoRxStatus.idl
-- Installing: /root/ros2_ws/install/share/sentinel_interfaces/msg/YoloStatus.idl
-- Installing: /root/ros2_ws/install/share/sentinel_interfaces/srv/SetBoolFlag.idl
-- Installing: /root/ros2_ws/install/share/sentinel_interfaces/srv/SetThreshold.idl
-- Installing: /root/ros2_ws/install/share/sentinel_interfaces/msg/MotorAngle.msg
-- Installing: /root/ros2_ws/install/share/sentinel_interfaces/msg/Detection.msg
-- Installing: /root/ros2_ws/install/share/sentinel_interfaces/msg/Detection2D.msg
-- Installing: /root/ros2_ws/install/share/sentinel_interfaces/msg/Detection2DArray.msg
-- Installing: /root/ros2_ws/install/share/sentinel_interfaces/msg/FrameInfo.msg
-- Installing: /root/ros2_ws/install/share/sentinel_interfaces/msg/FrameSize.msg
-- Installing: /root/ros2_ws/install/share/sentinel_interfaces/msg/MotorCommand.msg
-- Installing: /root/ros2_ws/install/share/sentinel_interfaces/msg/MotorStatus.msg
-- Installing: /root/ros2_ws/install/share/sentinel_interfaces/msg/TrackedDetection2D.msg
-- Installing: /root/ros2_ws/install/share/sentinel_interfaces/msg/TrackedDetection2DArray.msg
-- Installing: /root/ros2_ws/install/share/sentinel_interfaces/msg/VideoRxStatus.msg
-- Installing: /root/ros2_ws/install/share/sentinel_interfaces/msg/YoloStatus.msg
-- Installing: /root/ros2_ws/install/share/sentinel_interfaces/srv/SetBoolFlag.srv
-- Installing: /root/ros2_ws/install/share/sentinel_interfaces/srv/SetThreshold.srv
-- Installing: /root/ros2_ws/install/share/ament_index/resource_index/package_run_dependencies/sentinel_interfaces
-- Installing: /root/ros2_ws/install/share/ament_index/resource_index/parent_prefix_path/sentinel_interfaces
-- Installing: /root/ros2_ws/install/share/sentinel_interfaces/environment/ament_prefix_path.sh
-- Installing: /root/ros2_ws/install/share/sentinel_interfaces/environment/ament_prefix_path.dsv
-- Installing: /root/ros2_ws/install/share/sentinel_interfaces/environment/path.sh
-- Installing: /root/ros2_ws/install/share/sentinel_interfaces/environment/path.dsv
-- Installing: /root/ros2_ws/install/share/sentinel_interfaces/local_setup.bash
-- Installing: /root/ros2_ws/install/share/sentinel_interfaces/local_setup.sh
-- Installing: /root/ros2_ws/install/share/sentinel_interfaces/local_setup.zsh
-- Installing: /root/ros2_ws/install/share/sentinel_interfaces/local_setup.dsv
-- Installing: /root/ros2_ws/install/share/sentinel_interfaces/package.dsv
-- Installing: /root/ros2_ws/install/share/ament_index/resource_index/packages/sentinel_interfaces
-- Installing: /root/ros2_ws/install/share/sentinel_interfaces/cmake/export_sentinel_interfaces__rosidl_generator_cExport.cmake
-- Installing: /root/ros2_ws/install/share/sentinel_interfaces/cmake/export_sentinel_interfaces__rosidl_generator_cExport-noconfig.cmake
-- Installing: /root/ros2_ws/install/share/sentinel_interfaces/cmake/export_sentinel_interfaces__rosidl_typesupport_fastrtps_cExport.cmake
-- Installing: /root/ros2_ws/install/share/sentinel_interfaces/cmake/export_sentinel_interfaces__rosidl_typesupport_fastrtps_cExport-noconfig.cmake
-- Installing: /root/ros2_ws/install/share/sentinel_interfaces/cmake/sentinel_interfaces__rosidl_typesupport_introspection_cExport.cmake
-- Installing: /root/ros2_ws/install/share/sentinel_interfaces/cmake/sentinel_interfaces__rosidl_typesupport_introspection_cExport-noconfig.cmake
-- Installing: /root/ros2_ws/install/share/sentinel_interfaces/cmake/sentinel_interfaces__rosidl_typesupport_cExport.cmake
-- Installing: /root/ros2_ws/install/share/sentinel_interfaces/cmake/sentinel_interfaces__rosidl_typesupport_cExport-noconfig.cmake
-- Installing: /root/ros2_ws/install/share/sentinel_interfaces/cmake/export_sentinel_interfaces__rosidl_generator_cppExport.cmake
-- Installing: /root/ros2_ws/install/share/sentinel_interfaces/cmake/export_sentinel_interfaces__rosidl_typesupport_fastrtps_cppExport.cmake
-- Installing: /root/ros2_ws/install/share/sentinel_interfaces/cmake/export_sentinel_interfaces__rosidl_typesupport_fastrtps_cppExport-noconfig.cmake
-- Installing: /root/ros2_ws/install/share/sentinel_interfaces/cmake/sentinel_interfaces__rosidl_typesupport_introspection_cppExport.cmake
-- Installing: /root/ros2_ws/install/share/sentinel_interfaces/cmake/sentinel_interfaces__rosidl_typesupport_introspection_cppExport-noconfig.cmake
-- Installing: /root/ros2_ws/install/share/sentinel_interfaces/cmake/sentinel_interfaces__rosidl_typesupport_cppExport.cmake
-- Installing: /root/ros2_ws/install/share/sentinel_interfaces/cmake/sentinel_interfaces__rosidl_typesupport_cppExport-noconfig.cmake
-- Installing: /root/ros2_ws/install/share/sentinel_interfaces/cmake/export_sentinel_interfaces__rosidl_generator_pyExport.cmake
-- Installing: /root/ros2_ws/install/share/sentinel_interfaces/cmake/export_sentinel_interfaces__rosidl_generator_pyExport-noconfig.cmake
-- Installing: /root/ros2_ws/install/share/sentinel_interfaces/cmake/rosidl_cmake-extras.cmake
-- Installing: /root/ros2_ws/install/share/sentinel_interfaces/cmake/ament_cmake_export_dependencies-extras.cmake
-- Installing: /root/ros2_ws/install/share/sentinel_interfaces/cmake/ament_cmake_export_include_directories-extras.cmake
-- Installing: /root/ros2_ws/install/share/sentinel_interfaces/cmake/ament_cmake_export_libraries-extras.cmake
-- Installing: /root/ros2_ws/install/share/sentinel_interfaces/cmake/ament_cmake_export_targets-extras.cmake
-- Installing: /root/ros2_ws/install/share/sentinel_interfaces/cmake/rosidl_cmake_export_typesupport_targets-extras.cmake
-- Installing: /root/ros2_ws/install/share/sentinel_interfaces/cmake/rosidl_cmake_export_typesupport_libraries-extras.cmake
-- Installing: /root/ros2_ws/install/share/sentinel_interfaces/cmake/sentinel_interfacesConfig.cmake
-- Installing: /root/ros2_ws/install/share/sentinel_interfaces/cmake/sentinel_interfacesConfig-version.cmake
-- Installing: /root/ros2_ws/install/share/sentinel_interfaces/package.xml
