[0.012s] Invoking command in '/root/ros2_ws/build/sentinel_interfaces': /usr/bin/cmake /root/ros2_ws/src/sentinel_interfaces -DCATKIN_INSTALL_INTO_PREFIX_ROOT=0 -DCMAKE_INSTALL_PREFIX=/root/ros2_ws/install
[0.135s] -- The C compiler identification is GNU 13.3.0
[0.215s] -- The CXX compiler identification is GNU 13.3.0
[0.240s] -- Detecting C compiler ABI info
[0.347s] -- Detecting C compiler ABI info - done
[0.356s] -- Check for working C compiler: /usr/bin/cc - skipped
[0.356s] -- Detecting C compile features
[0.357s] -- Detecting C compile features - done
[0.368s] -- Detecting CXX compiler ABI info
[0.473s] -- Detecting CXX compiler ABI info - done
[0.481s] -- Check for working CXX compiler: /usr/bin/c++ - skipped
[0.481s] -- Detecting CXX compile features
[0.481s] -- Detecting CXX compile features - done
[0.488s] -- Found ament_cmake: 2.5.5 (/opt/ros/jazzy/share/ament_cmake/cmake)
[0.653s] -- Found Python3: /usr/bin/python3 (found version "3.12.3") found components: Interpreter 
[0.798s] -- Found rosidl_default_generators: 1.6.0 (/opt/ros/jazzy/share/rosidl_default_generators/cmake)
[0.804s] -- Using all available rosidl_typesupport_c: rosidl_typesupport_fastrtps_c;rosidl_typesupport_introspection_c
[0.854s] -- Using all available rosidl_typesupport_cpp: rosidl_typesupport_fastrtps_cpp;rosidl_typesupport_introspection_cpp
[0.895s] -- Found rosidl_adapter: 4.6.7 (/opt/ros/jazzy/share/rosidl_adapter/cmake)
[0.900s] -- Found builtin_interfaces: 2.0.3 (/opt/ros/jazzy/share/builtin_interfaces/cmake)
[0.915s] -- Found std_msgs: 5.3.6 (/opt/ros/jazzy/share/std_msgs/cmake)
[1.569s] -- Found ament_cmake_ros: 0.12.0 (/opt/ros/jazzy/share/ament_cmake_ros/cmake)
[2.025s] -- Using all available rosidl_typesupport_c: rosidl_typesupport_fastrtps_c;rosidl_typesupport_introspection_c
[2.598s] -- Using all available rosidl_typesupport_cpp: rosidl_typesupport_fastrtps_cpp;rosidl_typesupport_introspection_cpp
[2.602s] -- Found python_cmake_module: 0.11.1 (/opt/ros/jazzy/share/python_cmake_module/cmake)
[2.737s] -- Found PythonExtra: /usr/bin/python3  
[3.351s] -- Found Python3: /usr/bin/python3 (found version "3.12.3") found components: Interpreter Development NumPy Development.Module Development.Embed 
[3.421s] -- Configuring done (3.4s)
[3.525s] -- Generating done (0.1s)
[3.528s] [33mCMake Warning:
[3.528s]   Manually-specified variables were not used by the project:
[3.528s] 
[3.528s]     CATKIN_INSTALL_INTO_PREFIX_ROOT
[3.528s] 
[3.528s] [0m
[3.542s] -- Build files have been written to: /root/ros2_ws/build/sentinel_interfaces
[3.570s] Invoked command in '/root/ros2_ws/build/sentinel_interfaces' returned '0': /usr/bin/cmake /root/ros2_ws/src/sentinel_interfaces -DCATKIN_INSTALL_INTO_PREFIX_ROOT=0 -DCMAKE_INSTALL_PREFIX=/root/ros2_ws/install
[3.572s] Invoking command in '/root/ros2_ws/build/sentinel_interfaces': /usr/bin/cmake --build /root/ros2_ws/build/sentinel_interfaces -- -j14 -l14
[3.643s] [  0%] [34m[1mGenerating type hashes for ROS interfaces[0m
[4.159s] [  0%] Built target sentinel_interfaces__rosidl_generator_type_description
[4.194s] [  0%] Built target ament_cmake_python_copy_sentinel_interfaces
[4.207s] [  0%] [34m[1mGenerating C code for ROS interfaces[0m
[5.971s] [  1%] [32mBuilding C object CMakeFiles/sentinel_interfaces__rosidl_generator_c.dir/rosidl_generator_c/sentinel_interfaces/msg/detail/motor_angle__description.c.o[0m
[6.040s] [  2%] [32mBuilding C object CMakeFiles/sentinel_interfaces__rosidl_generator_c.dir/rosidl_generator_c/sentinel_interfaces/msg/detail/detection2_d_array__type_support.c.o[0m
[6.076s] [  2%] [32mBuilding C object CMakeFiles/sentinel_interfaces__rosidl_generator_c.dir/rosidl_generator_c/sentinel_interfaces/msg/detail/frame_info__description.c.o[0m
[6.173s] [  3%] [32mBuilding C object CMakeFiles/sentinel_interfaces__rosidl_generator_c.dir/rosidl_generator_c/sentinel_interfaces/msg/detail/frame_info__functions.c.o[0m
[6.259s] [  3%] [32mBuilding C object CMakeFiles/sentinel_interfaces__rosidl_generator_c.dir/rosidl_generator_c/sentinel_interfaces/msg/detail/frame_info__type_support.c.o[0m
[6.297s] [  4%] [32mBuilding C object CMakeFiles/sentinel_interfaces__rosidl_generator_c.dir/rosidl_generator_c/sentinel_interfaces/msg/detail/frame_size__description.c.o[0m
[6.334s] [  5%] [32mBuilding C object CMakeFiles/sentinel_interfaces__rosidl_generator_c.dir/rosidl_generator_c/sentinel_interfaces/msg/detail/frame_size__functions.c.o[0m
[6.378s] [  5%] [32mBuilding C object CMakeFiles/sentinel_interfaces__rosidl_generator_c.dir/rosidl_generator_c/sentinel_interfaces/msg/detail/frame_size__type_support.c.o[0m
[6.409s] [  6%] [32mBuilding C object CMakeFiles/sentinel_interfaces__rosidl_generator_c.dir/rosidl_generator_c/sentinel_interfaces/msg/detail/motor_command__description.c.o[0m
[6.453s] [  7%] [32mBuilding C object CMakeFiles/sentinel_interfaces__rosidl_generator_c.dir/rosidl_generator_c/sentinel_interfaces/msg/detail/motor_command__functions.c.o[0m
[6.501s] [  7%] [32mBuilding C object CMakeFiles/sentinel_interfaces__rosidl_generator_c.dir/rosidl_generator_c/sentinel_interfaces/msg/detail/motor_command__type_support.c.o[0m
[6.531s] [  8%] [32mBuilding C object CMakeFiles/sentinel_interfaces__rosidl_generator_c.dir/rosidl_generator_c/sentinel_interfaces/msg/detail/motor_status__description.c.o[0m
[6.571s] [  8%] [32mBuilding C object CMakeFiles/sentinel_interfaces__rosidl_generator_c.dir/rosidl_generator_c/sentinel_interfaces/msg/detail/motor_status__functions.c.o[0m
[6.619s] [  9%] [32mBuilding C object CMakeFiles/sentinel_interfaces__rosidl_generator_c.dir/rosidl_generator_c/sentinel_interfaces/msg/detail/motor_status__type_support.c.o[0m
[6.651s] [ 10%] [32mBuilding C object CMakeFiles/sentinel_interfaces__rosidl_generator_c.dir/rosidl_generator_c/sentinel_interfaces/msg/detail/tracked_detection2_d__description.c.o[0m
[6.687s] [ 10%] [32mBuilding C object CMakeFiles/sentinel_interfaces__rosidl_generator_c.dir/rosidl_generator_c/sentinel_interfaces/msg/detail/tracked_detection2_d__functions.c.o[0m
[6.735s] [ 11%] [32mBuilding C object CMakeFiles/sentinel_interfaces__rosidl_generator_c.dir/rosidl_generator_c/sentinel_interfaces/msg/detail/tracked_detection2_d__type_support.c.o[0m
[6.775s] [ 11%] [32mBuilding C object CMakeFiles/sentinel_interfaces__rosidl_generator_c.dir/rosidl_generator_c/sentinel_interfaces/msg/detail/tracked_detection2_d_array__description.c.o[0m
[6.822s] [ 12%] [32mBuilding C object CMakeFiles/sentinel_interfaces__rosidl_generator_c.dir/rosidl_generator_c/sentinel_interfaces/msg/detail/tracked_detection2_d_array__functions.c.o[0m
[6.875s] [ 13%] [32mBuilding C object CMakeFiles/sentinel_interfaces__rosidl_generator_c.dir/rosidl_generator_c/sentinel_interfaces/msg/detail/tracked_detection2_d_array__type_support.c.o[0m
[6.906s] [ 13%] [32mBuilding C object CMakeFiles/sentinel_interfaces__rosidl_generator_c.dir/rosidl_generator_c/sentinel_interfaces/msg/detail/video_rx_status__description.c.o[0m
[6.950s] [ 14%] [32mBuilding C object CMakeFiles/sentinel_interfaces__rosidl_generator_c.dir/rosidl_generator_c/sentinel_interfaces/msg/detail/video_rx_status__functions.c.o[0m
[7.005s] [ 14%] [32mBuilding C object CMakeFiles/sentinel_interfaces__rosidl_generator_c.dir/rosidl_generator_c/sentinel_interfaces/msg/detail/video_rx_status__type_support.c.o[0m
[7.040s] [ 15%] [32mBuilding C object CMakeFiles/sentinel_interfaces__rosidl_generator_c.dir/rosidl_generator_c/sentinel_interfaces/msg/detail/yolo_status__description.c.o[0m
[7.077s] [ 16%] [32mBuilding C object CMakeFiles/sentinel_interfaces__rosidl_generator_c.dir/rosidl_generator_c/sentinel_interfaces/msg/detail/yolo_status__functions.c.o[0m
[7.125s] [ 16%] [32mBuilding C object CMakeFiles/sentinel_interfaces__rosidl_generator_c.dir/rosidl_generator_c/sentinel_interfaces/msg/detail/yolo_status__type_support.c.o[0m
[7.156s] [ 17%] [32mBuilding C object CMakeFiles/sentinel_interfaces__rosidl_generator_c.dir/rosidl_generator_c/sentinel_interfaces/srv/detail/set_bool_flag__description.c.o[0m
[7.203s] [ 18%] [32mBuilding C object CMakeFiles/sentinel_interfaces__rosidl_generator_c.dir/rosidl_generator_c/sentinel_interfaces/srv/detail/set_bool_flag__functions.c.o[0m
[7.291s] [ 18%] [32mBuilding C object CMakeFiles/sentinel_interfaces__rosidl_generator_c.dir/rosidl_generator_c/sentinel_interfaces/srv/detail/set_bool_flag__type_support.c.o[0m
[7.334s] [ 19%] [32mBuilding C object CMakeFiles/sentinel_interfaces__rosidl_generator_c.dir/rosidl_generator_c/sentinel_interfaces/srv/detail/set_threshold__description.c.o[0m
[7.383s] [ 19%] [32mBuilding C object CMakeFiles/sentinel_interfaces__rosidl_generator_c.dir/rosidl_generator_c/sentinel_interfaces/srv/detail/set_threshold__functions.c.o[0m
[7.452s] [ 20%] [32mBuilding C object CMakeFiles/sentinel_interfaces__rosidl_generator_c.dir/rosidl_generator_c/sentinel_interfaces/srv/detail/set_threshold__type_support.c.o[0m
[7.494s] [ 21%] [32mBuilding C object CMakeFiles/sentinel_interfaces__rosidl_generator_c.dir/rosidl_generator_c/sentinel_interfaces/msg/detail/detection2_d_array__functions.c.o[0m
[7.546s] [ 21%] [32mBuilding C object CMakeFiles/sentinel_interfaces__rosidl_generator_c.dir/rosidl_generator_c/sentinel_interfaces/msg/detail/detection2_d_array__description.c.o[0m
[7.592s] [ 22%] [32mBuilding C object CMakeFiles/sentinel_interfaces__rosidl_generator_c.dir/rosidl_generator_c/sentinel_interfaces/msg/detail/detection2_d__type_support.c.o[0m
[7.626s] [ 22%] [32mBuilding C object CMakeFiles/sentinel_interfaces__rosidl_generator_c.dir/rosidl_generator_c/sentinel_interfaces/msg/detail/detection2_d__functions.c.o[0m
[7.685s] [ 23%] [32mBuilding C object CMakeFiles/sentinel_interfaces__rosidl_generator_c.dir/rosidl_generator_c/sentinel_interfaces/msg/detail/detection2_d__description.c.o[0m
[7.733s] [ 24%] [32mBuilding C object CMakeFiles/sentinel_interfaces__rosidl_generator_c.dir/rosidl_generator_c/sentinel_interfaces/msg/detail/detection__type_support.c.o[0m
[7.767s] [ 24%] [32mBuilding C object CMakeFiles/sentinel_interfaces__rosidl_generator_c.dir/rosidl_generator_c/sentinel_interfaces/msg/detail/detection__functions.c.o[0m
[7.818s] [ 25%] [32mBuilding C object CMakeFiles/sentinel_interfaces__rosidl_generator_c.dir/rosidl_generator_c/sentinel_interfaces/msg/detail/detection__description.c.o[0m
[7.864s] [ 25%] [32mBuilding C object CMakeFiles/sentinel_interfaces__rosidl_generator_c.dir/rosidl_generator_c/sentinel_interfaces/msg/detail/motor_angle__type_support.c.o[0m
[7.896s] [ 26%] [32mBuilding C object CMakeFiles/sentinel_interfaces__rosidl_generator_c.dir/rosidl_generator_c/sentinel_interfaces/msg/detail/motor_angle__functions.c.o[0m
[7.947s] [ 27%] [32m[1mLinking C shared library libsentinel_interfaces__rosidl_generator_c.so[0m
[8.004s] [ 27%] Built target sentinel_interfaces__rosidl_generator_c
[8.292s] running egg_info
[8.293s] creating sentinel_interfaces.egg-info
[8.304s] writing sentinel_interfaces.egg-info/PKG-INFO
[8.305s] writing dependency_links to sentinel_interfaces.egg-info/dependency_links.txt
[8.305s] writing top-level names to sentinel_interfaces.egg-info/top_level.txt
[8.305s] writing manifest file 'sentinel_interfaces.egg-info/SOURCES.txt'
[8.334s] reading manifest file 'sentinel_interfaces.egg-info/SOURCES.txt'
[8.335s] writing manifest file 'sentinel_interfaces.egg-info/SOURCES.txt'
[8.388s] [ 27%] Built target ament_cmake_python_build_sentinel_interfaces_egg
[8.404s] [ 28%] [34m[1mGenerating C type support dispatch for ROS interfaces[0m
[9.009s] [ 29%] [32mBuilding CXX object CMakeFiles/sentinel_interfaces__rosidl_typesupport_c.dir/rosidl_typesupport_c/sentinel_interfaces/msg/motor_angle__type_support.cpp.o[0m
[9.078s] [ 30%] [32mBuilding CXX object CMakeFiles/sentinel_interfaces__rosidl_typesupport_c.dir/rosidl_typesupport_c/sentinel_interfaces/msg/video_rx_status__type_support.cpp.o[0m
[9.121s] [ 30%] [32mBuilding CXX object CMakeFiles/sentinel_interfaces__rosidl_typesupport_c.dir/rosidl_typesupport_c/sentinel_interfaces/msg/yolo_status__type_support.cpp.o[0m
[9.164s] [ 31%] [32mBuilding CXX object CMakeFiles/sentinel_interfaces__rosidl_typesupport_c.dir/rosidl_typesupport_c/sentinel_interfaces/srv/set_bool_flag__type_support.cpp.o[0m
[9.217s] [ 31%] [32mBuilding CXX object CMakeFiles/sentinel_interfaces__rosidl_typesupport_c.dir/rosidl_typesupport_c/sentinel_interfaces/srv/set_threshold__type_support.cpp.o[0m
[9.257s] [ 32%] [32mBuilding CXX object CMakeFiles/sentinel_interfaces__rosidl_typesupport_c.dir/rosidl_typesupport_c/sentinel_interfaces/msg/tracked_detection2_d_array__type_support.cpp.o[0m
[9.341s] [ 32%] [32mBuilding CXX object CMakeFiles/sentinel_interfaces__rosidl_typesupport_c.dir/rosidl_typesupport_c/sentinel_interfaces/msg/tracked_detection2_d__type_support.cpp.o[0m
[9.399s] [ 33%] [32mBuilding CXX object CMakeFiles/sentinel_interfaces__rosidl_typesupport_c.dir/rosidl_typesupport_c/sentinel_interfaces/msg/motor_status__type_support.cpp.o[0m
[9.473s] [ 33%] [32mBuilding CXX object CMakeFiles/sentinel_interfaces__rosidl_typesupport_c.dir/rosidl_typesupport_c/sentinel_interfaces/msg/motor_command__type_support.cpp.o[0m
[9.520s] [ 34%] [32mBuilding CXX object CMakeFiles/sentinel_interfaces__rosidl_typesupport_c.dir/rosidl_typesupport_c/sentinel_interfaces/msg/frame_size__type_support.cpp.o[0m
[9.567s] [ 35%] [32mBuilding CXX object CMakeFiles/sentinel_interfaces__rosidl_typesupport_c.dir/rosidl_typesupport_c/sentinel_interfaces/msg/frame_info__type_support.cpp.o[0m
[9.612s] [ 35%] [32mBuilding CXX object CMakeFiles/sentinel_interfaces__rosidl_typesupport_c.dir/rosidl_typesupport_c/sentinel_interfaces/msg/detection2_d_array__type_support.cpp.o[0m
[9.662s] [ 36%] [32mBuilding CXX object CMakeFiles/sentinel_interfaces__rosidl_typesupport_c.dir/rosidl_typesupport_c/sentinel_interfaces/msg/detection2_d__type_support.cpp.o[0m
[9.711s] [ 36%] [32mBuilding CXX object CMakeFiles/sentinel_interfaces__rosidl_typesupport_c.dir/rosidl_typesupport_c/sentinel_interfaces/msg/detection__type_support.cpp.o[0m
[9.763s] [ 37%] [32m[1mLinking CXX shared library libsentinel_interfaces__rosidl_typesupport_c.so[0m
[9.825s] [ 37%] Built target sentinel_interfaces__rosidl_typesupport_c
[9.845s] [ 38%] [34m[1mGenerating C introspection for ROS interfaces[0m
[10.712s] [ 39%] [32mBuilding C object CMakeFiles/sentinel_interfaces__rosidl_typesupport_introspection_c.dir/rosidl_typesupport_introspection_c/sentinel_interfaces/msg/detail/motor_angle__type_support.c.o[0m
[10.760s] [ 39%] [32mBuilding C object CMakeFiles/sentinel_interfaces__rosidl_typesupport_introspection_c.dir/rosidl_typesupport_introspection_c/sentinel_interfaces/msg/detail/yolo_status__type_support.c.o[0m
[10.811s] [ 40%] [32mBuilding C object CMakeFiles/sentinel_interfaces__rosidl_typesupport_introspection_c.dir/rosidl_typesupport_introspection_c/sentinel_interfaces/srv/detail/set_bool_flag__type_support.c.o[0m
[10.873s] [ 40%] [32mBuilding C object CMakeFiles/sentinel_interfaces__rosidl_typesupport_introspection_c.dir/rosidl_typesupport_introspection_c/sentinel_interfaces/srv/detail/set_threshold__type_support.c.o[0m
[10.919s] [ 41%] [32mBuilding C object CMakeFiles/sentinel_interfaces__rosidl_typesupport_introspection_c.dir/rosidl_typesupport_introspection_c/sentinel_interfaces/msg/detail/video_rx_status__type_support.c.o[0m
[10.954s] [ 42%] [32mBuilding C object CMakeFiles/sentinel_interfaces__rosidl_typesupport_introspection_c.dir/rosidl_typesupport_introspection_c/sentinel_interfaces/msg/detail/tracked_detection2_d_array__type_support.c.o[0m
[10.996s] [ 42%] [32mBuilding C object CMakeFiles/sentinel_interfaces__rosidl_typesupport_introspection_c.dir/rosidl_typesupport_introspection_c/sentinel_interfaces/msg/detail/tracked_detection2_d__type_support.c.o[0m
[11.036s] [ 43%] [32mBuilding C object CMakeFiles/sentinel_interfaces__rosidl_typesupport_introspection_c.dir/rosidl_typesupport_introspection_c/sentinel_interfaces/msg/detail/motor_status__type_support.c.o[0m
[11.081s] [ 43%] [32mBuilding C object CMakeFiles/sentinel_interfaces__rosidl_typesupport_introspection_c.dir/rosidl_typesupport_introspection_c/sentinel_interfaces/msg/detail/motor_command__type_support.c.o[0m
[11.115s] [ 44%] [32mBuilding C object CMakeFiles/sentinel_interfaces__rosidl_typesupport_introspection_c.dir/rosidl_typesupport_introspection_c/sentinel_interfaces/msg/detail/frame_size__type_support.c.o[0m
[11.165s] [ 45%] [32mBuilding C object CMakeFiles/sentinel_interfaces__rosidl_typesupport_introspection_c.dir/rosidl_typesupport_introspection_c/sentinel_interfaces/msg/detail/frame_info__type_support.c.o[0m
[11.217s] [ 45%] [32mBuilding C object CMakeFiles/sentinel_interfaces__rosidl_typesupport_introspection_c.dir/rosidl_typesupport_introspection_c/sentinel_interfaces/msg/detail/detection2_d_array__type_support.c.o[0m
[11.260s] [ 46%] [32mBuilding C object CMakeFiles/sentinel_interfaces__rosidl_typesupport_introspection_c.dir/rosidl_typesupport_introspection_c/sentinel_interfaces/msg/detail/detection2_d__type_support.c.o[0m
[11.298s] [ 46%] [32mBuilding C object CMakeFiles/sentinel_interfaces__rosidl_typesupport_introspection_c.dir/rosidl_typesupport_introspection_c/sentinel_interfaces/msg/detail/detection__type_support.c.o[0m
[11.336s] [ 47%] [32m[1mLinking C shared library libsentinel_interfaces__rosidl_typesupport_introspection_c.so[0m
[11.374s] [ 47%] Built target sentinel_interfaces__rosidl_typesupport_introspection_c
[11.388s] [ 47%] [34m[1mGenerating C type support for eProsima Fast-RTPS[0m
[12.481s] [ 48%] [32mBuilding CXX object CMakeFiles/sentinel_interfaces__rosidl_typesupport_fastrtps_c.dir/rosidl_typesupport_fastrtps_c/sentinel_interfaces/msg/detail/motor_angle__type_support_c.cpp.o[0m
[12.926s] [ 48%] [32mBuilding CXX object CMakeFiles/sentinel_interfaces__rosidl_typesupport_fastrtps_c.dir/rosidl_typesupport_fastrtps_c/sentinel_interfaces/srv/detail/set_bool_flag__type_support_c.cpp.o[0m
[13.359s] [ 49%] [32mBuilding CXX object CMakeFiles/sentinel_interfaces__rosidl_typesupport_fastrtps_c.dir/rosidl_typesupport_fastrtps_c/sentinel_interfaces/srv/detail/set_threshold__type_support_c.cpp.o[0m
[13.772s] [ 50%] [32mBuilding CXX object CMakeFiles/sentinel_interfaces__rosidl_typesupport_fastrtps_c.dir/rosidl_typesupport_fastrtps_c/sentinel_interfaces/msg/detail/yolo_status__type_support_c.cpp.o[0m
[14.153s] [ 50%] [32mBuilding CXX object CMakeFiles/sentinel_interfaces__rosidl_typesupport_fastrtps_c.dir/rosidl_typesupport_fastrtps_c/sentinel_interfaces/msg/detail/video_rx_status__type_support_c.cpp.o[0m
[14.551s] [ 51%] [32mBuilding CXX object CMakeFiles/sentinel_interfaces__rosidl_typesupport_fastrtps_c.dir/rosidl_typesupport_fastrtps_c/sentinel_interfaces/msg/detail/tracked_detection2_d_array__type_support_c.cpp.o[0m
[14.920s] [ 52%] [32mBuilding CXX object CMakeFiles/sentinel_interfaces__rosidl_typesupport_fastrtps_c.dir/rosidl_typesupport_fastrtps_c/sentinel_interfaces/msg/detail/tracked_detection2_d__type_support_c.cpp.o[0m
[15.278s] [ 52%] [32mBuilding CXX object CMakeFiles/sentinel_interfaces__rosidl_typesupport_fastrtps_c.dir/rosidl_typesupport_fastrtps_c/sentinel_interfaces/msg/detail/motor_status__type_support_c.cpp.o[0m
[15.685s] [ 53%] [32mBuilding CXX object CMakeFiles/sentinel_interfaces__rosidl_typesupport_fastrtps_c.dir/rosidl_typesupport_fastrtps_c/sentinel_interfaces/msg/detail/motor_command__type_support_c.cpp.o[0m
[16.138s] [ 54%] [32mBuilding CXX object CMakeFiles/sentinel_interfaces__rosidl_typesupport_fastrtps_c.dir/rosidl_typesupport_fastrtps_c/sentinel_interfaces/msg/detail/frame_size__type_support_c.cpp.o[0m
[16.478s] [ 54%] [32mBuilding CXX object CMakeFiles/sentinel_interfaces__rosidl_typesupport_fastrtps_c.dir/rosidl_typesupport_fastrtps_c/sentinel_interfaces/msg/detail/frame_info__type_support_c.cpp.o[0m
[16.880s] [ 55%] [32mBuilding CXX object CMakeFiles/sentinel_interfaces__rosidl_typesupport_fastrtps_c.dir/rosidl_typesupport_fastrtps_c/sentinel_interfaces/msg/detail/detection2_d_array__type_support_c.cpp.o[0m
[17.262s] [ 55%] [32mBuilding CXX object CMakeFiles/sentinel_interfaces__rosidl_typesupport_fastrtps_c.dir/rosidl_typesupport_fastrtps_c/sentinel_interfaces/msg/detail/detection2_d__type_support_c.cpp.o[0m
[17.614s] [ 56%] [32mBuilding CXX object CMakeFiles/sentinel_interfaces__rosidl_typesupport_fastrtps_c.dir/rosidl_typesupport_fastrtps_c/sentinel_interfaces/msg/detail/detection__type_support_c.cpp.o[0m
[17.981s] [ 57%] [32m[1mLinking CXX shared library libsentinel_interfaces__rosidl_typesupport_fastrtps_c.so[0m
[18.075s] [ 57%] Built target sentinel_interfaces__rosidl_typesupport_fastrtps_c
[18.106s] [ 57%] [34m[1mGenerating C++ code for ROS interfaces[0m
[19.752s] [ 57%] Built target sentinel_interfaces__cpp
[19.769s] [ 58%] [34m[1mGenerating C++ type support dispatch for ROS interfaces[0m
[20.473s] [ 58%] [32mBuilding CXX object CMakeFiles/sentinel_interfaces__rosidl_typesupport_cpp.dir/rosidl_typesupport_cpp/sentinel_interfaces/msg/motor_angle__type_support.cpp.o[0m
[20.815s] [ 59%] [32mBuilding CXX object CMakeFiles/sentinel_interfaces__rosidl_typesupport_cpp.dir/rosidl_typesupport_cpp/sentinel_interfaces/msg/yolo_status__type_support.cpp.o[0m
[21.059s] [ 60%] [32mBuilding CXX object CMakeFiles/sentinel_interfaces__rosidl_typesupport_cpp.dir/rosidl_typesupport_cpp/sentinel_interfaces/srv/set_bool_flag__type_support.cpp.o[0m
[21.360s] [ 60%] [32mBuilding CXX object CMakeFiles/sentinel_interfaces__rosidl_typesupport_cpp.dir/rosidl_typesupport_cpp/sentinel_interfaces/srv/set_threshold__type_support.cpp.o[0m
[21.675s] [ 60%] [32mBuilding CXX object CMakeFiles/sentinel_interfaces__rosidl_typesupport_cpp.dir/rosidl_typesupport_cpp/sentinel_interfaces/msg/video_rx_status__type_support.cpp.o[0m
[21.900s] [ 61%] [32mBuilding CXX object CMakeFiles/sentinel_interfaces__rosidl_typesupport_cpp.dir/rosidl_typesupport_cpp/sentinel_interfaces/msg/tracked_detection2_d_array__type_support.cpp.o[0m
[22.160s] [ 61%] [32mBuilding CXX object CMakeFiles/sentinel_interfaces__rosidl_typesupport_cpp.dir/rosidl_typesupport_cpp/sentinel_interfaces/msg/tracked_detection2_d__type_support.cpp.o[0m
[22.492s] [ 62%] [32mBuilding CXX object CMakeFiles/sentinel_interfaces__rosidl_typesupport_cpp.dir/rosidl_typesupport_cpp/sentinel_interfaces/msg/motor_status__type_support.cpp.o[0m
[22.737s] [ 63%] [32mBuilding CXX object CMakeFiles/sentinel_interfaces__rosidl_typesupport_cpp.dir/rosidl_typesupport_cpp/sentinel_interfaces/msg/motor_command__type_support.cpp.o[0m
[22.977s] [ 63%] [32mBuilding CXX object CMakeFiles/sentinel_interfaces__rosidl_typesupport_cpp.dir/rosidl_typesupport_cpp/sentinel_interfaces/msg/frame_size__type_support.cpp.o[0m
[23.213s] [ 64%] [32mBuilding CXX object CMakeFiles/sentinel_interfaces__rosidl_typesupport_cpp.dir/rosidl_typesupport_cpp/sentinel_interfaces/msg/frame_info__type_support.cpp.o[0m
[23.442s] [ 64%] [32mBuilding CXX object CMakeFiles/sentinel_interfaces__rosidl_typesupport_cpp.dir/rosidl_typesupport_cpp/sentinel_interfaces/msg/detection2_d_array__type_support.cpp.o[0m
[23.668s] [ 65%] [32mBuilding CXX object CMakeFiles/sentinel_interfaces__rosidl_typesupport_cpp.dir/rosidl_typesupport_cpp/sentinel_interfaces/msg/detection2_d__type_support.cpp.o[0m
[23.907s] [ 66%] [32mBuilding CXX object CMakeFiles/sentinel_interfaces__rosidl_typesupport_cpp.dir/rosidl_typesupport_cpp/sentinel_interfaces/msg/detection__type_support.cpp.o[0m
[24.133s] [ 67%] [32m[1mLinking CXX shared library libsentinel_interfaces__rosidl_typesupport_cpp.so[0m
[24.233s] [ 67%] Built target sentinel_interfaces__rosidl_typesupport_cpp
[24.249s] [ 68%] [34m[1mGenerating C++ introspection for ROS interfaces[0m
[25.097s] [ 68%] [32mBuilding CXX object CMakeFiles/sentinel_interfaces__rosidl_typesupport_introspection_cpp.dir/rosidl_typesupport_introspection_cpp/sentinel_interfaces/msg/detail/motor_angle__type_support.cpp.o[0m
[25.411s] [ 69%] [32mBuilding CXX object CMakeFiles/sentinel_interfaces__rosidl_typesupport_introspection_cpp.dir/rosidl_typesupport_introspection_cpp/sentinel_interfaces/srv/detail/set_bool_flag__type_support.cpp.o[0m
[25.812s] [ 69%] [32mBuilding CXX object CMakeFiles/sentinel_interfaces__rosidl_typesupport_introspection_cpp.dir/rosidl_typesupport_introspection_cpp/sentinel_interfaces/srv/detail/set_threshold__type_support.cpp.o[0m
[26.133s] [ 70%] [32mBuilding CXX object CMakeFiles/sentinel_interfaces__rosidl_typesupport_introspection_cpp.dir/rosidl_typesupport_introspection_cpp/sentinel_interfaces/msg/detail/yolo_status__type_support.cpp.o[0m
[26.371s] [ 70%] [32mBuilding CXX object CMakeFiles/sentinel_interfaces__rosidl_typesupport_introspection_cpp.dir/rosidl_typesupport_introspection_cpp/sentinel_interfaces/msg/detail/video_rx_status__type_support.cpp.o[0m
[26.655s] [ 71%] [32mBuilding CXX object CMakeFiles/sentinel_interfaces__rosidl_typesupport_introspection_cpp.dir/rosidl_typesupport_introspection_cpp/sentinel_interfaces/msg/detail/tracked_detection2_d_array__type_support.cpp.o[0m
[26.941s] [ 71%] [32mBuilding CXX object CMakeFiles/sentinel_interfaces__rosidl_typesupport_introspection_cpp.dir/rosidl_typesupport_introspection_cpp/sentinel_interfaces/msg/detail/tracked_detection2_d__type_support.cpp.o[0m
[27.166s] [ 72%] [32mBuilding CXX object CMakeFiles/sentinel_interfaces__rosidl_typesupport_introspection_cpp.dir/rosidl_typesupport_introspection_cpp/sentinel_interfaces/msg/detail/motor_status__type_support.cpp.o[0m
[27.428s] [ 73%] [32mBuilding CXX object CMakeFiles/sentinel_interfaces__rosidl_typesupport_introspection_cpp.dir/rosidl_typesupport_introspection_cpp/sentinel_interfaces/msg/detail/motor_command__type_support.cpp.o[0m
[27.688s] [ 73%] [32mBuilding CXX object CMakeFiles/sentinel_interfaces__rosidl_typesupport_introspection_cpp.dir/rosidl_typesupport_introspection_cpp/sentinel_interfaces/msg/detail/frame_size__type_support.cpp.o[0m
[27.937s] [ 74%] [32mBuilding CXX object CMakeFiles/sentinel_interfaces__rosidl_typesupport_introspection_cpp.dir/rosidl_typesupport_introspection_cpp/sentinel_interfaces/msg/detail/frame_info__type_support.cpp.o[0m
[28.174s] [ 74%] [32mBuilding CXX object CMakeFiles/sentinel_interfaces__rosidl_typesupport_introspection_cpp.dir/rosidl_typesupport_introspection_cpp/sentinel_interfaces/msg/detail/detection2_d_array__type_support.cpp.o[0m
[28.456s] [ 75%] [32mBuilding CXX object CMakeFiles/sentinel_interfaces__rosidl_typesupport_introspection_cpp.dir/rosidl_typesupport_introspection_cpp/sentinel_interfaces/msg/detail/detection2_d__type_support.cpp.o[0m
[28.749s] [ 76%] [32mBuilding CXX object CMakeFiles/sentinel_interfaces__rosidl_typesupport_introspection_cpp.dir/rosidl_typesupport_introspection_cpp/sentinel_interfaces/msg/detail/detection__type_support.cpp.o[0m
[29.046s] [ 77%] [32m[1mLinking CXX shared library libsentinel_interfaces__rosidl_typesupport_introspection_cpp.so[0m
[29.137s] [ 77%] Built target sentinel_interfaces__rosidl_typesupport_introspection_cpp
[29.149s] [ 77%] [34m[1mGenerating C++ type support for eProsima Fast-RTPS[0m
[30.170s] [ 78%] [32mBuilding CXX object CMakeFiles/sentinel_interfaces__rosidl_typesupport_fastrtps_cpp.dir/rosidl_typesupport_fastrtps_cpp/sentinel_interfaces/msg/detail/dds_fastrtps/motor_angle__type_support.cpp.o[0m
[30.566s] [ 79%] [32mBuilding CXX object CMakeFiles/sentinel_interfaces__rosidl_typesupport_fastrtps_cpp.dir/rosidl_typesupport_fastrtps_cpp/sentinel_interfaces/srv/detail/dds_fastrtps/set_threshold__type_support.cpp.o[0m
[31.025s] [ 79%] [32mBuilding CXX object CMakeFiles/sentinel_interfaces__rosidl_typesupport_fastrtps_cpp.dir/rosidl_typesupport_fastrtps_cpp/sentinel_interfaces/srv/detail/dds_fastrtps/set_bool_flag__type_support.cpp.o[0m
[31.481s] [ 80%] [32mBuilding CXX object CMakeFiles/sentinel_interfaces__rosidl_typesupport_fastrtps_cpp.dir/rosidl_typesupport_fastrtps_cpp/sentinel_interfaces/msg/detail/dds_fastrtps/yolo_status__type_support.cpp.o[0m
[31.870s] [ 81%] [32mBuilding CXX object CMakeFiles/sentinel_interfaces__rosidl_typesupport_fastrtps_cpp.dir/rosidl_typesupport_fastrtps_cpp/sentinel_interfaces/msg/detail/dds_fastrtps/video_rx_status__type_support.cpp.o[0m
[32.308s] [ 81%] [32mBuilding CXX object CMakeFiles/sentinel_interfaces__rosidl_typesupport_fastrtps_cpp.dir/rosidl_typesupport_fastrtps_cpp/sentinel_interfaces/msg/detail/dds_fastrtps/tracked_detection2_d_array__type_support.cpp.o[0m
[32.682s] [ 82%] [32mBuilding CXX object CMakeFiles/sentinel_interfaces__rosidl_typesupport_fastrtps_cpp.dir/rosidl_typesupport_fastrtps_cpp/sentinel_interfaces/msg/detail/dds_fastrtps/tracked_detection2_d__type_support.cpp.o[0m
[33.054s] [ 83%] [32mBuilding CXX object CMakeFiles/sentinel_interfaces__rosidl_typesupport_fastrtps_cpp.dir/rosidl_typesupport_fastrtps_cpp/sentinel_interfaces/msg/detail/dds_fastrtps/motor_status__type_support.cpp.o[0m
[33.412s] [ 83%] [32mBuilding CXX object CMakeFiles/sentinel_interfaces__rosidl_typesupport_fastrtps_cpp.dir/rosidl_typesupport_fastrtps_cpp/sentinel_interfaces/msg/detail/dds_fastrtps/motor_command__type_support.cpp.o[0m
[33.789s] [ 84%] [32mBuilding CXX object CMakeFiles/sentinel_interfaces__rosidl_typesupport_fastrtps_cpp.dir/rosidl_typesupport_fastrtps_cpp/sentinel_interfaces/msg/detail/dds_fastrtps/frame_size__type_support.cpp.o[0m
[34.161s] [ 84%] [32mBuilding CXX object CMakeFiles/sentinel_interfaces__rosidl_typesupport_fastrtps_cpp.dir/rosidl_typesupport_fastrtps_cpp/sentinel_interfaces/msg/detail/dds_fastrtps/frame_info__type_support.cpp.o[0m
[34.545s] [ 85%] [32mBuilding CXX object CMakeFiles/sentinel_interfaces__rosidl_typesupport_fastrtps_cpp.dir/rosidl_typesupport_fastrtps_cpp/sentinel_interfaces/msg/detail/dds_fastrtps/detection2_d_array__type_support.cpp.o[0m
[34.997s] [ 86%] [32mBuilding CXX object CMakeFiles/sentinel_interfaces__rosidl_typesupport_fastrtps_cpp.dir/rosidl_typesupport_fastrtps_cpp/sentinel_interfaces/msg/detail/dds_fastrtps/detection2_d__type_support.cpp.o[0m
[35.424s] [ 86%] [32mBuilding CXX object CMakeFiles/sentinel_interfaces__rosidl_typesupport_fastrtps_cpp.dir/rosidl_typesupport_fastrtps_cpp/sentinel_interfaces/msg/detail/dds_fastrtps/detection__type_support.cpp.o[0m
[35.758s] [ 86%] [32m[1mLinking CXX shared library libsentinel_interfaces__rosidl_typesupport_fastrtps_cpp.so[0m
[35.854s] [ 86%] Built target sentinel_interfaces__rosidl_typesupport_fastrtps_cpp
[35.881s] [ 86%] Built target sentinel_interfaces
[35.907s] [ 87%] [34m[1mGenerating Python code for ROS interfaces[0m
[37.400s] [ 87%] Built target sentinel_interfaces__py
[37.425s] [ 87%] [32mBuilding C object CMakeFiles/sentinel_interfaces__rosidl_generator_py.dir/rosidl_generator_py/sentinel_interfaces/msg/_motor_angle_s.c.o[0m
[37.583s] [ 88%] [32mBuilding C object CMakeFiles/sentinel_interfaces__rosidl_generator_py.dir/rosidl_generator_py/sentinel_interfaces/srv/_set_threshold_s.c.o[0m
[37.722s] [ 88%] [32mBuilding C object CMakeFiles/sentinel_interfaces__rosidl_generator_py.dir/rosidl_generator_py/sentinel_interfaces/srv/_set_bool_flag_s.c.o[0m
[37.857s] [ 89%] [32mBuilding C object CMakeFiles/sentinel_interfaces__rosidl_generator_py.dir/rosidl_generator_py/sentinel_interfaces/msg/_yolo_status_s.c.o[0m
[37.996s] [ 89%] [32mBuilding C object CMakeFiles/sentinel_interfaces__rosidl_generator_py.dir/rosidl_generator_py/sentinel_interfaces/msg/_video_rx_status_s.c.o[0m
[38.188s] [ 90%] [32mBuilding C object CMakeFiles/sentinel_interfaces__rosidl_generator_py.dir/rosidl_generator_py/sentinel_interfaces/msg/_tracked_detection2_d_array_s.c.o[0m
[38.307s] [ 91%] [32mBuilding C object CMakeFiles/sentinel_interfaces__rosidl_generator_py.dir/rosidl_generator_py/sentinel_interfaces/msg/_tracked_detection2_d_s.c.o[0m
[38.433s] [ 91%] [32mBuilding C object CMakeFiles/sentinel_interfaces__rosidl_generator_py.dir/rosidl_generator_py/sentinel_interfaces/msg/_motor_status_s.c.o[0m
[38.570s] [ 92%] [32mBuilding C object CMakeFiles/sentinel_interfaces__rosidl_generator_py.dir/rosidl_generator_py/sentinel_interfaces/msg/_motor_command_s.c.o[0m
[38.684s] [ 92%] [32mBuilding C object CMakeFiles/sentinel_interfaces__rosidl_generator_py.dir/rosidl_generator_py/sentinel_interfaces/msg/_frame_size_s.c.o[0m
[38.790s] [ 93%] [32mBuilding C object CMakeFiles/sentinel_interfaces__rosidl_generator_py.dir/rosidl_generator_py/sentinel_interfaces/msg/_frame_info_s.c.o[0m
[38.917s] [ 94%] [32mBuilding C object CMakeFiles/sentinel_interfaces__rosidl_generator_py.dir/rosidl_generator_py/sentinel_interfaces/msg/_detection2_d_array_s.c.o[0m
[39.028s] [ 94%] [32mBuilding C object CMakeFiles/sentinel_interfaces__rosidl_generator_py.dir/rosidl_generator_py/sentinel_interfaces/msg/_detection2_d_s.c.o[0m
[39.134s] [ 95%] [32mBuilding C object CMakeFiles/sentinel_interfaces__rosidl_generator_py.dir/rosidl_generator_py/sentinel_interfaces/msg/_detection_s.c.o[0m
[39.230s] [ 96%] [32m[1mLinking C shared library libsentinel_interfaces__rosidl_generator_py.so[0m
[39.294s] [ 96%] Built target sentinel_interfaces__rosidl_generator_py
[39.317s] [ 97%] [32mBuilding C object CMakeFiles/sentinel_interfaces_s__rosidl_typesupport_fastrtps_c.dir/rosidl_generator_py/sentinel_interfaces/_sentinel_interfaces_s.ep.rosidl_typesupport_fastrtps_c.c.o[0m
[39.457s] [ 97%] [32m[1mLinking C shared module rosidl_generator_py/sentinel_interfaces/sentinel_interfaces_s__rosidl_typesupport_fastrtps_c.so[0m
[39.494s] [ 97%] Built target sentinel_interfaces_s__rosidl_typesupport_fastrtps_c
[39.516s] [ 97%] [32mBuilding C object CMakeFiles/sentinel_interfaces_s__rosidl_typesupport_c.dir/rosidl_generator_py/sentinel_interfaces/_sentinel_interfaces_s.ep.rosidl_typesupport_c.c.o[0m
[39.644s] [ 98%] [32m[1mLinking C shared module rosidl_generator_py/sentinel_interfaces/sentinel_interfaces_s__rosidl_typesupport_c.so[0m
[39.675s] [ 98%] Built target sentinel_interfaces_s__rosidl_typesupport_c
[39.698s] [ 99%] [32mBuilding C object CMakeFiles/sentinel_interfaces_s__rosidl_typesupport_introspection_c.dir/rosidl_generator_py/sentinel_interfaces/_sentinel_interfaces_s.ep.rosidl_typesupport_introspection_c.c.o[0m
[39.834s] [100%] [32m[1mLinking C shared module rosidl_generator_py/sentinel_interfaces/sentinel_interfaces_s__rosidl_typesupport_introspection_c.so[0m
[39.872s] [100%] Built target sentinel_interfaces_s__rosidl_typesupport_introspection_c
[39.895s] Invoked command in '/root/ros2_ws/build/sentinel_interfaces' returned '0': /usr/bin/cmake --build /root/ros2_ws/build/sentinel_interfaces -- -j14 -l14
[39.910s] Invoking command in '/root/ros2_ws/build/sentinel_interfaces': /usr/bin/cmake --install /root/ros2_ws/build/sentinel_interfaces
[39.920s] -- Install configuration: ""
[39.921s] -- Installing: /root/ros2_ws/install/share/ament_index/resource_index/rosidl_interfaces/sentinel_interfaces
[39.921s] -- Installing: /root/ros2_ws/install/share/sentinel_interfaces/msg/MotorAngle.json
[39.922s] -- Installing: /root/ros2_ws/install/share/sentinel_interfaces/msg/Detection.json
[39.922s] -- Installing: /root/ros2_ws/install/share/sentinel_interfaces/msg/Detection2D.json
[39.922s] -- Installing: /root/ros2_ws/install/share/sentinel_interfaces/msg/Detection2DArray.json
[39.922s] -- Installing: /root/ros2_ws/install/share/sentinel_interfaces/msg/FrameInfo.json
[39.922s] -- Installing: /root/ros2_ws/install/share/sentinel_interfaces/msg/FrameSize.json
[39.922s] -- Installing: /root/ros2_ws/install/share/sentinel_interfaces/msg/MotorCommand.json
[39.922s] -- Installing: /root/ros2_ws/install/share/sentinel_interfaces/msg/MotorStatus.json
[39.923s] -- Installing: /root/ros2_ws/install/share/sentinel_interfaces/msg/TrackedDetection2D.json
[39.923s] -- Installing: /root/ros2_ws/install/share/sentinel_interfaces/msg/TrackedDetection2DArray.json
[39.923s] -- Installing: /root/ros2_ws/install/share/sentinel_interfaces/msg/VideoRxStatus.json
[39.923s] -- Installing: /root/ros2_ws/install/share/sentinel_interfaces/msg/YoloStatus.json
[39.923s] -- Installing: /root/ros2_ws/install/share/sentinel_interfaces/srv/SetBoolFlag.json
[39.923s] -- Installing: /root/ros2_ws/install/share/sentinel_interfaces/srv/SetThreshold.json
[39.924s] -- Installing: /root/ros2_ws/install/include/sentinel_interfaces/sentinel_interfaces
[39.924s] -- Installing: /root/ros2_ws/install/include/sentinel_interfaces/sentinel_interfaces/srv
[39.924s] -- Installing: /root/ros2_ws/install/include/sentinel_interfaces/sentinel_interfaces/srv/set_bool_flag.h
[39.924s] -- Installing: /root/ros2_ws/install/include/sentinel_interfaces/sentinel_interfaces/srv/set_threshold.h
[39.924s] -- Installing: /root/ros2_ws/install/include/sentinel_interfaces/sentinel_interfaces/srv/detail
[39.924s] -- Installing: /root/ros2_ws/install/include/sentinel_interfaces/sentinel_interfaces/srv/detail/set_threshold__description.c
[39.924s] -- Installing: /root/ros2_ws/install/include/sentinel_interfaces/sentinel_interfaces/srv/detail/set_bool_flag__type_support.h
[39.924s] -- Installing: /root/ros2_ws/install/include/sentinel_interfaces/sentinel_interfaces/srv/detail/set_threshold__struct.h
[39.924s] -- Installing: /root/ros2_ws/install/include/sentinel_interfaces/sentinel_interfaces/srv/detail/set_bool_flag__type_support.c
[39.925s] -- Installing: /root/ros2_ws/install/include/sentinel_interfaces/sentinel_interfaces/srv/detail/set_bool_flag__functions.h
[39.925s] -- Installing: /root/ros2_ws/install/include/sentinel_interfaces/sentinel_interfaces/srv/detail/set_bool_flag__description.c
[39.925s] -- Installing: /root/ros2_ws/install/include/sentinel_interfaces/sentinel_interfaces/srv/detail/set_threshold__type_support.h
[39.925s] -- Installing: /root/ros2_ws/install/include/sentinel_interfaces/sentinel_interfaces/srv/detail/set_bool_flag__struct.h
[39.925s] -- Installing: /root/ros2_ws/install/include/sentinel_interfaces/sentinel_interfaces/srv/detail/set_threshold__type_support.c
[39.925s] -- Installing: /root/ros2_ws/install/include/sentinel_interfaces/sentinel_interfaces/srv/detail/set_threshold__functions.c
[39.926s] -- Installing: /root/ros2_ws/install/include/sentinel_interfaces/sentinel_interfaces/srv/detail/set_bool_flag__functions.c
[39.926s] -- Installing: /root/ros2_ws/install/include/sentinel_interfaces/sentinel_interfaces/srv/detail/set_threshold__functions.h
[39.926s] -- Installing: /root/ros2_ws/install/include/sentinel_interfaces/sentinel_interfaces/msg
[39.926s] -- Installing: /root/ros2_ws/install/include/sentinel_interfaces/sentinel_interfaces/msg/frame_info.h
[39.926s] -- Installing: /root/ros2_ws/install/include/sentinel_interfaces/sentinel_interfaces/msg/motor_command.h
[39.926s] -- Installing: /root/ros2_ws/install/include/sentinel_interfaces/sentinel_interfaces/msg/detection.h
[39.926s] -- Installing: /root/ros2_ws/install/include/sentinel_interfaces/sentinel_interfaces/msg/tracked_detection2_d_array.h
[39.926s] -- Installing: /root/ros2_ws/install/include/sentinel_interfaces/sentinel_interfaces/msg/frame_size.h
[39.927s] -- Installing: /root/ros2_ws/install/include/sentinel_interfaces/sentinel_interfaces/msg/motor_angle.h
[39.927s] -- Installing: /root/ros2_ws/install/include/sentinel_interfaces/sentinel_interfaces/msg/rosidl_generator_c__visibility_control.h
[39.927s] -- Installing: /root/ros2_ws/install/include/sentinel_interfaces/sentinel_interfaces/msg/detection2_d_array.h
[39.927s] -- Installing: /root/ros2_ws/install/include/sentinel_interfaces/sentinel_interfaces/msg/tracked_detection2_d.h
[39.927s] -- Installing: /root/ros2_ws/install/include/sentinel_interfaces/sentinel_interfaces/msg/detection2_d.h
[39.927s] -- Installing: /root/ros2_ws/install/include/sentinel_interfaces/sentinel_interfaces/msg/yolo_status.h
[39.927s] -- Installing: /root/ros2_ws/install/include/sentinel_interfaces/sentinel_interfaces/msg/motor_status.h
[39.927s] -- Installing: /root/ros2_ws/install/include/sentinel_interfaces/sentinel_interfaces/msg/video_rx_status.h
[39.928s] -- Installing: /root/ros2_ws/install/include/sentinel_interfaces/sentinel_interfaces/msg/detail
[39.928s] -- Installing: /root/ros2_ws/install/include/sentinel_interfaces/sentinel_interfaces/msg/detail/tracked_detection2_d__functions.c
[39.928s] -- Installing: /root/ros2_ws/install/include/sentinel_interfaces/sentinel_interfaces/msg/detail/detection__functions.h
[39.928s] -- Installing: /root/ros2_ws/install/include/sentinel_interfaces/sentinel_interfaces/msg/detail/motor_status__type_support.c
[39.928s] -- Installing: /root/ros2_ws/install/include/sentinel_interfaces/sentinel_interfaces/msg/detail/yolo_status__functions.h
[39.928s] -- Installing: /root/ros2_ws/install/include/sentinel_interfaces/sentinel_interfaces/msg/detail/detection2_d_array__functions.h
[39.928s] -- Installing: /root/ros2_ws/install/include/sentinel_interfaces/sentinel_interfaces/msg/detail/video_rx_status__description.c
[39.928s] -- Installing: /root/ros2_ws/install/include/sentinel_interfaces/sentinel_interfaces/msg/detail/detection__struct.h
[39.928s] -- Installing: /root/ros2_ws/install/include/sentinel_interfaces/sentinel_interfaces/msg/detail/detection2_d_array__type_support.c
[39.929s] -- Installing: /root/ros2_ws/install/include/sentinel_interfaces/sentinel_interfaces/msg/detail/yolo_status__functions.c
[39.930s] -- Installing: /root/ros2_ws/install/include/sentinel_interfaces/sentinel_interfaces/msg/detail/yolo_status__type_support.h
[39.930s] -- Installing: /root/ros2_ws/install/include/sentinel_interfaces/sentinel_interfaces/msg/detail/video_rx_status__functions.c
[39.930s] -- Installing: /root/ros2_ws/install/include/sentinel_interfaces/sentinel_interfaces/msg/detail/detection__type_support.c
[39.930s] -- Installing: /root/ros2_ws/install/include/sentinel_interfaces/sentinel_interfaces/msg/detail/tracked_detection2_d__type_support.c
[39.930s] -- Installing: /root/ros2_ws/install/include/sentinel_interfaces/sentinel_interfaces/msg/detail/motor_command__struct.h
[39.930s] -- Installing: /root/ros2_ws/install/include/sentinel_interfaces/sentinel_interfaces/msg/detail/detection2_d_array__struct.h
[39.931s] -- Installing: /root/ros2_ws/install/include/sentinel_interfaces/sentinel_interfaces/msg/detail/frame_size__type_support.c
[39.931s] -- Installing: /root/ros2_ws/install/include/sentinel_interfaces/sentinel_interfaces/msg/detail/detection__functions.c
[39.931s] -- Installing: /root/ros2_ws/install/include/sentinel_interfaces/sentinel_interfaces/msg/detail/tracked_detection2_d_array__type_support.h
[39.931s] -- Installing: /root/ros2_ws/install/include/sentinel_interfaces/sentinel_interfaces/msg/detail/frame_info__description.c
[39.931s] -- Installing: /root/ros2_ws/install/include/sentinel_interfaces/sentinel_interfaces/msg/detail/frame_info__type_support.h
[39.935s] -- Installing: /root/ros2_ws/install/include/sentinel_interfaces/sentinel_interfaces/msg/detail/frame_info__functions.h
[39.935s] -- Installing: /root/ros2_ws/install/include/sentinel_interfaces/sentinel_interfaces/msg/detail/motor_status__type_support.h
[39.935s] -- Installing: /root/ros2_ws/install/include/sentinel_interfaces/sentinel_interfaces/msg/detail/detection2_d_array__functions.c
[39.935s] -- Installing: /root/ros2_ws/install/include/sentinel_interfaces/sentinel_interfaces/msg/detail/motor_angle__struct.h
[39.935s] -- Installing: /root/ros2_ws/install/include/sentinel_interfaces/sentinel_interfaces/msg/detail/motor_status__functions.h
[39.935s] -- Installing: /root/ros2_ws/install/include/sentinel_interfaces/sentinel_interfaces/msg/detail/frame_info__struct.h
[39.935s] -- Installing: /root/ros2_ws/install/include/sentinel_interfaces/sentinel_interfaces/msg/detail/motor_command__type_support.h
[39.935s] -- Installing: /root/ros2_ws/install/include/sentinel_interfaces/sentinel_interfaces/msg/detail/detection2_d__functions.h
[39.935s] -- Installing: /root/ros2_ws/install/include/sentinel_interfaces/sentinel_interfaces/msg/detail/tracked_detection2_d__type_support.h
[39.935s] -- Installing: /root/ros2_ws/install/include/sentinel_interfaces/sentinel_interfaces/msg/detail/detection2_d__struct.h
[39.935s] -- Installing: /root/ros2_ws/install/include/sentinel_interfaces/sentinel_interfaces/msg/detail/detection2_d_array__type_support.h
[39.935s] -- Installing: /root/ros2_ws/install/include/sentinel_interfaces/sentinel_interfaces/msg/detail/tracked_detection2_d_array__functions.h
[39.935s] -- Installing: /root/ros2_ws/install/include/sentinel_interfaces/sentinel_interfaces/msg/detail/motor_command__description.c
[39.936s] -- Installing: /root/ros2_ws/install/include/sentinel_interfaces/sentinel_interfaces/msg/detail/detection2_d__type_support.c
[39.936s] -- Installing: /root/ros2_ws/install/include/sentinel_interfaces/sentinel_interfaces/msg/detail/motor_status__functions.c
[39.936s] -- Installing: /root/ros2_ws/install/include/sentinel_interfaces/sentinel_interfaces/msg/detail/motor_angle__functions.h
[39.936s] -- Installing: /root/ros2_ws/install/include/sentinel_interfaces/sentinel_interfaces/msg/detail/video_rx_status__type_support.c
[39.936s] -- Installing: /root/ros2_ws/install/include/sentinel_interfaces/sentinel_interfaces/msg/detail/frame_size__functions.c
[39.936s] -- Installing: /root/ros2_ws/install/include/sentinel_interfaces/sentinel_interfaces/msg/detail/tracked_detection2_d_array__functions.c
[39.936s] -- Installing: /root/ros2_ws/install/include/sentinel_interfaces/sentinel_interfaces/msg/detail/motor_angle__functions.c
[39.936s] -- Installing: /root/ros2_ws/install/include/sentinel_interfaces/sentinel_interfaces/msg/detail/tracked_detection2_d_array__struct.h
[39.936s] -- Installing: /root/ros2_ws/install/include/sentinel_interfaces/sentinel_interfaces/msg/detail/detection__description.c
[39.936s] -- Installing: /root/ros2_ws/install/include/sentinel_interfaces/sentinel_interfaces/msg/detail/motor_angle__type_support.h
[39.936s] -- Installing: /root/ros2_ws/install/include/sentinel_interfaces/sentinel_interfaces/msg/detail/video_rx_status__type_support.h
[39.936s] -- Installing: /root/ros2_ws/install/include/sentinel_interfaces/sentinel_interfaces/msg/detail/video_rx_status__struct.h
[39.936s] -- Installing: /root/ros2_ws/install/include/sentinel_interfaces/sentinel_interfaces/msg/detail/tracked_detection2_d_array__description.c
[39.936s] -- Installing: /root/ros2_ws/install/include/sentinel_interfaces/sentinel_interfaces/msg/detail/video_rx_status__functions.h
[39.936s] -- Installing: /root/ros2_ws/install/include/sentinel_interfaces/sentinel_interfaces/msg/detail/frame_size__struct.h
[39.936s] -- Installing: /root/ros2_ws/install/include/sentinel_interfaces/sentinel_interfaces/msg/detail/yolo_status__struct.h
[39.936s] -- Installing: /root/ros2_ws/install/include/sentinel_interfaces/sentinel_interfaces/msg/detail/frame_info__functions.c
[39.937s] -- Installing: /root/ros2_ws/install/include/sentinel_interfaces/sentinel_interfaces/msg/detail/frame_size__functions.h
[39.937s] -- Installing: /root/ros2_ws/install/include/sentinel_interfaces/sentinel_interfaces/msg/detail/frame_size__description.c
[39.937s] -- Installing: /root/ros2_ws/install/include/sentinel_interfaces/sentinel_interfaces/msg/detail/motor_command__functions.c
[39.937s] -- Installing: /root/ros2_ws/install/include/sentinel_interfaces/sentinel_interfaces/msg/detail/motor_angle__type_support.c
[39.937s] -- Installing: /root/ros2_ws/install/include/sentinel_interfaces/sentinel_interfaces/msg/detail/motor_command__type_support.c
[39.937s] -- Installing: /root/ros2_ws/install/include/sentinel_interfaces/sentinel_interfaces/msg/detail/motor_status__description.c
[39.937s] -- Installing: /root/ros2_ws/install/include/sentinel_interfaces/sentinel_interfaces/msg/detail/tracked_detection2_d__functions.h
[39.937s] -- Installing: /root/ros2_ws/install/include/sentinel_interfaces/sentinel_interfaces/msg/detail/detection2_d__functions.c
[39.937s] -- Installing: /root/ros2_ws/install/include/sentinel_interfaces/sentinel_interfaces/msg/detail/tracked_detection2_d_array__type_support.c
[39.937s] -- Installing: /root/ros2_ws/install/include/sentinel_interfaces/sentinel_interfaces/msg/detail/motor_command__functions.h
[39.937s] -- Installing: /root/ros2_ws/install/include/sentinel_interfaces/sentinel_interfaces/msg/detail/tracked_detection2_d__struct.h
[39.937s] -- Installing: /root/ros2_ws/install/include/sentinel_interfaces/sentinel_interfaces/msg/detail/yolo_status__type_support.c
[39.937s] -- Installing: /root/ros2_ws/install/include/sentinel_interfaces/sentinel_interfaces/msg/detail/detection2_d__type_support.h
[39.937s] -- Installing: /root/ros2_ws/install/include/sentinel_interfaces/sentinel_interfaces/msg/detail/frame_info__type_support.c
[39.937s] -- Installing: /root/ros2_ws/install/include/sentinel_interfaces/sentinel_interfaces/msg/detail/detection__type_support.h
[39.937s] -- Installing: /root/ros2_ws/install/include/sentinel_interfaces/sentinel_interfaces/msg/detail/motor_angle__description.c
[39.937s] -- Installing: /root/ros2_ws/install/include/sentinel_interfaces/sentinel_interfaces/msg/detail/yolo_status__description.c
[39.938s] -- Installing: /root/ros2_ws/install/include/sentinel_interfaces/sentinel_interfaces/msg/detail/frame_size__type_support.h
[39.938s] -- Installing: /root/ros2_ws/install/include/sentinel_interfaces/sentinel_interfaces/msg/detail/detection2_d_array__description.c
[39.938s] -- Installing: /root/ros2_ws/install/include/sentinel_interfaces/sentinel_interfaces/msg/detail/detection2_d__description.c
[39.938s] -- Installing: /root/ros2_ws/install/include/sentinel_interfaces/sentinel_interfaces/msg/detail/motor_status__struct.h
[39.938s] -- Installing: /root/ros2_ws/install/include/sentinel_interfaces/sentinel_interfaces/msg/detail/tracked_detection2_d__description.c
[39.938s] -- Installing: /root/ros2_ws/install/share/sentinel_interfaces/environment/library_path.sh
[39.938s] -- Installing: /root/ros2_ws/install/share/sentinel_interfaces/environment/library_path.dsv
[39.938s] -- Installing: /root/ros2_ws/install/lib/libsentinel_interfaces__rosidl_generator_c.so
[39.939s] -- Set non-toolchain portion of runtime path of "/root/ros2_ws/install/lib/libsentinel_interfaces__rosidl_generator_c.so" to ""
[39.939s] -- Up-to-date: /root/ros2_ws/install/include/sentinel_interfaces/sentinel_interfaces
[39.939s] -- Up-to-date: /root/ros2_ws/install/include/sentinel_interfaces/sentinel_interfaces/srv
[39.939s] -- Up-to-date: /root/ros2_ws/install/include/sentinel_interfaces/sentinel_interfaces/srv/detail
[39.940s] -- Installing: /root/ros2_ws/install/include/sentinel_interfaces/sentinel_interfaces/srv/detail/set_threshold__rosidl_typesupport_fastrtps_c.h
[39.940s] -- Installing: /root/ros2_ws/install/include/sentinel_interfaces/sentinel_interfaces/srv/detail/set_bool_flag__rosidl_typesupport_fastrtps_c.h
[39.940s] -- Up-to-date: /root/ros2_ws/install/include/sentinel_interfaces/sentinel_interfaces/msg
[39.940s] -- Installing: /root/ros2_ws/install/include/sentinel_interfaces/sentinel_interfaces/msg/rosidl_typesupport_fastrtps_c__visibility_control.h
[39.940s] -- Up-to-date: /root/ros2_ws/install/include/sentinel_interfaces/sentinel_interfaces/msg/detail
[39.940s] -- Installing: /root/ros2_ws/install/include/sentinel_interfaces/sentinel_interfaces/msg/detail/yolo_status__rosidl_typesupport_fastrtps_c.h
[39.940s] -- Installing: /root/ros2_ws/install/include/sentinel_interfaces/sentinel_interfaces/msg/detail/motor_command__rosidl_typesupport_fastrtps_c.h
[39.940s] -- Installing: /root/ros2_ws/install/include/sentinel_interfaces/sentinel_interfaces/msg/detail/frame_info__rosidl_typesupport_fastrtps_c.h
[39.940s] -- Installing: /root/ros2_ws/install/include/sentinel_interfaces/sentinel_interfaces/msg/detail/video_rx_status__rosidl_typesupport_fastrtps_c.h
[39.940s] -- Installing: /root/ros2_ws/install/include/sentinel_interfaces/sentinel_interfaces/msg/detail/motor_status__rosidl_typesupport_fastrtps_c.h
[39.941s] -- Installing: /root/ros2_ws/install/include/sentinel_interfaces/sentinel_interfaces/msg/detail/detection2_d_array__rosidl_typesupport_fastrtps_c.h
[39.941s] -- Installing: /root/ros2_ws/install/include/sentinel_interfaces/sentinel_interfaces/msg/detail/detection__rosidl_typesupport_fastrtps_c.h
[39.941s] -- Installing: /root/ros2_ws/install/include/sentinel_interfaces/sentinel_interfaces/msg/detail/tracked_detection2_d_array__rosidl_typesupport_fastrtps_c.h
[39.941s] -- Installing: /root/ros2_ws/install/include/sentinel_interfaces/sentinel_interfaces/msg/detail/frame_size__rosidl_typesupport_fastrtps_c.h
[39.941s] -- Installing: /root/ros2_ws/install/include/sentinel_interfaces/sentinel_interfaces/msg/detail/tracked_detection2_d__rosidl_typesupport_fastrtps_c.h
[39.941s] -- Installing: /root/ros2_ws/install/include/sentinel_interfaces/sentinel_interfaces/msg/detail/detection2_d__rosidl_typesupport_fastrtps_c.h
[39.941s] -- Installing: /root/ros2_ws/install/include/sentinel_interfaces/sentinel_interfaces/msg/detail/motor_angle__rosidl_typesupport_fastrtps_c.h
[39.942s] -- Installing: /root/ros2_ws/install/lib/libsentinel_interfaces__rosidl_typesupport_fastrtps_c.so
[39.942s] -- Set non-toolchain portion of runtime path of "/root/ros2_ws/install/lib/libsentinel_interfaces__rosidl_typesupport_fastrtps_c.so" to ""
[39.942s] -- Up-to-date: /root/ros2_ws/install/include/sentinel_interfaces/sentinel_interfaces
[39.942s] -- Up-to-date: /root/ros2_ws/install/include/sentinel_interfaces/sentinel_interfaces/srv
[39.942s] -- Up-to-date: /root/ros2_ws/install/include/sentinel_interfaces/sentinel_interfaces/srv/detail
[39.943s] -- Installing: /root/ros2_ws/install/include/sentinel_interfaces/sentinel_interfaces/srv/detail/set_bool_flag__type_support.c
[39.943s] -- Installing: /root/ros2_ws/install/include/sentinel_interfaces/sentinel_interfaces/srv/detail/set_bool_flag__rosidl_typesupport_introspection_c.h
[39.943s] -- Installing: /root/ros2_ws/install/include/sentinel_interfaces/sentinel_interfaces/srv/detail/set_threshold__rosidl_typesupport_introspection_c.h
[39.943s] -- Installing: /root/ros2_ws/install/include/sentinel_interfaces/sentinel_interfaces/srv/detail/set_threshold__type_support.c
[39.943s] -- Up-to-date: /root/ros2_ws/install/include/sentinel_interfaces/sentinel_interfaces/msg
[39.943s] -- Installing: /root/ros2_ws/install/include/sentinel_interfaces/sentinel_interfaces/msg/rosidl_typesupport_introspection_c__visibility_control.h
[39.943s] -- Up-to-date: /root/ros2_ws/install/include/sentinel_interfaces/sentinel_interfaces/msg/detail
[39.943s] -- Installing: /root/ros2_ws/install/include/sentinel_interfaces/sentinel_interfaces/msg/detail/motor_status__type_support.c
[39.944s] -- Installing: /root/ros2_ws/install/include/sentinel_interfaces/sentinel_interfaces/msg/detail/motor_command__rosidl_typesupport_introspection_c.h
[39.944s] -- Installing: /root/ros2_ws/install/include/sentinel_interfaces/sentinel_interfaces/msg/detail/yolo_status__rosidl_typesupport_introspection_c.h
[39.944s] -- Installing: /root/ros2_ws/install/include/sentinel_interfaces/sentinel_interfaces/msg/detail/detection2_d_array__type_support.c
[39.944s] -- Installing: /root/ros2_ws/install/include/sentinel_interfaces/sentinel_interfaces/msg/detail/detection__type_support.c
[39.944s] -- Installing: /root/ros2_ws/install/include/sentinel_interfaces/sentinel_interfaces/msg/detail/tracked_detection2_d__type_support.c
[39.944s] -- Installing: /root/ros2_ws/install/include/sentinel_interfaces/sentinel_interfaces/msg/detail/frame_size__type_support.c
[39.944s] -- Installing: /root/ros2_ws/install/include/sentinel_interfaces/sentinel_interfaces/msg/detail/frame_size__rosidl_typesupport_introspection_c.h
[39.945s] -- Installing: /root/ros2_ws/install/include/sentinel_interfaces/sentinel_interfaces/msg/detail/detection__rosidl_typesupport_introspection_c.h
[39.945s] -- Installing: /root/ros2_ws/install/include/sentinel_interfaces/sentinel_interfaces/msg/detail/frame_info__rosidl_typesupport_introspection_c.h
[39.945s] -- Installing: /root/ros2_ws/install/include/sentinel_interfaces/sentinel_interfaces/msg/detail/motor_status__rosidl_typesupport_introspection_c.h
[39.945s] -- Installing: /root/ros2_ws/install/include/sentinel_interfaces/sentinel_interfaces/msg/detail/detection2_d__rosidl_typesupport_introspection_c.h
[39.945s] -- Installing: /root/ros2_ws/install/include/sentinel_interfaces/sentinel_interfaces/msg/detail/detection2_d__type_support.c
[39.945s] -- Installing: /root/ros2_ws/install/include/sentinel_interfaces/sentinel_interfaces/msg/detail/video_rx_status__rosidl_typesupport_introspection_c.h
[39.945s] -- Installing: /root/ros2_ws/install/include/sentinel_interfaces/sentinel_interfaces/msg/detail/video_rx_status__type_support.c
[39.946s] -- Installing: /root/ros2_ws/install/include/sentinel_interfaces/sentinel_interfaces/msg/detail/motor_angle__type_support.c
[39.946s] -- Installing: /root/ros2_ws/install/include/sentinel_interfaces/sentinel_interfaces/msg/detail/motor_command__type_support.c
[39.946s] -- Installing: /root/ros2_ws/install/include/sentinel_interfaces/sentinel_interfaces/msg/detail/tracked_detection2_d_array__rosidl_typesupport_introspection_c.h
[39.946s] -- Installing: /root/ros2_ws/install/include/sentinel_interfaces/sentinel_interfaces/msg/detail/tracked_detection2_d_array__type_support.c
[39.946s] -- Installing: /root/ros2_ws/install/include/sentinel_interfaces/sentinel_interfaces/msg/detail/motor_angle__rosidl_typesupport_introspection_c.h
[39.946s] -- Installing: /root/ros2_ws/install/include/sentinel_interfaces/sentinel_interfaces/msg/detail/yolo_status__type_support.c
[39.947s] -- Installing: /root/ros2_ws/install/include/sentinel_interfaces/sentinel_interfaces/msg/detail/frame_info__type_support.c
[39.947s] -- Installing: /root/ros2_ws/install/include/sentinel_interfaces/sentinel_interfaces/msg/detail/tracked_detection2_d__rosidl_typesupport_introspection_c.h
[39.947s] -- Installing: /root/ros2_ws/install/include/sentinel_interfaces/sentinel_interfaces/msg/detail/detection2_d_array__rosidl_typesupport_introspection_c.h
[39.947s] -- Installing: /root/ros2_ws/install/lib/libsentinel_interfaces__rosidl_typesupport_introspection_c.so
[39.948s] -- Set non-toolchain portion of runtime path of "/root/ros2_ws/install/lib/libsentinel_interfaces__rosidl_typesupport_introspection_c.so" to ""
[39.948s] -- Installing: /root/ros2_ws/install/lib/libsentinel_interfaces__rosidl_typesupport_c.so
[39.948s] -- Set non-toolchain portion of runtime path of "/root/ros2_ws/install/lib/libsentinel_interfaces__rosidl_typesupport_c.so" to ""
[39.948s] -- Up-to-date: /root/ros2_ws/install/include/sentinel_interfaces/sentinel_interfaces
[39.948s] -- Up-to-date: /root/ros2_ws/install/include/sentinel_interfaces/sentinel_interfaces/srv
[39.949s] -- Installing: /root/ros2_ws/install/include/sentinel_interfaces/sentinel_interfaces/srv/set_bool_flag.hpp
[39.949s] -- Installing: /root/ros2_ws/install/include/sentinel_interfaces/sentinel_interfaces/srv/set_threshold.hpp
[39.949s] -- Up-to-date: /root/ros2_ws/install/include/sentinel_interfaces/sentinel_interfaces/srv/detail
[39.949s] -- Installing: /root/ros2_ws/install/include/sentinel_interfaces/sentinel_interfaces/srv/detail/set_threshold__type_support.hpp
[39.949s] -- Installing: /root/ros2_ws/install/include/sentinel_interfaces/sentinel_interfaces/srv/detail/set_threshold__struct.hpp
[39.950s] -- Installing: /root/ros2_ws/install/include/sentinel_interfaces/sentinel_interfaces/srv/detail/set_bool_flag__traits.hpp
[39.950s] -- Installing: /root/ros2_ws/install/include/sentinel_interfaces/sentinel_interfaces/srv/detail/set_bool_flag__builder.hpp
[39.950s] -- Installing: /root/ros2_ws/install/include/sentinel_interfaces/sentinel_interfaces/srv/detail/set_bool_flag__type_support.hpp
[39.950s] -- Installing: /root/ros2_ws/install/include/sentinel_interfaces/sentinel_interfaces/srv/detail/set_threshold__builder.hpp
[39.950s] -- Installing: /root/ros2_ws/install/include/sentinel_interfaces/sentinel_interfaces/srv/detail/set_bool_flag__struct.hpp
[39.950s] -- Installing: /root/ros2_ws/install/include/sentinel_interfaces/sentinel_interfaces/srv/detail/set_threshold__traits.hpp
[39.950s] -- Up-to-date: /root/ros2_ws/install/include/sentinel_interfaces/sentinel_interfaces/msg
[39.951s] -- Installing: /root/ros2_ws/install/include/sentinel_interfaces/sentinel_interfaces/msg/video_rx_status.hpp
[39.951s] -- Installing: /root/ros2_ws/install/include/sentinel_interfaces/sentinel_interfaces/msg/motor_command.hpp
[39.951s] -- Installing: /root/ros2_ws/install/include/sentinel_interfaces/sentinel_interfaces/msg/detection2_d_array.hpp
[39.951s] -- Installing: /root/ros2_ws/install/include/sentinel_interfaces/sentinel_interfaces/msg/motor_status.hpp
[39.951s] -- Installing: /root/ros2_ws/install/include/sentinel_interfaces/sentinel_interfaces/msg/tracked_detection2_d_array.hpp
[39.952s] -- Installing: /root/ros2_ws/install/include/sentinel_interfaces/sentinel_interfaces/msg/detection2_d.hpp
[39.952s] -- Installing: /root/ros2_ws/install/include/sentinel_interfaces/sentinel_interfaces/msg/frame_size.hpp
[39.952s] -- Installing: /root/ros2_ws/install/include/sentinel_interfaces/sentinel_interfaces/msg/detection.hpp
[39.952s] -- Installing: /root/ros2_ws/install/include/sentinel_interfaces/sentinel_interfaces/msg/motor_angle.hpp
[39.952s] -- Installing: /root/ros2_ws/install/include/sentinel_interfaces/sentinel_interfaces/msg/frame_info.hpp
[39.952s] -- Installing: /root/ros2_ws/install/include/sentinel_interfaces/sentinel_interfaces/msg/tracked_detection2_d.hpp
[39.952s] -- Installing: /root/ros2_ws/install/include/sentinel_interfaces/sentinel_interfaces/msg/rosidl_generator_cpp__visibility_control.hpp
[39.952s] -- Installing: /root/ros2_ws/install/include/sentinel_interfaces/sentinel_interfaces/msg/yolo_status.hpp
[39.953s] -- Up-to-date: /root/ros2_ws/install/include/sentinel_interfaces/sentinel_interfaces/msg/detail
[39.953s] -- Installing: /root/ros2_ws/install/include/sentinel_interfaces/sentinel_interfaces/msg/detail/detection2_d__traits.hpp
[39.953s] -- Installing: /root/ros2_ws/install/include/sentinel_interfaces/sentinel_interfaces/msg/detail/motor_status__struct.hpp
[39.953s] -- Installing: /root/ros2_ws/install/include/sentinel_interfaces/sentinel_interfaces/msg/detail/frame_size__type_support.hpp
[39.953s] -- Installing: /root/ros2_ws/install/include/sentinel_interfaces/sentinel_interfaces/msg/detail/detection2_d_array__type_support.hpp
[39.953s] -- Installing: /root/ros2_ws/install/include/sentinel_interfaces/sentinel_interfaces/msg/detail/yolo_status__traits.hpp
[39.954s] -- Installing: /root/ros2_ws/install/include/sentinel_interfaces/sentinel_interfaces/msg/detail/motor_angle__struct.hpp
[39.954s] -- Installing: /root/ros2_ws/install/include/sentinel_interfaces/sentinel_interfaces/msg/detail/frame_info__type_support.hpp
[39.954s] -- Installing: /root/ros2_ws/install/include/sentinel_interfaces/sentinel_interfaces/msg/detail/motor_command__traits.hpp
[39.954s] -- Installing: /root/ros2_ws/install/include/sentinel_interfaces/sentinel_interfaces/msg/detail/tracked_detection2_d__type_support.hpp
[39.954s] -- Installing: /root/ros2_ws/install/include/sentinel_interfaces/sentinel_interfaces/msg/detail/frame_size__struct.hpp
[39.954s] -- Installing: /root/ros2_ws/install/include/sentinel_interfaces/sentinel_interfaces/msg/detail/yolo_status__struct.hpp
[39.954s] -- Installing: /root/ros2_ws/install/include/sentinel_interfaces/sentinel_interfaces/msg/detail/motor_angle__type_support.hpp
[39.955s] -- Installing: /root/ros2_ws/install/include/sentinel_interfaces/sentinel_interfaces/msg/detail/frame_info__builder.hpp
[39.955s] -- Installing: /root/ros2_ws/install/include/sentinel_interfaces/sentinel_interfaces/msg/detail/video_rx_status__traits.hpp
[39.955s] -- Installing: /root/ros2_ws/install/include/sentinel_interfaces/sentinel_interfaces/msg/detail/detection2_d_array__traits.hpp
[39.955s] -- Installing: /root/ros2_ws/install/include/sentinel_interfaces/sentinel_interfaces/msg/detail/tracked_detection2_d__builder.hpp
[39.955s] -- Installing: /root/ros2_ws/install/include/sentinel_interfaces/sentinel_interfaces/msg/detail/tracked_detection2_d_array__type_support.hpp
[39.955s] -- Installing: /root/ros2_ws/install/include/sentinel_interfaces/sentinel_interfaces/msg/detail/yolo_status__builder.hpp
[39.955s] -- Installing: /root/ros2_ws/install/include/sentinel_interfaces/sentinel_interfaces/msg/detail/tracked_detection2_d__traits.hpp
[39.956s] -- Installing: /root/ros2_ws/install/include/sentinel_interfaces/sentinel_interfaces/msg/detail/detection2_d__type_support.hpp
[39.956s] -- Installing: /root/ros2_ws/install/include/sentinel_interfaces/sentinel_interfaces/msg/detail/detection2_d__struct.hpp
[39.956s] -- Installing: /root/ros2_ws/install/include/sentinel_interfaces/sentinel_interfaces/msg/detail/tracked_detection2_d_array__traits.hpp
[39.956s] -- Installing: /root/ros2_ws/install/include/sentinel_interfaces/sentinel_interfaces/msg/detail/detection2_d_array__struct.hpp
[39.956s] -- Installing: /root/ros2_ws/install/include/sentinel_interfaces/sentinel_interfaces/msg/detail/detection2_d_array__builder.hpp
[39.956s] -- Installing: /root/ros2_ws/install/include/sentinel_interfaces/sentinel_interfaces/msg/detail/frame_size__builder.hpp
[39.957s] -- Installing: /root/ros2_ws/install/include/sentinel_interfaces/sentinel_interfaces/msg/detail/motor_status__type_support.hpp
[39.957s] -- Installing: /root/ros2_ws/install/include/sentinel_interfaces/sentinel_interfaces/msg/detail/motor_status__traits.hpp
[39.957s] -- Installing: /root/ros2_ws/install/include/sentinel_interfaces/sentinel_interfaces/msg/detail/video_rx_status__type_support.hpp
[39.957s] -- Installing: /root/ros2_ws/install/include/sentinel_interfaces/sentinel_interfaces/msg/detail/tracked_detection2_d__struct.hpp
[39.957s] -- Installing: /root/ros2_ws/install/include/sentinel_interfaces/sentinel_interfaces/msg/detail/detection__builder.hpp
[39.957s] -- Installing: /root/ros2_ws/install/include/sentinel_interfaces/sentinel_interfaces/msg/detail/frame_size__traits.hpp
[39.958s] -- Installing: /root/ros2_ws/install/include/sentinel_interfaces/sentinel_interfaces/msg/detail/tracked_detection2_d_array__builder.hpp
[39.958s] -- Installing: /root/ros2_ws/install/include/sentinel_interfaces/sentinel_interfaces/msg/detail/tracked_detection2_d_array__struct.hpp
[39.958s] -- Installing: /root/ros2_ws/install/include/sentinel_interfaces/sentinel_interfaces/msg/detail/motor_status__builder.hpp
[39.958s] -- Installing: /root/ros2_ws/install/include/sentinel_interfaces/sentinel_interfaces/msg/detail/motor_command__type_support.hpp
[39.958s] -- Installing: /root/ros2_ws/install/include/sentinel_interfaces/sentinel_interfaces/msg/detail/motor_angle__traits.hpp
[39.959s] -- Installing: /root/ros2_ws/install/include/sentinel_interfaces/sentinel_interfaces/msg/detail/frame_info__traits.hpp
[39.959s] -- Installing: /root/ros2_ws/install/include/sentinel_interfaces/sentinel_interfaces/msg/detail/motor_command__builder.hpp
[39.959s] -- Installing: /root/ros2_ws/install/include/sentinel_interfaces/sentinel_interfaces/msg/detail/frame_info__struct.hpp
[39.959s] -- Installing: /root/ros2_ws/install/include/sentinel_interfaces/sentinel_interfaces/msg/detail/detection2_d__builder.hpp
[39.959s] -- Installing: /root/ros2_ws/install/include/sentinel_interfaces/sentinel_interfaces/msg/detail/yolo_status__type_support.hpp
[39.959s] -- Installing: /root/ros2_ws/install/include/sentinel_interfaces/sentinel_interfaces/msg/detail/detection__type_support.hpp
[39.959s] -- Installing: /root/ros2_ws/install/include/sentinel_interfaces/sentinel_interfaces/msg/detail/video_rx_status__struct.hpp
[39.959s] -- Installing: /root/ros2_ws/install/include/sentinel_interfaces/sentinel_interfaces/msg/detail/detection__struct.hpp
[39.960s] -- Installing: /root/ros2_ws/install/include/sentinel_interfaces/sentinel_interfaces/msg/detail/video_rx_status__builder.hpp
[39.960s] -- Installing: /root/ros2_ws/install/include/sentinel_interfaces/sentinel_interfaces/msg/detail/motor_command__struct.hpp
[39.960s] -- Installing: /root/ros2_ws/install/include/sentinel_interfaces/sentinel_interfaces/msg/detail/detection__traits.hpp
[39.960s] -- Installing: /root/ros2_ws/install/include/sentinel_interfaces/sentinel_interfaces/msg/detail/motor_angle__builder.hpp
[39.960s] -- Up-to-date: /root/ros2_ws/install/include/sentinel_interfaces/sentinel_interfaces
[39.961s] -- Up-to-date: /root/ros2_ws/install/include/sentinel_interfaces/sentinel_interfaces/srv
[39.961s] -- Up-to-date: /root/ros2_ws/install/include/sentinel_interfaces/sentinel_interfaces/srv/detail
[39.961s] -- Installing: /root/ros2_ws/install/include/sentinel_interfaces/sentinel_interfaces/srv/detail/set_bool_flag__rosidl_typesupport_fastrtps_cpp.hpp
[39.961s] -- Installing: /root/ros2_ws/install/include/sentinel_interfaces/sentinel_interfaces/srv/detail/dds_fastrtps
[39.961s] -- Installing: /root/ros2_ws/install/include/sentinel_interfaces/sentinel_interfaces/srv/detail/set_threshold__rosidl_typesupport_fastrtps_cpp.hpp
[39.961s] -- Up-to-date: /root/ros2_ws/install/include/sentinel_interfaces/sentinel_interfaces/msg
[39.961s] -- Installing: /root/ros2_ws/install/include/sentinel_interfaces/sentinel_interfaces/msg/rosidl_typesupport_fastrtps_cpp__visibility_control.h
[39.961s] -- Up-to-date: /root/ros2_ws/install/include/sentinel_interfaces/sentinel_interfaces/msg/detail
[39.962s] -- Installing: /root/ros2_ws/install/include/sentinel_interfaces/sentinel_interfaces/msg/detail/detection2_d_array__rosidl_typesupport_fastrtps_cpp.hpp
[39.962s] -- Installing: /root/ros2_ws/install/include/sentinel_interfaces/sentinel_interfaces/msg/detail/yolo_status__rosidl_typesupport_fastrtps_cpp.hpp
[39.963s] -- Installing: /root/ros2_ws/install/include/sentinel_interfaces/sentinel_interfaces/msg/detail/detection2_d__rosidl_typesupport_fastrtps_cpp.hpp
[39.963s] -- Installing: /root/ros2_ws/install/include/sentinel_interfaces/sentinel_interfaces/msg/detail/motor_command__rosidl_typesupport_fastrtps_cpp.hpp
[39.963s] -- Installing: /root/ros2_ws/install/include/sentinel_interfaces/sentinel_interfaces/msg/detail/tracked_detection2_d__rosidl_typesupport_fastrtps_cpp.hpp
[39.965s] -- Installing: /root/ros2_ws/install/include/sentinel_interfaces/sentinel_interfaces/msg/detail/dds_fastrtps
[39.965s] -- Installing: /root/ros2_ws/install/include/sentinel_interfaces/sentinel_interfaces/msg/detail/video_rx_status__rosidl_typesupport_fastrtps_cpp.hpp
[39.965s] -- Installing: /root/ros2_ws/install/include/sentinel_interfaces/sentinel_interfaces/msg/detail/frame_info__rosidl_typesupport_fastrtps_cpp.hpp
[39.965s] -- Installing: /root/ros2_ws/install/include/sentinel_interfaces/sentinel_interfaces/msg/detail/motor_angle__rosidl_typesupport_fastrtps_cpp.hpp
[39.965s] -- Installing: /root/ros2_ws/install/include/sentinel_interfaces/sentinel_interfaces/msg/detail/frame_size__rosidl_typesupport_fastrtps_cpp.hpp
[39.965s] -- Installing: /root/ros2_ws/install/include/sentinel_interfaces/sentinel_interfaces/msg/detail/detection__rosidl_typesupport_fastrtps_cpp.hpp
[39.965s] -- Installing: /root/ros2_ws/install/include/sentinel_interfaces/sentinel_interfaces/msg/detail/tracked_detection2_d_array__rosidl_typesupport_fastrtps_cpp.hpp
[39.965s] -- Installing: /root/ros2_ws/install/include/sentinel_interfaces/sentinel_interfaces/msg/detail/motor_status__rosidl_typesupport_fastrtps_cpp.hpp
[39.965s] -- Installing: /root/ros2_ws/install/lib/libsentinel_interfaces__rosidl_typesupport_fastrtps_cpp.so
[39.965s] -- Set non-toolchain portion of runtime path of "/root/ros2_ws/install/lib/libsentinel_interfaces__rosidl_typesupport_fastrtps_cpp.so" to ""
[39.966s] -- Up-to-date: /root/ros2_ws/install/include/sentinel_interfaces/sentinel_interfaces
[39.966s] -- Up-to-date: /root/ros2_ws/install/include/sentinel_interfaces/sentinel_interfaces/srv
[39.966s] -- Up-to-date: /root/ros2_ws/install/include/sentinel_interfaces/sentinel_interfaces/srv/detail
[39.966s] -- Installing: /root/ros2_ws/install/include/sentinel_interfaces/sentinel_interfaces/srv/detail/set_bool_flag__type_support.cpp
[39.967s] -- Installing: /root/ros2_ws/install/include/sentinel_interfaces/sentinel_interfaces/srv/detail/set_bool_flag__rosidl_typesupport_introspection_cpp.hpp
[39.967s] -- Installing: /root/ros2_ws/install/include/sentinel_interfaces/sentinel_interfaces/srv/detail/set_threshold__rosidl_typesupport_introspection_cpp.hpp
[39.967s] -- Installing: /root/ros2_ws/install/include/sentinel_interfaces/sentinel_interfaces/srv/detail/set_threshold__type_support.cpp
[39.967s] -- Up-to-date: /root/ros2_ws/install/include/sentinel_interfaces/sentinel_interfaces/msg
[39.967s] -- Up-to-date: /root/ros2_ws/install/include/sentinel_interfaces/sentinel_interfaces/msg/detail
[39.967s] -- Installing: /root/ros2_ws/install/include/sentinel_interfaces/sentinel_interfaces/msg/detail/motor_angle__type_support.cpp
[39.967s] -- Installing: /root/ros2_ws/install/include/sentinel_interfaces/sentinel_interfaces/msg/detail/detection2_d__type_support.cpp
[39.968s] -- Installing: /root/ros2_ws/install/include/sentinel_interfaces/sentinel_interfaces/msg/detail/motor_command__rosidl_typesupport_introspection_cpp.hpp
[39.968s] -- Installing: /root/ros2_ws/install/include/sentinel_interfaces/sentinel_interfaces/msg/detail/detection__rosidl_typesupport_introspection_cpp.hpp
[39.968s] -- Installing: /root/ros2_ws/install/include/sentinel_interfaces/sentinel_interfaces/msg/detail/frame_info__type_support.cpp
[39.968s] -- Installing: /root/ros2_ws/install/include/sentinel_interfaces/sentinel_interfaces/msg/detail/motor_angle__rosidl_typesupport_introspection_cpp.hpp
[39.968s] -- Installing: /root/ros2_ws/install/include/sentinel_interfaces/sentinel_interfaces/msg/detail/motor_status__rosidl_typesupport_introspection_cpp.hpp
[39.968s] -- Installing: /root/ros2_ws/install/include/sentinel_interfaces/sentinel_interfaces/msg/detail/detection2_d__rosidl_typesupport_introspection_cpp.hpp
[39.968s] -- Installing: /root/ros2_ws/install/include/sentinel_interfaces/sentinel_interfaces/msg/detail/detection__type_support.cpp
[39.968s] -- Installing: /root/ros2_ws/install/include/sentinel_interfaces/sentinel_interfaces/msg/detail/frame_size__type_support.cpp
[39.969s] -- Installing: /root/ros2_ws/install/include/sentinel_interfaces/sentinel_interfaces/msg/detail/video_rx_status__type_support.cpp
[39.969s] -- Installing: /root/ros2_ws/install/include/sentinel_interfaces/sentinel_interfaces/msg/detail/tracked_detection2_d_array__type_support.cpp
[39.969s] -- Installing: /root/ros2_ws/install/include/sentinel_interfaces/sentinel_interfaces/msg/detail/yolo_status__type_support.cpp
[39.969s] -- Installing: /root/ros2_ws/install/include/sentinel_interfaces/sentinel_interfaces/msg/detail/detection2_d_array__rosidl_typesupport_introspection_cpp.hpp
[39.969s] -- Installing: /root/ros2_ws/install/include/sentinel_interfaces/sentinel_interfaces/msg/detail/frame_info__rosidl_typesupport_introspection_cpp.hpp
[39.969s] -- Installing: /root/ros2_ws/install/include/sentinel_interfaces/sentinel_interfaces/msg/detail/tracked_detection2_d__rosidl_typesupport_introspection_cpp.hpp
[39.970s] -- Installing: /root/ros2_ws/install/include/sentinel_interfaces/sentinel_interfaces/msg/detail/motor_command__type_support.cpp
[39.970s] -- Installing: /root/ros2_ws/install/include/sentinel_interfaces/sentinel_interfaces/msg/detail/video_rx_status__rosidl_typesupport_introspection_cpp.hpp
[39.970s] -- Installing: /root/ros2_ws/install/include/sentinel_interfaces/sentinel_interfaces/msg/detail/frame_size__rosidl_typesupport_introspection_cpp.hpp
[39.970s] -- Installing: /root/ros2_ws/install/include/sentinel_interfaces/sentinel_interfaces/msg/detail/detection2_d_array__type_support.cpp
[39.970s] -- Installing: /root/ros2_ws/install/include/sentinel_interfaces/sentinel_interfaces/msg/detail/tracked_detection2_d_array__rosidl_typesupport_introspection_cpp.hpp
[39.970s] -- Installing: /root/ros2_ws/install/include/sentinel_interfaces/sentinel_interfaces/msg/detail/motor_status__type_support.cpp
[39.970s] -- Installing: /root/ros2_ws/install/include/sentinel_interfaces/sentinel_interfaces/msg/detail/tracked_detection2_d__type_support.cpp
[39.971s] -- Installing: /root/ros2_ws/install/include/sentinel_interfaces/sentinel_interfaces/msg/detail/yolo_status__rosidl_typesupport_introspection_cpp.hpp
[39.971s] -- Installing: /root/ros2_ws/install/lib/libsentinel_interfaces__rosidl_typesupport_introspection_cpp.so
[39.972s] -- Set non-toolchain portion of runtime path of "/root/ros2_ws/install/lib/libsentinel_interfaces__rosidl_typesupport_introspection_cpp.so" to ""
[39.972s] -- Installing: /root/ros2_ws/install/lib/libsentinel_interfaces__rosidl_typesupport_cpp.so
[39.972s] -- Set non-toolchain portion of runtime path of "/root/ros2_ws/install/lib/libsentinel_interfaces__rosidl_typesupport_cpp.so" to ""
[39.972s] -- Installing: /root/ros2_ws/install/share/sentinel_interfaces/environment/pythonpath.sh
[39.973s] -- Installing: /root/ros2_ws/install/share/sentinel_interfaces/environment/pythonpath.dsv
[39.973s] -- Installing: /root/ros2_ws/install/lib/python3.12/site-packages/sentinel_interfaces-0.0.0-py3.12.egg-info
[39.973s] -- Installing: /root/ros2_ws/install/lib/python3.12/site-packages/sentinel_interfaces-0.0.0-py3.12.egg-info/PKG-INFO
[39.973s] -- Installing: /root/ros2_ws/install/lib/python3.12/site-packages/sentinel_interfaces-0.0.0-py3.12.egg-info/top_level.txt
[39.973s] -- Installing: /root/ros2_ws/install/lib/python3.12/site-packages/sentinel_interfaces-0.0.0-py3.12.egg-info/SOURCES.txt
[39.974s] -- Installing: /root/ros2_ws/install/lib/python3.12/site-packages/sentinel_interfaces-0.0.0-py3.12.egg-info/dependency_links.txt
[39.974s] -- Installing: /root/ros2_ws/install/lib/python3.12/site-packages/sentinel_interfaces
[39.974s] -- Installing: /root/ros2_ws/install/lib/python3.12/site-packages/sentinel_interfaces/_sentinel_interfaces_s.ep.rosidl_typesupport_c.c
[39.974s] -- Installing: /root/ros2_ws/install/lib/python3.12/site-packages/sentinel_interfaces/sentinel_interfaces_s__rosidl_typesupport_c.so
[39.974s] -- Installing: /root/ros2_ws/install/lib/python3.12/site-packages/sentinel_interfaces/sentinel_interfaces_s__rosidl_typesupport_fastrtps_c.so
[39.974s] -- Installing: /root/ros2_ws/install/lib/python3.12/site-packages/sentinel_interfaces/_sentinel_interfaces_s.ep.rosidl_typesupport_introspection_c.c
[39.974s] -- Installing: /root/ros2_ws/install/lib/python3.12/site-packages/sentinel_interfaces/_sentinel_interfaces_s.ep.rosidl_typesupport_fastrtps_c.c
[39.974s] -- Installing: /root/ros2_ws/install/lib/python3.12/site-packages/sentinel_interfaces/srv
[39.975s] -- Installing: /root/ros2_ws/install/lib/python3.12/site-packages/sentinel_interfaces/srv/_set_threshold.py
[39.975s] -- Installing: /root/ros2_ws/install/lib/python3.12/site-packages/sentinel_interfaces/srv/_set_bool_flag_s.c
[39.975s] -- Installing: /root/ros2_ws/install/lib/python3.12/site-packages/sentinel_interfaces/srv/_set_bool_flag.py
[39.975s] -- Installing: /root/ros2_ws/install/lib/python3.12/site-packages/sentinel_interfaces/srv/_set_threshold_s.c
[39.975s] -- Installing: /root/ros2_ws/install/lib/python3.12/site-packages/sentinel_interfaces/srv/__init__.py
[39.975s] -- Installing: /root/ros2_ws/install/lib/python3.12/site-packages/sentinel_interfaces/msg
[39.975s] -- Installing: /root/ros2_ws/install/lib/python3.12/site-packages/sentinel_interfaces/msg/_tracked_detection2_d.py
[39.976s] -- Installing: /root/ros2_ws/install/lib/python3.12/site-packages/sentinel_interfaces/msg/_tracked_detection2_d_array.py
[39.976s] -- Installing: /root/ros2_ws/install/lib/python3.12/site-packages/sentinel_interfaces/msg/_detection2_d_array.py
[39.976s] -- Installing: /root/ros2_ws/install/lib/python3.12/site-packages/sentinel_interfaces/msg/_motor_status_s.c
[39.976s] -- Installing: /root/ros2_ws/install/lib/python3.12/site-packages/sentinel_interfaces/msg/_motor_command_s.c
[39.976s] -- Installing: /root/ros2_ws/install/lib/python3.12/site-packages/sentinel_interfaces/msg/_frame_size_s.c
[39.976s] -- Installing: /root/ros2_ws/install/lib/python3.12/site-packages/sentinel_interfaces/msg/_frame_size.py
[39.976s] -- Installing: /root/ros2_ws/install/lib/python3.12/site-packages/sentinel_interfaces/msg/_tracked_detection2_d_s.c
[39.976s] -- Installing: /root/ros2_ws/install/lib/python3.12/site-packages/sentinel_interfaces/msg/_yolo_status_s.c
[39.976s] -- Installing: /root/ros2_ws/install/lib/python3.12/site-packages/sentinel_interfaces/msg/_motor_angle.py
[39.976s] -- Installing: /root/ros2_ws/install/lib/python3.12/site-packages/sentinel_interfaces/msg/_detection_s.c
[39.977s] -- Installing: /root/ros2_ws/install/lib/python3.12/site-packages/sentinel_interfaces/msg/_yolo_status.py
[39.977s] -- Installing: /root/ros2_ws/install/lib/python3.12/site-packages/sentinel_interfaces/msg/_motor_angle_s.c
[39.977s] -- Installing: /root/ros2_ws/install/lib/python3.12/site-packages/sentinel_interfaces/msg/_video_rx_status.py
[39.977s] -- Installing: /root/ros2_ws/install/lib/python3.12/site-packages/sentinel_interfaces/msg/_motor_command.py
[39.977s] -- Installing: /root/ros2_ws/install/lib/python3.12/site-packages/sentinel_interfaces/msg/_detection2_d.py
[39.977s] -- Installing: /root/ros2_ws/install/lib/python3.12/site-packages/sentinel_interfaces/msg/_frame_info.py
[39.977s] -- Installing: /root/ros2_ws/install/lib/python3.12/site-packages/sentinel_interfaces/msg/_video_rx_status_s.c
[39.978s] -- Installing: /root/ros2_ws/install/lib/python3.12/site-packages/sentinel_interfaces/msg/_frame_info_s.c
[39.978s] -- Installing: /root/ros2_ws/install/lib/python3.12/site-packages/sentinel_interfaces/msg/_detection2_d_s.c
[39.978s] -- Installing: /root/ros2_ws/install/lib/python3.12/site-packages/sentinel_interfaces/msg/_detection2_d_array_s.c
[39.978s] -- Installing: /root/ros2_ws/install/lib/python3.12/site-packages/sentinel_interfaces/msg/_tracked_detection2_d_array_s.c
[39.978s] -- Installing: /root/ros2_ws/install/lib/python3.12/site-packages/sentinel_interfaces/msg/_detection.py
[39.978s] -- Installing: /root/ros2_ws/install/lib/python3.12/site-packages/sentinel_interfaces/msg/_motor_status.py
[39.978s] -- Installing: /root/ros2_ws/install/lib/python3.12/site-packages/sentinel_interfaces/msg/__init__.py
[39.979s] -- Installing: /root/ros2_ws/install/lib/python3.12/site-packages/sentinel_interfaces/sentinel_interfaces_s__rosidl_typesupport_introspection_c.so
[39.979s] -- Installing: /root/ros2_ws/install/lib/python3.12/site-packages/sentinel_interfaces/__init__.py
[40.069s] Listing '/root/ros2_ws/install/lib/python3.12/site-packages/sentinel_interfaces'...
[40.069s] Compiling '/root/ros2_ws/install/lib/python3.12/site-packages/sentinel_interfaces/__init__.py'...
[40.069s] Listing '/root/ros2_ws/install/lib/python3.12/site-packages/sentinel_interfaces/msg'...
[40.069s] Compiling '/root/ros2_ws/install/lib/python3.12/site-packages/sentinel_interfaces/msg/__init__.py'...
[40.069s] Compiling '/root/ros2_ws/install/lib/python3.12/site-packages/sentinel_interfaces/msg/_detection.py'...
[40.069s] Compiling '/root/ros2_ws/install/lib/python3.12/site-packages/sentinel_interfaces/msg/_detection2_d.py'...
[40.069s] Compiling '/root/ros2_ws/install/lib/python3.12/site-packages/sentinel_interfaces/msg/_detection2_d_array.py'...
[40.070s] Compiling '/root/ros2_ws/install/lib/python3.12/site-packages/sentinel_interfaces/msg/_frame_info.py'...
[40.070s] Compiling '/root/ros2_ws/install/lib/python3.12/site-packages/sentinel_interfaces/msg/_frame_size.py'...
[40.070s] Compiling '/root/ros2_ws/install/lib/python3.12/site-packages/sentinel_interfaces/msg/_motor_angle.py'...
[40.070s] Compiling '/root/ros2_ws/install/lib/python3.12/site-packages/sentinel_interfaces/msg/_motor_command.py'...
[40.070s] Compiling '/root/ros2_ws/install/lib/python3.12/site-packages/sentinel_interfaces/msg/_motor_status.py'...
[40.070s] Compiling '/root/ros2_ws/install/lib/python3.12/site-packages/sentinel_interfaces/msg/_tracked_detection2_d.py'...
[40.070s] Compiling '/root/ros2_ws/install/lib/python3.12/site-packages/sentinel_interfaces/msg/_tracked_detection2_d_array.py'...
[40.070s] Compiling '/root/ros2_ws/install/lib/python3.12/site-packages/sentinel_interfaces/msg/_video_rx_status.py'...
[40.070s] Compiling '/root/ros2_ws/install/lib/python3.12/site-packages/sentinel_interfaces/msg/_yolo_status.py'...
[40.070s] Listing '/root/ros2_ws/install/lib/python3.12/site-packages/sentinel_interfaces/srv'...
[40.070s] Compiling '/root/ros2_ws/install/lib/python3.12/site-packages/sentinel_interfaces/srv/__init__.py'...
[40.070s] Compiling '/root/ros2_ws/install/lib/python3.12/site-packages/sentinel_interfaces/srv/_set_bool_flag.py'...
[40.070s] Compiling '/root/ros2_ws/install/lib/python3.12/site-packages/sentinel_interfaces/srv/_set_threshold.py'...
[40.080s] -- Installing: /root/ros2_ws/install/lib/python3.12/site-packages/sentinel_interfaces/sentinel_interfaces_s__rosidl_typesupport_fastrtps_c.so
[40.080s] -- Set non-toolchain portion of runtime path of "/root/ros2_ws/install/lib/python3.12/site-packages/sentinel_interfaces/sentinel_interfaces_s__rosidl_typesupport_fastrtps_c.so" to ""
[40.080s] -- Installing: /root/ros2_ws/install/lib/python3.12/site-packages/sentinel_interfaces/sentinel_interfaces_s__rosidl_typesupport_introspection_c.so
[40.080s] -- Set non-toolchain portion of runtime path of "/root/ros2_ws/install/lib/python3.12/site-packages/sentinel_interfaces/sentinel_interfaces_s__rosidl_typesupport_introspection_c.so" to ""
[40.080s] -- Installing: /root/ros2_ws/install/lib/python3.12/site-packages/sentinel_interfaces/sentinel_interfaces_s__rosidl_typesupport_c.so
[40.080s] -- Set non-toolchain portion of runtime path of "/root/ros2_ws/install/lib/python3.12/site-packages/sentinel_interfaces/sentinel_interfaces_s__rosidl_typesupport_c.so" to ""
[40.080s] -- Installing: /root/ros2_ws/install/lib/libsentinel_interfaces__rosidl_generator_py.so
[40.080s] -- Set non-toolchain portion of runtime path of "/root/ros2_ws/install/lib/libsentinel_interfaces__rosidl_generator_py.so" to ""
[40.080s] -- Installing: /root/ros2_ws/install/share/sentinel_interfaces/msg/MotorAngle.idl
[40.080s] -- Installing: /root/ros2_ws/install/share/sentinel_interfaces/msg/Detection.idl
[40.080s] -- Installing: /root/ros2_ws/install/share/sentinel_interfaces/msg/Detection2D.idl
[40.080s] -- Installing: /root/ros2_ws/install/share/sentinel_interfaces/msg/Detection2DArray.idl
[40.081s] -- Installing: /root/ros2_ws/install/share/sentinel_interfaces/msg/FrameInfo.idl
[40.081s] -- Installing: /root/ros2_ws/install/share/sentinel_interfaces/msg/FrameSize.idl
[40.081s] -- Installing: /root/ros2_ws/install/share/sentinel_interfaces/msg/MotorCommand.idl
[40.081s] -- Installing: /root/ros2_ws/install/share/sentinel_interfaces/msg/MotorStatus.idl
[40.081s] -- Installing: /root/ros2_ws/install/share/sentinel_interfaces/msg/TrackedDetection2D.idl
[40.081s] -- Installing: /root/ros2_ws/install/share/sentinel_interfaces/msg/TrackedDetection2DArray.idl
[40.082s] -- Installing: /root/ros2_ws/install/share/sentinel_interfaces/msg/VideoRxStatus.idl
[40.082s] -- Installing: /root/ros2_ws/install/share/sentinel_interfaces/msg/YoloStatus.idl
[40.082s] -- Installing: /root/ros2_ws/install/share/sentinel_interfaces/srv/SetBoolFlag.idl
[40.082s] -- Installing: /root/ros2_ws/install/share/sentinel_interfaces/srv/SetThreshold.idl
[40.083s] -- Installing: /root/ros2_ws/install/share/sentinel_interfaces/msg/MotorAngle.msg
[40.084s] -- Installing: /root/ros2_ws/install/share/sentinel_interfaces/msg/Detection.msg
[40.084s] -- Installing: /root/ros2_ws/install/share/sentinel_interfaces/msg/Detection2D.msg
[40.085s] -- Installing: /root/ros2_ws/install/share/sentinel_interfaces/msg/Detection2DArray.msg
[40.088s] -- Installing: /root/ros2_ws/install/share/sentinel_interfaces/msg/FrameInfo.msg
[40.089s] -- Installing: /root/ros2_ws/install/share/sentinel_interfaces/msg/FrameSize.msg
[40.089s] -- Installing: /root/ros2_ws/install/share/sentinel_interfaces/msg/MotorCommand.msg
[40.089s] -- Installing: /root/ros2_ws/install/share/sentinel_interfaces/msg/MotorStatus.msg
[40.089s] -- Installing: /root/ros2_ws/install/share/sentinel_interfaces/msg/TrackedDetection2D.msg
[40.089s] -- Installing: /root/ros2_ws/install/share/sentinel_interfaces/msg/TrackedDetection2DArray.msg
[40.089s] -- Installing: /root/ros2_ws/install/share/sentinel_interfaces/msg/VideoRxStatus.msg
[40.089s] -- Installing: /root/ros2_ws/install/share/sentinel_interfaces/msg/YoloStatus.msg
[40.089s] -- Installing: /root/ros2_ws/install/share/sentinel_interfaces/srv/SetBoolFlag.srv
[40.089s] -- Installing: /root/ros2_ws/install/share/sentinel_interfaces/srv/SetThreshold.srv
[40.089s] -- Installing: /root/ros2_ws/install/share/ament_index/resource_index/package_run_dependencies/sentinel_interfaces
[40.089s] -- Installing: /root/ros2_ws/install/share/ament_index/resource_index/parent_prefix_path/sentinel_interfaces
[40.089s] -- Installing: /root/ros2_ws/install/share/sentinel_interfaces/environment/ament_prefix_path.sh
[40.090s] -- Installing: /root/ros2_ws/install/share/sentinel_interfaces/environment/ament_prefix_path.dsv
[40.091s] -- Installing: /root/ros2_ws/install/share/sentinel_interfaces/environment/path.sh
[40.091s] -- Installing: /root/ros2_ws/install/share/sentinel_interfaces/environment/path.dsv
[40.091s] -- Installing: /root/ros2_ws/install/share/sentinel_interfaces/local_setup.bash
[40.091s] -- Installing: /root/ros2_ws/install/share/sentinel_interfaces/local_setup.sh
[40.091s] -- Installing: /root/ros2_ws/install/share/sentinel_interfaces/local_setup.zsh
[40.091s] -- Installing: /root/ros2_ws/install/share/sentinel_interfaces/local_setup.dsv
[40.091s] -- Installing: /root/ros2_ws/install/share/sentinel_interfaces/package.dsv
[40.092s] -- Installing: /root/ros2_ws/install/share/ament_index/resource_index/packages/sentinel_interfaces
[40.092s] -- Installing: /root/ros2_ws/install/share/sentinel_interfaces/cmake/export_sentinel_interfaces__rosidl_generator_cExport.cmake
[40.092s] -- Installing: /root/ros2_ws/install/share/sentinel_interfaces/cmake/export_sentinel_interfaces__rosidl_generator_cExport-noconfig.cmake
[40.093s] -- Installing: /root/ros2_ws/install/share/sentinel_interfaces/cmake/export_sentinel_interfaces__rosidl_typesupport_fastrtps_cExport.cmake
[40.093s] -- Installing: /root/ros2_ws/install/share/sentinel_interfaces/cmake/export_sentinel_interfaces__rosidl_typesupport_fastrtps_cExport-noconfig.cmake
[40.093s] -- Installing: /root/ros2_ws/install/share/sentinel_interfaces/cmake/sentinel_interfaces__rosidl_typesupport_introspection_cExport.cmake
[40.094s] -- Installing: /root/ros2_ws/install/share/sentinel_interfaces/cmake/sentinel_interfaces__rosidl_typesupport_introspection_cExport-noconfig.cmake
[40.094s] -- Installing: /root/ros2_ws/install/share/sentinel_interfaces/cmake/sentinel_interfaces__rosidl_typesupport_cExport.cmake
[40.094s] -- Installing: /root/ros2_ws/install/share/sentinel_interfaces/cmake/sentinel_interfaces__rosidl_typesupport_cExport-noconfig.cmake
[40.094s] -- Installing: /root/ros2_ws/install/share/sentinel_interfaces/cmake/export_sentinel_interfaces__rosidl_generator_cppExport.cmake
[40.096s] -- Installing: /root/ros2_ws/install/share/sentinel_interfaces/cmake/export_sentinel_interfaces__rosidl_typesupport_fastrtps_cppExport.cmake
[40.096s] -- Installing: /root/ros2_ws/install/share/sentinel_interfaces/cmake/export_sentinel_interfaces__rosidl_typesupport_fastrtps_cppExport-noconfig.cmake
[40.097s] -- Installing: /root/ros2_ws/install/share/sentinel_interfaces/cmake/sentinel_interfaces__rosidl_typesupport_introspection_cppExport.cmake
[40.097s] -- Installing: /root/ros2_ws/install/share/sentinel_interfaces/cmake/sentinel_interfaces__rosidl_typesupport_introspection_cppExport-noconfig.cmake
[40.097s] -- Installing: /root/ros2_ws/install/share/sentinel_interfaces/cmake/sentinel_interfaces__rosidl_typesupport_cppExport.cmake
[40.097s] -- Installing: /root/ros2_ws/install/share/sentinel_interfaces/cmake/sentinel_interfaces__rosidl_typesupport_cppExport-noconfig.cmake
[40.097s] -- Installing: /root/ros2_ws/install/share/sentinel_interfaces/cmake/export_sentinel_interfaces__rosidl_generator_pyExport.cmake
[40.098s] -- Installing: /root/ros2_ws/install/share/sentinel_interfaces/cmake/export_sentinel_interfaces__rosidl_generator_pyExport-noconfig.cmake
[40.098s] -- Installing: /root/ros2_ws/install/share/sentinel_interfaces/cmake/rosidl_cmake-extras.cmake
[40.098s] -- Installing: /root/ros2_ws/install/share/sentinel_interfaces/cmake/ament_cmake_export_dependencies-extras.cmake
[40.099s] -- Installing: /root/ros2_ws/install/share/sentinel_interfaces/cmake/ament_cmake_export_include_directories-extras.cmake
[40.099s] -- Installing: /root/ros2_ws/install/share/sentinel_interfaces/cmake/ament_cmake_export_libraries-extras.cmake
[40.099s] -- Installing: /root/ros2_ws/install/share/sentinel_interfaces/cmake/ament_cmake_export_targets-extras.cmake
[40.099s] -- Installing: /root/ros2_ws/install/share/sentinel_interfaces/cmake/rosidl_cmake_export_typesupport_targets-extras.cmake
[40.099s] -- Installing: /root/ros2_ws/install/share/sentinel_interfaces/cmake/rosidl_cmake_export_typesupport_libraries-extras.cmake
[40.100s] -- Installing: /root/ros2_ws/install/share/sentinel_interfaces/cmake/sentinel_interfacesConfig.cmake
[40.101s] -- Installing: /root/ros2_ws/install/share/sentinel_interfaces/cmake/sentinel_interfacesConfig-version.cmake
[40.101s] -- Installing: /root/ros2_ws/install/share/sentinel_interfaces/package.xml
[40.105s] Invoked command in '/root/ros2_ws/build/sentinel_interfaces' returned '0': /usr/bin/cmake --install /root/ros2_ws/build/sentinel_interfaces
