-- The C compiler identification is GNU 13.3.0
-- The CXX compiler identification is GNU 13.3.0
-- Detecting C compiler ABI info
-- Detecting C compiler ABI info - done
-- Check for working C compiler: /usr/bin/cc - skipped
-- Detecting C compile features
-- Detecting C compile features - done
-- Detecting CXX compiler ABI info
-- Detecting CXX compiler ABI info - done
-- Check for working CXX compiler: /usr/bin/c++ - skipped
-- Detecting CXX compile features
-- Detecting CXX compile features - done
-- Found ament_cmake: 2.5.5 (/opt/ros/jazzy/share/ament_cmake/cmake)
-- Found Python3: /usr/bin/python3 (found version "3.12.3") found components: Interpreter 
-- Found Boost: /usr/lib/aarch64-linux-gnu/cmake/Boost-1.83.0/BoostConfig.cmake (found version "1.83.0") found components: system 
-- Found rclcpp: 28.1.16 (/opt/ros/jazzy/share/rclcpp/cmake)
-- Found rosidl_generator_c: 4.6.7 (/opt/ros/jazzy/share/rosidl_generator_c/cmake)
-- Found rosidl_generator_cpp: 4.6.7 (/opt/ros/jazzy/share/rosidl_generator_cpp/cmake)
-- Using all available rosidl_typesupport_c: rosidl_typesupport_fastrtps_c;rosidl_typesupport_introspection_c
-- Using all available rosidl_typesupport_cpp: rosidl_typesupport_fastrtps_cpp;rosidl_typesupport_introspection_cpp
-- Found rmw_implementation_cmake: 7.3.3 (/opt/ros/jazzy/share/rmw_implementation_cmake/cmake)
-- Found rmw_fastrtps_cpp: 8.4.3 (/opt/ros/jazzy/share/rmw_fastrtps_cpp/cmake)
-- Found OpenSSL: /usr/lib/aarch64-linux-gnu/libcrypto.so (found version "3.0.13")  
-- Found FastRTPS: /opt/ros/jazzy/include (Required is at least version "2.13") 
-- Using RMW implementation 'rmw_fastrtps_cpp' as default
-- Found sentinel_interfaces: 0.0.0 (/root/ros2_ws/install/sentinel_interfaces/share/sentinel_interfaces/cmake)
-- Found std_msgs: 5.3.6 (/opt/ros/jazzy/share/std_msgs/cmake)
-- Found ament_lint_auto: 0.17.4 (/opt/ros/jazzy/share/ament_lint_auto/cmake)
-- Added test 'cppcheck' to perform static code analysis on C / C++ code
-- Configured cppcheck include dirs: $<BUILD_INTERFACE:/root/ros2_ws/src/sentinel_motor/include>
-- Configured cppcheck exclude dirs and/or files: 
-- Added test 'flake8' to check Python code syntax and style conventions
-- Configured 'flake8' exclude dirs and/or files: 
-- Added test 'lint_cmake' to check CMake code style
-- Added test 'pep257' to check Python code against some of the docstring style conventions in PEP 257
-- Added test 'uncrustify' to check C / C++ code style
-- Configured uncrustify additional arguments: 
-- Added test 'xmllint' to check XML markup files
-- Configuring done (1.2s)
-- Generating done (0.0s)
-- Build files have been written to: /root/ros2_ws/build/sentinel_motor
[ 12%] [32mBuilding CXX object CMakeFiles/tracking_control_node.dir/src/tracking_control_node.cpp.o[0m
[ 25%] [32mBuilding CXX object CMakeFiles/motor_feedback_node.dir/src/UdpTransport.cpp.o[0m
[ 37%] [32mBuilding CXX object CMakeFiles/motor_feedback_node.dir/src/motor_feedback_node.cpp.o[0m
[ 50%] [32mBuilding CXX object CMakeFiles/pan_tilt_control_node.dir/src/pan_tilt_control_node.cpp.o[0m
[ 62%] [32mBuilding CXX object CMakeFiles/pan_tilt_control_node.dir/src/UdpTransport.cpp.o[0m
[ 75%] [32m[1mLinking CXX executable motor_feedback_node[0m
[ 75%] Built target motor_feedback_node
[ 87%] [32m[1mLinking CXX executable pan_tilt_control_node[0m
[100%] [32m[1mLinking CXX executable tracking_control_node[0m
[100%] Built target pan_tilt_control_node
[100%] Built target tracking_control_node
-- Install configuration: ""
-- Installing: /root/ros2_ws/install/sentinel_motor/lib/sentinel_motor/pan_tilt_control_node
-- Set non-toolchain portion of runtime path of "/root/ros2_ws/install/sentinel_motor/lib/sentinel_motor/pan_tilt_control_node" to ""
-- Installing: /root/ros2_ws/install/sentinel_motor/lib/sentinel_motor/motor_feedback_node
-- Set non-toolchain portion of runtime path of "/root/ros2_ws/install/sentinel_motor/lib/sentinel_motor/motor_feedback_node" to ""
-- Installing: /root/ros2_ws/install/sentinel_motor/lib/sentinel_motor/tracking_control_node
-- Set non-toolchain portion of runtime path of "/root/ros2_ws/install/sentinel_motor/lib/sentinel_motor/tracking_control_node" to ""
-- Up-to-date: /root/ros2_ws/install/sentinel_motor/share/sentinel_motor/config
-- Up-to-date: /root/ros2_ws/install/sentinel_motor/share/sentinel_motor/config/params.yaml
-- Up-to-date: /root/ros2_ws/install/sentinel_motor/share/sentinel_motor/launch
-- Up-to-date: /root/ros2_ws/install/sentinel_motor/share/sentinel_motor/launch/pan_tilt_control.launch.py
-- Up-to-date: /root/ros2_ws/install/sentinel_motor/include/
-- Up-to-date: /root/ros2_ws/install/sentinel_motor/include//sentinel_motor
-- Up-to-date: /root/ros2_ws/install/sentinel_motor/include//sentinel_motor/PacketDef.hpp
-- Up-to-date: /root/ros2_ws/install/sentinel_motor/include//sentinel_motor/UdpTransport.hpp
-- Up-to-date: /root/ros2_ws/install/sentinel_motor/include//sentinel_motor/PacketDef_backup.hpp
-- Installing: /root/ros2_ws/install/sentinel_motor/share/ament_index/resource_index/package_run_dependencies/sentinel_motor
-- Installing: /root/ros2_ws/install/sentinel_motor/share/ament_index/resource_index/parent_prefix_path/sentinel_motor
-- Up-to-date: /root/ros2_ws/install/sentinel_motor/share/sentinel_motor/environment/ament_prefix_path.sh
-- Installing: /root/ros2_ws/install/sentinel_motor/share/sentinel_motor/environment/ament_prefix_path.dsv
-- Up-to-date: /root/ros2_ws/install/sentinel_motor/share/sentinel_motor/environment/path.sh
-- Installing: /root/ros2_ws/install/sentinel_motor/share/sentinel_motor/environment/path.dsv
-- Installing: /root/ros2_ws/install/sentinel_motor/share/sentinel_motor/local_setup.bash
-- Installing: /root/ros2_ws/install/sentinel_motor/share/sentinel_motor/local_setup.sh
-- Installing: /root/ros2_ws/install/sentinel_motor/share/sentinel_motor/local_setup.zsh
-- Installing: /root/ros2_ws/install/sentinel_motor/share/sentinel_motor/local_setup.dsv
-- Installing: /root/ros2_ws/install/sentinel_motor/share/sentinel_motor/package.dsv
-- Installing: /root/ros2_ws/install/sentinel_motor/share/ament_index/resource_index/packages/sentinel_motor
-- Installing: /root/ros2_ws/install/sentinel_motor/share/sentinel_motor/cmake/sentinel_motorConfig.cmake
-- Installing: /root/ros2_ws/install/sentinel_motor/share/sentinel_motor/cmake/sentinel_motorConfig-version.cmake
-- Up-to-date: /root/ros2_ws/install/sentinel_motor/share/sentinel_motor/package.xml
