[0.008s] Invoking command in '/root/ros2_ws/build/sentinel_motor': CMAKE_PREFIX_PATH=/opt/ros/jazzy:/root/ros2_ws/install/sentinel_interfaces:/root/ros2_ws/install/sentinel_motor /usr/bin/cmake /root/ros2_ws/src/sentinel_motor -DCMAKE_INSTALL_PREFIX=/root/ros2_ws/install/sentinel_motor
[0.099s] -- The C compiler identification is GNU 13.3.0
[0.194s] -- The CXX compiler identification is GNU 13.3.0
[0.222s] -- Detecting C compiler ABI info
[0.334s] -- Detecting C compiler ABI info - done
[0.353s] -- Check for working C compiler: /usr/bin/cc - skipped
[0.354s] -- Detecting C compile features
[0.355s] -- Detecting C compile features - done
[0.371s] -- Detecting CXX compiler ABI info
[0.494s] -- Detecting CXX compiler ABI info - done
[0.512s] -- Check for working CXX compiler: /usr/bin/c++ - skipped
[0.513s] -- Detecting CXX compile features
[0.514s] -- Detecting CXX compile features - done
[0.520s] -- Found ament_cmake: 2.5.5 (/opt/ros/jazzy/share/ament_cmake/cmake)
[0.658s] -- Found Python3: /usr/bin/python3 (found version "3.12.3") found components: Interpreter 
[0.778s] -- Found Boost: /usr/lib/aarch64-linux-gnu/cmake/Boost-1.83.0/BoostConfig.cmake (found version "1.83.0") found components: system 
[0.781s] -- Found rclcpp: 28.1.16 (/opt/ros/jazzy/share/rclcpp/cmake)
[0.817s] -- Found rosidl_generator_c: 4.6.7 (/opt/ros/jazzy/share/rosidl_generator_c/cmake)
[0.829s] -- Found rosidl_generator_cpp: 4.6.7 (/opt/ros/jazzy/share/rosidl_generator_cpp/cmake)
[0.844s] -- Using all available rosidl_typesupport_c: rosidl_typesupport_fastrtps_c;rosidl_typesupport_introspection_c
[0.859s] -- Using all available rosidl_typesupport_cpp: rosidl_typesupport_fastrtps_cpp;rosidl_typesupport_introspection_cpp
[0.923s] -- Found rmw_implementation_cmake: 7.3.3 (/opt/ros/jazzy/share/rmw_implementation_cmake/cmake)
[0.925s] -- Found rmw_fastrtps_cpp: 8.4.3 (/opt/ros/jazzy/share/rmw_fastrtps_cpp/cmake)
[1.008s] -- Found OpenSSL: /usr/lib/aarch64-linux-gnu/libcrypto.so (found version "3.0.13")  
[1.027s] -- Found FastRTPS: /opt/ros/jazzy/include (Required is at least version "2.13") 
[1.052s] -- Using RMW implementation 'rmw_fastrtps_cpp' as default
[1.114s] -- Found sentinel_interfaces: 0.0.0 (/root/ros2_ws/install/sentinel_interfaces/share/sentinel_interfaces/cmake)
[1.126s] -- Found std_msgs: 5.3.6 (/opt/ros/jazzy/share/std_msgs/cmake)
[1.141s] -- Found ament_lint_auto: 0.17.4 (/opt/ros/jazzy/share/ament_lint_auto/cmake)
[1.244s] -- Added test 'cppcheck' to perform static code analysis on C / C++ code
[1.244s] -- Configured cppcheck include dirs: $<BUILD_INTERFACE:/root/ros2_ws/src/sentinel_motor/include>
[1.244s] -- Configured cppcheck exclude dirs and/or files: 
[1.245s] -- Added test 'flake8' to check Python code syntax and style conventions
[1.245s] -- Configured 'flake8' exclude dirs and/or files: 
[1.245s] -- Added test 'lint_cmake' to check CMake code style
[1.246s] -- Added test 'pep257' to check Python code against some of the docstring style conventions in PEP 257
[1.247s] -- Added test 'uncrustify' to check C / C++ code style
[1.247s] -- Configured uncrustify additional arguments: 
[1.248s] -- Added test 'xmllint' to check XML markup files
[1.249s] -- Configuring done (1.2s)
[1.271s] -- Generating done (0.0s)
[1.279s] -- Build files have been written to: /root/ros2_ws/build/sentinel_motor
[1.291s] Invoked command in '/root/ros2_ws/build/sentinel_motor' returned '0': CMAKE_PREFIX_PATH=/opt/ros/jazzy:/root/ros2_ws/install/sentinel_interfaces:/root/ros2_ws/install/sentinel_motor /usr/bin/cmake /root/ros2_ws/src/sentinel_motor -DCMAKE_INSTALL_PREFIX=/root/ros2_ws/install/sentinel_motor
[1.293s] Invoking command in '/root/ros2_ws/build/sentinel_motor': CMAKE_PREFIX_PATH=/opt/ros/jazzy:/root/ros2_ws/install/sentinel_interfaces:/root/ros2_ws/install/sentinel_motor /usr/bin/cmake --build /root/ros2_ws/build/sentinel_motor -- -j14 -l14
[1.351s] [ 12%] [32mBuilding CXX object CMakeFiles/tracking_control_node.dir/src/tracking_control_node.cpp.o[0m
[1.352s] [ 25%] [32mBuilding CXX object CMakeFiles/motor_feedback_node.dir/src/UdpTransport.cpp.o[0m
[1.352s] [ 37%] [32mBuilding CXX object CMakeFiles/motor_feedback_node.dir/src/motor_feedback_node.cpp.o[0m
[1.352s] [ 50%] [32mBuilding CXX object CMakeFiles/pan_tilt_control_node.dir/src/pan_tilt_control_node.cpp.o[0m
[1.354s] [ 62%] [32mBuilding CXX object CMakeFiles/pan_tilt_control_node.dir/src/UdpTransport.cpp.o[0m
[7.598s] [ 75%] [32m[1mLinking CXX executable motor_feedback_node[0m
[7.860s] [ 75%] Built target motor_feedback_node
[13.243s] [ 87%] [32m[1mLinking CXX executable pan_tilt_control_node[0m
[13.466s] [100%] [32m[1mLinking CXX executable tracking_control_node[0m
[13.743s] [100%] Built target pan_tilt_control_node
[13.958s] [100%] Built target tracking_control_node
[13.975s] Invoked command in '/root/ros2_ws/build/sentinel_motor' returned '0': CMAKE_PREFIX_PATH=/opt/ros/jazzy:/root/ros2_ws/install/sentinel_interfaces:/root/ros2_ws/install/sentinel_motor /usr/bin/cmake --build /root/ros2_ws/build/sentinel_motor -- -j14 -l14
[13.977s] Invoking command in '/root/ros2_ws/build/sentinel_motor': CMAKE_PREFIX_PATH=/opt/ros/jazzy:/root/ros2_ws/install/sentinel_interfaces:/root/ros2_ws/install/sentinel_motor /usr/bin/cmake --install /root/ros2_ws/build/sentinel_motor
[13.985s] -- Install configuration: ""
[13.987s] -- Installing: /root/ros2_ws/install/sentinel_motor/lib/sentinel_motor/pan_tilt_control_node
[13.999s] -- Set non-toolchain portion of runtime path of "/root/ros2_ws/install/sentinel_motor/lib/sentinel_motor/pan_tilt_control_node" to ""
[14.001s] -- Installing: /root/ros2_ws/install/sentinel_motor/lib/sentinel_motor/motor_feedback_node
[14.002s] -- Set non-toolchain portion of runtime path of "/root/ros2_ws/install/sentinel_motor/lib/sentinel_motor/motor_feedback_node" to ""
[14.003s] -- Installing: /root/ros2_ws/install/sentinel_motor/lib/sentinel_motor/tracking_control_node
[14.017s] -- Set non-toolchain portion of runtime path of "/root/ros2_ws/install/sentinel_motor/lib/sentinel_motor/tracking_control_node" to ""
[14.017s] -- Up-to-date: /root/ros2_ws/install/sentinel_motor/share/sentinel_motor/config
[14.018s] -- Up-to-date: /root/ros2_ws/install/sentinel_motor/share/sentinel_motor/config/params.yaml
[14.018s] -- Up-to-date: /root/ros2_ws/install/sentinel_motor/share/sentinel_motor/launch
[14.018s] -- Up-to-date: /root/ros2_ws/install/sentinel_motor/share/sentinel_motor/launch/pan_tilt_control.launch.py
[14.018s] -- Up-to-date: /root/ros2_ws/install/sentinel_motor/include/
[14.018s] -- Up-to-date: /root/ros2_ws/install/sentinel_motor/include//sentinel_motor
[14.019s] -- Up-to-date: /root/ros2_ws/install/sentinel_motor/include//sentinel_motor/PacketDef.hpp
[14.019s] -- Up-to-date: /root/ros2_ws/install/sentinel_motor/include//sentinel_motor/UdpTransport.hpp
[14.019s] -- Up-to-date: /root/ros2_ws/install/sentinel_motor/include//sentinel_motor/PacketDef_backup.hpp
[14.022s] -- Installing: /root/ros2_ws/install/sentinel_motor/share/ament_index/resource_index/package_run_dependencies/sentinel_motor
[14.022s] -- Installing: /root/ros2_ws/install/sentinel_motor/share/ament_index/resource_index/parent_prefix_path/sentinel_motor
[14.022s] -- Up-to-date: /root/ros2_ws/install/sentinel_motor/share/sentinel_motor/environment/ament_prefix_path.sh
[14.022s] -- Installing: /root/ros2_ws/install/sentinel_motor/share/sentinel_motor/environment/ament_prefix_path.dsv
[14.022s] -- Up-to-date: /root/ros2_ws/install/sentinel_motor/share/sentinel_motor/environment/path.sh
[14.022s] -- Installing: /root/ros2_ws/install/sentinel_motor/share/sentinel_motor/environment/path.dsv
[14.023s] -- Installing: /root/ros2_ws/install/sentinel_motor/share/sentinel_motor/local_setup.bash
[14.023s] -- Installing: /root/ros2_ws/install/sentinel_motor/share/sentinel_motor/local_setup.sh
[14.023s] -- Installing: /root/ros2_ws/install/sentinel_motor/share/sentinel_motor/local_setup.zsh
[14.023s] -- Installing: /root/ros2_ws/install/sentinel_motor/share/sentinel_motor/local_setup.dsv
[14.024s] -- Installing: /root/ros2_ws/install/sentinel_motor/share/sentinel_motor/package.dsv
[14.024s] -- Installing: /root/ros2_ws/install/sentinel_motor/share/ament_index/resource_index/packages/sentinel_motor
[14.025s] -- Installing: /root/ros2_ws/install/sentinel_motor/share/sentinel_motor/cmake/sentinel_motorConfig.cmake
[14.025s] -- Installing: /root/ros2_ws/install/sentinel_motor/share/sentinel_motor/cmake/sentinel_motorConfig-version.cmake
[14.025s] -- Up-to-date: /root/ros2_ws/install/sentinel_motor/share/sentinel_motor/package.xml
[14.029s] Invoked command in '/root/ros2_ws/build/sentinel_motor' returned '0': CMAKE_PREFIX_PATH=/opt/ros/jazzy:/root/ros2_ws/install/sentinel_interfaces:/root/ros2_ws/install/sentinel_motor /usr/bin/cmake --install /root/ros2_ws/build/sentinel_motor
