[0.011s] Invoking command in '/root/ros2_ws/build/sentinel_motor': CMAKE_PREFIX_PATH=/opt/ros/jazzy:/root/ros2_ws/install:${CMAKE_PREFIX_PATH} LD_LIBRARY_PATH=/root/ros2_ws/install/lib:${LD_LIBRARY_PATH} PKG_CONFIG_PATH=/root/ros2_ws/install/lib/aarch64-linux-gnu/pkgconfig:/root/ros2_ws/install/lib/pkgconfig:${PKG_CONFIG_PATH} PYTHONPATH=/root/ros2_ws/install/lib/python3.12/site-packages:${PYTHONPATH} ROS_PACKAGE_PATH=/root/ros2_ws/install/share:${ROS_PACKAGE_PATH} /usr/bin/cmake /root/ros2_ws/src/sentinel_motor -DCMAKE_INSTALL_PREFIX=/root/ros2_ws/install
[0.081s] -- The C compiler identification is GNU 13.3.0
[0.164s] -- The CXX compiler identification is GNU 13.3.0
[0.195s] -- Detecting C compiler ABI info
[0.302s] -- Detecting C compiler ABI info - done
[0.312s] -- Check for working C compiler: /usr/bin/cc - skipped
[0.313s] -- Detecting C compile features
[0.314s] -- Detecting C compile features - done
[0.325s] -- Detecting CXX compiler ABI info
[0.434s] -- Detecting CXX compiler ABI info - done
[0.441s] -- Check for working CXX compiler: /usr/bin/c++ - skipped
[0.441s] -- Detecting CXX compile features
[0.442s] -- Detecting CXX compile features - done
[0.449s] -- Found ament_cmake: 2.5.5 (/opt/ros/jazzy/share/ament_cmake/cmake)
[0.599s] -- Found Python3: /usr/bin/python3 (found version "3.12.3") found components: Interpreter 
[0.740s] -- Found Boost: /usr/lib/aarch64-linux-gnu/cmake/Boost-1.83.0/BoostConfig.cmake (found version "1.83.0") found components: system 
[0.744s] -- Found rclcpp: 28.1.16 (/opt/ros/jazzy/share/rclcpp/cmake)
[0.781s] -- Found rosidl_generator_c: 4.6.7 (/opt/ros/jazzy/share/rosidl_generator_c/cmake)
[0.798s] -- Found rosidl_generator_cpp: 4.6.7 (/opt/ros/jazzy/share/rosidl_generator_cpp/cmake)
[0.815s] -- Using all available rosidl_typesupport_c: rosidl_typesupport_fastrtps_c;rosidl_typesupport_introspection_c
[0.832s] -- Using all available rosidl_typesupport_cpp: rosidl_typesupport_fastrtps_cpp;rosidl_typesupport_introspection_cpp
[0.903s] -- Found rmw_implementation_cmake: 7.3.3 (/opt/ros/jazzy/share/rmw_implementation_cmake/cmake)
[0.906s] -- Found rmw_fastrtps_cpp: 8.4.3 (/opt/ros/jazzy/share/rmw_fastrtps_cpp/cmake)
[0.996s] -- Found OpenSSL: /usr/lib/aarch64-linux-gnu/libcrypto.so (found version "3.0.13")  
[1.024s] -- Found FastRTPS: /opt/ros/jazzy/include (Required is at least version "2.13") 
[1.047s] -- Using RMW implementation 'rmw_fastrtps_cpp' as default
[1.121s] -- Found sentinel_interfaces: 0.0.0 (/root/ros2_ws/install/share/sentinel_interfaces/cmake)
[1.141s] -- Found std_msgs: 5.3.6 (/opt/ros/jazzy/share/std_msgs/cmake)
[1.168s] -- Found ament_lint_auto: 0.17.4 (/opt/ros/jazzy/share/ament_lint_auto/cmake)
[1.339s] -- Added test 'cppcheck' to perform static code analysis on C / C++ code
[1.339s] -- Configured cppcheck include dirs: $<BUILD_INTERFACE:/root/ros2_ws/src/sentinel_motor/include>
[1.339s] -- Configured cppcheck exclude dirs and/or files: 
[1.340s] -- Added test 'flake8' to check Python code syntax and style conventions
[1.340s] -- Configured 'flake8' exclude dirs and/or files: 
[1.343s] -- Added test 'lint_cmake' to check CMake code style
[1.343s] -- Added test 'pep257' to check Python code against some of the docstring style conventions in PEP 257
[1.344s] -- Added test 'uncrustify' to check C / C++ code style
[1.344s] -- Configured uncrustify additional arguments: 
[1.345s] -- Added test 'xmllint' to check XML markup files
[1.349s] -- Configuring done (1.3s)
[1.391s] -- Generating done (0.0s)
[1.397s] -- Build files have been written to: /root/ros2_ws/build/sentinel_motor
[1.416s] Invoked command in '/root/ros2_ws/build/sentinel_motor' returned '0': CMAKE_PREFIX_PATH=/opt/ros/jazzy:/root/ros2_ws/install:${CMAKE_PREFIX_PATH} LD_LIBRARY_PATH=/root/ros2_ws/install/lib:${LD_LIBRARY_PATH} PKG_CONFIG_PATH=/root/ros2_ws/install/lib/aarch64-linux-gnu/pkgconfig:/root/ros2_ws/install/lib/pkgconfig:${PKG_CONFIG_PATH} PYTHONPATH=/root/ros2_ws/install/lib/python3.12/site-packages:${PYTHONPATH} ROS_PACKAGE_PATH=/root/ros2_ws/install/share:${ROS_PACKAGE_PATH} /usr/bin/cmake /root/ros2_ws/src/sentinel_motor -DCMAKE_INSTALL_PREFIX=/root/ros2_ws/install
[1.417s] Invoking command in '/root/ros2_ws/build/sentinel_motor': CMAKE_PREFIX_PATH=/opt/ros/jazzy:/root/ros2_ws/install:${CMAKE_PREFIX_PATH} LD_LIBRARY_PATH=/root/ros2_ws/install/lib:${LD_LIBRARY_PATH} PKG_CONFIG_PATH=/root/ros2_ws/install/lib/aarch64-linux-gnu/pkgconfig:/root/ros2_ws/install/lib/pkgconfig:${PKG_CONFIG_PATH} PYTHONPATH=/root/ros2_ws/install/lib/python3.12/site-packages:${PYTHONPATH} ROS_PACKAGE_PATH=/root/ros2_ws/install/share:${ROS_PACKAGE_PATH} /usr/bin/cmake --build /root/ros2_ws/build/sentinel_motor -- -j14 -l14
[1.483s] [ 12%] [32mBuilding CXX object CMakeFiles/motor_feedback_node.dir/src/motor_feedback_node.cpp.o[0m
[1.483s] [ 25%] [32mBuilding CXX object CMakeFiles/motor_feedback_node.dir/src/UdpTransport.cpp.o[0m
[1.485s] [ 37%] [32mBuilding CXX object CMakeFiles/pan_tilt_control_node.dir/src/pan_tilt_control_node.cpp.o[0m
[1.485s] [ 50%] [32mBuilding CXX object CMakeFiles/pan_tilt_control_node.dir/src/UdpTransport.cpp.o[0m
[1.485s] [ 62%] [32mBuilding CXX object CMakeFiles/tracking_control_node.dir/src/tracking_control_node.cpp.o[0m
[7.779s] [ 75%] [32m[1mLinking CXX executable motor_feedback_node[0m
[8.105s] [ 75%] Built target motor_feedback_node
[14.259s] [ 87%] [32m[1mLinking CXX executable pan_tilt_control_node[0m
[14.800s] [ 87%] Built target pan_tilt_control_node
[14.989s] [100%] [32m[1mLinking CXX executable tracking_control_node[0m
[15.505s] [100%] Built target tracking_control_node
[15.520s] Invoked command in '/root/ros2_ws/build/sentinel_motor' returned '0': CMAKE_PREFIX_PATH=/opt/ros/jazzy:/root/ros2_ws/install:${CMAKE_PREFIX_PATH} LD_LIBRARY_PATH=/root/ros2_ws/install/lib:${LD_LIBRARY_PATH} PKG_CONFIG_PATH=/root/ros2_ws/install/lib/aarch64-linux-gnu/pkgconfig:/root/ros2_ws/install/lib/pkgconfig:${PKG_CONFIG_PATH} PYTHONPATH=/root/ros2_ws/install/lib/python3.12/site-packages:${PYTHONPATH} ROS_PACKAGE_PATH=/root/ros2_ws/install/share:${ROS_PACKAGE_PATH} /usr/bin/cmake --build /root/ros2_ws/build/sentinel_motor -- -j14 -l14
[15.521s] Invoking command in '/root/ros2_ws/build/sentinel_motor': CMAKE_PREFIX_PATH=/opt/ros/jazzy:/root/ros2_ws/install:${CMAKE_PREFIX_PATH} LD_LIBRARY_PATH=/root/ros2_ws/install/lib:${LD_LIBRARY_PATH} PKG_CONFIG_PATH=/root/ros2_ws/install/lib/aarch64-linux-gnu/pkgconfig:/root/ros2_ws/install/lib/pkgconfig:${PKG_CONFIG_PATH} PYTHONPATH=/root/ros2_ws/install/lib/python3.12/site-packages:${PYTHONPATH} ROS_PACKAGE_PATH=/root/ros2_ws/install/share:${ROS_PACKAGE_PATH} /usr/bin/cmake --install /root/ros2_ws/build/sentinel_motor
[15.535s] -- Install configuration: ""
[15.536s] -- Installing: /root/ros2_ws/install/lib/sentinel_motor/pan_tilt_control_node
[15.545s] -- Set non-toolchain portion of runtime path of "/root/ros2_ws/install/lib/sentinel_motor/pan_tilt_control_node" to ""
[15.545s] -- Installing: /root/ros2_ws/install/lib/sentinel_motor/motor_feedback_node
[15.548s] -- Set non-toolchain portion of runtime path of "/root/ros2_ws/install/lib/sentinel_motor/motor_feedback_node" to ""
[15.548s] -- Installing: /root/ros2_ws/install/lib/sentinel_motor/tracking_control_node
[15.565s] -- Set non-toolchain portion of runtime path of "/root/ros2_ws/install/lib/sentinel_motor/tracking_control_node" to ""
[15.565s] -- Installing: /root/ros2_ws/install/share/sentinel_motor/config
[15.566s] -- Installing: /root/ros2_ws/install/share/sentinel_motor/config/params.yaml
[15.566s] -- Installing: /root/ros2_ws/install/share/sentinel_motor/launch
[15.566s] -- Installing: /root/ros2_ws/install/share/sentinel_motor/launch/pan_tilt_control.launch.py
[15.566s] -- Up-to-date: /root/ros2_ws/install/include/
[15.567s] -- Installing: /root/ros2_ws/install/include//sentinel_motor
[15.567s] -- Installing: /root/ros2_ws/install/include//sentinel_motor/PacketDef.hpp
[15.567s] -- Installing: /root/ros2_ws/install/include//sentinel_motor/UdpTransport.hpp
[15.567s] -- Installing: /root/ros2_ws/install/include//sentinel_motor/PacketDef_backup.hpp
[15.569s] -- Installing: /root/ros2_ws/install/share/ament_index/resource_index/package_run_dependencies/sentinel_motor
[15.569s] -- Installing: /root/ros2_ws/install/share/ament_index/resource_index/parent_prefix_path/sentinel_motor
[15.570s] -- Installing: /root/ros2_ws/install/share/sentinel_motor/environment/ament_prefix_path.sh
[15.570s] -- Installing: /root/ros2_ws/install/share/sentinel_motor/environment/ament_prefix_path.dsv
[15.571s] -- Installing: /root/ros2_ws/install/share/sentinel_motor/environment/path.sh
[15.571s] -- Installing: /root/ros2_ws/install/share/sentinel_motor/environment/path.dsv
[15.571s] -- Installing: /root/ros2_ws/install/share/sentinel_motor/local_setup.bash
[15.571s] -- Installing: /root/ros2_ws/install/share/sentinel_motor/local_setup.sh
[15.571s] -- Installing: /root/ros2_ws/install/share/sentinel_motor/local_setup.zsh
[15.571s] -- Installing: /root/ros2_ws/install/share/sentinel_motor/local_setup.dsv
[15.571s] -- Installing: /root/ros2_ws/install/share/sentinel_motor/package.dsv
[15.572s] -- Installing: /root/ros2_ws/install/share/ament_index/resource_index/packages/sentinel_motor
[15.572s] -- Installing: /root/ros2_ws/install/share/sentinel_motor/cmake/sentinel_motorConfig.cmake
[15.572s] -- Installing: /root/ros2_ws/install/share/sentinel_motor/cmake/sentinel_motorConfig-version.cmake
[15.572s] -- Installing: /root/ros2_ws/install/share/sentinel_motor/package.xml
[15.576s] Invoked command in '/root/ros2_ws/build/sentinel_motor' returned '0': CMAKE_PREFIX_PATH=/opt/ros/jazzy:/root/ros2_ws/install:${CMAKE_PREFIX_PATH} LD_LIBRARY_PATH=/root/ros2_ws/install/lib:${LD_LIBRARY_PATH} PKG_CONFIG_PATH=/root/ros2_ws/install/lib/aarch64-linux-gnu/pkgconfig:/root/ros2_ws/install/lib/pkgconfig:${PKG_CONFIG_PATH} PYTHONPATH=/root/ros2_ws/install/lib/python3.12/site-packages:${PYTHONPATH} ROS_PACKAGE_PATH=/root/ros2_ws/install/share:${ROS_PACKAGE_PATH} /usr/bin/cmake --install /root/ros2_ws/build/sentinel_motor
